[Thu, 14 Apr 2016 19:41:57 GMT] ::1 GET / HTTP/1.1 200 9839.394 ms - http://localhost:3000/event/
[Thu, 14 Apr 2016 19:41:57 GMT] ::1 GET /stylesheets/materialize.css HTTP/1.1 304 27.074 ms - http://localhost:3000/
[Thu, 14 Apr 2016 19:41:57 GMT] ::1 GET /stylesheets/style.css HTTP/1.1 304 17.434 ms - http://localhost:3000/
[Thu, 14 Apr 2016 19:41:57 GMT] ::1 GET /js/jquery.min.js HTTP/1.1 304 16.440 ms - http://localhost:3000/
[Thu, 14 Apr 2016 19:41:57 GMT] ::1 GET /js/materialize.min.js HTTP/1.1 304 17.589 ms - http://localhost:3000/
[Thu, 14 Apr 2016 19:41:57 GMT] ::1 GET /images/eh-logo.png HTTP/1.1 304 14.065 ms - http://localhost:3000/
[Thu, 14 Apr 2016 19:41:57 GMT] ::1 GET /images/eh-logo-mob.png HTTP/1.1 304 11.376 ms - http://localhost:3000/
[Thu, 14 Apr 2016 19:41:57 GMT] ::1 GET /images/ticker_tagline.png HTTP/1.1 304 10.183 ms - http://localhost:3000/
[Thu, 14 Apr 2016 19:41:57 GMT] ::1 GET /images/background1.jpg HTTP/1.1 304 9.093 ms - http://localhost:3000/
[Thu, 14 Apr 2016 19:41:57 GMT] ::1 GET /images/background5.jpg HTTP/1.1 304 9.255 ms - http://localhost:3000/
[Thu, 14 Apr 2016 19:41:57 GMT] ::1 GET /images/background2.jpg HTTP/1.1 304 7.477 ms - http://localhost:3000/
[Thu, 14 Apr 2016 19:41:57 GMT] ::1 GET /font/roboto/Roboto-Light.woff2 HTTP/1.1 304 40.133 ms - http://localhost:3000/stylesheets/materialize.css
[Thu, 14 Apr 2016 19:41:57 GMT] ::1 GET /font/material-design-icons/Material-Design-Icons.woff2 HTTP/1.1 304 35.595 ms - http://localhost:3000/stylesheets/materialize.css
[Thu, 14 Apr 2016 19:42:22 GMT] ::1 GET / HTTP/1.1 304 359.245 ms - http://localhost:3000/event/
[Thu, 14 Apr 2016 19:42:22 GMT] ::1 GET /stylesheets/materialize.css HTTP/1.1 304 14.571 ms - http://localhost:3000/
[Thu, 14 Apr 2016 19:42:22 GMT] ::1 GET /stylesheets/style.css HTTP/1.1 304 10.200 ms - http://localhost:3000/
[Thu, 14 Apr 2016 19:42:22 GMT] ::1 GET /js/jquery.min.js HTTP/1.1 304 13.711 ms - http://localhost:3000/
[Thu, 14 Apr 2016 19:42:22 GMT] ::1 GET /js/materialize.min.js HTTP/1.1 304 8.295 ms - http://localhost:3000/
[Thu, 14 Apr 2016 19:42:22 GMT] ::1 GET /images/eh-logo.png HTTP/1.1 304 31.448 ms - http://localhost:3000/
[Thu, 14 Apr 2016 19:42:22 GMT] ::1 GET /images/eh-logo-mob.png HTTP/1.1 304 29.420 ms - http://localhost:3000/
[Thu, 14 Apr 2016 19:42:22 GMT] ::1 GET /images/background1.jpg HTTP/1.1 304 28.276 ms - http://localhost:3000/
[Thu, 14 Apr 2016 19:42:22 GMT] ::1 GET /images/background5.jpg HTTP/1.1 304 26.801 ms - http://localhost:3000/
[Thu, 14 Apr 2016 19:42:22 GMT] ::1 GET /images/background2.jpg HTTP/1.1 304 23.927 ms - http://localhost:3000/
[Thu, 14 Apr 2016 19:42:22 GMT] ::1 GET /images/ticker_tagline.png HTTP/1.1 304 25.214 ms - http://localhost:3000/
[Thu, 14 Apr 2016 19:48:32 GMT] ::1 GET / HTTP/1.1 200 1563.660 ms - http://localhost:3000/event/
[Thu, 14 Apr 2016 19:48:32 GMT] ::1 GET /stylesheets/materialize.css HTTP/1.1 304 27.805 ms - http://localhost:3000/
[Thu, 14 Apr 2016 19:48:32 GMT] ::1 GET /stylesheets/style.css HTTP/1.1 304 19.936 ms - http://localhost:3000/
[Thu, 14 Apr 2016 19:48:32 GMT] ::1 GET /js/jquery.min.js HTTP/1.1 304 19.416 ms - http://localhost:3000/
[Thu, 14 Apr 2016 19:48:32 GMT] ::1 GET /js/materialize.min.js HTTP/1.1 304 18.528 ms - http://localhost:3000/
[Thu, 14 Apr 2016 19:48:32 GMT] ::1 GET /js/init.js HTTP/1.1 304 2.303 ms - http://localhost:3000/
[Thu, 14 Apr 2016 19:48:33 GMT] ::1 GET /images/eh-logo.png HTTP/1.1 304 21.647 ms - http://localhost:3000/
[Thu, 14 Apr 2016 19:48:33 GMT] ::1 GET /images/eh-logo-mob.png HTTP/1.1 304 20.259 ms - http://localhost:3000/
[Thu, 14 Apr 2016 19:48:33 GMT] ::1 GET /images/background1.jpg HTTP/1.1 304 18.634 ms - http://localhost:3000/
[Thu, 14 Apr 2016 19:48:33 GMT] ::1 GET /images/background5.jpg HTTP/1.1 304 16.947 ms - http://localhost:3000/
[Thu, 14 Apr 2016 19:48:33 GMT] ::1 GET /images/background2.jpg HTTP/1.1 304 15.538 ms - http://localhost:3000/
[Thu, 14 Apr 2016 19:48:33 GMT] ::1 GET /images/ticker_tagline.png HTTP/1.1 304 2.908 ms - http://localhost:3000/
[Thu, 14 Apr 2016 19:49:30 GMT] ::1 GET / HTTP/1.1 200 1665.320 ms - http://localhost:3000/event/
[Thu, 14 Apr 2016 19:49:31 GMT] ::1 GET /stylesheets/materialize.css HTTP/1.1 304 36.590 ms - http://localhost:3000/
[Thu, 14 Apr 2016 19:49:31 GMT] ::1 GET /stylesheets/style.css HTTP/1.1 304 22.530 ms - http://localhost:3000/
[Thu, 14 Apr 2016 19:49:31 GMT] ::1 GET /js/jquery.min.js HTTP/1.1 304 20.444 ms - http://localhost:3000/
[Thu, 14 Apr 2016 19:49:31 GMT] ::1 GET /js/materialize.min.js HTTP/1.1 304 19.110 ms - http://localhost:3000/
[Thu, 14 Apr 2016 19:49:31 GMT] ::1 GET /js/init.js HTTP/1.1 304 17.598 ms - http://localhost:3000/
[Thu, 14 Apr 2016 19:49:31 GMT] ::1 GET /images/eh-logo.png HTTP/1.1 304 30.479 ms - http://localhost:3000/
[Thu, 14 Apr 2016 19:49:31 GMT] ::1 GET /images/eh-logo-mob.png HTTP/1.1 304 29.448 ms - http://localhost:3000/
[Thu, 14 Apr 2016 19:49:31 GMT] ::1 GET /images/background1.jpg HTTP/1.1 304 28.230 ms - http://localhost:3000/
[Thu, 14 Apr 2016 19:49:31 GMT] ::1 GET /images/background5.jpg HTTP/1.1 304 27.252 ms - http://localhost:3000/
[Thu, 14 Apr 2016 19:49:31 GMT] ::1 GET /images/background2.jpg HTTP/1.1 304 24.578 ms - http://localhost:3000/
[Thu, 14 Apr 2016 19:49:31 GMT] ::1 GET /images/ticker_tagline.png HTTP/1.1 304 27.900 ms - http://localhost:3000/
[Thu, 14 Apr 2016 19:49:44 GMT] ::1 GET /event/create HTTP/1.1 500 1359.770 ms - http://localhost:3000/
[Thu, 14 Apr 2016 19:49:44 GMT] ::1 GET /stylesheets/materialize.css HTTP/1.1 304 12.532 ms - http://localhost:3000/event/create
[Thu, 14 Apr 2016 19:49:44 GMT] ::1 GET /stylesheets/style.css HTTP/1.1 304 16.777 ms - http://localhost:3000/event/create
[Thu, 14 Apr 2016 19:49:44 GMT] ::1 GET /js/jquery.min.js HTTP/1.1 304 14.244 ms - http://localhost:3000/event/create
[Thu, 14 Apr 2016 19:49:44 GMT] ::1 GET /js/materialize.min.js HTTP/1.1 304 18.874 ms - http://localhost:3000/event/create
[Thu, 14 Apr 2016 19:49:44 GMT] ::1 GET /js/init.js HTTP/1.1 304 14.364 ms - http://localhost:3000/event/create
[Thu, 14 Apr 2016 19:49:44 GMT] ::1 GET /images/eh-logo.png HTTP/1.1 304 9.031 ms - http://localhost:3000/event/create
[Thu, 14 Apr 2016 19:49:44 GMT] ::1 GET /images/eh-logo-mob.png HTTP/1.1 304 7.934 ms - http://localhost:3000/event/create
[Thu, 14 Apr 2016 19:49:44 GMT] ::1 GET /images/ticker_tagline.png HTTP/1.1 304 6.636 ms - http://localhost:3000/event/create
[Thu, 14 Apr 2016 19:51:20 GMT] ::1 GET /event/create HTTP/1.1 500 2681.374 ms - http://localhost:3000/
[Thu, 14 Apr 2016 19:51:21 GMT] ::1 GET /stylesheets/materialize.css HTTP/1.1 304 34.066 ms - http://localhost:3000/event/create
[Thu, 14 Apr 2016 19:51:21 GMT] ::1 GET /stylesheets/style.css HTTP/1.1 304 34.515 ms - http://localhost:3000/event/create
[Thu, 14 Apr 2016 19:51:21 GMT] ::1 GET /js/jquery.min.js HTTP/1.1 304 27.140 ms - http://localhost:3000/event/create
[Thu, 14 Apr 2016 19:51:21 GMT] ::1 GET /js/init.js HTTP/1.1 304 15.686 ms - http://localhost:3000/event/create
[Thu, 14 Apr 2016 19:51:21 GMT] ::1 GET /js/materialize.min.js HTTP/1.1 304 14.860 ms - http://localhost:3000/event/create
[Thu, 14 Apr 2016 19:51:21 GMT] ::1 GET /images/eh-logo.png HTTP/1.1 304 4.503 ms - http://localhost:3000/event/create
[Thu, 14 Apr 2016 19:51:21 GMT] ::1 GET /images/eh-logo-mob.png HTTP/1.1 304 4.087 ms - http://localhost:3000/event/create
[Thu, 14 Apr 2016 19:51:21 GMT] ::1 GET /images/ticker_tagline.png HTTP/1.1 304 6.165 ms - http://localhost:3000/event/create
[Thu, 14 Apr 2016 19:51:33 GMT] ::1 GET / HTTP/1.1 304 380.613 ms - http://localhost:3000/event/create
[Thu, 14 Apr 2016 19:51:34 GMT] ::1 GET /stylesheets/materialize.css HTTP/1.1 304 2.725 ms - http://localhost:3000/
[Thu, 14 Apr 2016 19:51:34 GMT] ::1 GET /stylesheets/style.css HTTP/1.1 304 3.366 ms - http://localhost:3000/
[Thu, 14 Apr 2016 19:51:34 GMT] ::1 GET /js/jquery.min.js HTTP/1.1 304 7.063 ms - http://localhost:3000/
[Thu, 14 Apr 2016 19:51:34 GMT] ::1 GET /js/materialize.min.js HTTP/1.1 304 8.837 ms - http://localhost:3000/
[Thu, 14 Apr 2016 19:51:34 GMT] ::1 GET /js/init.js HTTP/1.1 304 8.957 ms - http://localhost:3000/
[Thu, 14 Apr 2016 19:51:34 GMT] ::1 GET /images/eh-logo.png HTTP/1.1 304 16.483 ms - http://localhost:3000/
[Thu, 14 Apr 2016 19:51:34 GMT] ::1 GET /images/eh-logo-mob.png HTTP/1.1 304 13.576 ms - http://localhost:3000/
[Thu, 14 Apr 2016 19:51:34 GMT] ::1 GET /images/background1.jpg HTTP/1.1 304 13.894 ms - http://localhost:3000/
[Thu, 14 Apr 2016 19:51:34 GMT] ::1 GET /images/background5.jpg HTTP/1.1 304 21.892 ms - http://localhost:3000/
[Thu, 14 Apr 2016 19:51:34 GMT] ::1 GET /images/background2.jpg HTTP/1.1 304 21.051 ms - http://localhost:3000/
[Thu, 14 Apr 2016 19:51:34 GMT] ::1 GET /images/ticker_tagline.png HTTP/1.1 304 23.902 ms - http://localhost:3000/
[Thu, 14 Apr 2016 19:51:34 GMT] ::1 GET /font/roboto/Roboto-Light.woff2 HTTP/1.1 304 3.210 ms - http://localhost:3000/stylesheets/materialize.css
[Thu, 14 Apr 2016 19:51:34 GMT] ::1 GET /font/material-design-icons/Material-Design-Icons.woff2 HTTP/1.1 304 2.414 ms - http://localhost:3000/stylesheets/materialize.css
[Thu, 14 Apr 2016 20:00:18 GMT] ::1 GET / HTTP/1.1 304 1761.488 ms - http://localhost:3000/event/create
[Thu, 14 Apr 2016 20:00:18 GMT] ::1 GET /stylesheets/materialize.css HTTP/1.1 304 34.970 ms - http://localhost:3000/
[Thu, 14 Apr 2016 20:00:18 GMT] ::1 GET /stylesheets/style.css HTTP/1.1 304 26.921 ms - http://localhost:3000/
[Thu, 14 Apr 2016 20:00:18 GMT] ::1 GET /js/jquery.min.js HTTP/1.1 304 23.004 ms - http://localhost:3000/
[Thu, 14 Apr 2016 20:00:18 GMT] ::1 GET /js/materialize.min.js HTTP/1.1 304 24.233 ms - http://localhost:3000/
[Thu, 14 Apr 2016 20:00:18 GMT] ::1 GET /js/init.js HTTP/1.1 304 23.282 ms - http://localhost:3000/
[Thu, 14 Apr 2016 20:00:18 GMT] ::1 GET /images/eh-logo.png HTTP/1.1 304 20.046 ms - http://localhost:3000/
[Thu, 14 Apr 2016 20:00:18 GMT] ::1 GET /images/eh-logo-mob.png HTTP/1.1 304 18.535 ms - http://localhost:3000/
[Thu, 14 Apr 2016 20:00:18 GMT] ::1 GET /images/background5.jpg HTTP/1.1 304 18.810 ms - http://localhost:3000/
[Thu, 14 Apr 2016 20:00:18 GMT] ::1 GET /images/background2.jpg HTTP/1.1 304 19.777 ms - http://localhost:3000/
[Thu, 14 Apr 2016 20:00:18 GMT] ::1 GET /images/ticker_tagline.png HTTP/1.1 304 13.066 ms - http://localhost:3000/
[Thu, 14 Apr 2016 20:00:18 GMT] ::1 GET /images/background1.jpg HTTP/1.1 304 26.984 ms - http://localhost:3000/
[Thu, 14 Apr 2016 20:00:22 GMT] ::1 GET / HTTP/1.1 304 330.556 ms - http://localhost:3000/
[Thu, 14 Apr 2016 20:00:23 GMT] ::1 GET /stylesheets/materialize.css HTTP/1.1 304 11.842 ms - http://localhost:3000/
[Thu, 14 Apr 2016 20:00:23 GMT] ::1 GET /stylesheets/style.css HTTP/1.1 304 13.691 ms - http://localhost:3000/
[Thu, 14 Apr 2016 20:00:23 GMT] ::1 GET /js/jquery.min.js HTTP/1.1 304 11.268 ms - http://localhost:3000/
[Thu, 14 Apr 2016 20:00:23 GMT] ::1 GET /js/materialize.min.js HTTP/1.1 304 6.898 ms - http://localhost:3000/
[Thu, 14 Apr 2016 20:00:23 GMT] ::1 GET /js/init.js HTTP/1.1 304 10.592 ms - http://localhost:3000/
[Thu, 14 Apr 2016 20:00:23 GMT] ::1 GET /images/eh-logo.png HTTP/1.1 304 12.297 ms - http://localhost:3000/
[Thu, 14 Apr 2016 20:00:23 GMT] ::1 GET /images/eh-logo-mob.png HTTP/1.1 304 11.346 ms - http://localhost:3000/
[Thu, 14 Apr 2016 20:00:23 GMT] ::1 GET /images/background1.jpg HTTP/1.1 304 14.051 ms - http://localhost:3000/
[Thu, 14 Apr 2016 20:00:23 GMT] ::1 GET /images/background5.jpg HTTP/1.1 304 12.982 ms - http://localhost:3000/
[Thu, 14 Apr 2016 20:00:23 GMT] ::1 GET /images/background2.jpg HTTP/1.1 304 8.427 ms - http://localhost:3000/
[Thu, 14 Apr 2016 20:00:23 GMT] ::1 GET /images/ticker_tagline.png HTTP/1.1 304 7.040 ms - http://localhost:3000/
[Thu, 14 Apr 2016 20:00:39 GMT] ::1 GET / HTTP/1.1 304 246.076 ms - http://localhost:3000/
[Thu, 14 Apr 2016 20:00:39 GMT] ::1 GET /stylesheets/materialize.css HTTP/1.1 304 4.976 ms - http://localhost:3000/
[Thu, 14 Apr 2016 20:00:39 GMT] ::1 GET /stylesheets/style.css HTTP/1.1 304 9.842 ms - http://localhost:3000/
[Thu, 14 Apr 2016 20:00:39 GMT] ::1 GET /js/jquery.min.js HTTP/1.1 304 12.513 ms - http://localhost:3000/
[Thu, 14 Apr 2016 20:00:39 GMT] ::1 GET /js/materialize.min.js HTTP/1.1 304 5.168 ms - http://localhost:3000/
[Thu, 14 Apr 2016 20:00:39 GMT] ::1 GET /js/init.js HTTP/1.1 304 17.235 ms - http://localhost:3000/
[Thu, 14 Apr 2016 20:00:39 GMT] ::1 GET /images/eh-logo.png HTTP/1.1 304 23.712 ms - http://localhost:3000/
[Thu, 14 Apr 2016 20:00:39 GMT] ::1 GET /images/eh-logo-mob.png HTTP/1.1 304 19.773 ms - http://localhost:3000/
[Thu, 14 Apr 2016 20:00:39 GMT] ::1 GET /images/background1.jpg HTTP/1.1 304 24.542 ms - http://localhost:3000/
[Thu, 14 Apr 2016 20:00:39 GMT] ::1 GET /images/background5.jpg HTTP/1.1 304 8.882 ms - http://localhost:3000/
[Thu, 14 Apr 2016 20:00:39 GMT] ::1 GET /images/background2.jpg HTTP/1.1 304 7.885 ms - http://localhost:3000/
[Thu, 14 Apr 2016 20:00:39 GMT] ::1 GET /images/ticker_tagline.png HTTP/1.1 304 5.129 ms - http://localhost:3000/
[Thu, 14 Apr 2016 20:00:48 GMT] ::1 GET /event/create HTTP/1.1 500 1222.370 ms - http://localhost:3000/
[Thu, 14 Apr 2016 20:00:48 GMT] ::1 GET /stylesheets/materialize.css HTTP/1.1 304 2.548 ms - http://localhost:3000/event/create
[Thu, 14 Apr 2016 20:00:48 GMT] ::1 GET /stylesheets/style.css HTTP/1.1 304 3.248 ms - http://localhost:3000/event/create
[Thu, 14 Apr 2016 20:00:48 GMT] ::1 GET /js/jquery.min.js HTTP/1.1 304 3.301 ms - http://localhost:3000/event/create
[Thu, 14 Apr 2016 20:00:48 GMT] ::1 GET /js/materialize.min.js HTTP/1.1 304 8.430 ms - http://localhost:3000/event/create
[Thu, 14 Apr 2016 20:00:48 GMT] ::1 GET /js/init.js HTTP/1.1 304 6.812 ms - http://localhost:3000/event/create
[Thu, 14 Apr 2016 20:00:48 GMT] ::1 GET /images/eh-logo.png HTTP/1.1 304 10.175 ms - http://localhost:3000/event/create
[Thu, 14 Apr 2016 20:00:48 GMT] ::1 GET /images/eh-logo-mob.png HTTP/1.1 304 15.683 ms - http://localhost:3000/event/create
[Thu, 14 Apr 2016 20:00:48 GMT] ::1 GET /images/ticker_tagline.png HTTP/1.1 304 18.702 ms - http://localhost:3000/event/create
[Thu, 14 Apr 2016 20:00:56 GMT] ::1 GET / HTTP/1.1 304 224.483 ms - http://localhost:3000/event/create
[Thu, 14 Apr 2016 20:00:57 GMT] ::1 GET /stylesheets/materialize.css HTTP/1.1 304 11.388 ms - http://localhost:3000/
[Thu, 14 Apr 2016 20:00:57 GMT] ::1 GET /stylesheets/style.css HTTP/1.1 304 20.240 ms - http://localhost:3000/
[Thu, 14 Apr 2016 20:00:57 GMT] ::1 GET /js/jquery.min.js HTTP/1.1 304 18.823 ms - http://localhost:3000/
[Thu, 14 Apr 2016 20:00:57 GMT] ::1 GET /js/materialize.min.js HTTP/1.1 304 15.324 ms - http://localhost:3000/
[Thu, 14 Apr 2016 20:00:57 GMT] ::1 GET /js/init.js HTTP/1.1 304 13.503 ms - http://localhost:3000/
[Thu, 14 Apr 2016 20:00:57 GMT] ::1 GET /images/eh-logo.png HTTP/1.1 304 10.356 ms - http://localhost:3000/
[Thu, 14 Apr 2016 20:00:57 GMT] ::1 GET /images/eh-logo-mob.png HTTP/1.1 304 9.474 ms - http://localhost:3000/
[Thu, 14 Apr 2016 20:00:57 GMT] ::1 GET /images/background1.jpg HTTP/1.1 304 8.791 ms - http://localhost:3000/
[Thu, 14 Apr 2016 20:00:57 GMT] ::1 GET /images/background5.jpg HTTP/1.1 304 7.693 ms - http://localhost:3000/
[Thu, 14 Apr 2016 20:00:57 GMT] ::1 GET /images/background2.jpg HTTP/1.1 304 6.304 ms - http://localhost:3000/
[Thu, 14 Apr 2016 20:00:57 GMT] ::1 GET /images/ticker_tagline.png HTTP/1.1 304 2.476 ms - http://localhost:3000/
[Thu, 14 Apr 2016 20:02:52 GMT] ::1 GET / HTTP/1.1 200 1898.759 ms - http://localhost:3000/event/create
[Thu, 14 Apr 2016 20:02:52 GMT] ::1 GET /stylesheets/materialize.css HTTP/1.1 304 32.206 ms - http://localhost:3000/
[Thu, 14 Apr 2016 20:02:52 GMT] ::1 GET /stylesheets/style.css HTTP/1.1 304 25.805 ms - http://localhost:3000/
[Thu, 14 Apr 2016 20:02:52 GMT] ::1 GET /js/jquery.min.js HTTP/1.1 304 22.078 ms - http://localhost:3000/
[Thu, 14 Apr 2016 20:02:52 GMT] ::1 GET /js/materialize.min.js HTTP/1.1 304 20.567 ms - http://localhost:3000/
[Thu, 14 Apr 2016 20:02:52 GMT] ::1 GET /js/init.js HTTP/1.1 304 19.694 ms - http://localhost:3000/
[Thu, 14 Apr 2016 20:02:52 GMT] ::1 GET /images/eh-logo.png HTTP/1.1 304 16.001 ms - http://localhost:3000/
[Thu, 14 Apr 2016 20:02:52 GMT] ::1 GET /images/eh-logo-mob.png HTTP/1.1 304 14.666 ms - http://localhost:3000/
[Thu, 14 Apr 2016 20:02:52 GMT] ::1 GET /images/background1.jpg HTTP/1.1 304 13.878 ms - http://localhost:3000/
[Thu, 14 Apr 2016 20:02:52 GMT] ::1 GET /images/background5.jpg HTTP/1.1 304 13.226 ms - http://localhost:3000/
[Thu, 14 Apr 2016 20:02:52 GMT] ::1 GET /images/background2.jpg HTTP/1.1 304 11.808 ms - http://localhost:3000/
[Thu, 14 Apr 2016 20:02:52 GMT] ::1 GET /images/ticker_tagline.png HTTP/1.1 304 12.886 ms - http://localhost:3000/
[Thu, 14 Apr 2016 20:29:39 GMT] ::1 GET / HTTP/1.1 304 1859.250 ms - http://localhost:3000/event/create
[Thu, 14 Apr 2016 20:29:40 GMT] ::1 GET /stylesheets/materialize.css HTTP/1.1 304 31.842 ms - http://localhost:3000/
[Thu, 14 Apr 2016 20:29:40 GMT] ::1 GET /stylesheets/style.css HTTP/1.1 304 21.467 ms - http://localhost:3000/
[Thu, 14 Apr 2016 20:29:40 GMT] ::1 GET /js/jquery.min.js HTTP/1.1 304 19.351 ms - http://localhost:3000/
[Thu, 14 Apr 2016 20:29:40 GMT] ::1 GET /js/materialize.min.js HTTP/1.1 304 2.085 ms - http://localhost:3000/
[Thu, 14 Apr 2016 20:29:40 GMT] ::1 GET /js/init.js HTTP/1.1 304 2.762 ms - http://localhost:3000/
[Thu, 14 Apr 2016 20:29:40 GMT] ::1 GET /images/eh-logo.png HTTP/1.1 304 17.557 ms - http://localhost:3000/
[Thu, 14 Apr 2016 20:29:40 GMT] ::1 GET /images/eh-logo-mob.png HTTP/1.1 304 15.925 ms - http://localhost:3000/
[Thu, 14 Apr 2016 20:29:40 GMT] ::1 GET /images/background1.jpg HTTP/1.1 304 14.256 ms - http://localhost:3000/
[Thu, 14 Apr 2016 20:29:40 GMT] ::1 GET /images/background5.jpg HTTP/1.1 304 20.661 ms - http://localhost:3000/
[Thu, 14 Apr 2016 20:29:40 GMT] ::1 GET /images/background2.jpg HTTP/1.1 304 19.521 ms - http://localhost:3000/
[Thu, 14 Apr 2016 20:29:40 GMT] ::1 GET /images/ticker_tagline.png HTTP/1.1 304 17.072 ms - http://localhost:3000/
[Thu, 14 Apr 2016 20:29:44 GMT] ::1 GET /event/create HTTP/1.1 500 1290.137 ms - http://localhost:3000/
[Thu, 14 Apr 2016 20:29:46 GMT] ::1 GET /stylesheets/materialize.css HTTP/1.1 304 5.469 ms - http://localhost:3000/event/create
[Thu, 14 Apr 2016 20:29:46 GMT] ::1 GET /stylesheets/style.css HTTP/1.1 304 6.211 ms - http://localhost:3000/event/create
[Thu, 14 Apr 2016 20:29:46 GMT] ::1 GET /js/jquery.min.js HTTP/1.1 304 4.668 ms - http://localhost:3000/event/create
[Thu, 14 Apr 2016 20:29:46 GMT] ::1 GET /js/materialize.min.js HTTP/1.1 304 11.920 ms - http://localhost:3000/event/create
[Thu, 14 Apr 2016 20:29:46 GMT] ::1 GET /js/init.js HTTP/1.1 304 13.617 ms - http://localhost:3000/event/create
[Thu, 14 Apr 2016 20:29:46 GMT] ::1 GET /images/eh-logo.png HTTP/1.1 304 12.395 ms - http://localhost:3000/event/create
[Thu, 14 Apr 2016 20:29:46 GMT] ::1 GET /images/eh-logo-mob.png HTTP/1.1 304 11.044 ms - http://localhost:3000/event/create
[Thu, 14 Apr 2016 20:29:46 GMT] ::1 GET /images/ticker_tagline.png HTTP/1.1 304 2.286 ms - http://localhost:3000/event/create
[Thu, 14 Apr 2016 20:47:11 GMT] ::1 GET / HTTP/1.1 304 1750.429 ms - http://localhost:3000/event/create
[Thu, 14 Apr 2016 20:47:11 GMT] ::1 GET /stylesheets/materialize.css HTTP/1.1 304 24.487 ms - http://localhost:3000/
[Thu, 14 Apr 2016 20:47:11 GMT] ::1 GET /stylesheets/style.css HTTP/1.1 304 18.045 ms - http://localhost:3000/
[Thu, 14 Apr 2016 20:47:11 GMT] ::1 GET /js/jquery.min.js HTTP/1.1 304 26.473 ms - http://localhost:3000/
[Thu, 14 Apr 2016 20:47:11 GMT] ::1 GET /js/init.js HTTP/1.1 304 12.253 ms - http://localhost:3000/
[Thu, 14 Apr 2016 20:47:11 GMT] ::1 GET /js/materialize.min.js HTTP/1.1 304 11.445 ms - http://localhost:3000/
[Thu, 14 Apr 2016 20:47:11 GMT] ::1 GET /images/background2.jpg HTTP/1.1 304 11.318 ms - http://localhost:3000/
[Thu, 14 Apr 2016 20:47:11 GMT] ::1 GET /images/eh-logo.png HTTP/1.1 304 10.617 ms - http://localhost:3000/
[Thu, 14 Apr 2016 20:47:12 GMT] ::1 GET /images/eh-logo-mob.png HTTP/1.1 304 18.065 ms - http://localhost:3000/
[Thu, 14 Apr 2016 20:47:12 GMT] ::1 GET /images/background1.jpg HTTP/1.1 304 11.020 ms - http://localhost:3000/
[Thu, 14 Apr 2016 20:47:12 GMT] ::1 GET /images/background5.jpg HTTP/1.1 304 9.367 ms - http://localhost:3000/
[Thu, 14 Apr 2016 20:47:12 GMT] ::1 GET /images/ticker_tagline.png HTTP/1.1 304 16.716 ms - http://localhost:3000/
[Thu, 14 Apr 2016 20:47:12 GMT] ::1 GET /font/roboto/Roboto-Light.woff2 HTTP/1.1 304 4.497 ms - http://localhost:3000/stylesheets/materialize.css
[Thu, 14 Apr 2016 20:47:12 GMT] ::1 GET /font/material-design-icons/Material-Design-Icons.woff2 HTTP/1.1 304 4.766 ms - http://localhost:3000/stylesheets/materialize.css
[Thu, 14 Apr 2016 20:47:24 GMT] ::1 GET /event/create HTTP/1.1 500 1537.652 ms - http://localhost:3000/
[Thu, 14 Apr 2016 20:47:24 GMT] ::1 GET /stylesheets/materialize.css HTTP/1.1 304 15.005 ms - http://localhost:3000/event/create
[Thu, 14 Apr 2016 20:47:24 GMT] ::1 GET /stylesheets/style.css HTTP/1.1 304 11.365 ms - http://localhost:3000/event/create
[Thu, 14 Apr 2016 20:47:24 GMT] ::1 GET /js/jquery.min.js HTTP/1.1 304 15.763 ms - http://localhost:3000/event/create
[Thu, 14 Apr 2016 20:47:24 GMT] ::1 GET /js/materialize.min.js HTTP/1.1 304 6.560 ms - http://localhost:3000/event/create
[Thu, 14 Apr 2016 20:47:24 GMT] ::1 GET /js/init.js HTTP/1.1 304 6.999 ms - http://localhost:3000/event/create
[Thu, 14 Apr 2016 20:47:24 GMT] ::1 GET /images/eh-logo-mob.png HTTP/1.1 304 22.332 ms - http://localhost:3000/event/create
[Thu, 14 Apr 2016 20:47:24 GMT] ::1 GET /images/eh-logo.png HTTP/1.1 304 20.953 ms - http://localhost:3000/event/create
[Thu, 14 Apr 2016 20:47:24 GMT] ::1 GET /images/ticker_tagline.png HTTP/1.1 304 2.181 ms - http://localhost:3000/event/create
