"[Fri, 01 Apr 2016 17:08:30 GMT]" ::1 "GET / HTTP/1.1" 304 "3085.127 MS" - -
"[Fri, 01 Apr 2016 17:08:30 GMT]" ::1 "GET /stylesheets/materialize.min.css HTTP/1.1" 304 "10.733 MS" - http://localhost:3000/
"[Fri, 01 Apr 2016 17:08:30 GMT]" ::1 "GET /stylesheets/style.css HTTP/1.1" 304 "10.875 MS" - http://localhost:3000/
"[Fri, 01 Apr 2016 17:08:30 GMT]" ::1 "GET /images/background1.jpg HTTP/1.1" 304 "4.812 MS" - http://localhost:3000/
"[Fri, 01 Apr 2016 17:08:30 GMT]" ::1 "GET /images/background2.jpg HTTP/1.1" 304 "4.597 MS" - http://localhost:3000/
"[Fri, 01 Apr 2016 17:08:30 GMT]" ::1 "GET /images/background3.jpg HTTP/1.1" 304 "4.730 MS" - http://localhost:3000/
[Fri, 01 Apr 2016 17:10:57 GMT] ::1 GET / HTTP/1.1 304 3313.960 MS - -
[Fri, 01 Apr 2016 17:10:57 GMT] ::1 GET /stylesheets/materialize.min.css HTTP/1.1 304 12.691 MS - http://localhost:3000/
[Fri, 01 Apr 2016 17:10:57 GMT] ::1 GET /stylesheets/style.css HTTP/1.1 304 13.335 MS - http://localhost:3000/
[Fri, 01 Apr 2016 17:10:57 GMT] ::1 GET /images/background1.jpg HTTP/1.1 304 5.308 MS - http://localhost:3000/
[Fri, 01 Apr 2016 17:10:57 GMT] ::1 GET /images/background2.jpg HTTP/1.1 304 5.075 MS - http://localhost:3000/
[Fri, 01 Apr 2016 17:10:57 GMT] ::1 GET /images/background3.jpg HTTP/1.1 304 5.618 MS - http://localhost:3000/
[Fri, 01 Apr 2016 17:23:52 GMT] ::1 GET /event HTTP/1.1 200 2470.931 MS - -
[Fri, 01 Apr 2016 17:23:53 GMT] ::1 GET /stylesheets/materialize.min.css HTTP/1.1 304 10.934 MS - http://localhost:3000/event
[Fri, 01 Apr 2016 17:23:53 GMT] ::1 GET /stylesheets/style.css HTTP/1.1 304 12.874 MS - http://localhost:3000/event
[Fri, 01 Apr 2016 17:29:33 GMT] ::1 GET /event HTTP/1.1 200 2705.808 MS - -
[Fri, 01 Apr 2016 17:29:33 GMT] ::1 GET /stylesheets/materialize.min.css HTTP/1.1 304 11.545 MS - http://localhost:3000/event
[Fri, 01 Apr 2016 17:29:33 GMT] ::1 GET /stylesheets/style.css HTTP/1.1 304 12.450 MS - http://localhost:3000/event
[Fri, 01 Apr 2016 17:31:07 GMT] ::1 GET /event HTTP/1.1 200 2456.211 MS - -
[Fri, 01 Apr 2016 17:31:07 GMT] ::1 GET /stylesheets/materialize.min.css HTTP/1.1 304 11.037 MS - http://localhost:3000/event
[Fri, 01 Apr 2016 17:31:07 GMT] ::1 GET /stylesheets/style.css HTTP/1.1 304 11.357 MS - http://localhost:3000/event
[Fri, 01 Apr 2016 17:32:26 GMT] ::1 GET /event HTTP/1.1 200 2541.682 MS - -
[Fri, 01 Apr 2016 17:32:26 GMT] ::1 GET /stylesheets/materialize.min.css HTTP/1.1 304 12.207 MS - http://localhost:3000/event
[Fri, 01 Apr 2016 17:32:26 GMT] ::1 GET /stylesheets/style.css HTTP/1.1 304 11.650 MS - http://localhost:3000/event
[Fri, 01 Apr 2016 17:35:42 GMT] ::1 GET / HTTP/1.1 200 3366.161 MS - -
[Fri, 01 Apr 2016 17:35:42 GMT] ::1 GET /stylesheets/materialize.min.css HTTP/1.1 304 9.993 MS - http://localhost:3000/
[Fri, 01 Apr 2016 17:35:42 GMT] ::1 GET /stylesheets/style.css HTTP/1.1 304 11.846 MS - http://localhost:3000/
[Fri, 01 Apr 2016 17:35:42 GMT] ::1 GET /images/background1.jpg HTTP/1.1 304 5.043 MS - http://localhost:3000/
[Fri, 01 Apr 2016 17:35:42 GMT] ::1 GET /images/background2.jpg HTTP/1.1 304 4.566 MS - http://localhost:3000/
[Fri, 01 Apr 2016 17:35:42 GMT] ::1 GET /images/background3.jpg HTTP/1.1 304 4.870 MS - http://localhost:3000/
[Fri, 01 Apr 2016 17:40:24 GMT] ::1 GET / HTTP/1.1 200 3123.955 MS - -
[Fri, 01 Apr 2016 17:40:24 GMT] ::1 GET /stylesheets/materialize.min.css HTTP/1.1 304 17.768 MS - http://localhost:3000/
[Fri, 01 Apr 2016 17:40:24 GMT] ::1 GET /stylesheets/style.css HTTP/1.1 304 2.568 MS - http://localhost:3000/
[Fri, 01 Apr 2016 17:40:24 GMT] ::1 GET /images/background1.jpg HTTP/1.1 304 7.577 MS - http://localhost:3000/
[Fri, 01 Apr 2016 17:40:24 GMT] ::1 GET /images/background2.jpg HTTP/1.1 304 7.127 MS - http://localhost:3000/
[Fri, 01 Apr 2016 17:40:24 GMT] ::1 GET /images/background3.jpg HTTP/1.1 304 7.038 MS - http://localhost:3000/
[Fri, 01 Apr 2016 17:41:20 GMT] ::1 GET / HTTP/1.1 200 3170.964 MS - -
[Fri, 01 Apr 2016 17:41:20 GMT] ::1 GET /stylesheets/materialize.min.css HTTP/1.1 304 16.596 MS - http://localhost:3000/
[Fri, 01 Apr 2016 17:41:20 GMT] ::1 GET /stylesheets/style.css HTTP/1.1 304 11.853 MS - http://localhost:3000/
[Fri, 01 Apr 2016 17:41:20 GMT] ::1 GET /images/background1.jpg HTTP/1.1 304 3.630 MS - http://localhost:3000/
[Fri, 01 Apr 2016 17:41:20 GMT] ::1 GET /images/background2.jpg HTTP/1.1 304 3.342 MS - http://localhost:3000/
[Fri, 01 Apr 2016 17:41:20 GMT] ::1 GET /images/background3.jpg HTTP/1.1 304 2.298 MS - http://localhost:3000/
[Fri, 01 Apr 2016 17:44:13 GMT] ::1 GET / HTTP/1.1 200 3336.289 MS - -
[Fri, 01 Apr 2016 17:44:13 GMT] ::1 GET /stylesheets/materialize.min.css HTTP/1.1 304 11.595 MS - http://localhost:3000/
[Fri, 01 Apr 2016 17:44:13 GMT] ::1 GET /stylesheets/style.css HTTP/1.1 304 11.360 MS - http://localhost:3000/
[Fri, 01 Apr 2016 17:44:13 GMT] ::1 GET /images/background1.jpg HTTP/1.1 304 4.459 MS - http://localhost:3000/
[Fri, 01 Apr 2016 17:44:13 GMT] ::1 GET /images/background2.jpg HTTP/1.1 304 4.231 MS - http://localhost:3000/
[Fri, 01 Apr 2016 17:44:13 GMT] ::1 GET /images/background3.jpg HTTP/1.1 304 4.426 MS - http://localhost:3000/
[Fri, 01 Apr 2016 17:44:20 GMT] ::1 GET /sass.html HTTP/1.1 404 796.700 MS - http://localhost:3000/
[Fri, 01 Apr 2016 17:44:20 GMT] ::1 GET /stylesheets/materialize.min.css HTTP/1.1 304 1.759 MS - http://localhost:3000/sass.html
[Fri, 01 Apr 2016 17:44:20 GMT] ::1 GET /stylesheets/style.css HTTP/1.1 304 1.507 MS - http://localhost:3000/sass.html
[Fri, 01 Apr 2016 17:50:04 GMT] ::1 GET / HTTP/1.1 200 3233.121 MS - -
[Fri, 01 Apr 2016 17:50:04 GMT] ::1 GET /stylesheets/materialize.min.css HTTP/1.1 304 22.752 MS - http://localhost:3000/
[Fri, 01 Apr 2016 17:50:04 GMT] ::1 GET /stylesheets/style.css HTTP/1.1 304 12.957 MS - http://localhost:3000/
[Fri, 01 Apr 2016 17:50:05 GMT] ::1 GET /images/background1.jpg HTTP/1.1 304 5.303 MS - http://localhost:3000/
[Fri, 01 Apr 2016 17:50:05 GMT] ::1 GET /images/background2.jpg HTTP/1.1 304 6.110 MS - http://localhost:3000/
[Fri, 01 Apr 2016 17:50:05 GMT] ::1 GET /images/background3.jpg HTTP/1.1 304 6.126 MS - http://localhost:3000/
[Fri, 01 Apr 2016 17:51:49 GMT] ::1 GET / HTTP/1.1 200 3185.001 MS - -
[Fri, 01 Apr 2016 17:51:49 GMT] ::1 GET /stylesheets/materialize.min.css HTTP/1.1 304 17.470 MS - http://localhost:3000/
[Fri, 01 Apr 2016 17:51:49 GMT] ::1 GET /stylesheets/style.css HTTP/1.1 304 13.704 MS - http://localhost:3000/
[Fri, 01 Apr 2016 17:51:49 GMT] ::1 GET /images/background1.jpg HTTP/1.1 304 5.052 MS - http://localhost:3000/
[Fri, 01 Apr 2016 17:51:49 GMT] ::1 GET /images/background2.jpg HTTP/1.1 304 4.969 MS - http://localhost:3000/
[Fri, 01 Apr 2016 17:51:49 GMT] ::1 GET /images/background3.jpg HTTP/1.1 304 5.849 MS - http://localhost:3000/
[Fri, 01 Apr 2016 17:57:27 GMT] ::1 GET /images/background1.jpg HTTP/1.1 304 1.715 MS - -
[Fri, 01 Apr 2016 18:01:38 GMT] ::1 GET / HTTP/1.1 200 3169.540 MS - -
[Fri, 01 Apr 2016 18:01:38 GMT] ::1 GET /stylesheets/materialize.min.css HTTP/1.1 304 12.440 MS - http://localhost:3000/
[Fri, 01 Apr 2016 18:01:38 GMT] ::1 GET /stylesheets/style.css HTTP/1.1 304 2.318 MS - http://localhost:3000/
[Fri, 01 Apr 2016 18:01:38 GMT] ::1 GET /images/background1.jpg HTTP/1.1 304 1.714 MS - http://localhost:3000/
[Fri, 01 Apr 2016 18:01:38 GMT] ::1 GET /images/background2.jpg HTTP/1.1 304 1.783 MS - http://localhost:3000/
[Fri, 01 Apr 2016 18:01:38 GMT] ::1 GET /images/background3.jpg HTTP/1.1 304 1.423 MS - http://localhost:3000/
[Fri, 01 Apr 2016 18:14:34 GMT] ::1 GET / HTTP/1.1 200 3452.192 MS - -
[Fri, 01 Apr 2016 18:14:34 GMT] ::1 GET /stylesheets/materialize.min.css HTTP/1.1 304 23.073 MS - http://localhost:3000/
[Fri, 01 Apr 2016 18:14:34 GMT] ::1 GET /stylesheets/style.css HTTP/1.1 304 18.497 MS - http://localhost:3000/
[Fri, 01 Apr 2016 18:14:34 GMT] ::1 GET /images/background1.jpg HTTP/1.1 304 9.104 MS - http://localhost:3000/
[Fri, 01 Apr 2016 18:14:34 GMT] ::1 GET /images/background2.jpg HTTP/1.1 304 9.150 MS - http://localhost:3000/
[Fri, 01 Apr 2016 18:14:34 GMT] ::1 GET /images/background3.jpg HTTP/1.1 304 8.798 MS - http://localhost:3000/
[Fri, 01 Apr 2016 18:15:31 GMT] ::1 GET / HTTP/1.1 200 3309.313 MS - -
[Fri, 01 Apr 2016 18:15:31 GMT] ::1 GET /stylesheets/materialize.min.css HTTP/1.1 304 17.268 MS - http://localhost:3000/
[Fri, 01 Apr 2016 18:15:31 GMT] ::1 GET /stylesheets/style.css HTTP/1.1 304 11.507 MS - http://localhost:3000/
[Fri, 01 Apr 2016 18:15:31 GMT] ::1 GET /images/background1.jpg HTTP/1.1 304 5.173 MS - http://localhost:3000/
[Fri, 01 Apr 2016 18:15:31 GMT] ::1 GET /images/background2.jpg HTTP/1.1 304 5.026 MS - http://localhost:3000/
[Fri, 01 Apr 2016 18:15:31 GMT] ::1 GET /images/background3.jpg HTTP/1.1 304 4.979 MS - http://localhost:3000/
[Fri, 01 Apr 2016 18:19:35 GMT] ::1 GET / HTTP/1.1 200 3991.196 MS - -
[Fri, 01 Apr 2016 18:19:35 GMT] ::1 GET /stylesheets/materialize.min.css HTTP/1.1 304 14.359 MS - http://localhost:3000/
[Fri, 01 Apr 2016 18:19:35 GMT] ::1 GET /stylesheets/style.css HTTP/1.1 304 13.557 MS - http://localhost:3000/
[Fri, 01 Apr 2016 18:19:35 GMT] ::1 GET /images/background1.jpg HTTP/1.1 304 6.840 MS - http://localhost:3000/
[Fri, 01 Apr 2016 18:19:35 GMT] ::1 GET /images/background2.jpg HTTP/1.1 304 6.627 MS - http://localhost:3000/
[Fri, 01 Apr 2016 18:19:35 GMT] ::1 GET /images/background3.jpg HTTP/1.1 304 5.873 MS - http://localhost:3000/
[Fri, 01 Apr 2016 18:33:36 GMT] ::1 GET / HTTP/1.1 200 3630.742 MS - -
[Fri, 01 Apr 2016 18:33:36 GMT] ::1 GET /stylesheets/materialize.min.css HTTP/1.1 304 12.329 MS - http://localhost:3000/
[Fri, 01 Apr 2016 18:33:36 GMT] ::1 GET /stylesheets/style.css HTTP/1.1 304 12.537 MS - http://localhost:3000/
[Fri, 01 Apr 2016 18:33:36 GMT] ::1 GET /images/background1.jpg HTTP/1.1 304 6.057 MS - http://localhost:3000/
[Fri, 01 Apr 2016 18:33:36 GMT] ::1 GET /images/background2.jpg HTTP/1.1 304 5.982 MS - http://localhost:3000/
[Fri, 01 Apr 2016 18:33:36 GMT] ::1 GET /images/background3.jpg HTTP/1.1 304 5.842 MS - http://localhost:3000/
[Fri, 01 Apr 2016 18:33:59 GMT] ::1 GET /event HTTP/1.1 200 1233.713 MS - http://localhost:3000/
[Fri, 01 Apr 2016 18:33:59 GMT] ::1 GET /stylesheets/materialize.min.css HTTP/1.1 304 1.476 MS - http://localhost:3000/event
[Fri, 01 Apr 2016 18:33:59 GMT] ::1 GET /stylesheets/style.css HTTP/1.1 304 1.529 MS - http://localhost:3000/event
[Fri, 01 Apr 2016 18:36:09 GMT] ::1 GET /event HTTP/1.1 304 1306.801 MS - -
[Fri, 01 Apr 2016 18:36:11 GMT] ::1 GET /stylesheets/materialize.min.css HTTP/1.1 304 2.563 MS - http://localhost:3000/event
[Fri, 01 Apr 2016 18:36:11 GMT] ::1 GET /stylesheets/style.css HTTP/1.1 304 2.286 MS - http://localhost:3000/event
[Fri, 01 Apr 2016 18:36:46 GMT] ::1 GET / HTTP/1.1 304 1924.306 MS - -
[Fri, 01 Apr 2016 18:36:47 GMT] ::1 GET /stylesheets/materialize.min.css HTTP/1.1 304 4.210 MS - http://localhost:3000/
[Fri, 01 Apr 2016 18:36:47 GMT] ::1 GET /stylesheets/style.css HTTP/1.1 304 3.949 MS - http://localhost:3000/
[Fri, 01 Apr 2016 18:36:47 GMT] ::1 GET /images/background1.jpg HTTP/1.1 304 4.012 MS - http://localhost:3000/
[Fri, 01 Apr 2016 18:36:47 GMT] ::1 GET /images/background2.jpg HTTP/1.1 304 4.452 MS - http://localhost:3000/
[Fri, 01 Apr 2016 18:36:48 GMT] ::1 GET /images/background3.jpg HTTP/1.1 304 1.605 MS - http://localhost:3000/
[Fri, 01 Apr 2016 18:49:07 GMT] ::1 GET / HTTP/1.1 200 3629.922 MS - -
[Fri, 01 Apr 2016 18:49:08 GMT] ::1 GET /stylesheets/materialize.min.css HTTP/1.1 304 12.393 MS - http://localhost:3000/
[Fri, 01 Apr 2016 18:49:08 GMT] ::1 GET /stylesheets/style.css HTTP/1.1 304 14.237 MS - http://localhost:3000/
[Fri, 01 Apr 2016 18:49:08 GMT] ::1 GET /images/background1.jpg HTTP/1.1 304 3.344 MS - http://localhost:3000/
[Fri, 01 Apr 2016 18:49:08 GMT] ::1 GET /images/background2.jpg HTTP/1.1 304 2.922 MS - http://localhost:3000/
[Fri, 01 Apr 2016 18:49:08 GMT] ::1 GET /images/background3.jpg HTTP/1.1 304 2.152 MS - http://localhost:3000/
[Fri, 01 Apr 2016 18:49:37 GMT] ::1 GET /js/jquery.min.js HTTP/1.1 200 10.043 MS 97244 -
[Fri, 01 Apr 2016 18:51:32 GMT] ::1 GET / HTTP/1.1 200 3782.889 MS - -
[Fri, 01 Apr 2016 18:51:32 GMT] ::1 GET /stylesheets/materialize.min.css HTTP/1.1 304 13.546 MS - http://localhost:3000/
[Fri, 01 Apr 2016 18:51:32 GMT] ::1 GET /stylesheets/style.css HTTP/1.1 304 34.382 MS - http://localhost:3000/
[Fri, 01 Apr 2016 18:51:32 GMT] ::1 GET /js/jquery.min.js HTTP/1.1 304 4.991 MS - http://localhost:3000/
[Fri, 01 Apr 2016 18:51:32 GMT] ::1 GET /js/materialize.min.js HTTP/1.1 200 13.494 MS 130561 http://localhost:3000/
[Fri, 01 Apr 2016 18:51:32 GMT] ::1 GET /images/background1.jpg HTTP/1.1 304 5.235 MS - http://localhost:3000/
[Fri, 01 Apr 2016 18:51:32 GMT] ::1 GET /images/background2.jpg HTTP/1.1 304 4.523 MS - http://localhost:3000/
[Fri, 01 Apr 2016 18:51:32 GMT] ::1 GET /images/background3.jpg HTTP/1.1 304 2.169 MS - http://localhost:3000/
[Fri, 01 Apr 2016 19:00:47 GMT] ::1 GET / HTTP/1.1 200 3636.174 MS - -
[Fri, 01 Apr 2016 19:00:48 GMT] ::1 GET /js/jquery.min.js HTTP/1.1 200 8.549 MS 97244 http://localhost:3000/
[Fri, 01 Apr 2016 19:00:48 GMT] ::1 GET /js/materialize.min.js HTTP/1.1 200 12.481 MS 130561 http://localhost:3000/
[Fri, 01 Apr 2016 19:00:48 GMT] ::1 GET /stylesheets/style.css HTTP/1.1 200 64.721 MS 657 http://localhost:3000/
[Fri, 01 Apr 2016 19:00:48 GMT] ::1 GET /stylesheets/materialize.min.css HTTP/1.1 200 103.258 MS 148873 http://localhost:3000/
[Fri, 01 Apr 2016 19:00:48 GMT] ::1 GET /images/eh-logo.png HTTP/1.1 200 5.300 MS 911 http://localhost:3000/
[Fri, 01 Apr 2016 19:00:48 GMT] ::1 GET /font/roboto/Roboto-Regular.woff2 HTTP/1.1 200 184.462 MS 49236 http://localhost:3000/stylesheets/materialize.min.css
[Fri, 01 Apr 2016 19:00:48 GMT] ::1 GET /font/roboto/Roboto-Light.woff2 HTTP/1.1 200 184.846 MS 49380 http://localhost:3000/stylesheets/materialize.min.css
[Fri, 01 Apr 2016 19:00:48 GMT] ::1 GET /images/background3.jpg HTTP/1.1 200 169.657 MS 176006 http://localhost:3000/
[Fri, 01 Apr 2016 19:00:48 GMT] ::1 GET /images/background1.jpg HTTP/1.1 200 256.381 MS 99515 http://localhost:3000/
[Fri, 01 Apr 2016 19:00:48 GMT] ::1 GET /images/background2.jpg HTTP/1.1 200 272.210 MS 187207 http://localhost:3000/
[Fri, 01 Apr 2016 19:00:48 GMT] ::1 GET /font/material-design-icons/Material-Design-Icons.woff2 HTTP/1.1 200 252.299 MS 33220 http://localhost:3000/stylesheets/materialize.min.css
[Fri, 01 Apr 2016 19:03:41 GMT] ::1 GET / HTTP/1.1 200 3989.106 MS - -
[Fri, 01 Apr 2016 19:03:41 GMT] ::1 GET /stylesheets/materialize.min.css HTTP/1.1 304 19.142 MS - http://localhost:3000/
[Fri, 01 Apr 2016 19:03:41 GMT] ::1 GET /stylesheets/style.css HTTP/1.1 304 17.966 MS - http://localhost:3000/
[Fri, 01 Apr 2016 19:03:41 GMT] ::1 GET /js/jquery.min.js HTTP/1.1 304 16.678 MS - http://localhost:3000/
[Fri, 01 Apr 2016 19:03:41 GMT] ::1 GET /js/materialize.min.js HTTP/1.1 304 15.873 MS - http://localhost:3000/
[Fri, 01 Apr 2016 19:03:42 GMT] ::1 GET /images/eh-logo.png HTTP/1.1 304 1.985 MS - http://localhost:3000/
[Fri, 01 Apr 2016 19:03:42 GMT] ::1 GET /images/background1.jpg HTTP/1.1 304 1.957 MS - http://localhost:3000/
[Fri, 01 Apr 2016 19:03:42 GMT] ::1 GET /images/background2.jpg HTTP/1.1 304 1.356 MS - http://localhost:3000/
[Fri, 01 Apr 2016 19:03:42 GMT] ::1 GET /images/background3.jpg HTTP/1.1 304 6.078 MS - http://localhost:3000/
[Fri, 01 Apr 2016 19:03:42 GMT] ::1 GET /font/roboto/Roboto-Regular.woff2 HTTP/1.1 304 5.966 MS - http://localhost:3000/stylesheets/materialize.min.css
[Fri, 01 Apr 2016 19:03:42 GMT] ::1 GET /font/roboto/Roboto-Light.woff2 HTTP/1.1 304 6.588 MS - http://localhost:3000/stylesheets/materialize.min.css
[Fri, 01 Apr 2016 19:03:42 GMT] ::1 GET /font/material-design-icons/Material-Design-Icons.woff2 HTTP/1.1 304 6.956 MS - http://localhost:3000/stylesheets/materialize.min.css
[Fri, 01 Apr 2016 19:06:08 GMT] ::1 GET / HTTP/1.1 304 3365.686 MS - -
[Fri, 01 Apr 2016 19:06:08 GMT] ::1 GET /stylesheets/materialize.min.css HTTP/1.1 304 17.665 MS - http://localhost:3000/
[Fri, 01 Apr 2016 19:06:08 GMT] ::1 GET /stylesheets/style.css HTTP/1.1 304 12.928 MS - http://localhost:3000/
[Fri, 01 Apr 2016 19:06:08 GMT] ::1 GET /js/jquery.min.js HTTP/1.1 304 6.328 MS - http://localhost:3000/
[Fri, 01 Apr 2016 19:06:08 GMT] ::1 GET /js/materialize.min.js HTTP/1.1 304 4.823 MS - http://localhost:3000/
[Fri, 01 Apr 2016 19:06:08 GMT] ::1 GET /images/eh-logo.png HTTP/1.1 304 5.644 MS - http://localhost:3000/
[Fri, 01 Apr 2016 19:06:08 GMT] ::1 GET /images/background1.jpg HTTP/1.1 304 7.308 MS - http://localhost:3000/
[Fri, 01 Apr 2016 19:06:08 GMT] ::1 GET /images/background2.jpg HTTP/1.1 304 2.851 MS - http://localhost:3000/
[Fri, 01 Apr 2016 19:06:08 GMT] ::1 GET /images/background3.jpg HTTP/1.1 304 2.132 MS - http://localhost:3000/
[Fri, 01 Apr 2016 19:07:44 GMT] ::1 GET / HTTP/1.1 200 3396.839 MS - -
[Fri, 01 Apr 2016 19:07:44 GMT] ::1 GET /stylesheets/materialize.min.css HTTP/1.1 304 10.731 MS - http://localhost:3000/
[Fri, 01 Apr 2016 19:07:44 GMT] ::1 GET /stylesheets/style.css HTTP/1.1 304 11.652 MS - http://localhost:3000/
[Fri, 01 Apr 2016 19:07:44 GMT] ::1 GET /js/jquery.min.js HTTP/1.1 304 3.240 MS - http://localhost:3000/
[Fri, 01 Apr 2016 19:07:44 GMT] ::1 GET /js/materialize.min.js HTTP/1.1 304 2.928 MS - http://localhost:3000/
[Fri, 01 Apr 2016 19:07:44 GMT] ::1 GET /images/eh-logo.png HTTP/1.1 304 1.518 MS - http://localhost:3000/
[Fri, 01 Apr 2016 19:07:45 GMT] ::1 GET /images/background1.jpg HTTP/1.1 304 3.030 MS - http://localhost:3000/
[Fri, 01 Apr 2016 19:07:45 GMT] ::1 GET /images/background2.jpg HTTP/1.1 304 3.571 MS - http://localhost:3000/
[Fri, 01 Apr 2016 19:07:45 GMT] ::1 GET /images/background3.jpg HTTP/1.1 304 1.576 MS - http://localhost:3000/
[Fri, 01 Apr 2016 19:12:23 GMT] ::1 GET / HTTP/1.1 200 3468.505 MS - -
[Fri, 01 Apr 2016 19:12:24 GMT] ::1 GET /stylesheets/materialize.min.css HTTP/1.1 304 12.429 MS - http://localhost:3000/
[Fri, 01 Apr 2016 19:12:24 GMT] ::1 GET /stylesheets/style.css HTTP/1.1 304 15.295 MS - http://localhost:3000/
[Fri, 01 Apr 2016 19:12:24 GMT] ::1 GET /js/jquery.min.js HTTP/1.1 304 1.798 MS - http://localhost:3000/
[Fri, 01 Apr 2016 19:12:24 GMT] ::1 GET /js/materialize.min.js HTTP/1.1 304 1.836 MS - http://localhost:3000/
[Fri, 01 Apr 2016 19:12:24 GMT] ::1 GET /images/eh-logo.png HTTP/1.1 304 2.684 MS - http://localhost:3000/
[Fri, 01 Apr 2016 19:12:24 GMT] ::1 GET /images/background1.jpg HTTP/1.1 304 4.408 MS - http://localhost:3000/
[Fri, 01 Apr 2016 19:12:24 GMT] ::1 GET /images/background2.jpg HTTP/1.1 304 2.814 MS - http://localhost:3000/
[Fri, 01 Apr 2016 19:12:26 GMT] ::1 GET /images/background3.jpg HTTP/1.1 304 1.398 MS - http://localhost:3000/
[Fri, 01 Apr 2016 19:15:32 GMT] ::1 GET / HTTP/1.1 200 3470.872 MS - -
[Fri, 01 Apr 2016 19:15:32 GMT] ::1 GET /stylesheets/materialize.min.css HTTP/1.1 304 15.514 MS - http://localhost:3000/
[Fri, 01 Apr 2016 19:15:32 GMT] ::1 GET /stylesheets/style.css HTTP/1.1 304 23.210 MS - http://localhost:3000/
[Fri, 01 Apr 2016 19:15:32 GMT] ::1 GET /js/jquery.min.js HTTP/1.1 304 22.115 MS - http://localhost:3000/
[Fri, 01 Apr 2016 19:15:32 GMT] ::1 GET /js/materialize.min.js HTTP/1.1 304 1.590 MS - http://localhost:3000/
[Fri, 01 Apr 2016 19:15:33 GMT] ::1 GET /images/eh-logo.png HTTP/1.1 304 5.192 MS - http://localhost:3000/
[Fri, 01 Apr 2016 19:15:33 GMT] ::1 GET /images/background1.jpg HTTP/1.1 304 6.005 MS - http://localhost:3000/
[Fri, 01 Apr 2016 19:15:33 GMT] ::1 GET /images/background2.jpg HTTP/1.1 304 5.767 MS - http://localhost:3000/
[Fri, 01 Apr 2016 19:15:33 GMT] ::1 GET /images/background3.jpg HTTP/1.1 304 1.696 MS - http://localhost:3000/
[Fri, 01 Apr 2016 19:16:44 GMT] ::1 GET / HTTP/1.1 200 3523.176 MS - -
[Fri, 01 Apr 2016 19:16:45 GMT] ::1 GET /stylesheets/materialize.min.css HTTP/1.1 304 17.226 MS - http://localhost:3000/
[Fri, 01 Apr 2016 19:16:45 GMT] ::1 GET /stylesheets/style.css HTTP/1.1 304 19.468 MS - http://localhost:3000/
[Fri, 01 Apr 2016 19:16:45 GMT] ::1 GET /js/jquery.min.js HTTP/1.1 304 17.290 MS - http://localhost:3000/
[Fri, 01 Apr 2016 19:16:45 GMT] ::1 GET /js/materialize.min.js HTTP/1.1 304 1.969 MS - http://localhost:3000/
[Fri, 01 Apr 2016 19:16:45 GMT] ::1 GET /images/background2.jpg HTTP/1.1 304 1.647 MS - http://localhost:3000/
[Fri, 01 Apr 2016 19:16:45 GMT] ::1 GET /images/eh-logo.png HTTP/1.1 304 1.900 MS - http://localhost:3000/
[Fri, 01 Apr 2016 19:16:45 GMT] ::1 GET /images/background1.jpg HTTP/1.1 304 3.684 MS - http://localhost:3000/
[Fri, 01 Apr 2016 19:16:45 GMT] ::1 GET /images/background3.jpg HTTP/1.1 304 3.032 MS - http://localhost:3000/
[Fri, 01 Apr 2016 19:19:48 GMT] ::1 GET / HTTP/1.1 200 3420.014 MS - -
[Fri, 01 Apr 2016 19:19:49 GMT] ::1 GET /stylesheets/materialize.min.css HTTP/1.1 304 27.176 MS - http://localhost:3000/
[Fri, 01 Apr 2016 19:19:49 GMT] ::1 GET /stylesheets/style.css HTTP/1.1 304 6.856 MS - http://localhost:3000/
[Fri, 01 Apr 2016 19:19:49 GMT] ::1 GET /js/jquery.min.js HTTP/1.1 304 3.660 MS - http://localhost:3000/
[Fri, 01 Apr 2016 19:19:49 GMT] ::1 GET /js/materialize.min.js HTTP/1.1 304 4.069 MS - http://localhost:3000/
[Fri, 01 Apr 2016 19:19:49 GMT] ::1 GET /images/eh-logo.png HTTP/1.1 304 5.838 MS - http://localhost:3000/
[Fri, 01 Apr 2016 19:19:49 GMT] ::1 GET /images/background1.jpg HTTP/1.1 304 5.418 MS - http://localhost:3000/
[Fri, 01 Apr 2016 19:19:49 GMT] ::1 GET /images/background2.jpg HTTP/1.1 304 4.842 MS - http://localhost:3000/
[Fri, 01 Apr 2016 19:19:49 GMT] ::1 GET /images/background3.jpg HTTP/1.1 304 1.750 MS - http://localhost:3000/
[Fri, 01 Apr 2016 19:31:46 GMT] ::1 GET / HTTP/1.1 304 3406.799 MS - -
[Fri, 01 Apr 2016 19:31:46 GMT] ::1 GET /stylesheets/materialize.min.css HTTP/1.1 304 16.689 MS - http://localhost:3000/
[Fri, 01 Apr 2016 19:31:46 GMT] ::1 GET /stylesheets/style.css HTTP/1.1 200 10.116 MS 611 http://localhost:3000/
[Fri, 01 Apr 2016 19:31:46 GMT] ::1 GET /js/jquery.min.js HTTP/1.1 304 6.211 MS - http://localhost:3000/
[Fri, 01 Apr 2016 19:31:46 GMT] ::1 GET /js/materialize.min.js HTTP/1.1 304 4.099 MS - http://localhost:3000/
[Fri, 01 Apr 2016 19:31:46 GMT] ::1 GET /images/eh-logo.png HTTP/1.1 304 7.096 MS - http://localhost:3000/
[Fri, 01 Apr 2016 19:31:46 GMT] ::1 GET /images/background1.jpg HTTP/1.1 304 7.628 MS - http://localhost:3000/
[Fri, 01 Apr 2016 19:31:46 GMT] ::1 GET /images/background2.jpg HTTP/1.1 304 9.623 MS - http://localhost:3000/
[Fri, 01 Apr 2016 19:31:46 GMT] ::1 GET /images/background3.jpg HTTP/1.1 304 10.126 MS - http://localhost:3000/
[Fri, 01 Apr 2016 19:32:20 GMT] ::1 GET /sass.html HTTP/1.1 404 1105.347 MS - http://localhost:3000/
[Fri, 01 Apr 2016 19:32:20 GMT] ::1 GET /stylesheets/materialize.min.css HTTP/1.1 304 2.366 MS - http://localhost:3000/sass.html
[Fri, 01 Apr 2016 19:32:20 GMT] ::1 GET /stylesheets/style.css HTTP/1.1 304 4.232 MS - http://localhost:3000/sass.html
[Fri, 01 Apr 2016 19:32:20 GMT] ::1 GET /js/jquery.min.js HTTP/1.1 304 4.909 MS - http://localhost:3000/sass.html
[Fri, 01 Apr 2016 19:32:20 GMT] ::1 GET /js/materialize.min.js HTTP/1.1 304 4.584 MS - http://localhost:3000/sass.html
[Fri, 01 Apr 2016 19:32:20 GMT] ::1 GET /images/eh-logo.png HTTP/1.1 304 4.032 MS - http://localhost:3000/sass.html
[Fri, 01 Apr 2016 19:41:24 GMT] ::1 GET / HTTP/1.1 200 3740.191 MS - http://localhost:3000/sass.html
[Fri, 01 Apr 2016 19:41:24 GMT] ::1 GET /stylesheets/materialize.min.css HTTP/1.1 304 16.008 MS - http://localhost:3000/
[Fri, 01 Apr 2016 19:41:24 GMT] ::1 GET /js/jquery.min.js HTTP/1.1 304 14.387 MS - http://localhost:3000/
[Fri, 01 Apr 2016 19:41:24 GMT] ::1 GET /js/materialize.min.js HTTP/1.1 304 13.676 MS - http://localhost:3000/
[Fri, 01 Apr 2016 19:41:24 GMT] ::1 GET /images/eh-logo.png HTTP/1.1 304 6.450 MS - http://localhost:3000/
[Fri, 01 Apr 2016 19:41:24 GMT] ::1 GET /images/background1.jpg HTTP/1.1 304 7.438 MS - http://localhost:3000/
[Fri, 01 Apr 2016 19:41:24 GMT] ::1 GET /images/background2.jpg HTTP/1.1 304 7.124 MS - http://localhost:3000/
[Fri, 01 Apr 2016 19:41:24 GMT] ::1 GET /images/background3.jpg HTTP/1.1 304 2.709 MS - http://localhost:3000/
[Fri, 01 Apr 2016 19:41:24 GMT] ::1 GET /stylesheets/style.css HTTP/1.1 304 2.666 MS - http://localhost:3000/
[Fri, 01 Apr 2016 22:42:03 GMT] ::1 GET / HTTP/1.1 200 11128.207 ms - -
[Fri, 01 Apr 2016 22:42:03 GMT] ::1 GET /stylesheets/materialize.min.css HTTP/1.1 304 22.180 ms - http://localhost:3000/
[Fri, 01 Apr 2016 22:42:03 GMT] ::1 GET /js/jquery.min.js HTTP/1.1 304 9.346 ms - http://localhost:3000/
[Fri, 01 Apr 2016 22:42:03 GMT] ::1 GET /js/materialize.min.js HTTP/1.1 304 4.219 ms - http://localhost:3000/
[Fri, 01 Apr 2016 22:42:03 GMT] ::1 GET /images/eh-logo.png HTTP/1.1 304 6.552 ms - http://localhost:3000/
[Fri, 01 Apr 2016 22:42:03 GMT] ::1 GET /images/background1.jpg HTTP/1.1 304 6.130 ms - http://localhost:3000/
[Fri, 01 Apr 2016 22:42:03 GMT] ::1 GET /images/background2.jpg HTTP/1.1 304 5.944 ms - http://localhost:3000/
[Fri, 01 Apr 2016 22:42:03 GMT] ::1 GET /images/background3.jpg HTTP/1.1 304 7.404 ms - http://localhost:3000/
[Fri, 01 Apr 2016 22:42:03 GMT] ::1 GET /stylesheets/style.css HTTP/1.1 304 3.525 ms - http://localhost:3000/
[Fri, 01 Apr 2016 22:42:04 GMT] ::1 GET /font/roboto/Roboto-Regular.woff2 HTTP/1.1 304 7.769 ms - http://localhost:3000/stylesheets/materialize.min.css
[Fri, 01 Apr 2016 22:42:04 GMT] ::1 GET /font/roboto/Roboto-Light.woff2 HTTP/1.1 304 6.286 ms - http://localhost:3000/stylesheets/materialize.min.css
[Fri, 01 Apr 2016 22:42:04 GMT] ::1 GET /font/material-design-icons/Material-Design-Icons.woff2 HTTP/1.1 304 3.322 ms - http://localhost:3000/stylesheets/materialize.min.css
