[Tue, 12 Apr 2016 19:26:45 GMT] ::1 GET / HTTP/1.1 304 14294.675 ms - -
[Tue, 12 Apr 2016 19:26:45 GMT] ::1 GET /stylesheets/materialize.css HTTP/1.1 304 12.818 ms - http://localhost:3000/
[Tue, 12 Apr 2016 19:26:45 GMT] ::1 GET /stylesheets/style.css HTTP/1.1 304 8.715 ms - http://localhost:3000/
[Tue, 12 Apr 2016 19:26:46 GMT] ::1 GET /images/eh-logo.png HTTP/1.1 304 6.714 ms - http://localhost:3000/
[Tue, 12 Apr 2016 19:26:46 GMT] ::1 GET /images/eh-logo-mob.png HTTP/1.1 304 6.794 ms - http://localhost:3000/
[Tue, 12 Apr 2016 19:26:46 GMT] ::1 GET /images/background1.jpg HTTP/1.1 304 26.801 ms - http://localhost:3000/
[Tue, 12 Apr 2016 19:26:46 GMT] ::1 GET /images/background5.jpg HTTP/1.1 304 10.590 ms - http://localhost:3000/
[Tue, 12 Apr 2016 19:26:46 GMT] ::1 GET /images/background2.jpg HTTP/1.1 304 8.039 ms - http://localhost:3000/
[Tue, 12 Apr 2016 19:26:46 GMT] ::1 GET /images/ticker_tagline.png HTTP/1.1 304 10.894 ms - http://localhost:3000/
[Tue, 12 Apr 2016 19:26:46 GMT] ::1 GET /js/jquery.min.js HTTP/1.1 304 33.730 ms - http://localhost:3000/
[Tue, 12 Apr 2016 19:26:46 GMT] ::1 GET /js/materialize.min.js HTTP/1.1 304 31.034 ms - http://localhost:3000/
[Tue, 12 Apr 2016 19:26:46 GMT] ::1 GET /js/picker.time.js HTTP/1.1 304 2.986 ms - http://localhost:3000/
[Tue, 12 Apr 2016 19:26:46 GMT] ::1 GET /js/init.js HTTP/1.1 304 2.942 ms - http://localhost:3000/
[Tue, 12 Apr 2016 19:26:46 GMT] ::1 GET /font/roboto/Roboto-Regular.woff2 HTTP/1.1 304 18.201 ms - http://localhost:3000/stylesheets/materialize.css
[Tue, 12 Apr 2016 19:26:46 GMT] ::1 GET /font/roboto/Roboto-Light.woff2 HTTP/1.1 304 15.738 ms - http://localhost:3000/stylesheets/materialize.css
[Tue, 12 Apr 2016 19:26:46 GMT] ::1 GET /font/material-design-icons/Material-Design-Icons.woff2 HTTP/1.1 304 12.245 ms - http://localhost:3000/stylesheets/materialize.css
[Tue, 12 Apr 2016 19:27:04 GMT] ::1 GET /event HTTP/1.1 500 1828.675 ms - -
[Tue, 12 Apr 2016 19:30:40 GMT] ::1 GET /event HTTP/1.1 500 2760.371 ms - -
[Tue, 12 Apr 2016 19:31:32 GMT] ::1 GET /event HTTP/1.1 500 2440.125 ms - -
[Tue, 12 Apr 2016 19:38:31 GMT] ::1 GET /event/view/all HTTP/1.1 500 1656.261 ms - -
[Tue, 12 Apr 2016 19:38:31 GMT] ::1 GET /stylesheets/materialize.css HTTP/1.1 304 14.267 ms - http://localhost:3000/event/view/all
[Tue, 12 Apr 2016 19:38:31 GMT] ::1 GET /stylesheets/style.css HTTP/1.1 304 14.804 ms - http://localhost:3000/event/view/all
[Tue, 12 Apr 2016 19:38:31 GMT] ::1 GET /images/eh-logo.png HTTP/1.1 304 10.972 ms - http://localhost:3000/event/view/all
[Tue, 12 Apr 2016 19:38:31 GMT] ::1 GET /images/eh-logo-mob.png HTTP/1.1 304 8.804 ms - http://localhost:3000/event/view/all
[Tue, 12 Apr 2016 19:38:31 GMT] ::1 GET /images/ticker_tagline.png HTTP/1.1 304 7.635 ms - http://localhost:3000/event/view/all
[Tue, 12 Apr 2016 19:45:44 GMT] ::1 GET /event/view/all HTTP/1.1 500 3710.037 ms - -
[Tue, 12 Apr 2016 19:46:26 GMT] ::1 GET /event/view/all HTTP/1.1 500 3212.149 ms - -
[Tue, 12 Apr 2016 19:46:33 GMT] ::1 GET /event/view/all HTTP/1.1 500 1924.053 ms - -
[Tue, 12 Apr 2016 19:46:38 GMT] ::1 GET / HTTP/1.1 200 1076.467 ms - -
[Tue, 12 Apr 2016 19:46:38 GMT] ::1 GET /stylesheets/materialize.css HTTP/1.1 304 20.163 ms - http://localhost:3000/
[Tue, 12 Apr 2016 19:46:38 GMT] ::1 GET /stylesheets/style.css HTTP/1.1 304 16.981 ms - http://localhost:3000/
[Tue, 12 Apr 2016 19:46:38 GMT] ::1 GET /js/jquery.min.js HTTP/1.1 304 15.288 ms - http://localhost:3000/
[Tue, 12 Apr 2016 19:46:38 GMT] ::1 GET /js/materialize.min.js HTTP/1.1 304 13.821 ms - http://localhost:3000/
[Tue, 12 Apr 2016 19:46:38 GMT] ::1 GET /js/init.js HTTP/1.1 304 17.139 ms - http://localhost:3000/
[Tue, 12 Apr 2016 19:46:38 GMT] ::1 GET /images/eh-logo.png HTTP/1.1 304 4.954 ms - http://localhost:3000/
[Tue, 12 Apr 2016 19:46:38 GMT] ::1 GET /images/eh-logo-mob.png HTTP/1.1 304 4.419 ms - http://localhost:3000/
[Tue, 12 Apr 2016 19:46:38 GMT] ::1 GET /images/background1.jpg HTTP/1.1 304 10.585 ms - http://localhost:3000/
[Tue, 12 Apr 2016 19:46:38 GMT] ::1 GET /images/background5.jpg HTTP/1.1 304 10.353 ms - http://localhost:3000/
[Tue, 12 Apr 2016 19:46:38 GMT] ::1 GET /images/background2.jpg HTTP/1.1 304 8.949 ms - http://localhost:3000/
[Tue, 12 Apr 2016 19:46:38 GMT] ::1 GET /images/ticker_tagline.png HTTP/1.1 304 7.938 ms - http://localhost:3000/
[Tue, 12 Apr 2016 19:46:38 GMT] ::1 GET /js/init.js HTTP/1.1 304 2.678 ms - http://localhost:3000/
[Tue, 12 Apr 2016 19:49:38 GMT] ::1 GET / HTTP/1.1 200 2315.212 ms - -
[Tue, 12 Apr 2016 19:49:38 GMT] ::1 GET /stylesheets/materialize.css HTTP/1.1 304 21.183 ms - http://localhost:3000/
[Tue, 12 Apr 2016 19:49:38 GMT] ::1 GET /stylesheets/style.css HTTP/1.1 304 18.433 ms - http://localhost:3000/
[Tue, 12 Apr 2016 19:49:38 GMT] ::1 GET /js/jquery.min.js HTTP/1.1 304 12.361 ms - http://localhost:3000/
[Tue, 12 Apr 2016 19:49:38 GMT] ::1 GET /js/materialize.min.js HTTP/1.1 304 11.764 ms - http://localhost:3000/
[Tue, 12 Apr 2016 19:49:38 GMT] ::1 GET /js/init.js HTTP/1.1 304 16.799 ms - http://localhost:3000/
[Tue, 12 Apr 2016 19:49:38 GMT] ::1 GET /images/eh-logo.png HTTP/1.1 304 17.023 ms - http://localhost:3000/
[Tue, 12 Apr 2016 19:49:38 GMT] ::1 GET /images/eh-logo-mob.png HTTP/1.1 304 14.487 ms - http://localhost:3000/
[Tue, 12 Apr 2016 19:49:38 GMT] ::1 GET /images/background1.jpg HTTP/1.1 304 13.334 ms - http://localhost:3000/
[Tue, 12 Apr 2016 19:49:38 GMT] ::1 GET /images/background5.jpg HTTP/1.1 304 12.751 ms - http://localhost:3000/
[Tue, 12 Apr 2016 19:49:38 GMT] ::1 GET /images/background2.jpg HTTP/1.1 304 11.805 ms - http://localhost:3000/
[Tue, 12 Apr 2016 19:49:38 GMT] ::1 GET /images/ticker_tagline.png HTTP/1.1 304 13.766 ms - http://localhost:3000/
[Tue, 12 Apr 2016 19:50:31 GMT] ::1 GET / HTTP/1.1 304 1169.354 ms - -
[Tue, 12 Apr 2016 19:50:32 GMT] ::1 GET /stylesheets/materialize.css HTTP/1.1 304 20.487 ms - http://localhost:3000/
[Tue, 12 Apr 2016 19:50:32 GMT] ::1 GET /stylesheets/style.css HTTP/1.1 304 16.724 ms - http://localhost:3000/
[Tue, 12 Apr 2016 19:50:32 GMT] ::1 GET /js/jquery.min.js HTTP/1.1 304 13.472 ms - http://localhost:3000/
[Tue, 12 Apr 2016 19:50:32 GMT] ::1 GET /js/materialize.min.js HTTP/1.1 304 16.859 ms - http://localhost:3000/
[Tue, 12 Apr 2016 19:50:32 GMT] ::1 GET /js/init.js HTTP/1.1 304 12.134 ms - http://localhost:3000/
[Tue, 12 Apr 2016 19:50:32 GMT] ::1 GET /images/eh-logo.png HTTP/1.1 304 19.480 ms - http://localhost:3000/
[Tue, 12 Apr 2016 19:50:32 GMT] ::1 GET /images/eh-logo-mob.png HTTP/1.1 304 16.280 ms - http://localhost:3000/
[Tue, 12 Apr 2016 19:50:32 GMT] ::1 GET /images/background1.jpg HTTP/1.1 304 15.188 ms - http://localhost:3000/
[Tue, 12 Apr 2016 19:50:32 GMT] ::1 GET /images/background5.jpg HTTP/1.1 304 14.202 ms - http://localhost:3000/
[Tue, 12 Apr 2016 19:50:32 GMT] ::1 GET /images/background2.jpg HTTP/1.1 304 13.885 ms - http://localhost:3000/
[Tue, 12 Apr 2016 19:50:32 GMT] ::1 GET /images/ticker_tagline.png HTTP/1.1 304 15.520 ms - http://localhost:3000/
[Tue, 12 Apr 2016 19:52:34 GMT] ::1 GET / HTTP/1.1 304 2224.696 ms - -
[Tue, 12 Apr 2016 19:52:34 GMT] ::1 GET /stylesheets/materialize.css HTTP/1.1 304 31.063 ms - http://localhost:3000/
[Tue, 12 Apr 2016 19:52:34 GMT] ::1 GET /stylesheets/style.css HTTP/1.1 304 22.535 ms - http://localhost:3000/
[Tue, 12 Apr 2016 19:52:34 GMT] ::1 GET /js/jquery.min.js HTTP/1.1 304 26.672 ms - http://localhost:3000/
[Tue, 12 Apr 2016 19:52:34 GMT] ::1 GET /js/materialize.min.js HTTP/1.1 304 25.589 ms - http://localhost:3000/
[Tue, 12 Apr 2016 19:52:35 GMT] ::1 GET /js/init.js HTTP/1.1 200 28.404 ms 1040 http://localhost:3000/
[Tue, 12 Apr 2016 19:52:35 GMT] ::1 GET /images/eh-logo.png HTTP/1.1 304 16.004 ms - http://localhost:3000/
[Tue, 12 Apr 2016 19:52:35 GMT] ::1 GET /images/eh-logo-mob.png HTTP/1.1 304 14.543 ms - http://localhost:3000/
[Tue, 12 Apr 2016 19:52:35 GMT] ::1 GET /images/background1.jpg HTTP/1.1 304 14.061 ms - http://localhost:3000/
[Tue, 12 Apr 2016 19:52:35 GMT] ::1 GET /images/background5.jpg HTTP/1.1 304 13.237 ms - http://localhost:3000/
[Tue, 12 Apr 2016 19:52:35 GMT] ::1 GET /images/background2.jpg HTTP/1.1 304 12.288 ms - http://localhost:3000/
[Tue, 12 Apr 2016 19:52:35 GMT] ::1 GET /images/ticker_tagline.png HTTP/1.1 304 14.779 ms - http://localhost:3000/
[Tue, 12 Apr 2016 19:52:57 GMT] ::1 GET /event/view/all HTTP/1.1 500 2037.184 ms - -
[Tue, 12 Apr 2016 19:54:05 GMT] ::1 GET /event/create HTTP/1.1 200 1547.208 ms - -
[Tue, 12 Apr 2016 19:54:05 GMT] ::1 GET /stylesheets/materialize.css HTTP/1.1 304 17.183 ms - http://localhost:3000/event/create
[Tue, 12 Apr 2016 19:54:05 GMT] ::1 GET /stylesheets/style.css HTTP/1.1 304 12.004 ms - http://localhost:3000/event/create
[Tue, 12 Apr 2016 19:54:05 GMT] ::1 GET /js/jquery.min.js HTTP/1.1 304 17.707 ms - http://localhost:3000/event/create
[Tue, 12 Apr 2016 19:54:05 GMT] ::1 GET /js/materialize.min.js HTTP/1.1 304 16.235 ms - http://localhost:3000/event/create
[Tue, 12 Apr 2016 19:54:05 GMT] ::1 GET /js/init.js HTTP/1.1 304 12.987 ms - http://localhost:3000/event/create
[Tue, 12 Apr 2016 19:54:05 GMT] ::1 GET /js/picker.time.js HTTP/1.1 304 13.673 ms - http://localhost:3000/event/create
[Tue, 12 Apr 2016 19:54:05 GMT] ::1 GET /images/eh-logo.png HTTP/1.1 304 13.525 ms - http://localhost:3000/event/create
[Tue, 12 Apr 2016 19:54:05 GMT] ::1 GET /images/eh-logo-mob.png HTTP/1.1 304 10.855 ms - http://localhost:3000/event/create
[Tue, 12 Apr 2016 19:54:05 GMT] ::1 GET /images/ticker_tagline.png HTTP/1.1 304 6.227 ms - http://localhost:3000/event/create
[Tue, 12 Apr 2016 19:54:06 GMT] ::1 GET /js/initMaps.js HTTP/1.1 200 5.448 ms 2574 http://localhost:3000/event/create
[Tue, 12 Apr 2016 19:54:06 GMT] ::1 GET /js/gmaps.js HTTP/1.1 304 17.846 ms - http://localhost:3000/event/create
[Tue, 12 Apr 2016 19:54:06 GMT] ::1 GET /font/roboto/Roboto-Regular.woff2 HTTP/1.1 304 4.122 ms - http://localhost:3000/stylesheets/materialize.css
[Tue, 12 Apr 2016 19:54:07 GMT] ::1 GET /font/roboto/Roboto-Light.woff2 HTTP/1.1 304 2.636 ms - http://localhost:3000/stylesheets/materialize.css
[Tue, 12 Apr 2016 19:54:07 GMT] ::1 GET /font/roboto/Roboto-Thin.woff2 HTTP/1.1 304 29.571 ms - http://localhost:3000/stylesheets/materialize.css
[Tue, 12 Apr 2016 19:54:07 GMT] ::1 GET /font/roboto/Roboto-Medium.woff2 HTTP/1.1 304 16.710 ms - http://localhost:3000/stylesheets/materialize.css
[Tue, 12 Apr 2016 19:54:07 GMT] ::1 GET /font/roboto/Roboto-Bold.woff2 HTTP/1.1 304 3.516 ms - http://localhost:3000/stylesheets/materialize.css
[Tue, 12 Apr 2016 20:11:43 GMT] ::1 GET /event/view/all HTTP/1.1 500 3333.159 ms - -
[Tue, 12 Apr 2016 20:15:29 GMT] ::1 GET /event/view/all HTTP/1.1 500 3168.853 ms - -
[Tue, 12 Apr 2016 20:18:26 GMT] ::1 GET /event/view/all HTTP/1.1 500 3359.595 ms - -
[Tue, 12 Apr 2016 20:21:29 GMT] ::1 GET /event/create HTTP/1.1 304 2719.178 ms - -
[Tue, 12 Apr 2016 20:21:29 GMT] ::1 GET /stylesheets/materialize.css HTTP/1.1 304 22.556 ms - http://localhost:3000/event/create
[Tue, 12 Apr 2016 20:21:29 GMT] ::1 GET /stylesheets/style.css HTTP/1.1 304 26.615 ms - http://localhost:3000/event/create
[Tue, 12 Apr 2016 20:21:29 GMT] ::1 GET /js/picker.time.js HTTP/1.1 304 16.299 ms - http://localhost:3000/event/create
[Tue, 12 Apr 2016 20:21:29 GMT] ::1 GET /js/init.js HTTP/1.1 304 15.517 ms - http://localhost:3000/event/create
[Tue, 12 Apr 2016 20:21:29 GMT] ::1 GET /js/materialize.min.js HTTP/1.1 304 14.105 ms - http://localhost:3000/event/create
[Tue, 12 Apr 2016 20:21:29 GMT] ::1 GET /js/jquery.min.js HTTP/1.1 304 13.088 ms - http://localhost:3000/event/create
[Tue, 12 Apr 2016 20:21:29 GMT] ::1 GET /images/eh-logo.png HTTP/1.1 304 3.285 ms - http://localhost:3000/event/create
[Tue, 12 Apr 2016 20:21:29 GMT] ::1 GET /images/eh-logo-mob.png HTTP/1.1 304 5.855 ms - http://localhost:3000/event/create
[Tue, 12 Apr 2016 20:21:29 GMT] ::1 GET /images/ticker_tagline.png HTTP/1.1 304 4.367 ms - http://localhost:3000/event/create
[Tue, 12 Apr 2016 20:21:29 GMT] ::1 GET /js/gmaps.js HTTP/1.1 304 4.650 ms - http://localhost:3000/event/create
[Tue, 12 Apr 2016 20:21:29 GMT] ::1 GET /js/initMaps.js HTTP/1.1 304 4.026 ms - http://localhost:3000/event/create
[Tue, 12 Apr 2016 20:21:29 GMT] ::1 GET /font/roboto/Roboto-Regular.woff2 HTTP/1.1 304 3.399 ms - http://localhost:3000/stylesheets/materialize.css
[Tue, 12 Apr 2016 20:21:30 GMT] ::1 GET /font/roboto/Roboto-Light.woff2 HTTP/1.1 304 3.157 ms - http://localhost:3000/stylesheets/materialize.css
[Tue, 12 Apr 2016 20:21:30 GMT] ::1 GET /font/roboto/Roboto-Thin.woff2 HTTP/1.1 304 7.946 ms - http://localhost:3000/stylesheets/materialize.css
[Tue, 12 Apr 2016 20:21:30 GMT] ::1 GET /font/roboto/Roboto-Medium.woff2 HTTP/1.1 304 4.780 ms - http://localhost:3000/stylesheets/materialize.css
[Tue, 12 Apr 2016 20:21:30 GMT] ::1 GET /font/roboto/Roboto-Bold.woff2 HTTP/1.1 304 3.375 ms - http://localhost:3000/stylesheets/materialize.css
[Tue, 12 Apr 2016 20:22:33 GMT] ::1 GET /event/view/all HTTP/1.1 500 3263.352 ms - -
[Tue, 12 Apr 2016 20:27:25 GMT] ::1 GET /event/view/all HTTP/1.1 500 3376.304 ms - -
[Tue, 12 Apr 2016 20:27:34 GMT] ::1 GET /event/create HTTP/1.1 304 1400.670 ms - -
[Tue, 12 Apr 2016 20:27:34 GMT] ::1 GET /stylesheets/materialize.css HTTP/1.1 304 15.116 ms - http://localhost:3000/event/create
[Tue, 12 Apr 2016 20:27:34 GMT] ::1 GET /stylesheets/style.css HTTP/1.1 304 23.892 ms - http://localhost:3000/event/create
[Tue, 12 Apr 2016 20:27:34 GMT] ::1 GET /js/jquery.min.js HTTP/1.1 304 12.626 ms - http://localhost:3000/event/create
[Tue, 12 Apr 2016 20:27:34 GMT] ::1 GET /js/materialize.min.js HTTP/1.1 304 20.661 ms - http://localhost:3000/event/create
[Tue, 12 Apr 2016 20:27:34 GMT] ::1 GET /js/picker.time.js HTTP/1.1 304 15.604 ms - http://localhost:3000/event/create
[Tue, 12 Apr 2016 20:27:34 GMT] ::1 GET /js/init.js HTTP/1.1 304 9.710 ms - http://localhost:3000/event/create
[Tue, 12 Apr 2016 20:27:34 GMT] ::1 GET /js/gmaps.js HTTP/1.1 304 14.380 ms - http://localhost:3000/event/create
[Tue, 12 Apr 2016 20:27:34 GMT] ::1 GET /js/initMaps.js HTTP/1.1 304 10.066 ms - http://localhost:3000/event/create
[Tue, 12 Apr 2016 20:27:34 GMT] ::1 GET /images/eh-logo.png HTTP/1.1 304 9.152 ms - http://localhost:3000/event/create
[Tue, 12 Apr 2016 20:27:34 GMT] ::1 GET /images/eh-logo-mob.png HTTP/1.1 304 4.734 ms - http://localhost:3000/event/create
[Tue, 12 Apr 2016 20:27:34 GMT] ::1 GET /images/ticker_tagline.png HTTP/1.1 304 4.669 ms - http://localhost:3000/event/create
[Tue, 12 Apr 2016 20:27:35 GMT] ::1 GET /font/roboto/Roboto-Regular.woff2 HTTP/1.1 304 2.770 ms - http://localhost:3000/stylesheets/materialize.css
[Tue, 12 Apr 2016 20:27:36 GMT] ::1 GET /font/roboto/Roboto-Thin.woff2 HTTP/1.1 304 8.393 ms - http://localhost:3000/stylesheets/materialize.css
[Tue, 12 Apr 2016 20:27:36 GMT] ::1 GET /font/roboto/Roboto-Light.woff2 HTTP/1.1 304 12.825 ms - http://localhost:3000/stylesheets/materialize.css
[Tue, 12 Apr 2016 20:27:36 GMT] ::1 GET /font/roboto/Roboto-Medium.woff2 HTTP/1.1 304 8.253 ms - http://localhost:3000/stylesheets/materialize.css
[Tue, 12 Apr 2016 20:27:36 GMT] ::1 GET /font/roboto/Roboto-Bold.woff2 HTTP/1.1 304 7.801 ms - http://localhost:3000/stylesheets/materialize.css
[Tue, 12 Apr 2016 20:27:43 GMT] ::1 GET / HTTP/1.1 304 1055.047 ms - http://localhost:3000/event/create
[Tue, 12 Apr 2016 20:27:44 GMT] ::1 GET /stylesheets/materialize.css HTTP/1.1 304 5.594 ms - http://localhost:3000/
[Tue, 12 Apr 2016 20:27:44 GMT] ::1 GET /stylesheets/style.css HTTP/1.1 304 9.037 ms - http://localhost:3000/
[Tue, 12 Apr 2016 20:27:44 GMT] ::1 GET /js/jquery.min.js HTTP/1.1 304 4.983 ms - http://localhost:3000/
[Tue, 12 Apr 2016 20:27:44 GMT] ::1 GET /js/materialize.min.js HTTP/1.1 304 6.737 ms - http://localhost:3000/
[Tue, 12 Apr 2016 20:27:44 GMT] ::1 GET /js/init.js HTTP/1.1 304 7.231 ms - http://localhost:3000/
[Tue, 12 Apr 2016 20:27:44 GMT] ::1 GET /images/eh-logo.png HTTP/1.1 304 15.913 ms - http://localhost:3000/
[Tue, 12 Apr 2016 20:27:44 GMT] ::1 GET /images/eh-logo-mob.png HTTP/1.1 304 13.624 ms - http://localhost:3000/
[Tue, 12 Apr 2016 20:27:44 GMT] ::1 GET /images/background1.jpg HTTP/1.1 304 12.436 ms - http://localhost:3000/
[Tue, 12 Apr 2016 20:27:44 GMT] ::1 GET /images/background5.jpg HTTP/1.1 304 11.053 ms - http://localhost:3000/
[Tue, 12 Apr 2016 20:27:44 GMT] ::1 GET /images/background2.jpg HTTP/1.1 304 13.414 ms - http://localhost:3000/
[Tue, 12 Apr 2016 20:27:44 GMT] ::1 GET /images/ticker_tagline.png HTTP/1.1 304 6.383 ms - http://localhost:3000/
[Tue, 12 Apr 2016 20:27:44 GMT] ::1 GET /font/material-design-icons/Material-Design-Icons.woff2 HTTP/1.1 304 3.214 ms - http://localhost:3000/stylesheets/materialize.css
[Tue, 12 Apr 2016 20:27:56 GMT] ::1 GET /event/create HTTP/1.1 304 1481.177 ms - http://localhost:3000/
[Tue, 12 Apr 2016 20:27:57 GMT] ::1 GET /stylesheets/materialize.css HTTP/1.1 304 18.172 ms - http://localhost:3000/event/create
[Tue, 12 Apr 2016 20:27:57 GMT] ::1 GET /stylesheets/style.css HTTP/1.1 304 13.529 ms - http://localhost:3000/event/create
[Tue, 12 Apr 2016 20:27:57 GMT] ::1 GET /js/jquery.min.js HTTP/1.1 304 11.973 ms - http://localhost:3000/event/create
[Tue, 12 Apr 2016 20:27:57 GMT] ::1 GET /js/materialize.min.js HTTP/1.1 304 22.209 ms - http://localhost:3000/event/create
[Tue, 12 Apr 2016 20:27:57 GMT] ::1 GET /js/init.js HTTP/1.1 304 18.321 ms - http://localhost:3000/event/create
[Tue, 12 Apr 2016 20:27:57 GMT] ::1 GET /js/picker.time.js HTTP/1.1 304 17.800 ms - http://localhost:3000/event/create
[Tue, 12 Apr 2016 20:27:57 GMT] ::1 GET /js/gmaps.js HTTP/1.1 304 8.472 ms - http://localhost:3000/event/create
[Tue, 12 Apr 2016 20:27:57 GMT] ::1 GET /js/initMaps.js HTTP/1.1 304 13.371 ms - http://localhost:3000/event/create
[Tue, 12 Apr 2016 20:27:57 GMT] ::1 GET /images/eh-logo.png HTTP/1.1 304 12.457 ms - http://localhost:3000/event/create
[Tue, 12 Apr 2016 20:27:57 GMT] ::1 GET /images/eh-logo-mob.png HTTP/1.1 304 8.357 ms - http://localhost:3000/event/create
[Tue, 12 Apr 2016 20:27:57 GMT] ::1 GET /images/ticker_tagline.png HTTP/1.1 304 7.175 ms - http://localhost:3000/event/create
[Tue, 12 Apr 2016 20:30:22 GMT] ::1 GET / HTTP/1.1 200 2201.590 ms - http://localhost:3000/event/create
[Tue, 12 Apr 2016 20:30:22 GMT] ::1 GET /stylesheets/materialize.css HTTP/1.1 304 24.627 ms - http://localhost:3000/
[Tue, 12 Apr 2016 20:30:22 GMT] ::1 GET /stylesheets/style.css HTTP/1.1 304 19.903 ms - http://localhost:3000/
[Tue, 12 Apr 2016 20:30:22 GMT] ::1 GET /js/jquery.min.js HTTP/1.1 304 19.176 ms - http://localhost:3000/
[Tue, 12 Apr 2016 20:30:22 GMT] ::1 GET /js/materialize.min.js HTTP/1.1 304 17.948 ms - http://localhost:3000/
[Tue, 12 Apr 2016 20:30:22 GMT] ::1 GET /js/init.js HTTP/1.1 304 10.209 ms - http://localhost:3000/
[Tue, 12 Apr 2016 20:30:22 GMT] ::1 GET /images/eh-logo.png HTTP/1.1 304 16.675 ms - http://localhost:3000/
[Tue, 12 Apr 2016 20:30:22 GMT] ::1 GET /images/eh-logo-mob.png HTTP/1.1 304 15.570 ms - http://localhost:3000/
[Tue, 12 Apr 2016 20:30:22 GMT] ::1 GET /images/background1.jpg HTTP/1.1 304 14.938 ms - http://localhost:3000/
[Tue, 12 Apr 2016 20:30:22 GMT] ::1 GET /images/background5.jpg HTTP/1.1 304 13.995 ms - http://localhost:3000/
[Tue, 12 Apr 2016 20:30:22 GMT] ::1 GET /images/background2.jpg HTTP/1.1 304 17.621 ms - http://localhost:3000/
[Tue, 12 Apr 2016 20:30:22 GMT] ::1 GET /images/ticker_tagline.png HTTP/1.1 304 8.361 ms - http://localhost:3000/
[Tue, 12 Apr 2016 20:30:23 GMT] ::1 GET /font/material-design-icons/Material-Design-Icons.woff2 HTTP/1.1 304 2.854 ms - http://localhost:3000/stylesheets/materialize.css
[Tue, 12 Apr 2016 20:35:27 GMT] ::1 GET /event/view/all HTTP/1.1 500 3303.431 ms - http://localhost:3000/
[Tue, 12 Apr 2016 20:36:34 GMT] ::1 GET /event/view/all HTTP/1.1 404 2660.954 ms - http://localhost:3000/
[Tue, 12 Apr 2016 20:36:34 GMT] ::1 GET /stylesheets/materialize.css HTTP/1.1 304 25.393 ms - http://localhost:3000/event/view/all
[Tue, 12 Apr 2016 20:36:34 GMT] ::1 GET /stylesheets/style.css HTTP/1.1 304 17.348 ms - http://localhost:3000/event/view/all
[Tue, 12 Apr 2016 20:36:34 GMT] ::1 GET /js/jquery.min.js HTTP/1.1 304 15.348 ms - http://localhost:3000/event/view/all
[Tue, 12 Apr 2016 20:36:34 GMT] ::1 GET /js/materialize.min.js HTTP/1.1 304 14.113 ms - http://localhost:3000/event/view/all
[Tue, 12 Apr 2016 20:36:34 GMT] ::1 GET /images/eh-logo.png HTTP/1.1 304 8.424 ms - http://localhost:3000/event/view/all
[Tue, 12 Apr 2016 20:36:34 GMT] ::1 GET /images/eh-logo-mob.png HTTP/1.1 304 6.509 ms - http://localhost:3000/event/view/all
[Tue, 12 Apr 2016 20:36:34 GMT] ::1 GET /images/ticker_tagline.png HTTP/1.1 304 7.433 ms - http://localhost:3000/event/view/all
[Tue, 12 Apr 2016 20:36:34 GMT] ::1 GET /font/roboto/Roboto-Regular.woff2 HTTP/1.1 304 4.164 ms - http://localhost:3000/stylesheets/materialize.css
[Tue, 12 Apr 2016 20:39:06 GMT] ::1 GET /event/ HTTP/1.1 404 2654.169 ms - -
[Tue, 12 Apr 2016 20:39:06 GMT] ::1 GET /stylesheets/materialize.css HTTP/1.1 304 24.200 ms - http://localhost:3000/event/
[Tue, 12 Apr 2016 20:39:06 GMT] ::1 GET /stylesheets/style.css HTTP/1.1 304 21.045 ms - http://localhost:3000/event/
[Tue, 12 Apr 2016 20:39:06 GMT] ::1 GET /js/jquery.min.js HTTP/1.1 304 19.073 ms - http://localhost:3000/event/
[Tue, 12 Apr 2016 20:39:06 GMT] ::1 GET /js/materialize.min.js HTTP/1.1 304 10.186 ms - http://localhost:3000/event/
[Tue, 12 Apr 2016 20:39:06 GMT] ::1 GET /images/eh-logo.png HTTP/1.1 304 10.329 ms - http://localhost:3000/event/
[Tue, 12 Apr 2016 20:39:06 GMT] ::1 GET /images/eh-logo-mob.png HTTP/1.1 304 9.452 ms - http://localhost:3000/event/
[Tue, 12 Apr 2016 20:39:06 GMT] ::1 GET /images/ticker_tagline.png HTTP/1.1 304 11.071 ms - http://localhost:3000/event/
[Tue, 12 Apr 2016 20:40:46 GMT] ::1 GET /event/ HTTP/1.1 404 2788.826 ms - -
[Tue, 12 Apr 2016 20:40:47 GMT] ::1 GET /stylesheets/materialize.css HTTP/1.1 304 23.244 ms - http://localhost:3000/event/
[Tue, 12 Apr 2016 20:40:47 GMT] ::1 GET /stylesheets/style.css HTTP/1.1 304 15.584 ms - http://localhost:3000/event/
[Tue, 12 Apr 2016 20:40:47 GMT] ::1 GET /js/jquery.min.js HTTP/1.1 304 21.985 ms - http://localhost:3000/event/
[Tue, 12 Apr 2016 20:40:47 GMT] ::1 GET /js/materialize.min.js HTTP/1.1 304 21.046 ms - http://localhost:3000/event/
[Tue, 12 Apr 2016 20:40:47 GMT] ::1 GET /images/eh-logo.png HTTP/1.1 304 14.184 ms - http://localhost:3000/event/
[Tue, 12 Apr 2016 20:40:47 GMT] ::1 GET /images/eh-logo-mob.png HTTP/1.1 304 13.323 ms - http://localhost:3000/event/
[Tue, 12 Apr 2016 20:40:47 GMT] ::1 GET /images/ticker_tagline.png HTTP/1.1 304 12.420 ms - http://localhost:3000/event/
[Tue, 12 Apr 2016 20:42:31 GMT] ::1 GET /event/ HTTP/1.1 404 2678.449 ms - -
[Tue, 12 Apr 2016 20:42:31 GMT] ::1 GET /stylesheets/materialize.css HTTP/1.1 304 24.671 ms - http://localhost:3000/event/
[Tue, 12 Apr 2016 20:42:31 GMT] ::1 GET /stylesheets/style.css HTTP/1.1 304 18.984 ms - http://localhost:3000/event/
[Tue, 12 Apr 2016 20:42:31 GMT] ::1 GET /js/jquery.min.js HTTP/1.1 304 16.787 ms - http://localhost:3000/event/
[Tue, 12 Apr 2016 20:42:31 GMT] ::1 GET /js/materialize.min.js HTTP/1.1 304 8.110 ms - http://localhost:3000/event/
[Tue, 12 Apr 2016 20:42:31 GMT] ::1 GET /images/eh-logo.png HTTP/1.1 304 11.276 ms - http://localhost:3000/event/
[Tue, 12 Apr 2016 20:42:31 GMT] ::1 GET /images/eh-logo-mob.png HTTP/1.1 304 10.338 ms - http://localhost:3000/event/
[Tue, 12 Apr 2016 20:42:31 GMT] ::1 GET /images/ticker_tagline.png HTTP/1.1 304 9.401 ms - http://localhost:3000/event/
