[Fri, 08 Apr 2016 08:12:40 GMT] ::1 GET /event/ HTTP/1.1 500 12561.279 ms - -
[Fri, 08 Apr 2016 08:13:24 GMT] ::1 GET /event/ HTTP/1.1 500 3795.193 ms - -
[Fri, 08 Apr 2016 08:16:18 GMT] ::1 GET /event/ HTTP/1.1 500 3934.100 ms - -
[Fri, 08 Apr 2016 08:17:16 GMT] ::1 GET /event/ HTTP/1.1 500 3682.025 ms - -
[Fri, 08 Apr 2016 08:17:35 GMT] ::1 GET / HTTP/1.1 200 1632.717 ms - -
[Fri, 08 Apr 2016 08:17:35 GMT] ::1 GET /stylesheets/materialize.css HTTP/1.1 304 18.970 ms - http://localhost:3000/
[Fri, 08 Apr 2016 08:17:35 GMT] ::1 GET /stylesheets/style.css HTTP/1.1 304 33.010 ms - http://localhost:3000/
[Fri, 08 Apr 2016 08:17:35 GMT] ::1 GET /images/eh-logo.png HTTP/1.1 304 30.431 ms - http://localhost:3000/
[Fri, 08 Apr 2016 08:17:35 GMT] ::1 GET /images/eh-logo-mob.png HTTP/1.1 304 24.706 ms - http://localhost:3000/
[Fri, 08 Apr 2016 08:17:35 GMT] ::1 GET /images/background1.jpg HTTP/1.1 304 37.004 ms - http://localhost:3000/
[Fri, 08 Apr 2016 08:17:35 GMT] ::1 GET /images/background5.jpg HTTP/1.1 304 36.613 ms - http://localhost:3000/
[Fri, 08 Apr 2016 08:17:35 GMT] ::1 GET /images/background2.jpg HTTP/1.1 304 22.757 ms - http://localhost:3000/
[Fri, 08 Apr 2016 08:17:35 GMT] ::1 GET /js/jquery.min.js HTTP/1.1 304 43.685 ms - http://localhost:3000/
[Fri, 08 Apr 2016 08:17:35 GMT] ::1 GET /js/materialize.min.js HTTP/1.1 304 42.391 ms - http://localhost:3000/
[Fri, 08 Apr 2016 08:17:35 GMT] ::1 GET /images/ticker_tagline.png HTTP/1.1 304 42.336 ms - http://localhost:3000/
[Fri, 08 Apr 2016 08:17:35 GMT] ::1 GET /js/picker.time.js HTTP/1.1 304 7.014 ms - http://localhost:3000/
[Fri, 08 Apr 2016 08:17:35 GMT] ::1 GET /font/roboto/Roboto-Thin.woff HTTP/1.1 304 10.759 ms - http://localhost:3000/
[Fri, 08 Apr 2016 08:17:35 GMT] ::1 GET /font/roboto/Roboto-Light.woff HTTP/1.1 304 7.977 ms - http://localhost:3000/
[Fri, 08 Apr 2016 08:17:35 GMT] ::1 GET /font/roboto/Roboto-Regular.woff HTTP/1.1 304 15.169 ms - http://localhost:3000/
[Fri, 08 Apr 2016 08:17:35 GMT] ::1 GET /font/roboto/Roboto-Medium.woff HTTP/1.1 304 9.670 ms - http://localhost:3000/
[Fri, 08 Apr 2016 08:17:35 GMT] ::1 GET /font/roboto/Roboto-Bold.woff HTTP/1.1 304 11.094 ms - http://localhost:3000/
[Fri, 08 Apr 2016 08:17:35 GMT] ::1 GET /font/material-design-icons/Material-Design-Icons.woff HTTP/1.1 304 3.987 ms - http://localhost:3000/
[Fri, 08 Apr 2016 08:27:40 GMT] ::1 GET / HTTP/1.1 200 3736.867 ms - -
[Fri, 08 Apr 2016 08:27:40 GMT] ::1 GET /stylesheets/materialize.css HTTP/1.1 304 11.807 ms - http://localhost:3000/
[Fri, 08 Apr 2016 08:27:40 GMT] ::1 GET /stylesheets/style.css HTTP/1.1 304 17.432 ms - http://localhost:3000/
[Fri, 08 Apr 2016 08:27:40 GMT] ::1 GET /font/roboto/Roboto-Thin.woff HTTP/1.1 304 13.313 ms - http://localhost:3000/
[Fri, 08 Apr 2016 08:27:40 GMT] ::1 GET /font/roboto/Roboto-Light.woff HTTP/1.1 304 21.524 ms - http://localhost:3000/
[Fri, 08 Apr 2016 08:27:40 GMT] ::1 GET /font/roboto/Roboto-Regular.woff HTTP/1.1 304 19.679 ms - http://localhost:3000/
[Fri, 08 Apr 2016 08:27:40 GMT] ::1 GET /font/roboto/Roboto-Medium.woff HTTP/1.1 304 12.257 ms - http://localhost:3000/
[Fri, 08 Apr 2016 08:27:40 GMT] ::1 GET /font/roboto/Roboto-Bold.woff HTTP/1.1 304 10.927 ms - http://localhost:3000/
[Fri, 08 Apr 2016 08:27:40 GMT] ::1 GET /images/eh-logo.png HTTP/1.1 304 4.249 ms - http://localhost:3000/
[Fri, 08 Apr 2016 08:27:40 GMT] ::1 GET /images/eh-logo-mob.png HTTP/1.1 304 3.463 ms - http://localhost:3000/
[Fri, 08 Apr 2016 08:27:40 GMT] ::1 GET /images/background1.jpg HTTP/1.1 304 6.434 ms - http://localhost:3000/
[Fri, 08 Apr 2016 08:27:40 GMT] ::1 GET /images/background5.jpg HTTP/1.1 304 8.073 ms - http://localhost:3000/
[Fri, 08 Apr 2016 08:27:40 GMT] ::1 GET /images/background2.jpg HTTP/1.1 304 7.664 ms - http://localhost:3000/
[Fri, 08 Apr 2016 08:27:40 GMT] ::1 GET /images/ticker_tagline.png HTTP/1.1 304 5.301 ms - http://localhost:3000/
[Fri, 08 Apr 2016 08:27:40 GMT] ::1 GET /js/jquery.min.js HTTP/1.1 304 4.037 ms - http://localhost:3000/
[Fri, 08 Apr 2016 08:27:40 GMT] ::1 GET /js/materialize.min.js HTTP/1.1 304 3.392 ms - http://localhost:3000/
[Fri, 08 Apr 2016 08:27:40 GMT] ::1 GET /font/material-design-icons/Material-Design-Icons.woff HTTP/1.1 304 3.883 ms - http://localhost:3000/
[Fri, 08 Apr 2016 08:27:41 GMT] ::1 GET /js/picker.time.js HTTP/1.1 304 3.456 ms - http://localhost:3000/
[Fri, 08 Apr 2016 08:27:41 GMT] ::1 GET /js/init.js HTTP/1.1 304 3.874 ms - http://localhost:3000/
[Fri, 08 Apr 2016 08:29:05 GMT] ::1 GET / HTTP/1.1 304 1967.198 ms - -
[Fri, 08 Apr 2016 08:29:05 GMT] ::1 GET /stylesheets/materialize.css HTTP/1.1 304 3.362 ms - http://localhost:3000/
[Fri, 08 Apr 2016 08:29:06 GMT] ::1 GET /stylesheets/style.css HTTP/1.1 304 4.683 ms - http://localhost:3000/
[Fri, 08 Apr 2016 08:29:06 GMT] ::1 GET /font/roboto/Roboto-Thin.woff HTTP/1.1 304 10.141 ms - http://localhost:3000/
[Fri, 08 Apr 2016 08:29:06 GMT] ::1 GET /font/roboto/Roboto-Light.woff HTTP/1.1 304 25.864 ms - http://localhost:3000/
[Fri, 08 Apr 2016 08:29:06 GMT] ::1 GET /font/roboto/Roboto-Regular.woff HTTP/1.1 304 23.743 ms - http://localhost:3000/
[Fri, 08 Apr 2016 08:29:06 GMT] ::1 GET /font/roboto/Roboto-Medium.woff HTTP/1.1 304 17.425 ms - http://localhost:3000/
[Fri, 08 Apr 2016 08:29:06 GMT] ::1 GET /font/roboto/Roboto-Bold.woff HTTP/1.1 304 15.837 ms - http://localhost:3000/
[Fri, 08 Apr 2016 08:29:06 GMT] ::1 GET /images/eh-logo.png HTTP/1.1 304 24.981 ms - http://localhost:3000/
[Fri, 08 Apr 2016 08:29:06 GMT] ::1 GET /images/eh-logo-mob.png HTTP/1.1 304 19.176 ms - http://localhost:3000/
[Fri, 08 Apr 2016 08:29:06 GMT] ::1 GET /images/background1.jpg HTTP/1.1 304 16.607 ms - http://localhost:3000/
[Fri, 08 Apr 2016 08:29:06 GMT] ::1 GET /images/background5.jpg HTTP/1.1 304 22.699 ms - http://localhost:3000/
[Fri, 08 Apr 2016 08:29:06 GMT] ::1 GET /images/background2.jpg HTTP/1.1 304 20.785 ms - http://localhost:3000/
[Fri, 08 Apr 2016 08:29:06 GMT] ::1 GET /js/jquery.min.js HTTP/1.1 304 11.848 ms - http://localhost:3000/
[Fri, 08 Apr 2016 08:29:06 GMT] ::1 GET /images/ticker_tagline.png HTTP/1.1 304 8.401 ms - http://localhost:3000/
[Fri, 08 Apr 2016 08:29:06 GMT] ::1 GET /js/materialize.min.js HTTP/1.1 304 4.043 ms - http://localhost:3000/
[Fri, 08 Apr 2016 08:29:06 GMT] ::1 GET /font/material-design-icons/Material-Design-Icons.woff HTTP/1.1 304 4.832 ms - http://localhost:3000/
[Fri, 08 Apr 2016 08:29:06 GMT] ::1 GET /js/picker.time.js HTTP/1.1 304 4.512 ms - http://localhost:3000/
[Fri, 08 Apr 2016 08:29:06 GMT] ::1 GET /js/init.js HTTP/1.1 304 4.675 ms - http://localhost:3000/
[Fri, 08 Apr 2016 08:29:20 GMT] ::1 GET /event/create HTTP/1.1 304 2679.775 ms - http://localhost:3000/
[Fri, 08 Apr 2016 08:29:20 GMT] ::1 GET /stylesheets/materialize.css HTTP/1.1 304 27.318 ms - http://localhost:3000/event/create
[Fri, 08 Apr 2016 08:29:20 GMT] ::1 GET /stylesheets/style.css HTTP/1.1 304 23.812 ms - http://localhost:3000/event/create
[Fri, 08 Apr 2016 08:29:20 GMT] ::1 GET /images/eh-logo.png HTTP/1.1 304 20.779 ms - http://localhost:3000/event/create
[Fri, 08 Apr 2016 08:29:20 GMT] ::1 GET /images/eh-logo-mob.png HTTP/1.1 304 68.707 ms - http://localhost:3000/event/create
[Fri, 08 Apr 2016 08:29:20 GMT] ::1 GET /images/ticker_tagline.png HTTP/1.1 304 64.290 ms - http://localhost:3000/event/create
[Fri, 08 Apr 2016 08:29:20 GMT] ::1 GET /js/jquery.min.js HTTP/1.1 304 62.973 ms - http://localhost:3000/event/create
[Fri, 08 Apr 2016 08:29:20 GMT] ::1 GET /js/materialize.min.js HTTP/1.1 304 61.056 ms - http://localhost:3000/event/create
[Fri, 08 Apr 2016 08:29:20 GMT] ::1 GET /js/picker.time.js HTTP/1.1 304 59.529 ms - http://localhost:3000/event/create
[Fri, 08 Apr 2016 08:29:20 GMT] ::1 GET /js/init.js HTTP/1.1 304 62.940 ms - http://localhost:3000/event/create
[Fri, 08 Apr 2016 08:29:20 GMT] ::1 GET /js/gmaps.js HTTP/1.1 304 6.611 ms - http://localhost:3000/event/create
[Fri, 08 Apr 2016 08:29:20 GMT] ::1 GET /js/initMaps.js HTTP/1.1 304 8.250 ms - http://localhost:3000/event/create
[Fri, 08 Apr 2016 08:29:21 GMT] ::1 GET /font/roboto/Roboto-Thin.woff HTTP/1.1 304 16.735 ms - http://localhost:3000/event/create
[Fri, 08 Apr 2016 08:29:21 GMT] ::1 GET /font/roboto/Roboto-Light.woff HTTP/1.1 304 12.615 ms - http://localhost:3000/event/create
[Fri, 08 Apr 2016 08:29:21 GMT] ::1 GET /font/roboto/Roboto-Regular.woff HTTP/1.1 304 16.897 ms - http://localhost:3000/event/create
[Fri, 08 Apr 2016 08:29:21 GMT] ::1 GET /font/roboto/Roboto-Medium.woff HTTP/1.1 304 12.879 ms - http://localhost:3000/event/create
[Fri, 08 Apr 2016 08:29:21 GMT] ::1 GET /font/roboto/Roboto-Bold.woff HTTP/1.1 304 7.453 ms - http://localhost:3000/event/create
[Fri, 08 Apr 2016 08:31:14 GMT] ::1 GET / HTTP/1.1 304 1770.303 ms - http://localhost:3000/event/create
[Fri, 08 Apr 2016 08:31:14 GMT] ::1 GET /stylesheets/materialize.css HTTP/1.1 304 26.014 ms - http://localhost:3000/
[Fri, 08 Apr 2016 08:31:14 GMT] ::1 GET /stylesheets/style.css HTTP/1.1 304 20.051 ms - http://localhost:3000/
[Fri, 08 Apr 2016 08:31:14 GMT] ::1 GET /images/eh-logo.png HTTP/1.1 304 17.516 ms - http://localhost:3000/
[Fri, 08 Apr 2016 08:31:14 GMT] ::1 GET /images/eh-logo-mob.png HTTP/1.1 304 27.638 ms - http://localhost:3000/
[Fri, 08 Apr 2016 08:31:14 GMT] ::1 GET /images/background1.jpg HTTP/1.1 304 21.340 ms - http://localhost:3000/
[Fri, 08 Apr 2016 08:31:14 GMT] ::1 GET /images/background5.jpg HTTP/1.1 304 20.143 ms - http://localhost:3000/
[Fri, 08 Apr 2016 08:31:15 GMT] ::1 GET /js/jquery.min.js HTTP/1.1 304 46.444 ms - http://localhost:3000/
[Fri, 08 Apr 2016 08:31:15 GMT] ::1 GET /js/materialize.min.js HTTP/1.1 304 45.783 ms - http://localhost:3000/
[Fri, 08 Apr 2016 08:31:15 GMT] ::1 GET /js/picker.time.js HTTP/1.1 304 44.350 ms - http://localhost:3000/
[Fri, 08 Apr 2016 08:31:15 GMT] ::1 GET /js/init.js HTTP/1.1 304 18.074 ms - http://localhost:3000/
[Fri, 08 Apr 2016 08:31:15 GMT] ::1 GET /images/background2.jpg HTTP/1.1 304 13.533 ms - http://localhost:3000/
[Fri, 08 Apr 2016 08:31:15 GMT] ::1 GET /images/ticker_tagline.png HTTP/1.1 304 16.849 ms - http://localhost:3000/
[Fri, 08 Apr 2016 08:31:15 GMT] ::1 GET /font/roboto/Roboto-Thin.woff HTTP/1.1 304 6.469 ms - http://localhost:3000/
[Fri, 08 Apr 2016 08:31:15 GMT] ::1 GET /font/roboto/Roboto-Light.woff HTTP/1.1 304 8.569 ms - http://localhost:3000/
[Fri, 08 Apr 2016 08:31:15 GMT] ::1 GET /font/roboto/Roboto-Regular.woff HTTP/1.1 304 16.403 ms - http://localhost:3000/
[Fri, 08 Apr 2016 08:31:15 GMT] ::1 GET /font/roboto/Roboto-Medium.woff HTTP/1.1 304 12.377 ms - http://localhost:3000/
[Fri, 08 Apr 2016 08:31:15 GMT] ::1 GET /font/roboto/Roboto-Bold.woff HTTP/1.1 304 13.732 ms - http://localhost:3000/
[Fri, 08 Apr 2016 08:31:15 GMT] ::1 GET /font/material-design-icons/Material-Design-Icons.woff HTTP/1.1 304 3.388 ms - http://localhost:3000/
[Fri, 08 Apr 2016 08:41:22 GMT] ::1 GET / HTTP/1.1 304 1634.025 ms - http://localhost:3000/event/create
[Fri, 08 Apr 2016 08:41:22 GMT] ::1 GET /stylesheets/materialize.css HTTP/1.1 304 3.823 ms - http://localhost:3000/
[Fri, 08 Apr 2016 08:41:22 GMT] ::1 GET /stylesheets/style.css HTTP/1.1 304 8.960 ms - http://localhost:3000/
[Fri, 08 Apr 2016 08:41:22 GMT] ::1 GET /font/roboto/Roboto-Thin.woff HTTP/1.1 304 12.227 ms - http://localhost:3000/
[Fri, 08 Apr 2016 08:41:22 GMT] ::1 GET /font/roboto/Roboto-Light.woff HTTP/1.1 304 8.711 ms - http://localhost:3000/
[Fri, 08 Apr 2016 08:41:22 GMT] ::1 GET /font/roboto/Roboto-Regular.woff HTTP/1.1 304 12.025 ms - http://localhost:3000/
[Fri, 08 Apr 2016 08:41:22 GMT] ::1 GET /font/roboto/Roboto-Medium.woff HTTP/1.1 304 10.564 ms - http://localhost:3000/
[Fri, 08 Apr 2016 08:41:22 GMT] ::1 GET /font/roboto/Roboto-Bold.woff HTTP/1.1 304 7.272 ms - http://localhost:3000/
[Fri, 08 Apr 2016 08:41:22 GMT] ::1 GET /images/eh-logo.png HTTP/1.1 304 10.143 ms - http://localhost:3000/
[Fri, 08 Apr 2016 08:41:22 GMT] ::1 GET /images/eh-logo-mob.png HTTP/1.1 304 15.889 ms - http://localhost:3000/
[Fri, 08 Apr 2016 08:41:22 GMT] ::1 GET /images/background1.jpg HTTP/1.1 304 12.109 ms - http://localhost:3000/
[Fri, 08 Apr 2016 08:41:22 GMT] ::1 GET /images/background5.jpg HTTP/1.1 304 29.738 ms - http://localhost:3000/
[Fri, 08 Apr 2016 08:41:22 GMT] ::1 GET /images/background2.jpg HTTP/1.1 304 20.209 ms - http://localhost:3000/
[Fri, 08 Apr 2016 08:41:22 GMT] ::1 GET /images/ticker_tagline.png HTTP/1.1 304 21.367 ms - http://localhost:3000/
[Fri, 08 Apr 2016 08:41:22 GMT] ::1 GET /js/jquery.min.js HTTP/1.1 304 8.971 ms - http://localhost:3000/
[Fri, 08 Apr 2016 08:41:22 GMT] ::1 GET /js/materialize.min.js HTTP/1.1 304 3.696 ms - http://localhost:3000/
[Fri, 08 Apr 2016 08:41:22 GMT] ::1 GET /font/material-design-icons/Material-Design-Icons.woff HTTP/1.1 304 3.649 ms - http://localhost:3000/
[Fri, 08 Apr 2016 08:41:22 GMT] ::1 GET /js/picker.time.js HTTP/1.1 304 4.446 ms - http://localhost:3000/
[Fri, 08 Apr 2016 08:41:22 GMT] ::1 GET /js/init.js HTTP/1.1 304 4.714 ms - http://localhost:3000/
[Fri, 08 Apr 2016 08:41:41 GMT] ::1 GET /event/create HTTP/1.1 304 2394.993 ms - http://localhost:3000/
[Fri, 08 Apr 2016 08:41:41 GMT] ::1 GET /stylesheets/materialize.css HTTP/1.1 304 20.170 ms - http://localhost:3000/event/create
[Fri, 08 Apr 2016 08:41:41 GMT] ::1 GET /stylesheets/style.css HTTP/1.1 304 17.773 ms - http://localhost:3000/event/create
[Fri, 08 Apr 2016 08:41:41 GMT] ::1 GET /images/eh-logo.png HTTP/1.1 304 30.895 ms - http://localhost:3000/event/create
[Fri, 08 Apr 2016 08:41:41 GMT] ::1 GET /images/eh-logo-mob.png HTTP/1.1 304 25.102 ms - http://localhost:3000/event/create
[Fri, 08 Apr 2016 08:41:41 GMT] ::1 GET /images/ticker_tagline.png HTTP/1.1 304 21.379 ms - http://localhost:3000/event/create
[Fri, 08 Apr 2016 08:41:41 GMT] ::1 GET /js/jquery.min.js HTTP/1.1 304 35.316 ms - http://localhost:3000/event/create
[Fri, 08 Apr 2016 08:41:41 GMT] ::1 GET /js/materialize.min.js HTTP/1.1 304 23.657 ms - http://localhost:3000/event/create
[Fri, 08 Apr 2016 08:41:41 GMT] ::1 GET /js/picker.time.js HTTP/1.1 304 21.863 ms - http://localhost:3000/event/create
[Fri, 08 Apr 2016 08:41:41 GMT] ::1 GET /js/init.js HTTP/1.1 304 14.090 ms - http://localhost:3000/event/create
[Fri, 08 Apr 2016 08:41:41 GMT] ::1 GET /js/gmaps.js HTTP/1.1 304 12.529 ms - http://localhost:3000/event/create
[Fri, 08 Apr 2016 08:41:41 GMT] ::1 GET /js/initMaps.js HTTP/1.1 304 13.746 ms - http://localhost:3000/event/create
[Fri, 08 Apr 2016 08:41:41 GMT] ::1 GET /font/roboto/Roboto-Thin.woff HTTP/1.1 304 11.081 ms - http://localhost:3000/event/create
[Fri, 08 Apr 2016 08:41:41 GMT] ::1 GET /font/roboto/Roboto-Light.woff HTTP/1.1 304 8.751 ms - http://localhost:3000/event/create
[Fri, 08 Apr 2016 08:41:41 GMT] ::1 GET /font/roboto/Roboto-Regular.woff HTTP/1.1 304 8.613 ms - http://localhost:3000/event/create
[Fri, 08 Apr 2016 08:41:41 GMT] ::1 GET /font/roboto/Roboto-Medium.woff HTTP/1.1 304 7.082 ms - http://localhost:3000/event/create
[Fri, 08 Apr 2016 08:41:41 GMT] ::1 GET /font/roboto/Roboto-Bold.woff HTTP/1.1 304 6.785 ms - http://localhost:3000/event/create
[Fri, 08 Apr 2016 08:43:16 GMT] ::1 GET / HTTP/1.1 304 2030.588 ms - http://localhost:3000/event/create
[Fri, 08 Apr 2016 08:43:16 GMT] ::1 GET /stylesheets/materialize.css HTTP/1.1 304 29.865 ms - http://localhost:3000/
[Fri, 08 Apr 2016 08:43:16 GMT] ::1 GET /stylesheets/style.css HTTP/1.1 304 25.616 ms - http://localhost:3000/
[Fri, 08 Apr 2016 08:43:16 GMT] ::1 GET /images/eh-logo.png HTTP/1.1 304 20.702 ms - http://localhost:3000/
[Fri, 08 Apr 2016 08:43:16 GMT] ::1 GET /images/eh-logo-mob.png HTTP/1.1 304 37.210 ms - http://localhost:3000/
[Fri, 08 Apr 2016 08:43:16 GMT] ::1 GET /images/background1.jpg HTTP/1.1 304 36.677 ms - http://localhost:3000/
[Fri, 08 Apr 2016 08:43:16 GMT] ::1 GET /images/background5.jpg HTTP/1.1 304 36.940 ms - http://localhost:3000/
[Fri, 08 Apr 2016 08:43:16 GMT] ::1 GET /images/background2.jpg HTTP/1.1 304 32.554 ms - http://localhost:3000/
[Fri, 08 Apr 2016 08:43:16 GMT] ::1 GET /images/ticker_tagline.png HTTP/1.1 304 35.750 ms - http://localhost:3000/
[Fri, 08 Apr 2016 08:43:16 GMT] ::1 GET /js/jquery.min.js HTTP/1.1 304 34.609 ms - http://localhost:3000/
[Fri, 08 Apr 2016 08:43:16 GMT] ::1 GET /js/materialize.min.js HTTP/1.1 304 17.311 ms - http://localhost:3000/
[Fri, 08 Apr 2016 08:43:16 GMT] ::1 GET /js/picker.time.js HTTP/1.1 304 15.290 ms - http://localhost:3000/
[Fri, 08 Apr 2016 08:43:16 GMT] ::1 GET /js/init.js HTTP/1.1 304 9.250 ms - http://localhost:3000/
[Fri, 08 Apr 2016 08:43:16 GMT] ::1 GET /font/roboto/Roboto-Thin.woff HTTP/1.1 304 14.634 ms - http://localhost:3000/
[Fri, 08 Apr 2016 08:43:16 GMT] ::1 GET /font/roboto/Roboto-Light.woff HTTP/1.1 304 11.784 ms - http://localhost:3000/
[Fri, 08 Apr 2016 08:43:16 GMT] ::1 GET /font/roboto/Roboto-Regular.woff HTTP/1.1 304 15.561 ms - http://localhost:3000/
[Fri, 08 Apr 2016 08:43:16 GMT] ::1 GET /font/roboto/Roboto-Medium.woff HTTP/1.1 304 10.086 ms - http://localhost:3000/
[Fri, 08 Apr 2016 08:43:16 GMT] ::1 GET /font/roboto/Roboto-Bold.woff HTTP/1.1 304 5.974 ms - http://localhost:3000/
[Fri, 08 Apr 2016 08:43:16 GMT] ::1 GET /font/material-design-icons/Material-Design-Icons.woff HTTP/1.1 304 4.866 ms - http://localhost:3000/
[Fri, 08 Apr 2016 11:33:07 GMT] ::1 GET /event/create HTTP/1.1 304 2483.239 ms - http://localhost:3000/
[Fri, 08 Apr 2016 11:33:07 GMT] ::1 GET /stylesheets/materialize.css HTTP/1.1 304 18.187 ms - http://localhost:3000/event/create
[Fri, 08 Apr 2016 11:33:07 GMT] ::1 GET /stylesheets/style.css HTTP/1.1 304 28.736 ms - http://localhost:3000/event/create
[Fri, 08 Apr 2016 11:33:07 GMT] ::1 GET /images/eh-logo.png HTTP/1.1 304 20.556 ms - http://localhost:3000/event/create
[Fri, 08 Apr 2016 11:33:07 GMT] ::1 GET /images/eh-logo-mob.png HTTP/1.1 304 49.179 ms - http://localhost:3000/event/create
[Fri, 08 Apr 2016 11:33:07 GMT] ::1 GET /images/ticker_tagline.png HTTP/1.1 304 46.786 ms - http://localhost:3000/event/create
[Fri, 08 Apr 2016 11:33:07 GMT] ::1 GET /js/jquery.min.js HTTP/1.1 304 32.345 ms - http://localhost:3000/event/create
[Fri, 08 Apr 2016 11:33:07 GMT] ::1 GET /js/materialize.min.js HTTP/1.1 304 44.284 ms - http://localhost:3000/event/create
[Fri, 08 Apr 2016 11:33:07 GMT] ::1 GET /js/picker.time.js HTTP/1.1 304 31.231 ms - http://localhost:3000/event/create
[Fri, 08 Apr 2016 11:33:07 GMT] ::1 GET /js/init.js HTTP/1.1 304 29.544 ms - http://localhost:3000/event/create
[Fri, 08 Apr 2016 11:33:07 GMT] ::1 GET /js/gmaps.js HTTP/1.1 304 30.692 ms - http://localhost:3000/event/create
[Fri, 08 Apr 2016 11:33:07 GMT] ::1 GET /js/initMaps.js HTTP/1.1 304 31.257 ms - http://localhost:3000/event/create
[Fri, 08 Apr 2016 11:33:07 GMT] ::1 GET /font/roboto/Roboto-Thin.woff HTTP/1.1 304 9.460 ms - http://localhost:3000/event/create
[Fri, 08 Apr 2016 11:33:07 GMT] ::1 GET /font/roboto/Roboto-Light.woff HTTP/1.1 304 16.854 ms - http://localhost:3000/event/create
[Fri, 08 Apr 2016 11:33:07 GMT] ::1 GET /font/roboto/Roboto-Regular.woff HTTP/1.1 304 13.576 ms - http://localhost:3000/event/create
[Fri, 08 Apr 2016 11:33:07 GMT] ::1 GET /font/roboto/Roboto-Medium.woff HTTP/1.1 304 13.648 ms - http://localhost:3000/event/create
[Fri, 08 Apr 2016 11:33:07 GMT] ::1 GET /font/roboto/Roboto-Bold.woff HTTP/1.1 304 12.277 ms - http://localhost:3000/event/create
[Fri, 08 Apr 2016 11:37:01 GMT] ::1 GET /event/view HTTP/1.1 500 1945.969 ms - -
[Fri, 08 Apr 2016 11:40:50 GMT] ::1 GET / HTTP/1.1 304 1753.805 ms - http://localhost:3000/event/create
[Fri, 08 Apr 2016 11:40:50 GMT] ::1 GET /stylesheets/materialize.css HTTP/1.1 304 9.398 ms - http://localhost:3000/
[Fri, 08 Apr 2016 11:40:50 GMT] ::1 GET /stylesheets/style.css HTTP/1.1 304 13.924 ms - http://localhost:3000/
[Fri, 08 Apr 2016 11:40:50 GMT] ::1 GET /images/eh-logo.png HTTP/1.1 304 10.279 ms - http://localhost:3000/
[Fri, 08 Apr 2016 11:40:50 GMT] ::1 GET /images/eh-logo-mob.png HTTP/1.1 304 35.004 ms - http://localhost:3000/
[Fri, 08 Apr 2016 11:40:50 GMT] ::1 GET /images/background1.jpg HTTP/1.1 304 26.829 ms - http://localhost:3000/
[Fri, 08 Apr 2016 11:40:50 GMT] ::1 GET /images/background5.jpg HTTP/1.1 304 27.222 ms - http://localhost:3000/
[Fri, 08 Apr 2016 11:40:50 GMT] ::1 GET /images/background2.jpg HTTP/1.1 304 32.185 ms - http://localhost:3000/
[Fri, 08 Apr 2016 11:40:50 GMT] ::1 GET /images/ticker_tagline.png HTTP/1.1 304 31.096 ms - http://localhost:3000/
[Fri, 08 Apr 2016 11:40:50 GMT] ::1 GET /js/jquery.min.js HTTP/1.1 304 19.233 ms - http://localhost:3000/
[Fri, 08 Apr 2016 11:40:50 GMT] ::1 GET /js/materialize.min.js HTTP/1.1 304 31.309 ms - http://localhost:3000/
[Fri, 08 Apr 2016 11:40:50 GMT] ::1 GET /js/picker.time.js HTTP/1.1 304 32.311 ms - http://localhost:3000/
[Fri, 08 Apr 2016 11:40:50 GMT] ::1 GET /js/init.js HTTP/1.1 304 34.555 ms - http://localhost:3000/
[Fri, 08 Apr 2016 11:40:50 GMT] ::1 GET /font/roboto/Roboto-Thin.woff HTTP/1.1 304 14.127 ms - http://localhost:3000/
[Fri, 08 Apr 2016 11:40:50 GMT] ::1 GET /font/roboto/Roboto-Light.woff HTTP/1.1 304 11.412 ms - http://localhost:3000/
[Fri, 08 Apr 2016 11:40:50 GMT] ::1 GET /font/roboto/Roboto-Regular.woff HTTP/1.1 304 17.286 ms - http://localhost:3000/
[Fri, 08 Apr 2016 11:40:50 GMT] ::1 GET /font/roboto/Roboto-Medium.woff HTTP/1.1 304 14.036 ms - http://localhost:3000/
[Fri, 08 Apr 2016 11:40:50 GMT] ::1 GET /font/roboto/Roboto-Bold.woff HTTP/1.1 304 8.283 ms - http://localhost:3000/
[Fri, 08 Apr 2016 11:40:50 GMT] ::1 GET /font/material-design-icons/Material-Design-Icons.woff HTTP/1.1 304 4.174 ms - http://localhost:3000/
[Fri, 08 Apr 2016 11:44:32 GMT] ::1 GET /stylesheets/materialize.css HTTP/1.1 200 42.030 ms 192568 -
[Fri, 08 Apr 2016 11:44:32 GMT] ::1 GET /stylesheets/style.css HTTP/1.1 200 81.664 ms 742 -
[Fri, 08 Apr 2016 11:44:42 GMT] ::1 GET / HTTP/1.1 304 2009.344 ms - http://localhost:3000/event/create
[Fri, 08 Apr 2016 11:44:42 GMT] ::1 GET /stylesheets/materialize.css HTTP/1.1 304 12.521 ms - http://localhost:3000/
[Fri, 08 Apr 2016 11:44:42 GMT] ::1 GET /stylesheets/materialize.css HTTP/1.1 304 9.307 ms - -
[Fri, 08 Apr 2016 11:44:42 GMT] ::1 GET /stylesheets/style.css HTTP/1.1 304 6.181 ms - http://localhost:3000/
[Fri, 08 Apr 2016 11:44:42 GMT] ::1 GET /stylesheets/style.css HTTP/1.1 304 5.152 ms - -
[Fri, 08 Apr 2016 11:44:42 GMT] ::1 GET /images/eh-logo.png HTTP/1.1 304 5.626 ms - http://localhost:3000/
[Fri, 08 Apr 2016 11:44:42 GMT] ::1 GET /images/eh-logo-mob.png HTTP/1.1 304 8.412 ms - http://localhost:3000/
[Fri, 08 Apr 2016 11:44:42 GMT] ::1 GET /images/background1.jpg HTTP/1.1 304 8.416 ms - http://localhost:3000/
[Fri, 08 Apr 2016 11:44:42 GMT] ::1 GET /images/background5.jpg HTTP/1.1 304 5.780 ms - http://localhost:3000/
[Fri, 08 Apr 2016 11:44:42 GMT] ::1 GET /images/background2.jpg HTTP/1.1 304 4.062 ms - http://localhost:3000/
[Fri, 08 Apr 2016 11:44:42 GMT] ::1 GET /images/ticker_tagline.png HTTP/1.1 304 5.628 ms - http://localhost:3000/
[Fri, 08 Apr 2016 11:44:42 GMT] ::1 GET /js/jquery.min.js HTTP/1.1 304 12.457 ms - http://localhost:3000/
[Fri, 08 Apr 2016 11:44:42 GMT] ::1 GET /font/roboto/Roboto-Thin.woff HTTP/1.1 304 19.526 ms - http://localhost:3000/
[Fri, 08 Apr 2016 11:44:42 GMT] ::1 GET /font/roboto/Roboto-Light.woff HTTP/1.1 304 9.009 ms - http://localhost:3000/
[Fri, 08 Apr 2016 11:44:42 GMT] ::1 GET /font/roboto/Roboto-Medium.woff HTTP/1.1 304 17.754 ms - http://localhost:3000/
[Fri, 08 Apr 2016 11:44:42 GMT] ::1 GET /font/roboto/Roboto-Bold.woff HTTP/1.1 304 9.652 ms - http://localhost:3000/
[Fri, 08 Apr 2016 11:44:42 GMT] ::1 GET /font/roboto/Roboto-Regular.woff HTTP/1.1 304 9.141 ms - http://localhost:3000/
[Fri, 08 Apr 2016 11:44:42 GMT] ::1 GET /font/material-design-icons/Material-Design-Icons.woff HTTP/1.1 304 7.557 ms - http://localhost:3000/
[Fri, 08 Apr 2016 11:44:43 GMT] ::1 GET /js/materialize.min.js HTTP/1.1 304 3.987 ms - http://localhost:3000/
[Fri, 08 Apr 2016 11:44:43 GMT] ::1 GET /js/picker.time.js HTTP/1.1 304 3.507 ms - http://localhost:3000/
[Fri, 08 Apr 2016 11:44:43 GMT] ::1 GET /js/init.js HTTP/1.1 304 4.303 ms - http://localhost:3000/
[Fri, 08 Apr 2016 11:45:12 GMT] ::1 GET / HTTP/1.1 304 1730.767 ms - http://localhost:3000/
[Fri, 08 Apr 2016 11:45:12 GMT] ::1 GET /stylesheets/materialize.css HTTP/1.1 304 15.338 ms - http://localhost:3000/
[Fri, 08 Apr 2016 11:45:12 GMT] ::1 GET /stylesheets/style.css HTTP/1.1 304 12.438 ms - http://localhost:3000/
[Fri, 08 Apr 2016 11:45:12 GMT] ::1 GET /images/eh-logo.png HTTP/1.1 304 49.167 ms - http://localhost:3000/
[Fri, 08 Apr 2016 11:45:12 GMT] ::1 GET /images/eh-logo-mob.png HTTP/1.1 304 45.951 ms - http://localhost:3000/
[Fri, 08 Apr 2016 11:45:12 GMT] ::1 GET /images/background1.jpg HTTP/1.1 304 50.346 ms - http://localhost:3000/
[Fri, 08 Apr 2016 11:45:12 GMT] ::1 GET /images/background5.jpg HTTP/1.1 304 47.611 ms - http://localhost:3000/
[Fri, 08 Apr 2016 11:45:12 GMT] ::1 GET /js/jquery.min.js HTTP/1.1 304 32.760 ms - http://localhost:3000/
[Fri, 08 Apr 2016 11:45:12 GMT] ::1 GET /js/materialize.min.js HTTP/1.1 304 78.251 ms - http://localhost:3000/
[Fri, 08 Apr 2016 11:45:12 GMT] ::1 GET /js/picker.time.js HTTP/1.1 304 20.024 ms - http://localhost:3000/
[Fri, 08 Apr 2016 11:45:12 GMT] ::1 GET /js/init.js HTTP/1.1 304 18.779 ms - http://localhost:3000/
[Fri, 08 Apr 2016 11:45:12 GMT] ::1 GET /images/background2.jpg HTTP/1.1 304 19.974 ms - http://localhost:3000/
[Fri, 08 Apr 2016 11:45:12 GMT] ::1 GET /images/ticker_tagline.png HTTP/1.1 304 15.291 ms - http://localhost:3000/
[Fri, 08 Apr 2016 11:45:12 GMT] ::1 GET /font/roboto/Roboto-Thin.woff HTTP/1.1 304 21.792 ms - http://localhost:3000/
[Fri, 08 Apr 2016 11:45:12 GMT] ::1 GET /font/roboto/Roboto-Light.woff HTTP/1.1 304 17.404 ms - http://localhost:3000/
[Fri, 08 Apr 2016 11:45:12 GMT] ::1 GET /font/roboto/Roboto-Regular.woff HTTP/1.1 304 21.793 ms - http://localhost:3000/
[Fri, 08 Apr 2016 11:45:12 GMT] ::1 GET /font/roboto/Roboto-Medium.woff HTTP/1.1 304 19.550 ms - http://localhost:3000/
[Fri, 08 Apr 2016 11:45:12 GMT] ::1 GET /font/roboto/Roboto-Bold.woff HTTP/1.1 304 14.802 ms - http://localhost:3000/
[Fri, 08 Apr 2016 11:45:12 GMT] ::1 GET /font/material-design-icons/Material-Design-Icons.woff HTTP/1.1 304 4.464 ms - http://localhost:3000/
[Fri, 08 Apr 2016 11:45:13 GMT] ::1 GET /stylesheets/materialize.css HTTP/1.1 304 5.994 ms - -
[Fri, 08 Apr 2016 11:45:13 GMT] ::1 GET /stylesheets/style.css HTTP/1.1 304 5.007 ms - -
[Fri, 08 Apr 2016 11:45:20 GMT] ::1 GET /event/create HTTP/1.1 304 2437.411 ms - http://localhost:3000/
[Fri, 08 Apr 2016 11:45:20 GMT] ::1 GET /stylesheets/materialize.css HTTP/1.1 304 32.093 ms - http://localhost:3000/event/create
[Fri, 08 Apr 2016 11:45:20 GMT] ::1 GET /stylesheets/style.css HTTP/1.1 304 45.229 ms - http://localhost:3000/event/create
[Fri, 08 Apr 2016 11:45:20 GMT] ::1 GET /images/eh-logo.png HTTP/1.1 304 41.341 ms - http://localhost:3000/event/create
[Fri, 08 Apr 2016 11:45:20 GMT] ::1 GET /images/eh-logo-mob.png HTTP/1.1 304 28.864 ms - http://localhost:3000/event/create
[Fri, 08 Apr 2016 11:45:20 GMT] ::1 GET /js/jquery.min.js HTTP/1.1 304 27.780 ms - http://localhost:3000/event/create
[Fri, 08 Apr 2016 11:45:20 GMT] ::1 GET /js/materialize.min.js HTTP/1.1 304 27.426 ms - http://localhost:3000/event/create
[Fri, 08 Apr 2016 11:45:20 GMT] ::1 GET /images/ticker_tagline.png HTTP/1.1 304 44.236 ms - http://localhost:3000/event/create
[Fri, 08 Apr 2016 11:45:20 GMT] ::1 GET /js/picker.time.js HTTP/1.1 304 43.351 ms - http://localhost:3000/event/create
[Fri, 08 Apr 2016 11:45:20 GMT] ::1 GET /js/init.js HTTP/1.1 304 45.576 ms - http://localhost:3000/event/create
[Fri, 08 Apr 2016 11:45:20 GMT] ::1 GET /js/gmaps.js HTTP/1.1 304 48.456 ms - http://localhost:3000/event/create
[Fri, 08 Apr 2016 11:45:20 GMT] ::1 GET /js/initMaps.js HTTP/1.1 304 50.034 ms - http://localhost:3000/event/create
[Fri, 08 Apr 2016 11:45:20 GMT] ::1 GET /font/roboto/Roboto-Thin.woff HTTP/1.1 304 12.094 ms - http://localhost:3000/event/create
[Fri, 08 Apr 2016 11:45:20 GMT] ::1 GET /font/roboto/Roboto-Light.woff HTTP/1.1 304 9.362 ms - http://localhost:3000/event/create
[Fri, 08 Apr 2016 11:45:20 GMT] ::1 GET /font/roboto/Roboto-Regular.woff HTTP/1.1 304 14.865 ms - http://localhost:3000/event/create
[Fri, 08 Apr 2016 11:45:20 GMT] ::1 GET /font/roboto/Roboto-Medium.woff HTTP/1.1 304 7.445 ms - http://localhost:3000/event/create
[Fri, 08 Apr 2016 11:45:20 GMT] ::1 GET /font/roboto/Roboto-Bold.woff HTTP/1.1 304 8.679 ms - http://localhost:3000/event/create
[Fri, 08 Apr 2016 11:45:22 GMT] ::1 GET /stylesheets/materialize.css HTTP/1.1 304 8.739 ms - -
[Fri, 08 Apr 2016 11:45:22 GMT] ::1 GET /stylesheets/style.css HTTP/1.1 304 9.392 ms - -
[Fri, 08 Apr 2016 11:45:41 GMT] ::1 GET /event/create HTTP/1.1 304 2646.249 ms - http://localhost:3000/
[Fri, 08 Apr 2016 11:45:41 GMT] ::1 GET /stylesheets/materialize.css HTTP/1.1 304 3.839 ms - http://localhost:3000/event/create
[Fri, 08 Apr 2016 11:45:41 GMT] ::1 GET /stylesheets/materialize.css HTTP/1.1 304 3.854 ms - -
[Fri, 08 Apr 2016 11:45:42 GMT] ::1 GET /stylesheets/style.css HTTP/1.1 304 3.354 ms - http://localhost:3000/event/create
[Fri, 08 Apr 2016 11:45:42 GMT] ::1 GET /font/roboto/Roboto-Thin.woff HTTP/1.1 304 19.161 ms - http://localhost:3000/event/create
[Fri, 08 Apr 2016 11:45:42 GMT] ::1 GET /font/roboto/Roboto-Light.woff HTTP/1.1 304 12.733 ms - http://localhost:3000/event/create
[Fri, 08 Apr 2016 11:45:42 GMT] ::1 GET /font/roboto/Roboto-Regular.woff HTTP/1.1 304 8.363 ms - http://localhost:3000/event/create
[Fri, 08 Apr 2016 11:45:42 GMT] ::1 GET /font/roboto/Roboto-Medium.woff HTTP/1.1 304 7.648 ms - http://localhost:3000/event/create
[Fri, 08 Apr 2016 11:45:42 GMT] ::1 GET /font/roboto/Roboto-Bold.woff HTTP/1.1 304 5.088 ms - http://localhost:3000/event/create
[Fri, 08 Apr 2016 11:45:42 GMT] ::1 GET /images/eh-logo.png HTTP/1.1 304 8.963 ms - http://localhost:3000/event/create
[Fri, 08 Apr 2016 11:45:42 GMT] ::1 GET /images/eh-logo-mob.png HTTP/1.1 304 7.816 ms - http://localhost:3000/event/create
[Fri, 08 Apr 2016 11:45:42 GMT] ::1 GET /images/ticker_tagline.png HTTP/1.1 304 5.225 ms - http://localhost:3000/event/create
[Fri, 08 Apr 2016 11:45:42 GMT] ::1 GET /js/jquery.min.js HTTP/1.1 304 3.912 ms - http://localhost:3000/event/create
[Fri, 08 Apr 2016 11:45:42 GMT] ::1 GET /js/materialize.min.js HTTP/1.1 304 4.228 ms - http://localhost:3000/event/create
[Fri, 08 Apr 2016 11:45:43 GMT] ::1 GET /js/picker.time.js HTTP/1.1 304 8.024 ms - http://localhost:3000/event/create
[Fri, 08 Apr 2016 11:45:43 GMT] ::1 GET /stylesheets/style.css HTTP/1.1 304 6.101 ms - -
[Fri, 08 Apr 2016 11:45:43 GMT] ::1 GET /js/init.js HTTP/1.1 304 8.634 ms - http://localhost:3000/event/create
[Fri, 08 Apr 2016 11:45:43 GMT] ::1 GET /js/gmaps.js HTTP/1.1 304 7.580 ms - http://localhost:3000/event/create
[Fri, 08 Apr 2016 11:45:43 GMT] ::1 GET /js/initMaps.js HTTP/1.1 304 29.668 ms - http://localhost:3000/event/create
[Fri, 08 Apr 2016 11:45:49 GMT] ::1 GET /event/create HTTP/1.1 200 2633.269 ms - http://localhost:3000/
[Fri, 08 Apr 2016 11:45:49 GMT] ::1 GET /stylesheets/materialize.css HTTP/1.1 200 13.015 ms 192568 http://localhost:3000/event/create
[Fri, 08 Apr 2016 11:45:49 GMT] ::1 GET /stylesheets/style.css HTTP/1.1 200 29.913 ms 742 http://localhost:3000/event/create
[Fri, 08 Apr 2016 11:45:49 GMT] ::1 GET /font/roboto/Roboto-Thin.woff HTTP/1.1 200 65.958 ms 61628 http://localhost:3000/event/create
[Fri, 08 Apr 2016 11:45:49 GMT] ::1 GET /images/eh-logo.png HTTP/1.1 200 28.430 ms 1239 http://localhost:3000/event/create
[Fri, 08 Apr 2016 11:45:49 GMT] ::1 GET /font/roboto/Roboto-Light.woff HTTP/1.1 200 62.065 ms 62316 http://localhost:3000/event/create
[Fri, 08 Apr 2016 11:45:49 GMT] ::1 GET /font/roboto/Roboto-Regular.woff HTTP/1.1 200 79.671 ms 61736 http://localhost:3000/event/create
[Fri, 08 Apr 2016 11:45:49 GMT] ::1 GET /font/roboto/Roboto-Medium.woff HTTP/1.1 200 79.044 ms 62980 http://localhost:3000/event/create
[Fri, 08 Apr 2016 11:45:49 GMT] ::1 GET /images/eh-logo-mob.png HTTP/1.1 200 87.857 ms 1273 http://localhost:3000/event/create
[Fri, 08 Apr 2016 11:45:49 GMT] ::1 GET /font/roboto/Roboto-Bold.woff HTTP/1.1 200 145.278 ms 62876 http://localhost:3000/event/create
[Fri, 08 Apr 2016 11:45:49 GMT] ::1 GET /images/ticker_tagline.png HTTP/1.1 200 74.452 ms 1494 http://localhost:3000/event/create
[Fri, 08 Apr 2016 11:45:49 GMT] ::1 GET /js/jquery.min.js HTTP/1.1 200 265.390 ms 97244 http://localhost:3000/event/create
[Fri, 08 Apr 2016 11:45:50 GMT] ::1 GET /js/materialize.min.js HTTP/1.1 200 66.901 ms 130561 http://localhost:3000/event/create
[Fri, 08 Apr 2016 11:45:50 GMT] ::1 GET /js/picker.time.js HTTP/1.1 200 62.439 ms 9059 http://localhost:3000/event/create
[Fri, 08 Apr 2016 11:45:50 GMT] ::1 GET /js/init.js HTTP/1.1 200 34.245 ms 1300 http://localhost:3000/event/create
[Fri, 08 Apr 2016 11:45:50 GMT] ::1 GET /js/gmaps.js HTTP/1.1 200 138.603 ms 31772 http://localhost:3000/event/create
[Fri, 08 Apr 2016 11:45:51 GMT] ::1 GET /js/initMaps.js HTTP/1.1 200 36.461 ms 2350 http://localhost:3000/event/create
[Fri, 08 Apr 2016 12:09:03 GMT] ::1 GET / HTTP/1.1 304 1882.933 ms - http://localhost:3000/event/create
[Fri, 08 Apr 2016 12:09:03 GMT] ::1 GET /stylesheets/materialize.css HTTP/1.1 304 7.490 ms - http://localhost:3000/
[Fri, 08 Apr 2016 12:09:03 GMT] ::1 GET /stylesheets/style.css HTTP/1.1 304 10.854 ms - http://localhost:3000/
[Fri, 08 Apr 2016 12:09:03 GMT] ::1 GET /images/eh-logo.png HTTP/1.1 304 15.474 ms - http://localhost:3000/
[Fri, 08 Apr 2016 12:09:03 GMT] ::1 GET /images/eh-logo-mob.png HTTP/1.1 304 10.484 ms - http://localhost:3000/
[Fri, 08 Apr 2016 12:09:03 GMT] ::1 GET /images/background1.jpg HTTP/1.1 304 6.484 ms - http://localhost:3000/
[Fri, 08 Apr 2016 12:09:03 GMT] ::1 GET /images/background5.jpg HTTP/1.1 304 7.988 ms - http://localhost:3000/
[Fri, 08 Apr 2016 12:09:03 GMT] ::1 GET /images/background2.jpg HTTP/1.1 304 10.917 ms - http://localhost:3000/
[Fri, 08 Apr 2016 12:09:03 GMT] ::1 GET /images/ticker_tagline.png HTTP/1.1 304 6.263 ms - http://localhost:3000/
[Fri, 08 Apr 2016 12:09:03 GMT] ::1 GET /js/jquery.min.js HTTP/1.1 304 6.991 ms - http://localhost:3000/
[Fri, 08 Apr 2016 12:09:03 GMT] ::1 GET /js/materialize.min.js HTTP/1.1 304 7.018 ms - http://localhost:3000/
[Fri, 08 Apr 2016 12:09:03 GMT] ::1 GET /js/picker.time.js HTTP/1.1 304 6.527 ms - http://localhost:3000/
[Fri, 08 Apr 2016 12:09:03 GMT] ::1 GET /js/init.js HTTP/1.1 304 6.679 ms - http://localhost:3000/
[Fri, 08 Apr 2016 12:09:03 GMT] ::1 GET /font/roboto/Roboto-Regular.woff HTTP/1.1 304 92.135 ms - http://localhost:3000/
[Fri, 08 Apr 2016 12:09:03 GMT] ::1 GET /font/roboto/Roboto-Light.woff HTTP/1.1 304 100.385 ms - http://localhost:3000/
[Fri, 08 Apr 2016 12:09:03 GMT] ::1 GET /font/roboto/Roboto-Medium.woff HTTP/1.1 304 95.796 ms - http://localhost:3000/
[Fri, 08 Apr 2016 12:09:03 GMT] ::1 GET /font/roboto/Roboto-Thin.woff HTTP/1.1 304 105.642 ms - http://localhost:3000/
[Fri, 08 Apr 2016 12:09:03 GMT] ::1 GET /font/roboto/Roboto-Bold.woff HTTP/1.1 304 94.350 ms - http://localhost:3000/
[Fri, 08 Apr 2016 12:09:04 GMT] ::1 GET /font/material-design-icons/Material-Design-Icons.woff HTTP/1.1 304 13.483 ms - http://localhost:3000/
[Fri, 08 Apr 2016 12:18:53 GMT] ::1 GET /event/create HTTP/1.1 304 2283.930 ms - http://localhost:3000/
[Fri, 08 Apr 2016 12:18:53 GMT] ::1 GET /stylesheets/materialize.css HTTP/1.1 304 8.293 ms - http://localhost:3000/event/create
[Fri, 08 Apr 2016 12:18:53 GMT] ::1 GET /stylesheets/style.css HTTP/1.1 304 15.199 ms - http://localhost:3000/event/create
[Fri, 08 Apr 2016 12:18:53 GMT] ::1 GET /images/eh-logo.png HTTP/1.1 304 12.528 ms - http://localhost:3000/event/create
[Fri, 08 Apr 2016 12:18:53 GMT] ::1 GET /images/eh-logo-mob.png HTTP/1.1 304 33.665 ms - http://localhost:3000/event/create
[Fri, 08 Apr 2016 12:18:53 GMT] ::1 GET /images/ticker_tagline.png HTTP/1.1 304 24.666 ms - http://localhost:3000/event/create
[Fri, 08 Apr 2016 12:18:53 GMT] ::1 GET /js/jquery.min.js HTTP/1.1 304 23.827 ms - http://localhost:3000/event/create
[Fri, 08 Apr 2016 12:18:53 GMT] ::1 GET /js/materialize.min.js HTTP/1.1 304 39.441 ms - http://localhost:3000/event/create
[Fri, 08 Apr 2016 12:18:53 GMT] ::1 GET /js/picker.time.js HTTP/1.1 304 36.305 ms - http://localhost:3000/event/create
[Fri, 08 Apr 2016 12:18:53 GMT] ::1 GET /js/init.js HTTP/1.1 304 35.955 ms - http://localhost:3000/event/create
[Fri, 08 Apr 2016 12:18:53 GMT] ::1 GET /js/gmaps.js HTTP/1.1 304 10.855 ms - http://localhost:3000/event/create
[Fri, 08 Apr 2016 12:18:53 GMT] ::1 GET /js/initMaps.js HTTP/1.1 304 12.495 ms - http://localhost:3000/event/create
[Fri, 08 Apr 2016 12:18:53 GMT] ::1 GET /font/roboto/Roboto-Thin.woff HTTP/1.1 304 13.703 ms - http://localhost:3000/event/create
[Fri, 08 Apr 2016 12:18:53 GMT] ::1 GET /font/roboto/Roboto-Light.woff HTTP/1.1 304 10.019 ms - http://localhost:3000/event/create
[Fri, 08 Apr 2016 12:18:53 GMT] ::1 GET /font/roboto/Roboto-Regular.woff HTTP/1.1 304 16.669 ms - http://localhost:3000/event/create
[Fri, 08 Apr 2016 12:18:53 GMT] ::1 GET /font/roboto/Roboto-Medium.woff HTTP/1.1 304 7.941 ms - http://localhost:3000/event/create
[Fri, 08 Apr 2016 12:18:53 GMT] ::1 GET /font/roboto/Roboto-Bold.woff HTTP/1.1 304 9.136 ms - http://localhost:3000/event/create
