[Tue, 05 Apr 2016 16:45:46 GMT] ::1 GET /event/create HTTP/1.1 200 8064.688 ms - -
[Tue, 05 Apr 2016 16:45:46 GMT] ::1 GET /stylesheets/materialize.css HTTP/1.1 304 27.609 ms - http://localhost:3000/event/create
[Tue, 05 Apr 2016 16:45:46 GMT] ::1 GET /stylesheets/style.css HTTP/1.1 304 32.728 ms - http://localhost:3000/event/create
[Tue, 05 Apr 2016 16:45:46 GMT] ::1 GET /images/eh-logo.png HTTP/1.1 304 30.200 ms - http://localhost:3000/event/create
[Tue, 05 Apr 2016 16:45:46 GMT] ::1 GET /images/ticker_tagline.png HTTP/1.1 304 15.743 ms - http://localhost:3000/event/create
[Tue, 05 Apr 2016 16:45:46 GMT] ::1 GET /js/jquery.min.js HTTP/1.1 304 14.608 ms - http://localhost:3000/event/create
[Tue, 05 Apr 2016 16:45:46 GMT] ::1 GET /js/materialize.min.js HTTP/1.1 304 25.369 ms - http://localhost:3000/event/create
[Tue, 05 Apr 2016 16:45:46 GMT] ::1 GET /js/init.js HTTP/1.1 304 20.689 ms - http://localhost:3000/event/create
[Tue, 05 Apr 2016 16:45:46 GMT] ::1 GET /js/initMaps.js HTTP/1.1 304 11.069 ms - http://localhost:3000/event/create
[Tue, 05 Apr 2016 16:45:46 GMT] ::1 GET /js/gmaps.js HTTP/1.1 304 9.998 ms - http://localhost:3000/event/create
[Tue, 05 Apr 2016 16:45:47 GMT] ::1 GET /font/roboto/Roboto-Thin.woff HTTP/1.1 304 5.884 ms - http://localhost:3000/event/create
[Tue, 05 Apr 2016 16:45:47 GMT] ::1 GET /font/roboto/Roboto-Light.woff HTTP/1.1 304 8.855 ms - http://localhost:3000/event/create
[Tue, 05 Apr 2016 16:45:47 GMT] ::1 GET /font/roboto/Roboto-Regular.woff HTTP/1.1 304 4.750 ms - http://localhost:3000/event/create
[Tue, 05 Apr 2016 16:45:47 GMT] ::1 GET /font/roboto/Roboto-Medium.woff HTTP/1.1 304 2.828 ms - http://localhost:3000/event/create
[Tue, 05 Apr 2016 16:45:47 GMT] ::1 GET /font/roboto/Roboto-Bold.woff HTTP/1.1 304 4.220 ms - http://localhost:3000/event/create
[Tue, 05 Apr 2016 16:46:19 GMT] ::1 GET /event/create HTTP/1.1 200 1785.574 ms - http://localhost:3000/
[Tue, 05 Apr 2016 16:46:21 GMT] ::1 GET /stylesheets/materialize.css HTTP/1.1 304 8.836 ms - http://localhost:3000/event/create
[Tue, 05 Apr 2016 16:46:21 GMT] ::1 GET /stylesheets/style.css HTTP/1.1 304 6.830 ms - http://localhost:3000/event/create
[Tue, 05 Apr 2016 16:46:21 GMT] ::1 GET /js/jquery.min.js HTTP/1.1 304 8.863 ms - http://localhost:3000/event/create
[Tue, 05 Apr 2016 16:46:21 GMT] ::1 GET /js/materialize.min.js HTTP/1.1 304 5.042 ms - http://localhost:3000/event/create
[Tue, 05 Apr 2016 16:46:21 GMT] ::1 GET /js/init.js HTTP/1.1 200 32.716 ms 1953 http://localhost:3000/event/create
[Tue, 05 Apr 2016 16:46:21 GMT] ::1 GET /js/gmaps.js HTTP/1.1 304 5.068 ms - http://localhost:3000/event/create
[Tue, 05 Apr 2016 16:46:21 GMT] ::1 GET /js/initMaps.js HTTP/1.1 304 10.886 ms - http://localhost:3000/event/create
[Tue, 05 Apr 2016 16:46:21 GMT] ::1 GET /images/eh-logo.png HTTP/1.1 304 7.477 ms - http://localhost:3000/event/create
[Tue, 05 Apr 2016 16:46:21 GMT] ::1 GET /images/ticker_tagline.png HTTP/1.1 304 8.817 ms - http://localhost:3000/event/create
[Tue, 05 Apr 2016 18:02:25 GMT] ::1 GET /event/create HTTP/1.1 200 3307.412 ms - -
[Tue, 05 Apr 2016 18:02:25 GMT] ::1 GET /stylesheets/materialize.css HTTP/1.1 304 33.124 ms - http://localhost:3000/event/create
[Tue, 05 Apr 2016 18:02:25 GMT] ::1 GET /stylesheets/style.css HTTP/1.1 304 28.530 ms - http://localhost:3000/event/create
[Tue, 05 Apr 2016 18:02:25 GMT] ::1 GET /images/eh-logo.png HTTP/1.1 304 26.335 ms - http://localhost:3000/event/create
[Tue, 05 Apr 2016 18:02:25 GMT] ::1 GET /images/ticker_tagline.png HTTP/1.1 304 20.344 ms - http://localhost:3000/event/create
[Tue, 05 Apr 2016 18:02:25 GMT] ::1 GET /js/jquery.min.js HTTP/1.1 304 19.460 ms - http://localhost:3000/event/create
[Tue, 05 Apr 2016 18:02:25 GMT] ::1 GET /js/materialize.min.js HTTP/1.1 304 25.253 ms - http://localhost:3000/event/create
[Tue, 05 Apr 2016 18:02:25 GMT] ::1 GET /js/init.js HTTP/1.1 304 13.269 ms - http://localhost:3000/event/create
[Tue, 05 Apr 2016 18:02:25 GMT] ::1 GET /js/gmaps.js HTTP/1.1 304 12.418 ms - http://localhost:3000/event/create
[Tue, 05 Apr 2016 18:02:25 GMT] ::1 GET /js/initMaps.js HTTP/1.1 304 11.540 ms - http://localhost:3000/event/create
[Tue, 05 Apr 2016 18:02:25 GMT] ::1 GET /font/roboto/Roboto-Thin.woff HTTP/1.1 304 7.233 ms - http://localhost:3000/event/create
[Tue, 05 Apr 2016 18:02:25 GMT] ::1 GET /font/roboto/Roboto-Light.woff HTTP/1.1 304 11.515 ms - http://localhost:3000/event/create
[Tue, 05 Apr 2016 18:02:25 GMT] ::1 GET /font/roboto/Roboto-Regular.woff HTTP/1.1 304 8.581 ms - http://localhost:3000/event/create
[Tue, 05 Apr 2016 18:02:25 GMT] ::1 GET /font/roboto/Roboto-Medium.woff HTTP/1.1 304 8.091 ms - http://localhost:3000/event/create
[Tue, 05 Apr 2016 18:02:25 GMT] ::1 GET /font/roboto/Roboto-Bold.woff HTTP/1.1 304 7.352 ms - http://localhost:3000/event/create
[Tue, 05 Apr 2016 18:04:02 GMT] ::1 GET /event/create HTTP/1.1 200 3583.080 ms - -
[Tue, 05 Apr 2016 18:04:02 GMT] ::1 GET /stylesheets/materialize.css HTTP/1.1 304 40.405 ms - http://localhost:3000/event/create
[Tue, 05 Apr 2016 18:04:02 GMT] ::1 GET /stylesheets/style.css HTTP/1.1 304 29.368 ms - http://localhost:3000/event/create
[Tue, 05 Apr 2016 18:04:02 GMT] ::1 GET /images/eh-logo.png HTTP/1.1 304 26.629 ms - http://localhost:3000/event/create
[Tue, 05 Apr 2016 18:04:02 GMT] ::1 GET /images/ticker_tagline.png HTTP/1.1 304 23.755 ms - http://localhost:3000/event/create
[Tue, 05 Apr 2016 18:04:02 GMT] ::1 GET /js/jquery.min.js HTTP/1.1 304 21.801 ms - http://localhost:3000/event/create
[Tue, 05 Apr 2016 18:04:02 GMT] ::1 GET /js/materialize.min.js HTTP/1.1 304 29.631 ms - http://localhost:3000/event/create
[Tue, 05 Apr 2016 18:04:02 GMT] ::1 GET /js/init.js HTTP/1.1 304 12.070 ms - http://localhost:3000/event/create
[Tue, 05 Apr 2016 18:04:02 GMT] ::1 GET /js/gmaps.js HTTP/1.1 304 9.757 ms - http://localhost:3000/event/create
[Tue, 05 Apr 2016 18:04:02 GMT] ::1 GET /js/initMaps.js HTTP/1.1 304 9.922 ms - http://localhost:3000/event/create
[Tue, 05 Apr 2016 18:04:02 GMT] ::1 GET /font/roboto/Roboto-Thin.woff HTTP/1.1 304 6.950 ms - http://localhost:3000/event/create
[Tue, 05 Apr 2016 18:04:02 GMT] ::1 GET /font/roboto/Roboto-Light.woff HTTP/1.1 304 9.708 ms - http://localhost:3000/event/create
[Tue, 05 Apr 2016 18:04:02 GMT] ::1 GET /font/roboto/Roboto-Regular.woff HTTP/1.1 304 7.168 ms - http://localhost:3000/event/create
[Tue, 05 Apr 2016 18:04:02 GMT] ::1 GET /font/roboto/Roboto-Medium.woff HTTP/1.1 304 8.791 ms - http://localhost:3000/event/create
[Tue, 05 Apr 2016 18:04:02 GMT] ::1 GET /font/roboto/Roboto-Bold.woff HTTP/1.1 304 5.246 ms - http://localhost:3000/event/create
[Tue, 05 Apr 2016 18:08:13 GMT] ::1 POST /event/create HTTP/1.1 200 675.367 ms 6 http://localhost:3000/event/create
[Tue, 05 Apr 2016 18:28:42 GMT] ::1 GET /event/create HTTP/1.1 304 3412.896 ms - -
[Tue, 05 Apr 2016 18:28:42 GMT] ::1 GET /stylesheets/materialize.css HTTP/1.1 304 39.281 ms - http://localhost:3000/event/create
[Tue, 05 Apr 2016 18:28:42 GMT] ::1 GET /js/jquery.min.js HTTP/1.1 304 32.465 ms - http://localhost:3000/event/create
[Tue, 05 Apr 2016 18:28:42 GMT] ::1 GET /stylesheets/style.css HTTP/1.1 304 30.488 ms - http://localhost:3000/event/create
[Tue, 05 Apr 2016 18:28:42 GMT] ::1 GET /images/ticker_tagline.png HTTP/1.1 304 28.439 ms - http://localhost:3000/event/create
[Tue, 05 Apr 2016 18:28:42 GMT] ::1 GET /images/eh-logo.png HTTP/1.1 304 27.520 ms - http://localhost:3000/event/create
[Tue, 05 Apr 2016 18:28:42 GMT] ::1 GET /js/materialize.min.js HTTP/1.1 304 26.565 ms - http://localhost:3000/event/create
[Tue, 05 Apr 2016 18:28:42 GMT] ::1 GET /js/init.js HTTP/1.1 304 25.649 ms - http://localhost:3000/event/create
[Tue, 05 Apr 2016 18:28:42 GMT] ::1 GET /js/gmaps.js HTTP/1.1 304 15.320 ms - http://localhost:3000/event/create
[Tue, 05 Apr 2016 18:28:42 GMT] ::1 GET /js/initMaps.js HTTP/1.1 304 14.953 ms - http://localhost:3000/event/create
[Tue, 05 Apr 2016 18:28:42 GMT] ::1 GET /font/roboto/Roboto-Thin.woff HTTP/1.1 304 8.082 ms - http://localhost:3000/event/create
[Tue, 05 Apr 2016 18:28:42 GMT] ::1 GET /font/roboto/Roboto-Light.woff HTTP/1.1 304 12.874 ms - http://localhost:3000/event/create
[Tue, 05 Apr 2016 18:28:42 GMT] ::1 GET /font/roboto/Roboto-Regular.woff HTTP/1.1 304 9.148 ms - http://localhost:3000/event/create
[Tue, 05 Apr 2016 18:28:42 GMT] ::1 GET /font/roboto/Roboto-Medium.woff HTTP/1.1 304 9.472 ms - http://localhost:3000/event/create
[Tue, 05 Apr 2016 18:28:42 GMT] ::1 GET /font/roboto/Roboto-Bold.woff HTTP/1.1 304 7.781 ms - http://localhost:3000/event/create
[Tue, 05 Apr 2016 18:30:15 GMT] ::1 POST /event/create HTTP/1.1 200 207.020 ms 44 http://localhost:3000/event/create
[Tue, 05 Apr 2016 18:59:40 GMT] ::1 GET /event/create HTTP/1.1 200 3435.496 ms - -
[Tue, 05 Apr 2016 18:59:40 GMT] ::1 GET /stylesheets/materialize.css HTTP/1.1 304 44.183 ms - http://localhost:3000/event/create
[Tue, 05 Apr 2016 18:59:40 GMT] ::1 GET /stylesheets/style.css HTTP/1.1 304 24.850 ms - http://localhost:3000/event/create
[Tue, 05 Apr 2016 18:59:40 GMT] ::1 GET /images/eh-logo.png HTTP/1.1 304 33.380 ms - http://localhost:3000/event/create
[Tue, 05 Apr 2016 18:59:40 GMT] ::1 GET /images/ticker_tagline.png HTTP/1.1 304 32.614 ms - http://localhost:3000/event/create
[Tue, 05 Apr 2016 18:59:40 GMT] ::1 GET /js/jquery.min.js HTTP/1.1 304 32.310 ms - http://localhost:3000/event/create
[Tue, 05 Apr 2016 18:59:40 GMT] ::1 GET /js/materialize.min.js HTTP/1.1 304 34.639 ms - http://localhost:3000/event/create
[Tue, 05 Apr 2016 18:59:40 GMT] ::1 GET /js/init.js HTTP/1.1 200 34.277 ms 1978 http://localhost:3000/event/create
[Tue, 05 Apr 2016 18:59:40 GMT] ::1 GET /js/picker.time.js HTTP/1.1 200 43.879 ms 9059 http://localhost:3000/event/create
[Tue, 05 Apr 2016 18:59:40 GMT] ::1 GET /js/gmaps.js HTTP/1.1 304 26.437 ms - http://localhost:3000/event/create
[Tue, 05 Apr 2016 18:59:40 GMT] ::1 GET /js/initMaps.js HTTP/1.1 304 34.756 ms - http://localhost:3000/event/create
[Tue, 05 Apr 2016 18:59:40 GMT] ::1 GET /font/roboto/Roboto-Thin.woff HTTP/1.1 304 6.933 ms - http://localhost:3000/event/create
[Tue, 05 Apr 2016 18:59:40 GMT] ::1 GET /font/roboto/Roboto-Light.woff HTTP/1.1 304 11.255 ms - http://localhost:3000/event/create
[Tue, 05 Apr 2016 18:59:40 GMT] ::1 GET /font/roboto/Roboto-Regular.woff HTTP/1.1 304 8.452 ms - http://localhost:3000/event/create
[Tue, 05 Apr 2016 18:59:40 GMT] ::1 GET /font/roboto/Roboto-Medium.woff HTTP/1.1 304 9.399 ms - http://localhost:3000/event/create
[Tue, 05 Apr 2016 18:59:40 GMT] ::1 GET /font/roboto/Roboto-Bold.woff HTTP/1.1 304 5.950 ms - http://localhost:3000/event/create
[Tue, 05 Apr 2016 19:02:09 GMT] ::1 GET /event/create HTTP/1.1 200 3621.476 ms - -
[Tue, 05 Apr 2016 19:02:09 GMT] ::1 GET /stylesheets/materialize.css HTTP/1.1 304 13.329 ms - http://localhost:3000/event/create
[Tue, 05 Apr 2016 19:02:09 GMT] ::1 GET /stylesheets/style.css HTTP/1.1 304 18.511 ms - http://localhost:3000/event/create
[Tue, 05 Apr 2016 19:02:09 GMT] ::1 GET /font/roboto/Roboto-Thin.woff HTTP/1.1 304 14.533 ms - http://localhost:3000/event/create
[Tue, 05 Apr 2016 19:02:09 GMT] ::1 GET /font/roboto/Roboto-Light.woff HTTP/1.1 304 23.025 ms - http://localhost:3000/event/create
[Tue, 05 Apr 2016 19:02:09 GMT] ::1 GET /font/roboto/Roboto-Regular.woff HTTP/1.1 304 15.359 ms - http://localhost:3000/event/create
[Tue, 05 Apr 2016 19:02:09 GMT] ::1 GET /font/roboto/Roboto-Medium.woff HTTP/1.1 304 14.069 ms - http://localhost:3000/event/create
[Tue, 05 Apr 2016 19:02:09 GMT] ::1 GET /font/roboto/Roboto-Bold.woff HTTP/1.1 304 12.367 ms - http://localhost:3000/event/create
[Tue, 05 Apr 2016 19:02:09 GMT] ::1 GET /images/eh-logo.png HTTP/1.1 304 3.613 ms - http://localhost:3000/event/create
[Tue, 05 Apr 2016 19:02:09 GMT] ::1 GET /images/ticker_tagline.png HTTP/1.1 304 6.478 ms - http://localhost:3000/event/create
[Tue, 05 Apr 2016 19:02:09 GMT] ::1 GET /js/jquery.min.js HTTP/1.1 304 5.462 ms - http://localhost:3000/event/create
[Tue, 05 Apr 2016 19:02:09 GMT] ::1 GET /js/materialize.min.js HTTP/1.1 304 3.428 ms - http://localhost:3000/event/create
[Tue, 05 Apr 2016 19:02:09 GMT] ::1 GET /js/init.js HTTP/1.1 304 3.826 ms - http://localhost:3000/event/create
[Tue, 05 Apr 2016 19:02:09 GMT] ::1 GET /js/picker.time.js HTTP/1.1 304 3.465 ms - http://localhost:3000/event/create
[Tue, 05 Apr 2016 19:02:09 GMT] ::1 GET /js/gmaps.js HTTP/1.1 304 4.455 ms - http://localhost:3000/event/create
[Tue, 05 Apr 2016 19:02:09 GMT] ::1 GET /js/initMaps.js HTTP/1.1 304 3.607 ms - http://localhost:3000/event/create
[Tue, 05 Apr 2016 19:05:07 GMT] ::1 GET /event/create HTTP/1.1 304 3601.901 ms - -
[Tue, 05 Apr 2016 19:05:07 GMT] ::1 GET /stylesheets/materialize.css HTTP/1.1 304 12.350 ms - http://localhost:3000/event/create
[Tue, 05 Apr 2016 19:05:07 GMT] ::1 GET /stylesheets/style.css HTTP/1.1 304 22.924 ms - http://localhost:3000/event/create
[Tue, 05 Apr 2016 19:05:07 GMT] ::1 GET /font/roboto/Roboto-Thin.woff HTTP/1.1 304 18.755 ms - http://localhost:3000/event/create
[Tue, 05 Apr 2016 19:05:07 GMT] ::1 GET /font/roboto/Roboto-Light.woff HTTP/1.1 304 16.968 ms - http://localhost:3000/event/create
[Tue, 05 Apr 2016 19:05:07 GMT] ::1 GET /font/roboto/Roboto-Regular.woff HTTP/1.1 304 20.880 ms - http://localhost:3000/event/create
[Tue, 05 Apr 2016 19:05:07 GMT] ::1 GET /font/roboto/Roboto-Medium.woff HTTP/1.1 304 15.691 ms - http://localhost:3000/event/create
[Tue, 05 Apr 2016 19:05:07 GMT] ::1 GET /font/roboto/Roboto-Bold.woff HTTP/1.1 304 14.857 ms - http://localhost:3000/event/create
[Tue, 05 Apr 2016 19:05:07 GMT] ::1 GET /images/eh-logo.png HTTP/1.1 304 3.617 ms - http://localhost:3000/event/create
[Tue, 05 Apr 2016 19:05:07 GMT] ::1 GET /images/ticker_tagline.png HTTP/1.1 304 5.567 ms - http://localhost:3000/event/create
[Tue, 05 Apr 2016 19:05:07 GMT] ::1 GET /js/jquery.min.js HTTP/1.1 304 3.887 ms - http://localhost:3000/event/create
[Tue, 05 Apr 2016 19:05:07 GMT] ::1 GET /js/materialize.min.js HTTP/1.1 304 3.758 ms - http://localhost:3000/event/create
[Tue, 05 Apr 2016 19:05:07 GMT] ::1 GET /js/init.js HTTP/1.1 200 11.308 ms 2012 http://localhost:3000/event/create
[Tue, 05 Apr 2016 19:05:07 GMT] ::1 GET /js/picker.time.js HTTP/1.1 304 2.881 ms - http://localhost:3000/event/create
[Tue, 05 Apr 2016 19:05:07 GMT] ::1 GET /js/gmaps.js HTTP/1.1 304 3.922 ms - http://localhost:3000/event/create
[Tue, 05 Apr 2016 19:05:07 GMT] ::1 GET /js/initMaps.js HTTP/1.1 304 3.224 ms - http://localhost:3000/event/create
[Tue, 05 Apr 2016 19:19:07 GMT] ::1 GET /event/create HTTP/1.1 200 3951.670 ms - -
[Tue, 05 Apr 2016 19:19:07 GMT] ::1 GET /stylesheets/materialize.css HTTP/1.1 304 10.693 ms - http://localhost:3000/event/create
[Tue, 05 Apr 2016 19:19:07 GMT] ::1 GET /stylesheets/style.css HTTP/1.1 304 12.895 ms - http://localhost:3000/event/create
[Tue, 05 Apr 2016 19:19:07 GMT] ::1 GET /font/roboto/Roboto-Thin.woff HTTP/1.1 304 9.534 ms - http://localhost:3000/event/create
[Tue, 05 Apr 2016 19:19:07 GMT] ::1 GET /font/roboto/Roboto-Light.woff HTTP/1.1 304 23.603 ms - http://localhost:3000/event/create
[Tue, 05 Apr 2016 19:19:07 GMT] ::1 GET /font/roboto/Roboto-Regular.woff HTTP/1.1 304 13.994 ms - http://localhost:3000/event/create
[Tue, 05 Apr 2016 19:19:07 GMT] ::1 GET /font/roboto/Roboto-Medium.woff HTTP/1.1 304 13.089 ms - http://localhost:3000/event/create
[Tue, 05 Apr 2016 19:19:07 GMT] ::1 GET /font/roboto/Roboto-Bold.woff HTTP/1.1 304 20.191 ms - http://localhost:3000/event/create
[Tue, 05 Apr 2016 19:19:07 GMT] ::1 GET /images/eh-logo.png HTTP/1.1 304 13.733 ms - http://localhost:3000/event/create
[Tue, 05 Apr 2016 19:19:07 GMT] ::1 GET /images/ticker_tagline.png HTTP/1.1 304 4.004 ms - http://localhost:3000/event/create
[Tue, 05 Apr 2016 19:19:07 GMT] ::1 GET /js/jquery.min.js HTTP/1.1 304 3.061 ms - http://localhost:3000/event/create
[Tue, 05 Apr 2016 19:19:07 GMT] ::1 GET /js/materialize.min.js HTTP/1.1 304 4.456 ms - http://localhost:3000/event/create
[Tue, 05 Apr 2016 19:19:07 GMT] ::1 GET /js/init.js HTTP/1.1 200 10.989 ms 2012 http://localhost:3000/event/create
[Tue, 05 Apr 2016 19:19:07 GMT] ::1 GET /js/picker.time.js HTTP/1.1 304 5.419 ms - http://localhost:3000/event/create
[Tue, 05 Apr 2016 19:19:07 GMT] ::1 GET /js/gmaps.js HTTP/1.1 304 3.431 ms - http://localhost:3000/event/create
[Tue, 05 Apr 2016 19:19:07 GMT] ::1 GET /js/initMaps.js HTTP/1.1 304 3.726 ms - http://localhost:3000/event/create
[Tue, 05 Apr 2016 19:23:26 GMT] ::1 GET /event/create HTTP/1.1 200 3882.104 ms - -
[Tue, 05 Apr 2016 19:23:26 GMT] ::1 GET /stylesheets/materialize.css HTTP/1.1 304 13.174 ms - http://localhost:3000/event/create
[Tue, 05 Apr 2016 19:23:26 GMT] ::1 GET /stylesheets/style.css HTTP/1.1 304 10.217 ms - http://localhost:3000/event/create
[Tue, 05 Apr 2016 19:23:26 GMT] ::1 GET /font/roboto/Roboto-Thin.woff HTTP/1.1 304 15.204 ms - http://localhost:3000/event/create
[Tue, 05 Apr 2016 19:23:26 GMT] ::1 GET /font/roboto/Roboto-Light.woff HTTP/1.1 304 7.975 ms - http://localhost:3000/event/create
[Tue, 05 Apr 2016 19:23:26 GMT] ::1 GET /font/roboto/Roboto-Regular.woff HTTP/1.1 304 13.375 ms - http://localhost:3000/event/create
[Tue, 05 Apr 2016 19:23:26 GMT] ::1 GET /font/roboto/Roboto-Medium.woff HTTP/1.1 304 9.178 ms - http://localhost:3000/event/create
[Tue, 05 Apr 2016 19:23:26 GMT] ::1 GET /font/roboto/Roboto-Bold.woff HTTP/1.1 304 8.195 ms - http://localhost:3000/event/create
[Tue, 05 Apr 2016 19:23:26 GMT] ::1 GET /images/eh-logo.png HTTP/1.1 304 3.593 ms - http://localhost:3000/event/create
[Tue, 05 Apr 2016 19:23:26 GMT] ::1 GET /images/ticker_tagline.png HTTP/1.1 304 7.075 ms - http://localhost:3000/event/create
[Tue, 05 Apr 2016 19:23:26 GMT] ::1 GET /js/jquery.min.js HTTP/1.1 304 5.697 ms - http://localhost:3000/event/create
[Tue, 05 Apr 2016 19:23:26 GMT] ::1 GET /js/materialize.min.js HTTP/1.1 304 3.164 ms - http://localhost:3000/event/create
[Tue, 05 Apr 2016 19:23:26 GMT] ::1 GET /js/init.js HTTP/1.1 304 3.731 ms - http://localhost:3000/event/create
[Tue, 05 Apr 2016 19:23:26 GMT] ::1 GET /js/picker.time.js HTTP/1.1 304 3.498 ms - http://localhost:3000/event/create
[Tue, 05 Apr 2016 19:23:27 GMT] ::1 GET /js/gmaps.js HTTP/1.1 304 3.735 ms - http://localhost:3000/event/create
[Tue, 05 Apr 2016 19:23:27 GMT] ::1 GET /js/initMaps.js HTTP/1.1 304 4.288 ms - http://localhost:3000/event/create
[Tue, 05 Apr 2016 19:34:24 GMT] ::1 GET /event/create HTTP/1.1 200 3795.498 ms - -
[Tue, 05 Apr 2016 19:34:24 GMT] ::1 GET /stylesheets/materialize.css HTTP/1.1 304 10.701 ms - http://localhost:3000/event/create
[Tue, 05 Apr 2016 19:34:24 GMT] ::1 GET /stylesheets/style.css HTTP/1.1 304 13.441 ms - http://localhost:3000/event/create
[Tue, 05 Apr 2016 19:34:24 GMT] ::1 GET /font/roboto/Roboto-Thin.woff HTTP/1.1 304 10.108 ms - http://localhost:3000/event/create
[Tue, 05 Apr 2016 19:34:24 GMT] ::1 GET /font/roboto/Roboto-Light.woff HTTP/1.1 304 23.836 ms - http://localhost:3000/event/create
[Tue, 05 Apr 2016 19:34:24 GMT] ::1 GET /font/roboto/Roboto-Regular.woff HTTP/1.1 304 14.322 ms - http://localhost:3000/event/create
[Tue, 05 Apr 2016 19:34:24 GMT] ::1 GET /font/roboto/Roboto-Medium.woff HTTP/1.1 304 13.135 ms - http://localhost:3000/event/create
[Tue, 05 Apr 2016 19:34:24 GMT] ::1 GET /font/roboto/Roboto-Bold.woff HTTP/1.1 304 11.607 ms - http://localhost:3000/event/create
[Tue, 05 Apr 2016 19:34:24 GMT] ::1 GET /images/eh-logo.png HTTP/1.1 304 5.973 ms - http://localhost:3000/event/create
[Tue, 05 Apr 2016 19:34:26 GMT] ::1 GET /images/eh-logo.mob.png HTTP/1.1 500 1961.810 ms - http://localhost:3000/event/create
[Tue, 05 Apr 2016 19:34:26 GMT] ::1 GET /images/ticker_tagline.png HTTP/1.1 304 8.909 ms - http://localhost:3000/event/create
[Tue, 05 Apr 2016 19:34:26 GMT] ::1 GET /js/jquery.min.js HTTP/1.1 304 14.670 ms - http://localhost:3000/event/create
[Tue, 05 Apr 2016 19:34:26 GMT] ::1 GET /js/materialize.min.js HTTP/1.1 304 3.559 ms - http://localhost:3000/event/create
[Tue, 05 Apr 2016 19:34:26 GMT] ::1 GET /js/init.js HTTP/1.1 304 3.038 ms - http://localhost:3000/event/create
[Tue, 05 Apr 2016 19:34:26 GMT] ::1 GET /js/picker.time.js HTTP/1.1 304 2.853 ms - http://localhost:3000/event/create
[Tue, 05 Apr 2016 19:34:27 GMT] ::1 GET /js/gmaps.js HTTP/1.1 304 2.890 ms - http://localhost:3000/event/create
[Tue, 05 Apr 2016 19:34:27 GMT] ::1 GET /js/initMaps.js HTTP/1.1 304 3.727 ms - http://localhost:3000/event/create
[Tue, 05 Apr 2016 19:35:01 GMT] ::1 GET /event/create HTTP/1.1 200 4050.824 ms - -
[Tue, 05 Apr 2016 19:35:01 GMT] ::1 GET /stylesheets/materialize.css HTTP/1.1 304 10.996 ms - http://localhost:3000/event/create
[Tue, 05 Apr 2016 19:35:01 GMT] ::1 GET /stylesheets/style.css HTTP/1.1 304 15.258 ms - http://localhost:3000/event/create
[Tue, 05 Apr 2016 19:35:01 GMT] ::1 GET /font/roboto/Roboto-Thin.woff HTTP/1.1 304 12.209 ms - http://localhost:3000/event/create
[Tue, 05 Apr 2016 19:35:01 GMT] ::1 GET /font/roboto/Roboto-Light.woff HTTP/1.1 304 22.101 ms - http://localhost:3000/event/create
[Tue, 05 Apr 2016 19:35:01 GMT] ::1 GET /font/roboto/Roboto-Regular.woff HTTP/1.1 304 17.398 ms - http://localhost:3000/event/create
[Tue, 05 Apr 2016 19:35:01 GMT] ::1 GET /font/roboto/Roboto-Medium.woff HTTP/1.1 304 16.446 ms - http://localhost:3000/event/create
[Tue, 05 Apr 2016 19:35:01 GMT] ::1 GET /font/roboto/Roboto-Bold.woff HTTP/1.1 304 9.586 ms - http://localhost:3000/event/create
[Tue, 05 Apr 2016 19:35:01 GMT] ::1 GET /images/eh-logo.png HTTP/1.1 304 6.425 ms - http://localhost:3000/event/create
[Tue, 05 Apr 2016 19:35:01 GMT] ::1 GET /images/eh-logo-mob.png HTTP/1.1 200 11.472 ms 390 http://localhost:3000/event/create
[Tue, 05 Apr 2016 19:35:01 GMT] ::1 GET /images/ticker_tagline.png HTTP/1.1 304 5.937 ms - http://localhost:3000/event/create
[Tue, 05 Apr 2016 19:35:01 GMT] ::1 GET /js/jquery.min.js HTTP/1.1 304 5.453 ms - http://localhost:3000/event/create
[Tue, 05 Apr 2016 19:35:02 GMT] ::1 GET /js/materialize.min.js HTTP/1.1 304 3.614 ms - http://localhost:3000/event/create
[Tue, 05 Apr 2016 19:35:02 GMT] ::1 GET /js/init.js HTTP/1.1 304 3.997 ms - http://localhost:3000/event/create
[Tue, 05 Apr 2016 19:35:02 GMT] ::1 GET /js/picker.time.js HTTP/1.1 304 4.176 ms - http://localhost:3000/event/create
[Tue, 05 Apr 2016 19:35:02 GMT] ::1 GET /js/gmaps.js HTTP/1.1 304 2.849 ms - http://localhost:3000/event/create
[Tue, 05 Apr 2016 19:35:02 GMT] ::1 GET /js/initMaps.js HTTP/1.1 304 3.888 ms - http://localhost:3000/event/create
[Tue, 05 Apr 2016 19:36:07 GMT] ::1 GET /event/create HTTP/1.1 304 1904.757 ms - -
[Tue, 05 Apr 2016 19:36:07 GMT] ::1 GET /stylesheets/materialize.css HTTP/1.1 304 3.887 ms - http://localhost:3000/event/create
[Tue, 05 Apr 2016 19:36:08 GMT] ::1 GET /stylesheets/style.css HTTP/1.1 304 3.631 ms - http://localhost:3000/event/create
[Tue, 05 Apr 2016 19:36:08 GMT] ::1 GET /font/roboto/Roboto-Thin.woff HTTP/1.1 304 8.551 ms - http://localhost:3000/event/create
[Tue, 05 Apr 2016 19:36:08 GMT] ::1 GET /font/roboto/Roboto-Light.woff HTTP/1.1 304 15.572 ms - http://localhost:3000/event/create
[Tue, 05 Apr 2016 19:36:08 GMT] ::1 GET /font/roboto/Roboto-Regular.woff HTTP/1.1 304 11.828 ms - http://localhost:3000/event/create
[Tue, 05 Apr 2016 19:36:08 GMT] ::1 GET /font/roboto/Roboto-Medium.woff HTTP/1.1 304 11.454 ms - http://localhost:3000/event/create
[Tue, 05 Apr 2016 19:36:08 GMT] ::1 GET /font/roboto/Roboto-Bold.woff HTTP/1.1 304 9.488 ms - http://localhost:3000/event/create
[Tue, 05 Apr 2016 19:36:08 GMT] ::1 GET /images/eh-logo.png HTTP/1.1 304 20.284 ms - http://localhost:3000/event/create
[Tue, 05 Apr 2016 19:36:08 GMT] ::1 GET /images/eh-logo-mob.png HTTP/1.1 200 8.501 ms 1273 http://localhost:3000/event/create
[Tue, 05 Apr 2016 19:36:08 GMT] ::1 GET /images/ticker_tagline.png HTTP/1.1 304 8.267 ms - http://localhost:3000/event/create
[Tue, 05 Apr 2016 19:36:08 GMT] ::1 GET /js/jquery.min.js HTTP/1.1 304 6.098 ms - http://localhost:3000/event/create
[Tue, 05 Apr 2016 19:36:08 GMT] ::1 GET /js/materialize.min.js HTTP/1.1 304 4.100 ms - http://localhost:3000/event/create
[Tue, 05 Apr 2016 19:36:08 GMT] ::1 GET /js/init.js HTTP/1.1 304 4.830 ms - http://localhost:3000/event/create
[Tue, 05 Apr 2016 19:36:08 GMT] ::1 GET /js/picker.time.js HTTP/1.1 304 5.550 ms - http://localhost:3000/event/create
[Tue, 05 Apr 2016 19:36:08 GMT] ::1 GET /js/gmaps.js HTTP/1.1 304 5.733 ms - http://localhost:3000/event/create
[Tue, 05 Apr 2016 19:36:08 GMT] ::1 GET /js/initMaps.js HTTP/1.1 304 4.648 ms - http://localhost:3000/event/create
[Tue, 05 Apr 2016 19:36:37 GMT] ::1 GET / HTTP/1.1 500 3789.500 ms - http://localhost:3000/event/create
[Tue, 05 Apr 2016 19:37:59 GMT] ::1 GET / HTTP/1.1 200 3729.079 ms - -
[Tue, 05 Apr 2016 19:37:59 GMT] ::1 GET /stylesheets/materialize.css HTTP/1.1 304 38.971 ms - http://localhost:3000/
[Tue, 05 Apr 2016 19:37:59 GMT] ::1 GET /stylesheets/style.css HTTP/1.1 304 26.622 ms - http://localhost:3000/
[Tue, 05 Apr 2016 19:37:59 GMT] ::1 GET /images/eh-logo.png HTTP/1.1 304 35.340 ms - http://localhost:3000/
[Tue, 05 Apr 2016 19:37:59 GMT] ::1 GET /images/eh-logo-mob.png HTTP/1.1 304 34.554 ms - http://localhost:3000/
[Tue, 05 Apr 2016 19:37:59 GMT] ::1 GET /images/background1.jpg HTTP/1.1 304 33.393 ms - http://localhost:3000/
[Tue, 05 Apr 2016 19:37:59 GMT] ::1 GET /images/background5.jpg HTTP/1.1 304 33.502 ms - http://localhost:3000/
[Tue, 05 Apr 2016 19:37:59 GMT] ::1 GET /js/jquery.min.js HTTP/1.1 304 42.007 ms - http://localhost:3000/
[Tue, 05 Apr 2016 19:37:59 GMT] ::1 GET /js/materialize.min.js HTTP/1.1 304 41.895 ms - http://localhost:3000/
[Tue, 05 Apr 2016 19:37:59 GMT] ::1 GET /js/init.js HTTP/1.1 304 10.384 ms - http://localhost:3000/
[Tue, 05 Apr 2016 19:37:59 GMT] ::1 GET /images/background2.jpg HTTP/1.1 304 8.250 ms - http://localhost:3000/
[Tue, 05 Apr 2016 19:37:59 GMT] ::1 GET /images/ticker_tagline.png HTTP/1.1 304 10.942 ms - http://localhost:3000/
[Tue, 05 Apr 2016 19:37:59 GMT] ::1 GET /font/roboto/Roboto-Thin.woff HTTP/1.1 304 6.544 ms - http://localhost:3000/
[Tue, 05 Apr 2016 19:37:59 GMT] ::1 GET /font/roboto/Roboto-Light.woff HTTP/1.1 304 5.838 ms - http://localhost:3000/
[Tue, 05 Apr 2016 19:37:59 GMT] ::1 GET /font/roboto/Roboto-Regular.woff HTTP/1.1 304 5.904 ms - http://localhost:3000/
[Tue, 05 Apr 2016 19:37:59 GMT] ::1 GET /font/roboto/Roboto-Medium.woff HTTP/1.1 304 8.667 ms - http://localhost:3000/
[Tue, 05 Apr 2016 19:37:59 GMT] ::1 GET /font/roboto/Roboto-Bold.woff HTTP/1.1 304 5.845 ms - http://localhost:3000/
[Tue, 05 Apr 2016 19:37:59 GMT] ::1 GET /font/material-design-icons/Material-Design-Icons.woff HTTP/1.1 304 3.652 ms - http://localhost:3000/
[Tue, 05 Apr 2016 19:38:30 GMT] ::1 GET / HTTP/1.1 200 1748.356 ms - http://localhost:3000/event/create
[Tue, 05 Apr 2016 19:38:34 GMT] ::1 GET /images/eh-logo-mob.png HTTP/1.1 200 15.428 ms 1273 http://localhost:3000/
[Tue, 05 Apr 2016 19:38:34 GMT] ::1 GET /stylesheets/materialize.css HTTP/1.1 304 6.626 ms - http://localhost:3000/
[Tue, 05 Apr 2016 19:38:34 GMT] ::1 GET /stylesheets/style.css HTTP/1.1 304 5.322 ms - http://localhost:3000/
[Tue, 05 Apr 2016 19:38:34 GMT] ::1 GET /js/jquery.min.js HTTP/1.1 304 3.307 ms - http://localhost:3000/
[Tue, 05 Apr 2016 19:38:34 GMT] ::1 GET /js/materialize.min.js HTTP/1.1 304 25.920 ms - http://localhost:3000/
[Tue, 05 Apr 2016 19:38:34 GMT] ::1 GET /images/eh-logo.png HTTP/1.1 304 20.745 ms - http://localhost:3000/
[Tue, 05 Apr 2016 19:38:34 GMT] ::1 GET /images/background1.jpg HTTP/1.1 304 19.036 ms - http://localhost:3000/
[Tue, 05 Apr 2016 19:38:34 GMT] ::1 GET /images/background5.jpg HTTP/1.1 304 17.516 ms - http://localhost:3000/
[Tue, 05 Apr 2016 19:38:34 GMT] ::1 GET /images/background2.jpg HTTP/1.1 304 19.523 ms - http://localhost:3000/
[Tue, 05 Apr 2016 19:38:34 GMT] ::1 GET /js/init.js HTTP/1.1 200 34.223 ms 2012 http://localhost:3000/
[Tue, 05 Apr 2016 19:38:34 GMT] ::1 GET /images/ticker_tagline.png HTTP/1.1 304 3.890 ms - http://localhost:3000/
[Tue, 05 Apr 2016 19:38:34 GMT] ::1 GET /font/material-design-icons/Material-Design-Icons.woff2 HTTP/1.1 304 3.887 ms - http://localhost:3000/stylesheets/materialize.css
[Tue, 05 Apr 2016 19:40:44 GMT] ::1 GET / HTTP/1.1 200 3630.278 ms - http://localhost:3000/
[Tue, 05 Apr 2016 19:40:44 GMT] ::1 GET /stylesheets/materialize.css HTTP/1.1 304 50.107 ms - http://localhost:3000/
[Tue, 05 Apr 2016 19:40:44 GMT] ::1 GET /stylesheets/style.css HTTP/1.1 304 38.741 ms - http://localhost:3000/
[Tue, 05 Apr 2016 19:40:44 GMT] ::1 GET /images/eh-logo.png HTTP/1.1 304 34.957 ms - http://localhost:3000/
[Tue, 05 Apr 2016 19:40:44 GMT] ::1 GET /images/eh-logo-mob.png HTTP/1.1 304 33.444 ms - http://localhost:3000/
[Tue, 05 Apr 2016 19:40:44 GMT] ::1 GET /images/background1.jpg HTTP/1.1 304 33.026 ms - http://localhost:3000/
[Tue, 05 Apr 2016 19:40:44 GMT] ::1 GET /images/background5.jpg HTTP/1.1 304 62.759 ms - http://localhost:3000/
[Tue, 05 Apr 2016 19:40:44 GMT] ::1 GET /js/jquery.min.js HTTP/1.1 304 21.308 ms - http://localhost:3000/
[Tue, 05 Apr 2016 19:40:44 GMT] ::1 GET /js/materialize.min.js HTTP/1.1 304 20.191 ms - http://localhost:3000/
[Tue, 05 Apr 2016 19:40:44 GMT] ::1 GET /js/picker.time.js HTTP/1.1 304 18.797 ms - http://localhost:3000/
[Tue, 05 Apr 2016 19:40:44 GMT] ::1 GET /js/init.js HTTP/1.1 304 19.766 ms - http://localhost:3000/
[Tue, 05 Apr 2016 19:40:44 GMT] ::1 GET /images/background2.jpg HTTP/1.1 304 18.766 ms - http://localhost:3000/
[Tue, 05 Apr 2016 19:40:44 GMT] ::1 GET /images/ticker_tagline.png HTTP/1.1 304 19.486 ms - http://localhost:3000/
[Tue, 05 Apr 2016 19:40:44 GMT] ::1 GET /font/roboto/Roboto-Thin.woff HTTP/1.1 304 7.357 ms - http://localhost:3000/
[Tue, 05 Apr 2016 19:40:44 GMT] ::1 GET /font/roboto/Roboto-Light.woff HTTP/1.1 304 12.648 ms - http://localhost:3000/
[Tue, 05 Apr 2016 19:40:44 GMT] ::1 GET /font/roboto/Roboto-Regular.woff HTTP/1.1 304 9.881 ms - http://localhost:3000/
[Tue, 05 Apr 2016 19:40:44 GMT] ::1 GET /font/roboto/Roboto-Medium.woff HTTP/1.1 304 11.381 ms - http://localhost:3000/
[Tue, 05 Apr 2016 19:40:44 GMT] ::1 GET /font/roboto/Roboto-Bold.woff HTTP/1.1 304 8.679 ms - http://localhost:3000/
[Tue, 05 Apr 2016 19:40:44 GMT] ::1 GET /font/material-design-icons/Material-Design-Icons.woff HTTP/1.1 304 3.244 ms - http://localhost:3000/
[Tue, 05 Apr 2016 19:41:03 GMT] ::1 GET /event/create HTTP/1.1 200 1931.308 ms - http://localhost:3000/
[Tue, 05 Apr 2016 19:41:03 GMT] ::1 GET /stylesheets/materialize.css HTTP/1.1 304 13.652 ms - http://localhost:3000/event/create
[Tue, 05 Apr 2016 19:41:03 GMT] ::1 GET /stylesheets/style.css HTTP/1.1 304 16.797 ms - http://localhost:3000/event/create
[Tue, 05 Apr 2016 19:41:03 GMT] ::1 GET /images/eh-logo.png HTTP/1.1 304 11.700 ms - http://localhost:3000/event/create
[Tue, 05 Apr 2016 19:41:03 GMT] ::1 GET /images/eh-logo-mob.png HTTP/1.1 304 35.460 ms - http://localhost:3000/event/create
[Tue, 05 Apr 2016 19:41:03 GMT] ::1 GET /images/ticker_tagline.png HTTP/1.1 304 27.225 ms - http://localhost:3000/event/create
[Tue, 05 Apr 2016 19:41:03 GMT] ::1 GET /js/jquery.min.js HTTP/1.1 304 32.756 ms - http://localhost:3000/event/create
[Tue, 05 Apr 2016 19:41:03 GMT] ::1 GET /js/materialize.min.js HTTP/1.1 304 30.751 ms - http://localhost:3000/event/create
[Tue, 05 Apr 2016 19:41:03 GMT] ::1 GET /js/picker.time.js HTTP/1.1 304 29.735 ms - http://localhost:3000/event/create
[Tue, 05 Apr 2016 19:41:03 GMT] ::1 GET /js/init.js HTTP/1.1 304 21.694 ms - http://localhost:3000/event/create
[Tue, 05 Apr 2016 19:41:03 GMT] ::1 GET /js/gmaps.js HTTP/1.1 304 12.933 ms - http://localhost:3000/event/create
[Tue, 05 Apr 2016 19:41:03 GMT] ::1 GET /js/initMaps.js HTTP/1.1 304 10.924 ms - http://localhost:3000/event/create
[Tue, 05 Apr 2016 19:41:03 GMT] ::1 GET /font/roboto/Roboto-Thin.woff HTTP/1.1 304 16.275 ms - http://localhost:3000/event/create
[Tue, 05 Apr 2016 19:41:03 GMT] ::1 GET /font/roboto/Roboto-Light.woff HTTP/1.1 304 13.231 ms - http://localhost:3000/event/create
[Tue, 05 Apr 2016 19:41:03 GMT] ::1 GET /font/roboto/Roboto-Regular.woff HTTP/1.1 304 16.824 ms - http://localhost:3000/event/create
[Tue, 05 Apr 2016 19:41:03 GMT] ::1 GET /font/roboto/Roboto-Medium.woff HTTP/1.1 304 12.292 ms - http://localhost:3000/event/create
[Tue, 05 Apr 2016 19:41:03 GMT] ::1 GET /font/roboto/Roboto-Bold.woff HTTP/1.1 304 7.730 ms - http://localhost:3000/event/create
[Tue, 05 Apr 2016 19:44:04 GMT] ::1 GET / HTTP/1.1 304 3549.098 ms - http://localhost:3000/event/create
[Tue, 05 Apr 2016 19:44:04 GMT] ::1 GET /stylesheets/materialize.css HTTP/1.1 304 37.578 ms - http://localhost:3000/
[Tue, 05 Apr 2016 19:44:04 GMT] ::1 GET /stylesheets/style.css HTTP/1.1 304 30.745 ms - http://localhost:3000/
[Tue, 05 Apr 2016 19:44:04 GMT] ::1 GET /images/eh-logo.png HTTP/1.1 304 32.823 ms - http://localhost:3000/
[Tue, 05 Apr 2016 19:44:04 GMT] ::1 GET /images/eh-logo-mob.png HTTP/1.1 304 32.701 ms - http://localhost:3000/
[Tue, 05 Apr 2016 19:44:04 GMT] ::1 GET /images/background1.jpg HTTP/1.1 304 33.498 ms - http://localhost:3000/
[Tue, 05 Apr 2016 19:44:04 GMT] ::1 GET /images/background5.jpg HTTP/1.1 304 49.586 ms - http://localhost:3000/
[Tue, 05 Apr 2016 19:44:04 GMT] ::1 GET /js/jquery.min.js HTTP/1.1 304 43.452 ms - http://localhost:3000/
[Tue, 05 Apr 2016 19:44:04 GMT] ::1 GET /js/materialize.min.js HTTP/1.1 304 42.169 ms - http://localhost:3000/
[Tue, 05 Apr 2016 19:44:04 GMT] ::1 GET /js/picker.time.js HTTP/1.1 304 27.723 ms - http://localhost:3000/
[Tue, 05 Apr 2016 19:44:04 GMT] ::1 GET /js/init.js HTTP/1.1 304 27.451 ms - http://localhost:3000/
[Tue, 05 Apr 2016 19:44:04 GMT] ::1 GET /images/background2.jpg HTTP/1.1 304 24.370 ms - http://localhost:3000/
[Tue, 05 Apr 2016 19:44:04 GMT] ::1 GET /images/ticker_tagline.png HTTP/1.1 304 17.172 ms - http://localhost:3000/
[Tue, 05 Apr 2016 19:44:04 GMT] ::1 GET /font/roboto/Roboto-Thin.woff HTTP/1.1 304 7.381 ms - http://localhost:3000/
[Tue, 05 Apr 2016 19:44:04 GMT] ::1 GET /font/roboto/Roboto-Light.woff HTTP/1.1 304 14.117 ms - http://localhost:3000/
[Tue, 05 Apr 2016 19:44:04 GMT] ::1 GET /font/roboto/Roboto-Regular.woff HTTP/1.1 304 10.530 ms - http://localhost:3000/
[Tue, 05 Apr 2016 19:44:04 GMT] ::1 GET /font/roboto/Roboto-Medium.woff HTTP/1.1 304 10.391 ms - http://localhost:3000/
[Tue, 05 Apr 2016 19:44:04 GMT] ::1 GET /font/roboto/Roboto-Bold.woff HTTP/1.1 304 7.271 ms - http://localhost:3000/
[Tue, 05 Apr 2016 19:44:04 GMT] ::1 GET /font/material-design-icons/Material-Design-Icons.woff HTTP/1.1 304 3.402 ms - http://localhost:3000/
[Tue, 05 Apr 2016 19:44:09 GMT] ::1 GET /event/create HTTP/1.1 200 2271.938 ms - http://localhost:3000/
[Tue, 05 Apr 2016 19:44:09 GMT] ::1 GET /stylesheets/materialize.css HTTP/1.1 304 29.370 ms - http://localhost:3000/event/create
[Tue, 05 Apr 2016 19:44:09 GMT] ::1 GET /stylesheets/style.css HTTP/1.1 304 25.193 ms - http://localhost:3000/event/create
[Tue, 05 Apr 2016 19:44:09 GMT] ::1 GET /images/eh-logo.png HTTP/1.1 304 22.229 ms - http://localhost:3000/event/create
[Tue, 05 Apr 2016 19:44:09 GMT] ::1 GET /images/eh-logo-mob.png HTTP/1.1 304 20.351 ms - http://localhost:3000/event/create
[Tue, 05 Apr 2016 19:44:09 GMT] ::1 GET /images/ticker_tagline.png HTTP/1.1 304 63.222 ms - http://localhost:3000/event/create
[Tue, 05 Apr 2016 19:44:09 GMT] ::1 GET /js/jquery.min.js HTTP/1.1 304 58.613 ms - http://localhost:3000/event/create
[Tue, 05 Apr 2016 19:44:09 GMT] ::1 GET /js/materialize.min.js HTTP/1.1 304 28.503 ms - http://localhost:3000/event/create
[Tue, 05 Apr 2016 19:44:09 GMT] ::1 GET /js/picker.time.js HTTP/1.1 304 24.952 ms - http://localhost:3000/event/create
[Tue, 05 Apr 2016 19:44:09 GMT] ::1 GET /js/init.js HTTP/1.1 304 12.424 ms - http://localhost:3000/event/create
[Tue, 05 Apr 2016 19:44:09 GMT] ::1 GET /js/gmaps.js HTTP/1.1 304 10.027 ms - http://localhost:3000/event/create
[Tue, 05 Apr 2016 19:44:09 GMT] ::1 GET /js/initMaps.js HTTP/1.1 304 8.528 ms - http://localhost:3000/event/create
[Tue, 05 Apr 2016 19:44:09 GMT] ::1 GET /font/roboto/Roboto-Thin.woff HTTP/1.1 304 8.486 ms - http://localhost:3000/event/create
[Tue, 05 Apr 2016 19:44:09 GMT] ::1 GET /font/roboto/Roboto-Light.woff HTTP/1.1 304 11.333 ms - http://localhost:3000/event/create
[Tue, 05 Apr 2016 19:44:09 GMT] ::1 GET /font/roboto/Roboto-Regular.woff HTTP/1.1 304 12.196 ms - http://localhost:3000/event/create
[Tue, 05 Apr 2016 19:44:09 GMT] ::1 GET /font/roboto/Roboto-Medium.woff HTTP/1.1 304 7.068 ms - http://localhost:3000/event/create
[Tue, 05 Apr 2016 19:44:09 GMT] ::1 GET /font/roboto/Roboto-Bold.woff HTTP/1.1 304 7.991 ms - http://localhost:3000/event/create
[Tue, 05 Apr 2016 20:11:21 GMT] ::1 GET /event/create HTTP/1.1 200 4110.791 ms - http://localhost:3000/
[Tue, 05 Apr 2016 20:11:21 GMT] ::1 GET /stylesheets/materialize.css HTTP/1.1 304 11.481 ms - http://localhost:3000/event/create
[Tue, 05 Apr 2016 20:11:21 GMT] ::1 GET /stylesheets/style.css HTTP/1.1 304 7.257 ms - http://localhost:3000/event/create
[Tue, 05 Apr 2016 20:11:21 GMT] ::1 GET /font/roboto/Roboto-Thin.woff HTTP/1.1 304 15.174 ms - http://localhost:3000/event/create
[Tue, 05 Apr 2016 20:11:21 GMT] ::1 GET /font/roboto/Roboto-Light.woff HTTP/1.1 304 13.828 ms - http://localhost:3000/event/create
[Tue, 05 Apr 2016 20:11:21 GMT] ::1 GET /font/roboto/Roboto-Regular.woff HTTP/1.1 304 12.426 ms - http://localhost:3000/event/create
[Tue, 05 Apr 2016 20:11:21 GMT] ::1 GET /font/roboto/Roboto-Medium.woff HTTP/1.1 304 14.326 ms - http://localhost:3000/event/create
[Tue, 05 Apr 2016 20:11:21 GMT] ::1 GET /font/roboto/Roboto-Bold.woff HTTP/1.1 304 10.702 ms - http://localhost:3000/event/create
[Tue, 05 Apr 2016 20:11:21 GMT] ::1 GET /images/eh-logo.png HTTP/1.1 304 6.787 ms - http://localhost:3000/event/create
[Tue, 05 Apr 2016 20:11:21 GMT] ::1 GET /images/eh-logo-mob.png HTTP/1.1 304 6.617 ms - http://localhost:3000/event/create
[Tue, 05 Apr 2016 20:11:21 GMT] ::1 GET /images/ticker_tagline.png HTTP/1.1 304 5.534 ms - http://localhost:3000/event/create
[Tue, 05 Apr 2016 20:11:21 GMT] ::1 GET /js/jquery.min.js HTTP/1.1 304 5.134 ms - http://localhost:3000/event/create
[Tue, 05 Apr 2016 20:11:21 GMT] ::1 GET /js/materialize.min.js HTTP/1.1 304 5.047 ms - http://localhost:3000/event/create
[Tue, 05 Apr 2016 20:11:21 GMT] ::1 GET /js/picker.time.js HTTP/1.1 304 3.039 ms - http://localhost:3000/event/create
[Tue, 05 Apr 2016 20:11:21 GMT] ::1 GET /js/init.js HTTP/1.1 304 4.009 ms - http://localhost:3000/event/create
[Tue, 05 Apr 2016 20:11:22 GMT] ::1 GET /js/gmaps.js HTTP/1.1 304 3.361 ms - http://localhost:3000/event/create
[Tue, 05 Apr 2016 20:11:22 GMT] ::1 GET /js/initMaps.js HTTP/1.1 304 4.239 ms - http://localhost:3000/event/create
[Tue, 05 Apr 2016 20:21:11 GMT] ::1 GET / HTTP/1.1 304 1812.748 ms - http://localhost:3000/event/create
[Tue, 05 Apr 2016 20:21:11 GMT] ::1 GET /stylesheets/materialize.css HTTP/1.1 304 10.878 ms - http://localhost:3000/
[Tue, 05 Apr 2016 20:21:11 GMT] ::1 GET /stylesheets/style.css HTTP/1.1 304 20.697 ms - http://localhost:3000/
[Tue, 05 Apr 2016 20:21:11 GMT] ::1 GET /images/eh-logo.png HTTP/1.1 304 15.299 ms - http://localhost:3000/
[Tue, 05 Apr 2016 20:21:11 GMT] ::1 GET /images/eh-logo-mob.png HTTP/1.1 304 28.551 ms - http://localhost:3000/
[Tue, 05 Apr 2016 20:21:11 GMT] ::1 GET /images/background1.jpg HTTP/1.1 304 34.483 ms - http://localhost:3000/
[Tue, 05 Apr 2016 20:21:11 GMT] ::1 GET /images/background5.jpg HTTP/1.1 304 39.953 ms - http://localhost:3000/
[Tue, 05 Apr 2016 20:21:11 GMT] ::1 GET /images/background2.jpg HTTP/1.1 304 54.890 ms - http://localhost:3000/
[Tue, 05 Apr 2016 20:21:11 GMT] ::1 GET /js/jquery.min.js HTTP/1.1 304 46.880 ms - http://localhost:3000/
[Tue, 05 Apr 2016 20:21:11 GMT] ::1 GET /images/ticker_tagline.png HTTP/1.1 304 60.539 ms - http://localhost:3000/
[Tue, 05 Apr 2016 20:21:11 GMT] ::1 GET /js/materialize.min.js HTTP/1.1 304 26.931 ms - http://localhost:3000/
[Tue, 05 Apr 2016 20:21:11 GMT] ::1 GET /js/picker.time.js HTTP/1.1 304 26.446 ms - http://localhost:3000/
[Tue, 05 Apr 2016 20:21:11 GMT] ::1 GET /js/init.js HTTP/1.1 304 19.323 ms - http://localhost:3000/
[Tue, 05 Apr 2016 20:21:11 GMT] ::1 GET /font/roboto/Roboto-Thin.woff HTTP/1.1 304 3.153 ms - http://localhost:3000/
[Tue, 05 Apr 2016 20:21:11 GMT] ::1 GET /font/roboto/Roboto-Light.woff HTTP/1.1 304 10.503 ms - http://localhost:3000/
[Tue, 05 Apr 2016 20:21:11 GMT] ::1 GET /font/roboto/Roboto-Regular.woff HTTP/1.1 304 16.076 ms - http://localhost:3000/
[Tue, 05 Apr 2016 20:21:11 GMT] ::1 GET /font/roboto/Roboto-Medium.woff HTTP/1.1 304 11.727 ms - http://localhost:3000/
[Tue, 05 Apr 2016 20:21:11 GMT] ::1 GET /font/roboto/Roboto-Bold.woff HTTP/1.1 304 8.261 ms - http://localhost:3000/
[Tue, 05 Apr 2016 20:21:11 GMT] ::1 GET /font/material-design-icons/Material-Design-Icons.woff HTTP/1.1 304 4.064 ms - http://localhost:3000/
[Tue, 05 Apr 2016 20:36:23 GMT] ::1 GET /event/create HTTP/1.1 200 4159.622 ms - http://localhost:3000/
[Tue, 05 Apr 2016 20:36:23 GMT] ::1 GET /stylesheets/materialize.css HTTP/1.1 304 102.937 ms - http://localhost:3000/event/create
[Tue, 05 Apr 2016 20:36:23 GMT] ::1 GET /stylesheets/style.css HTTP/1.1 304 95.405 ms - http://localhost:3000/event/create
[Tue, 05 Apr 2016 20:36:23 GMT] ::1 GET /images/eh-logo.png HTTP/1.1 304 93.188 ms - http://localhost:3000/event/create
[Tue, 05 Apr 2016 20:36:23 GMT] ::1 GET /images/eh-logo-mob.png HTTP/1.1 304 84.721 ms - http://localhost:3000/event/create
[Tue, 05 Apr 2016 20:36:23 GMT] ::1 GET /images/ticker_tagline.png HTTP/1.1 304 81.922 ms - http://localhost:3000/event/create
[Tue, 05 Apr 2016 20:36:23 GMT] ::1 GET /js/jquery.min.js HTTP/1.1 304 46.037 ms - http://localhost:3000/event/create
[Tue, 05 Apr 2016 20:36:23 GMT] ::1 GET /js/materialize.min.js HTTP/1.1 304 26.293 ms - http://localhost:3000/event/create
[Tue, 05 Apr 2016 20:36:23 GMT] ::1 GET /js/picker.time.js HTTP/1.1 304 27.545 ms - http://localhost:3000/event/create
[Tue, 05 Apr 2016 20:36:23 GMT] ::1 GET /js/init.js HTTP/1.1 304 24.750 ms - http://localhost:3000/event/create
[Tue, 05 Apr 2016 20:36:23 GMT] ::1 GET /js/gmaps.js HTTP/1.1 304 25.292 ms - http://localhost:3000/event/create
[Tue, 05 Apr 2016 20:36:23 GMT] ::1 GET /js/initMaps.js HTTP/1.1 304 25.207 ms - http://localhost:3000/event/create
[Tue, 05 Apr 2016 20:36:23 GMT] ::1 GET /font/roboto/Roboto-Thin.woff HTTP/1.1 304 9.483 ms - http://localhost:3000/event/create
[Tue, 05 Apr 2016 20:36:23 GMT] ::1 GET /font/roboto/Roboto-Light.woff HTTP/1.1 304 7.392 ms - http://localhost:3000/event/create
[Tue, 05 Apr 2016 20:36:23 GMT] ::1 GET /font/roboto/Roboto-Regular.woff HTTP/1.1 304 15.824 ms - http://localhost:3000/event/create
[Tue, 05 Apr 2016 20:36:23 GMT] ::1 GET /font/roboto/Roboto-Medium.woff HTTP/1.1 304 7.995 ms - http://localhost:3000/event/create
[Tue, 05 Apr 2016 20:36:23 GMT] ::1 GET /font/roboto/Roboto-Bold.woff HTTP/1.1 304 7.747 ms - http://localhost:3000/event/create
[Tue, 05 Apr 2016 20:37:11 GMT] ::1 GET /event/create HTTP/1.1 200 4083.354 ms - http://localhost:3000/
[Tue, 05 Apr 2016 20:37:11 GMT] ::1 GET /stylesheets/materialize.css HTTP/1.1 304 11.743 ms - http://localhost:3000/event/create
[Tue, 05 Apr 2016 20:37:11 GMT] ::1 GET /stylesheets/style.css HTTP/1.1 304 5.929 ms - http://localhost:3000/event/create
[Tue, 05 Apr 2016 20:37:11 GMT] ::1 GET /font/roboto/Roboto-Thin.woff HTTP/1.1 304 15.583 ms - http://localhost:3000/event/create
[Tue, 05 Apr 2016 20:37:11 GMT] ::1 GET /font/roboto/Roboto-Light.woff HTTP/1.1 304 14.313 ms - http://localhost:3000/event/create
[Tue, 05 Apr 2016 20:37:11 GMT] ::1 GET /font/roboto/Roboto-Regular.woff HTTP/1.1 304 17.533 ms - http://localhost:3000/event/create
[Tue, 05 Apr 2016 20:37:11 GMT] ::1 GET /font/roboto/Roboto-Medium.woff HTTP/1.1 304 14.983 ms - http://localhost:3000/event/create
[Tue, 05 Apr 2016 20:37:11 GMT] ::1 GET /font/roboto/Roboto-Bold.woff HTTP/1.1 304 9.851 ms - http://localhost:3000/event/create
[Tue, 05 Apr 2016 20:37:11 GMT] ::1 GET /images/eh-logo.png HTTP/1.1 304 8.560 ms - http://localhost:3000/event/create
[Tue, 05 Apr 2016 20:37:11 GMT] ::1 GET /images/eh-logo-mob.png HTTP/1.1 304 7.133 ms - http://localhost:3000/event/create
[Tue, 05 Apr 2016 20:37:11 GMT] ::1 GET /images/ticker_tagline.png HTTP/1.1 304 4.431 ms - http://localhost:3000/event/create
[Tue, 05 Apr 2016 20:37:11 GMT] ::1 GET /js/jquery.min.js HTTP/1.1 304 3.994 ms - http://localhost:3000/event/create
[Tue, 05 Apr 2016 20:37:11 GMT] ::1 GET /js/materialize.min.js HTTP/1.1 304 3.579 ms - http://localhost:3000/event/create
[Tue, 05 Apr 2016 20:37:11 GMT] ::1 GET /js/picker.time.js HTTP/1.1 304 3.354 ms - http://localhost:3000/event/create
[Tue, 05 Apr 2016 20:37:11 GMT] ::1 GET /js/init.js HTTP/1.1 304 4.283 ms - http://localhost:3000/event/create
[Tue, 05 Apr 2016 20:37:11 GMT] ::1 GET /js/gmaps.js HTTP/1.1 304 2.893 ms - http://localhost:3000/event/create
[Tue, 05 Apr 2016 20:37:12 GMT] ::1 GET /js/initMaps.js HTTP/1.1 304 3.885 ms - http://localhost:3000/event/create
[Tue, 05 Apr 2016 20:38:34 GMT] ::1 GET /event/create HTTP/1.1 200 4237.815 ms - http://localhost:3000/
[Tue, 05 Apr 2016 20:38:34 GMT] ::1 GET /stylesheets/materialize.css HTTP/1.1 304 11.724 ms - http://localhost:3000/event/create
[Tue, 05 Apr 2016 20:38:34 GMT] ::1 GET /stylesheets/style.css HTTP/1.1 304 10.798 ms - http://localhost:3000/event/create
[Tue, 05 Apr 2016 20:38:34 GMT] ::1 GET /font/roboto/Roboto-Thin.woff HTTP/1.1 304 16.353 ms - http://localhost:3000/event/create
[Tue, 05 Apr 2016 20:38:34 GMT] ::1 GET /font/roboto/Roboto-Light.woff HTTP/1.1 304 18.171 ms - http://localhost:3000/event/create
[Tue, 05 Apr 2016 20:38:34 GMT] ::1 GET /font/roboto/Roboto-Regular.woff HTTP/1.1 304 13.133 ms - http://localhost:3000/event/create
[Tue, 05 Apr 2016 20:38:34 GMT] ::1 GET /font/roboto/Roboto-Medium.woff HTTP/1.1 304 11.120 ms - http://localhost:3000/event/create
[Tue, 05 Apr 2016 20:38:34 GMT] ::1 GET /font/roboto/Roboto-Bold.woff HTTP/1.1 304 11.071 ms - http://localhost:3000/event/create
[Tue, 05 Apr 2016 20:38:34 GMT] ::1 GET /images/eh-logo.png HTTP/1.1 304 7.101 ms - http://localhost:3000/event/create
[Tue, 05 Apr 2016 20:38:34 GMT] ::1 GET /images/eh-logo-mob.png HTTP/1.1 304 5.475 ms - http://localhost:3000/event/create
[Tue, 05 Apr 2016 20:38:34 GMT] ::1 GET /js/jquery.min.js HTTP/1.1 304 3.822 ms - http://localhost:3000/event/create
[Tue, 05 Apr 2016 20:38:34 GMT] ::1 GET /images/ticker_tagline.png HTTP/1.1 304 4.020 ms - http://localhost:3000/event/create
[Tue, 05 Apr 2016 20:38:35 GMT] ::1 GET /js/materialize.min.js HTTP/1.1 304 3.039 ms - http://localhost:3000/event/create
[Tue, 05 Apr 2016 20:38:35 GMT] ::1 GET /js/picker.time.js HTTP/1.1 304 3.566 ms - http://localhost:3000/event/create
[Tue, 05 Apr 2016 20:38:35 GMT] ::1 GET /js/init.js HTTP/1.1 304 4.243 ms - http://localhost:3000/event/create
[Tue, 05 Apr 2016 20:38:35 GMT] ::1 GET /js/gmaps.js HTTP/1.1 304 3.235 ms - http://localhost:3000/event/create
[Tue, 05 Apr 2016 20:38:35 GMT] ::1 GET /js/initMaps.js HTTP/1.1 304 4.378 ms - http://localhost:3000/event/create
[Tue, 05 Apr 2016 20:44:25 GMT] ::1 GET /event/create HTTP/1.1 200 3893.058 ms - http://localhost:3000/
[Tue, 05 Apr 2016 20:44:25 GMT] ::1 GET /stylesheets/materialize.css HTTP/1.1 304 10.436 ms - http://localhost:3000/event/create
[Tue, 05 Apr 2016 20:44:25 GMT] ::1 GET /stylesheets/style.css HTTP/1.1 304 6.674 ms - http://localhost:3000/event/create
[Tue, 05 Apr 2016 20:44:25 GMT] ::1 GET /font/roboto/Roboto-Thin.woff HTTP/1.1 304 14.308 ms - http://localhost:3000/event/create
[Tue, 05 Apr 2016 20:44:25 GMT] ::1 GET /font/roboto/Roboto-Light.woff HTTP/1.1 304 13.332 ms - http://localhost:3000/event/create
[Tue, 05 Apr 2016 20:44:25 GMT] ::1 GET /font/roboto/Roboto-Regular.woff HTTP/1.1 304 18.710 ms - http://localhost:3000/event/create
[Tue, 05 Apr 2016 20:44:25 GMT] ::1 GET /font/roboto/Roboto-Medium.woff HTTP/1.1 304 11.986 ms - http://localhost:3000/event/create
[Tue, 05 Apr 2016 20:44:25 GMT] ::1 GET /font/roboto/Roboto-Bold.woff HTTP/1.1 304 10.714 ms - http://localhost:3000/event/create
[Tue, 05 Apr 2016 20:44:25 GMT] ::1 GET /images/eh-logo.png HTTP/1.1 304 7.141 ms - http://localhost:3000/event/create
[Tue, 05 Apr 2016 20:44:25 GMT] ::1 GET /images/eh-logo-mob.png HTTP/1.1 304 6.908 ms - http://localhost:3000/event/create
[Tue, 05 Apr 2016 20:44:25 GMT] ::1 GET /images/ticker_tagline.png HTTP/1.1 304 5.998 ms - http://localhost:3000/event/create
[Tue, 05 Apr 2016 20:44:25 GMT] ::1 GET /js/jquery.min.js HTTP/1.1 304 5.397 ms - http://localhost:3000/event/create
[Tue, 05 Apr 2016 20:44:25 GMT] ::1 GET /js/materialize.min.js HTTP/1.1 304 3.087 ms - http://localhost:3000/event/create
[Tue, 05 Apr 2016 20:44:25 GMT] ::1 GET /js/picker.time.js HTTP/1.1 304 3.943 ms - http://localhost:3000/event/create
[Tue, 05 Apr 2016 20:44:25 GMT] ::1 GET /js/init.js HTTP/1.1 304 3.742 ms - http://localhost:3000/event/create
[Tue, 05 Apr 2016 20:44:25 GMT] ::1 GET /js/gmaps.js HTTP/1.1 304 3.249 ms - http://localhost:3000/event/create
[Tue, 05 Apr 2016 20:44:25 GMT] ::1 GET /js/initMaps.js HTTP/1.1 304 3.421 ms - http://localhost:3000/event/create
[Tue, 05 Apr 2016 20:44:43 GMT] ::1 GET /event/create HTTP/1.1 200 2468.099 ms - http://localhost:3000/
[Tue, 05 Apr 2016 20:44:49 GMT] ::1 GET /stylesheets/materialize.css HTTP/1.1 304 4.155 ms - http://localhost:3000/event/create
[Tue, 05 Apr 2016 20:44:49 GMT] ::1 GET /stylesheets/style.css HTTP/1.1 304 4.617 ms - http://localhost:3000/event/create
[Tue, 05 Apr 2016 20:44:49 GMT] ::1 GET /js/jquery.min.js HTTP/1.1 304 5.190 ms - http://localhost:3000/event/create
[Tue, 05 Apr 2016 20:44:49 GMT] ::1 GET /js/materialize.min.js HTTP/1.1 304 4.051 ms - http://localhost:3000/event/create
[Tue, 05 Apr 2016 20:44:50 GMT] ::1 GET /js/picker.time.js HTTP/1.1 200 13.892 ms 9059 http://localhost:3000/event/create
[Tue, 05 Apr 2016 20:44:50 GMT] ::1 GET /js/init.js HTTP/1.1 304 22.239 ms - http://localhost:3000/event/create
[Tue, 05 Apr 2016 20:44:50 GMT] ::1 GET /js/gmaps.js HTTP/1.1 304 19.670 ms - http://localhost:3000/event/create
[Tue, 05 Apr 2016 20:44:50 GMT] ::1 GET /js/initMaps.js HTTP/1.1 304 18.477 ms - http://localhost:3000/event/create
[Tue, 05 Apr 2016 20:44:50 GMT] ::1 GET /images/eh-logo.png HTTP/1.1 304 15.581 ms - http://localhost:3000/event/create
[Tue, 05 Apr 2016 20:44:50 GMT] ::1 GET /images/ticker_tagline.png HTTP/1.1 304 14.714 ms - http://localhost:3000/event/create
[Tue, 05 Apr 2016 20:44:50 GMT] ::1 GET /images/eh-logo-mob.png HTTP/1.1 304 13.295 ms - http://localhost:3000/event/create
[Tue, 05 Apr 2016 20:44:52 GMT] ::1 GET /font/roboto/Roboto-Bold.woff2 HTTP/1.1 200 45.534 ms 49976 http://localhost:3000/stylesheets/materialize.css
[Tue, 05 Apr 2016 20:51:10 GMT] ::1 GET /event/create HTTP/1.1 200 3881.209 ms - http://localhost:3000/
[Tue, 05 Apr 2016 20:51:10 GMT] ::1 GET /stylesheets/materialize.css HTTP/1.1 304 12.232 ms - http://localhost:3000/event/create
[Tue, 05 Apr 2016 20:51:10 GMT] ::1 GET /stylesheets/style.css HTTP/1.1 304 38.272 ms - http://localhost:3000/event/create
[Tue, 05 Apr 2016 20:51:10 GMT] ::1 GET /font/roboto/Roboto-Thin.woff HTTP/1.1 304 34.710 ms - http://localhost:3000/event/create
[Tue, 05 Apr 2016 20:51:10 GMT] ::1 GET /font/roboto/Roboto-Light.woff HTTP/1.1 304 46.735 ms - http://localhost:3000/event/create
[Tue, 05 Apr 2016 20:51:10 GMT] ::1 GET /font/roboto/Roboto-Regular.woff HTTP/1.1 304 19.763 ms - http://localhost:3000/event/create
[Tue, 05 Apr 2016 20:51:10 GMT] ::1 GET /font/roboto/Roboto-Medium.woff HTTP/1.1 304 12.950 ms - http://localhost:3000/event/create
[Tue, 05 Apr 2016 20:51:10 GMT] ::1 GET /font/roboto/Roboto-Bold.woff HTTP/1.1 304 11.923 ms - http://localhost:3000/event/create
[Tue, 05 Apr 2016 20:51:10 GMT] ::1 GET /images/eh-logo.png HTTP/1.1 304 6.530 ms - http://localhost:3000/event/create
[Tue, 05 Apr 2016 20:51:10 GMT] ::1 GET /images/eh-logo-mob.png HTTP/1.1 304 5.052 ms - http://localhost:3000/event/create
[Tue, 05 Apr 2016 20:51:10 GMT] ::1 GET /images/ticker_tagline.png HTTP/1.1 304 5.438 ms - http://localhost:3000/event/create
[Tue, 05 Apr 2016 20:51:10 GMT] ::1 GET /js/jquery.min.js HTTP/1.1 304 5.413 ms - http://localhost:3000/event/create
[Tue, 05 Apr 2016 20:51:11 GMT] ::1 GET /js/materialize.min.js HTTP/1.1 304 3.073 ms - http://localhost:3000/event/create
[Tue, 05 Apr 2016 20:51:11 GMT] ::1 GET /js/picker.time.js HTTP/1.1 304 3.547 ms - http://localhost:3000/event/create
[Tue, 05 Apr 2016 20:51:11 GMT] ::1 GET /js/init.js HTTP/1.1 304 3.909 ms - http://localhost:3000/event/create
[Tue, 05 Apr 2016 20:51:11 GMT] ::1 GET /js/gmaps.js HTTP/1.1 304 3.743 ms - http://localhost:3000/event/create
[Tue, 05 Apr 2016 20:51:11 GMT] ::1 GET /js/initMaps.js HTTP/1.1 304 3.635 ms - http://localhost:3000/event/create
[Tue, 05 Apr 2016 20:54:56 GMT] ::1 GET /event/create HTTP/1.1 200 3720.453 ms - http://localhost:3000/
[Tue, 05 Apr 2016 20:54:56 GMT] ::1 GET /stylesheets/materialize.css HTTP/1.1 304 10.661 ms - http://localhost:3000/event/create
[Tue, 05 Apr 2016 20:54:56 GMT] ::1 GET /stylesheets/style.css HTTP/1.1 304 16.568 ms - http://localhost:3000/event/create
[Tue, 05 Apr 2016 20:54:56 GMT] ::1 GET /font/roboto/Roboto-Thin.woff HTTP/1.1 304 12.563 ms - http://localhost:3000/event/create
[Tue, 05 Apr 2016 20:54:56 GMT] ::1 GET /font/roboto/Roboto-Light.woff HTTP/1.1 304 21.436 ms - http://localhost:3000/event/create
[Tue, 05 Apr 2016 20:54:56 GMT] ::1 GET /font/roboto/Roboto-Regular.woff HTTP/1.1 304 16.145 ms - http://localhost:3000/event/create
[Tue, 05 Apr 2016 20:54:56 GMT] ::1 GET /font/roboto/Roboto-Medium.woff HTTP/1.1 304 8.587 ms - http://localhost:3000/event/create
[Tue, 05 Apr 2016 20:54:56 GMT] ::1 GET /font/roboto/Roboto-Bold.woff HTTP/1.1 304 12.208 ms - http://localhost:3000/event/create
[Tue, 05 Apr 2016 20:54:56 GMT] ::1 GET /images/eh-logo.png HTTP/1.1 304 6.290 ms - http://localhost:3000/event/create
[Tue, 05 Apr 2016 20:54:56 GMT] ::1 GET /images/eh-logo-mob.png HTTP/1.1 304 5.205 ms - http://localhost:3000/event/create
[Tue, 05 Apr 2016 20:54:56 GMT] ::1 GET /images/ticker_tagline.png HTTP/1.1 304 5.898 ms - http://localhost:3000/event/create
[Tue, 05 Apr 2016 20:54:56 GMT] ::1 GET /js/jquery.min.js HTTP/1.1 304 5.159 ms - http://localhost:3000/event/create
[Tue, 05 Apr 2016 20:54:56 GMT] ::1 GET /js/materialize.min.js HTTP/1.1 304 3.360 ms - http://localhost:3000/event/create
[Tue, 05 Apr 2016 20:54:56 GMT] ::1 GET /js/picker.time.js HTTP/1.1 304 3.146 ms - http://localhost:3000/event/create
[Tue, 05 Apr 2016 20:54:56 GMT] ::1 GET /js/init.js HTTP/1.1 304 3.754 ms - http://localhost:3000/event/create
[Tue, 05 Apr 2016 20:54:57 GMT] ::1 GET /js/initMaps.js HTTP/1.1 200 10.997 ms 187 http://localhost:3000/event/create
[Tue, 05 Apr 2016 20:55:23 GMT] ::1 GET /event/create HTTP/1.1 200 2007.730 ms - http://localhost:3000/
[Tue, 05 Apr 2016 20:55:24 GMT] ::1 GET /stylesheets/materialize.css HTTP/1.1 304 12.547 ms - http://localhost:3000/event/create
[Tue, 05 Apr 2016 20:55:24 GMT] ::1 GET /stylesheets/style.css HTTP/1.1 304 9.358 ms - http://localhost:3000/event/create
[Tue, 05 Apr 2016 20:55:24 GMT] ::1 GET /js/materialize.min.js HTTP/1.1 304 8.133 ms - http://localhost:3000/event/create
[Tue, 05 Apr 2016 20:55:24 GMT] ::1 GET /js/jquery.min.js HTTP/1.1 304 10.645 ms - http://localhost:3000/event/create
[Tue, 05 Apr 2016 20:55:24 GMT] ::1 GET /js/init.js HTTP/1.1 304 6.290 ms - http://localhost:3000/event/create
[Tue, 05 Apr 2016 20:55:24 GMT] ::1 GET /js/initMaps.js HTTP/1.1 200 6.962 ms 187 http://localhost:3000/event/create
[Tue, 05 Apr 2016 20:55:24 GMT] ::1 GET /js/picker.time.js HTTP/1.1 304 4.105 ms - http://localhost:3000/event/create
[Tue, 05 Apr 2016 20:55:24 GMT] ::1 GET /images/eh-logo.png HTTP/1.1 304 11.391 ms - http://localhost:3000/event/create
[Tue, 05 Apr 2016 20:55:24 GMT] ::1 GET /images/eh-logo-mob.png HTTP/1.1 304 10.509 ms - http://localhost:3000/event/create
[Tue, 05 Apr 2016 20:55:24 GMT] ::1 GET /images/ticker_tagline.png HTTP/1.1 304 10.482 ms - http://localhost:3000/event/create
[Tue, 05 Apr 2016 20:57:27 GMT] ::1 GET /event/create HTTP/1.1 304 3727.097 ms - http://localhost:3000/
[Tue, 05 Apr 2016 20:57:28 GMT] ::1 GET /stylesheets/materialize.css HTTP/1.1 304 11.012 ms - http://localhost:3000/event/create
[Tue, 05 Apr 2016 20:57:28 GMT] ::1 GET /stylesheets/style.css HTTP/1.1 304 17.399 ms - http://localhost:3000/event/create
[Tue, 05 Apr 2016 20:57:28 GMT] ::1 GET /font/roboto/Roboto-Thin.woff HTTP/1.1 304 13.584 ms - http://localhost:3000/event/create
[Tue, 05 Apr 2016 20:57:28 GMT] ::1 GET /font/roboto/Roboto-Light.woff HTTP/1.1 304 19.303 ms - http://localhost:3000/event/create
[Tue, 05 Apr 2016 20:57:28 GMT] ::1 GET /font/roboto/Roboto-Regular.woff HTTP/1.1 304 12.678 ms - http://localhost:3000/event/create
[Tue, 05 Apr 2016 20:57:28 GMT] ::1 GET /font/roboto/Roboto-Medium.woff HTTP/1.1 304 11.611 ms - http://localhost:3000/event/create
[Tue, 05 Apr 2016 20:57:28 GMT] ::1 GET /font/roboto/Roboto-Bold.woff HTTP/1.1 304 7.737 ms - http://localhost:3000/event/create
[Tue, 05 Apr 2016 20:57:28 GMT] ::1 GET /images/eh-logo.png HTTP/1.1 304 5.842 ms - http://localhost:3000/event/create
[Tue, 05 Apr 2016 20:57:28 GMT] ::1 GET /images/eh-logo-mob.png HTTP/1.1 304 5.271 ms - http://localhost:3000/event/create
[Tue, 05 Apr 2016 20:57:28 GMT] ::1 GET /images/ticker_tagline.png HTTP/1.1 304 5.566 ms - http://localhost:3000/event/create
[Tue, 05 Apr 2016 20:57:28 GMT] ::1 GET /js/jquery.min.js HTTP/1.1 304 5.376 ms - http://localhost:3000/event/create
[Tue, 05 Apr 2016 20:57:28 GMT] ::1 GET /js/materialize.min.js HTTP/1.1 304 3.532 ms - http://localhost:3000/event/create
[Tue, 05 Apr 2016 20:57:28 GMT] ::1 GET /js/picker.time.js HTTP/1.1 304 3.055 ms - http://localhost:3000/event/create
[Tue, 05 Apr 2016 20:57:28 GMT] ::1 GET /js/init.js HTTP/1.1 304 3.248 ms - http://localhost:3000/event/create
[Tue, 05 Apr 2016 20:57:28 GMT] ::1 GET /js/initMaps.js HTTP/1.1 200 8.742 ms 280 http://localhost:3000/event/create
[Tue, 05 Apr 2016 20:58:10 GMT] ::1 GET /event/create HTTP/1.1 304 3754.422 ms - http://localhost:3000/
[Tue, 05 Apr 2016 20:58:14 GMT] ::1 GET /stylesheets/materialize.css HTTP/1.1 304 29.771 ms - http://localhost:3000/event/create
[Tue, 05 Apr 2016 20:58:14 GMT] ::1 GET /stylesheets/style.css HTTP/1.1 304 17.715 ms - http://localhost:3000/event/create
[Tue, 05 Apr 2016 20:58:14 GMT] ::1 GET /js/jquery.min.js HTTP/1.1 304 3.505 ms - http://localhost:3000/event/create
[Tue, 05 Apr 2016 20:58:14 GMT] ::1 GET /js/materialize.min.js HTTP/1.1 304 5.363 ms - http://localhost:3000/event/create
[Tue, 05 Apr 2016 20:58:14 GMT] ::1 GET /js/picker.time.js HTTP/1.1 304 7.004 ms - http://localhost:3000/event/create
[Tue, 05 Apr 2016 20:58:14 GMT] ::1 GET /js/init.js HTTP/1.1 304 9.633 ms - http://localhost:3000/event/create
[Tue, 05 Apr 2016 20:58:14 GMT] ::1 GET /js/initMaps.js HTTP/1.1 200 14.599 ms 281 http://localhost:3000/event/create
[Tue, 05 Apr 2016 20:58:15 GMT] ::1 GET /images/eh-logo.png HTTP/1.1 304 9.516 ms - http://localhost:3000/event/create
[Tue, 05 Apr 2016 20:58:15 GMT] ::1 GET /images/eh-logo-mob.png HTTP/1.1 304 9.406 ms - http://localhost:3000/event/create
[Tue, 05 Apr 2016 20:58:15 GMT] ::1 GET /images/ticker_tagline.png HTTP/1.1 304 9.638 ms - http://localhost:3000/event/create
[Tue, 05 Apr 2016 21:05:12 GMT] ::1 GET /event/create HTTP/1.1 304 1988.160 ms - http://localhost:3000/
[Tue, 05 Apr 2016 21:05:13 GMT] ::1 GET /stylesheets/materialize.css HTTP/1.1 304 11.898 ms - http://localhost:3000/event/create
[Tue, 05 Apr 2016 21:05:13 GMT] ::1 GET /stylesheets/style.css HTTP/1.1 304 6.913 ms - http://localhost:3000/event/create
[Tue, 05 Apr 2016 21:05:13 GMT] ::1 GET /js/jquery.min.js HTTP/1.1 304 5.116 ms - http://localhost:3000/event/create
[Tue, 05 Apr 2016 21:05:13 GMT] ::1 GET /js/materialize.min.js HTTP/1.1 304 3.647 ms - http://localhost:3000/event/create
[Tue, 05 Apr 2016 21:05:13 GMT] ::1 GET /js/picker.time.js HTTP/1.1 304 8.234 ms - http://localhost:3000/event/create
[Tue, 05 Apr 2016 21:05:13 GMT] ::1 GET /js/init.js HTTP/1.1 304 7.077 ms - http://localhost:3000/event/create
[Tue, 05 Apr 2016 21:05:13 GMT] ::1 GET /js/initMaps.js HTTP/1.1 304 8.019 ms - http://localhost:3000/event/create
[Tue, 05 Apr 2016 21:05:13 GMT] ::1 GET /images/eh-logo.png HTTP/1.1 304 6.637 ms - http://localhost:3000/event/create
[Tue, 05 Apr 2016 21:05:13 GMT] ::1 GET /images/eh-logo-mob.png HTTP/1.1 304 5.283 ms - http://localhost:3000/event/create
[Tue, 05 Apr 2016 21:05:13 GMT] ::1 GET /images/ticker_tagline.png HTTP/1.1 304 4.817 ms - http://localhost:3000/event/create
[Tue, 05 Apr 2016 21:21:44 GMT] ::1 GET /event/create HTTP/1.1 200 3644.520 ms - http://localhost:3000/
[Tue, 05 Apr 2016 21:21:44 GMT] ::1 GET /stylesheets/materialize.css HTTP/1.1 304 10.759 ms - http://localhost:3000/event/create
[Tue, 05 Apr 2016 21:21:44 GMT] ::1 GET /stylesheets/style.css HTTP/1.1 304 6.244 ms - http://localhost:3000/event/create
[Tue, 05 Apr 2016 21:21:44 GMT] ::1 GET /font/roboto/Roboto-Thin.woff HTTP/1.1 304 8.415 ms - http://localhost:3000/event/create
[Tue, 05 Apr 2016 21:21:44 GMT] ::1 GET /font/roboto/Roboto-Light.woff HTTP/1.1 304 16.137 ms - http://localhost:3000/event/create
[Tue, 05 Apr 2016 21:21:44 GMT] ::1 GET /font/roboto/Roboto-Regular.woff HTTP/1.1 304 13.625 ms - http://localhost:3000/event/create
[Tue, 05 Apr 2016 21:21:44 GMT] ::1 GET /font/roboto/Roboto-Medium.woff HTTP/1.1 304 8.237 ms - http://localhost:3000/event/create
[Tue, 05 Apr 2016 21:21:44 GMT] ::1 GET /font/roboto/Roboto-Bold.woff HTTP/1.1 304 12.376 ms - http://localhost:3000/event/create
[Tue, 05 Apr 2016 21:21:44 GMT] ::1 GET /images/eh-logo.png HTTP/1.1 304 5.983 ms - http://localhost:3000/event/create
[Tue, 05 Apr 2016 21:21:44 GMT] ::1 GET /images/eh-logo-mob.png HTTP/1.1 304 5.176 ms - http://localhost:3000/event/create
[Tue, 05 Apr 2016 21:21:45 GMT] ::1 GET /images/ticker_tagline.png HTTP/1.1 304 5.697 ms - http://localhost:3000/event/create
[Tue, 05 Apr 2016 21:21:45 GMT] ::1 GET /js/jquery.min.js HTTP/1.1 304 6.345 ms - http://localhost:3000/event/create
[Tue, 05 Apr 2016 21:21:45 GMT] ::1 GET /js/materialize.min.js HTTP/1.1 304 3.170 ms - http://localhost:3000/event/create
[Tue, 05 Apr 2016 21:21:45 GMT] ::1 GET /js/picker.time.js HTTP/1.1 304 3.245 ms - http://localhost:3000/event/create
[Tue, 05 Apr 2016 21:21:45 GMT] ::1 GET /js/init.js HTTP/1.1 304 4.386 ms - http://localhost:3000/event/create
[Tue, 05 Apr 2016 21:21:45 GMT] ::1 GET /js/gmaps.js HTTP/1.1 304 4.001 ms - http://localhost:3000/event/create
[Tue, 05 Apr 2016 21:21:45 GMT] ::1 GET /js/initMaps.js HTTP/1.1 200 10.496 ms 512 http://localhost:3000/event/create
[Tue, 05 Apr 2016 21:23:27 GMT] ::1 GET /event/create HTTP/1.1 200 3944.824 ms - http://localhost:3000/
[Tue, 05 Apr 2016 21:23:27 GMT] ::1 GET /stylesheets/materialize.css HTTP/1.1 304 11.910 ms - http://localhost:3000/event/create
[Tue, 05 Apr 2016 21:23:27 GMT] ::1 GET /stylesheets/style.css HTTP/1.1 304 21.700 ms - http://localhost:3000/event/create
[Tue, 05 Apr 2016 21:23:27 GMT] ::1 GET /font/roboto/Roboto-Thin.woff HTTP/1.1 304 16.466 ms - http://localhost:3000/event/create
[Tue, 05 Apr 2016 21:23:27 GMT] ::1 GET /font/roboto/Roboto-Light.woff HTTP/1.1 304 23.744 ms - http://localhost:3000/event/create
[Tue, 05 Apr 2016 21:23:27 GMT] ::1 GET /font/roboto/Roboto-Regular.woff HTTP/1.1 304 16.415 ms - http://localhost:3000/event/create
[Tue, 05 Apr 2016 21:23:27 GMT] ::1 GET /font/roboto/Roboto-Medium.woff HTTP/1.1 304 14.924 ms - http://localhost:3000/event/create
[Tue, 05 Apr 2016 21:23:27 GMT] ::1 GET /font/roboto/Roboto-Bold.woff HTTP/1.1 304 4.036 ms - http://localhost:3000/event/create
[Tue, 05 Apr 2016 21:23:27 GMT] ::1 GET /images/eh-logo.png HTTP/1.1 304 6.368 ms - http://localhost:3000/event/create
[Tue, 05 Apr 2016 21:23:27 GMT] ::1 GET /images/eh-logo-mob.png HTTP/1.1 304 5.324 ms - http://localhost:3000/event/create
[Tue, 05 Apr 2016 21:23:27 GMT] ::1 GET /images/ticker_tagline.png HTTP/1.1 304 3.373 ms - http://localhost:3000/event/create
[Tue, 05 Apr 2016 21:23:27 GMT] ::1 GET /js/jquery.min.js HTTP/1.1 304 4.328 ms - http://localhost:3000/event/create
[Tue, 05 Apr 2016 21:23:27 GMT] ::1 GET /js/materialize.min.js HTTP/1.1 304 3.734 ms - http://localhost:3000/event/create
[Tue, 05 Apr 2016 21:23:27 GMT] ::1 GET /js/picker.time.js HTTP/1.1 304 3.755 ms - http://localhost:3000/event/create
[Tue, 05 Apr 2016 21:23:27 GMT] ::1 GET /js/init.js HTTP/1.1 304 4.541 ms - http://localhost:3000/event/create
[Tue, 05 Apr 2016 21:23:28 GMT] ::1 GET /js/gmaps.js HTTP/1.1 304 3.604 ms - http://localhost:3000/event/create
[Tue, 05 Apr 2016 21:23:28 GMT] ::1 GET /js/initMaps.js HTTP/1.1 304 4.031 ms - http://localhost:3000/event/create
[Tue, 05 Apr 2016 21:27:39 GMT] ::1 GET /event/create HTTP/1.1 200 3958.014 ms - http://localhost:3000/
[Tue, 05 Apr 2016 21:27:44 GMT] ::1 GET /stylesheets/materialize.css HTTP/1.1 304 16.063 ms - http://localhost:3000/event/create
[Tue, 05 Apr 2016 21:27:44 GMT] ::1 GET /stylesheets/style.css HTTP/1.1 304 7.831 ms - http://localhost:3000/event/create
[Tue, 05 Apr 2016 21:27:44 GMT] ::1 GET /js/jquery.min.js HTTP/1.1 304 2.983 ms - http://localhost:3000/event/create
[Tue, 05 Apr 2016 21:27:44 GMT] ::1 GET /js/materialize.min.js HTTP/1.1 304 4.359 ms - http://localhost:3000/event/create
[Tue, 05 Apr 2016 21:27:44 GMT] ::1 GET /js/picker.time.js HTTP/1.1 304 12.674 ms - http://localhost:3000/event/create
[Tue, 05 Apr 2016 21:27:44 GMT] ::1 GET /js/init.js HTTP/1.1 304 10.569 ms - http://localhost:3000/event/create
[Tue, 05 Apr 2016 21:27:44 GMT] ::1 GET /js/gmaps.js HTTP/1.1 304 18.064 ms - http://localhost:3000/event/create
[Tue, 05 Apr 2016 21:27:44 GMT] ::1 GET /js/initMaps.js HTTP/1.1 200 19.525 ms 618 http://localhost:3000/event/create
[Tue, 05 Apr 2016 21:27:44 GMT] ::1 GET /images/eh-logo.png HTTP/1.1 304 8.711 ms - http://localhost:3000/event/create
[Tue, 05 Apr 2016 21:27:44 GMT] ::1 GET /images/eh-logo-mob.png HTTP/1.1 304 6.485 ms - http://localhost:3000/event/create
[Tue, 05 Apr 2016 21:27:44 GMT] ::1 GET /images/ticker_tagline.png HTTP/1.1 304 7.308 ms - http://localhost:3000/event/create
[Tue, 05 Apr 2016 21:33:07 GMT] ::1 GET /event/create HTTP/1.1 200 3770.831 ms - http://localhost:3000/
[Tue, 05 Apr 2016 21:33:07 GMT] ::1 GET /stylesheets/materialize.css HTTP/1.1 304 11.091 ms - http://localhost:3000/event/create
[Tue, 05 Apr 2016 21:33:07 GMT] ::1 GET /stylesheets/style.css HTTP/1.1 304 15.014 ms - http://localhost:3000/event/create
[Tue, 05 Apr 2016 21:33:07 GMT] ::1 GET /font/roboto/Roboto-Thin.woff HTTP/1.1 304 11.545 ms - http://localhost:3000/event/create
[Tue, 05 Apr 2016 21:33:07 GMT] ::1 GET /font/roboto/Roboto-Light.woff HTTP/1.1 304 24.131 ms - http://localhost:3000/event/create
[Tue, 05 Apr 2016 21:33:07 GMT] ::1 GET /font/roboto/Roboto-Regular.woff HTTP/1.1 304 18.959 ms - http://localhost:3000/event/create
[Tue, 05 Apr 2016 21:33:07 GMT] ::1 GET /font/roboto/Roboto-Medium.woff HTTP/1.1 304 12.159 ms - http://localhost:3000/event/create
[Tue, 05 Apr 2016 21:33:07 GMT] ::1 GET /font/roboto/Roboto-Bold.woff HTTP/1.1 304 11.958 ms - http://localhost:3000/event/create
[Tue, 05 Apr 2016 21:33:07 GMT] ::1 GET /images/eh-logo.png HTTP/1.1 304 6.423 ms - http://localhost:3000/event/create
[Tue, 05 Apr 2016 21:33:07 GMT] ::1 GET /images/eh-logo-mob.png HTTP/1.1 304 5.580 ms - http://localhost:3000/event/create
[Tue, 05 Apr 2016 21:33:07 GMT] ::1 GET /images/ticker_tagline.png HTTP/1.1 304 5.808 ms - http://localhost:3000/event/create
[Tue, 05 Apr 2016 21:33:07 GMT] ::1 GET /js/jquery.min.js HTTP/1.1 304 5.047 ms - http://localhost:3000/event/create
[Tue, 05 Apr 2016 21:33:08 GMT] ::1 GET /js/materialize.min.js HTTP/1.1 304 3.191 ms - http://localhost:3000/event/create
[Tue, 05 Apr 2016 21:33:08 GMT] ::1 GET /js/picker.time.js HTTP/1.1 304 2.835 ms - http://localhost:3000/event/create
[Tue, 05 Apr 2016 21:33:08 GMT] ::1 GET /js/init.js HTTP/1.1 200 10.243 ms 1300 http://localhost:3000/event/create
[Tue, 05 Apr 2016 21:33:08 GMT] ::1 GET /js/gmaps.js HTTP/1.1 304 2.920 ms - http://localhost:3000/event/create
[Tue, 05 Apr 2016 21:33:08 GMT] ::1 GET /js/initMaps.js HTTP/1.1 200 7.132 ms 1268 http://localhost:3000/event/create
[Tue, 05 Apr 2016 21:34:29 GMT] ::1 GET /event/create HTTP/1.1 200 3676.309 ms - http://localhost:3000/
[Tue, 05 Apr 2016 21:34:29 GMT] ::1 GET /stylesheets/materialize.css HTTP/1.1 304 10.875 ms - http://localhost:3000/event/create
[Tue, 05 Apr 2016 21:34:29 GMT] ::1 GET /stylesheets/style.css HTTP/1.1 304 12.509 ms - http://localhost:3000/event/create
[Tue, 05 Apr 2016 21:34:29 GMT] ::1 GET /font/roboto/Roboto-Thin.woff HTTP/1.1 304 8.315 ms - http://localhost:3000/event/create
[Tue, 05 Apr 2016 21:34:29 GMT] ::1 GET /font/roboto/Roboto-Light.woff HTTP/1.1 304 19.795 ms - http://localhost:3000/event/create
[Tue, 05 Apr 2016 21:34:29 GMT] ::1 GET /font/roboto/Roboto-Regular.woff HTTP/1.1 304 11.252 ms - http://localhost:3000/event/create
[Tue, 05 Apr 2016 21:34:29 GMT] ::1 GET /font/roboto/Roboto-Medium.woff HTTP/1.1 304 9.764 ms - http://localhost:3000/event/create
[Tue, 05 Apr 2016 21:34:29 GMT] ::1 GET /font/roboto/Roboto-Bold.woff HTTP/1.1 304 14.358 ms - http://localhost:3000/event/create
[Tue, 05 Apr 2016 21:34:29 GMT] ::1 GET /images/eh-logo.png HTTP/1.1 304 6.069 ms - http://localhost:3000/event/create
[Tue, 05 Apr 2016 21:34:29 GMT] ::1 GET /images/eh-logo-mob.png HTTP/1.1 304 5.070 ms - http://localhost:3000/event/create
[Tue, 05 Apr 2016 21:34:29 GMT] ::1 GET /images/ticker_tagline.png HTTP/1.1 304 5.760 ms - http://localhost:3000/event/create
[Tue, 05 Apr 2016 21:34:29 GMT] ::1 GET /js/jquery.min.js HTTP/1.1 304 5.239 ms - http://localhost:3000/event/create
[Tue, 05 Apr 2016 21:34:29 GMT] ::1 GET /js/materialize.min.js HTTP/1.1 304 3.027 ms - http://localhost:3000/event/create
[Tue, 05 Apr 2016 21:34:30 GMT] ::1 GET /js/picker.time.js HTTP/1.1 304 3.208 ms - http://localhost:3000/event/create
[Tue, 05 Apr 2016 21:34:30 GMT] ::1 GET /js/init.js HTTP/1.1 304 3.356 ms - http://localhost:3000/event/create
[Tue, 05 Apr 2016 21:34:30 GMT] ::1 GET /js/gmaps.js HTTP/1.1 304 3.447 ms - http://localhost:3000/event/create
[Tue, 05 Apr 2016 21:34:30 GMT] ::1 GET /js/initMaps.js HTTP/1.1 304 3.685 ms - http://localhost:3000/event/create
[Tue, 05 Apr 2016 21:35:15 GMT] ::1 GET /event/create HTTP/1.1 200 4003.655 ms - http://localhost:3000/
[Tue, 05 Apr 2016 21:35:15 GMT] ::1 GET /stylesheets/materialize.css HTTP/1.1 304 11.172 ms - http://localhost:3000/event/create
[Tue, 05 Apr 2016 21:35:15 GMT] ::1 GET /stylesheets/style.css HTTP/1.1 304 9.180 ms - http://localhost:3000/event/create
[Tue, 05 Apr 2016 21:35:15 GMT] ::1 GET /font/roboto/Roboto-Thin.woff HTTP/1.1 304 14.272 ms - http://localhost:3000/event/create
[Tue, 05 Apr 2016 21:35:15 GMT] ::1 GET /font/roboto/Roboto-Light.woff HTTP/1.1 304 15.142 ms - http://localhost:3000/event/create
[Tue, 05 Apr 2016 21:35:15 GMT] ::1 GET /font/roboto/Roboto-Regular.woff HTTP/1.1 304 13.183 ms - http://localhost:3000/event/create
[Tue, 05 Apr 2016 21:35:15 GMT] ::1 GET /font/roboto/Roboto-Medium.woff HTTP/1.1 304 11.894 ms - http://localhost:3000/event/create
[Tue, 05 Apr 2016 21:35:15 GMT] ::1 GET /font/roboto/Roboto-Bold.woff HTTP/1.1 304 13.599 ms - http://localhost:3000/event/create
[Tue, 05 Apr 2016 21:35:15 GMT] ::1 GET /images/eh-logo.png HTTP/1.1 304 4.085 ms - http://localhost:3000/event/create
[Tue, 05 Apr 2016 21:35:15 GMT] ::1 GET /images/eh-logo-mob.png HTTP/1.1 304 3.809 ms - http://localhost:3000/event/create
[Tue, 05 Apr 2016 21:35:15 GMT] ::1 GET /images/ticker_tagline.png HTTP/1.1 304 5.576 ms - http://localhost:3000/event/create
[Tue, 05 Apr 2016 21:35:15 GMT] ::1 GET /js/jquery.min.js HTTP/1.1 304 4.927 ms - http://localhost:3000/event/create
[Tue, 05 Apr 2016 21:35:15 GMT] ::1 GET /js/materialize.min.js HTTP/1.1 304 3.383 ms - http://localhost:3000/event/create
[Tue, 05 Apr 2016 21:35:15 GMT] ::1 GET /js/picker.time.js HTTP/1.1 304 3.879 ms - http://localhost:3000/event/create
[Tue, 05 Apr 2016 21:35:16 GMT] ::1 GET /js/init.js HTTP/1.1 304 4.323 ms - http://localhost:3000/event/create
[Tue, 05 Apr 2016 21:35:16 GMT] ::1 GET /js/gmaps.js HTTP/1.1 304 3.268 ms - http://localhost:3000/event/create
[Tue, 05 Apr 2016 21:35:16 GMT] ::1 GET /js/initMaps.js HTTP/1.1 304 3.692 ms - http://localhost:3000/event/create
[Tue, 05 Apr 2016 21:41:41 GMT] ::1 GET /event/create HTTP/1.1 200 3783.841 ms - http://localhost:3000/
[Tue, 05 Apr 2016 21:41:48 GMT] ::1 GET /stylesheets/materialize.css HTTP/1.1 304 16.999 ms - http://localhost:3000/event/create
[Tue, 05 Apr 2016 21:41:48 GMT] ::1 GET /stylesheets/style.css HTTP/1.1 304 6.718 ms - http://localhost:3000/event/create
[Tue, 05 Apr 2016 21:41:48 GMT] ::1 GET /js/jquery.min.js HTTP/1.1 304 4.363 ms - http://localhost:3000/event/create
[Tue, 05 Apr 2016 21:41:48 GMT] ::1 GET /js/materialize.min.js HTTP/1.1 304 3.575 ms - http://localhost:3000/event/create
[Tue, 05 Apr 2016 21:41:48 GMT] ::1 GET /js/picker.time.js HTTP/1.1 304 3.258 ms - http://localhost:3000/event/create
[Tue, 05 Apr 2016 21:41:48 GMT] ::1 GET /js/gmaps.js HTTP/1.1 304 11.674 ms - http://localhost:3000/event/create
[Tue, 05 Apr 2016 21:41:48 GMT] ::1 GET /js/init.js HTTP/1.1 200 19.944 ms 1300 http://localhost:3000/event/create
[Tue, 05 Apr 2016 21:41:48 GMT] ::1 GET /js/initMaps.js HTTP/1.1 200 21.836 ms 1305 http://localhost:3000/event/create
[Tue, 05 Apr 2016 21:41:48 GMT] ::1 GET /images/eh-logo.png HTTP/1.1 304 9.949 ms - http://localhost:3000/event/create
[Tue, 05 Apr 2016 21:41:48 GMT] ::1 GET /images/eh-logo-mob.png HTTP/1.1 304 8.962 ms - http://localhost:3000/event/create
[Tue, 05 Apr 2016 21:41:48 GMT] ::1 GET /images/ticker_tagline.png HTTP/1.1 304 9.096 ms - http://localhost:3000/event/create
[Tue, 05 Apr 2016 21:42:37 GMT] ::1 POST /event/create HTTP/1.1 200 167.925 ms 44 http://localhost:3000/event/create
[Tue, 05 Apr 2016 21:42:53 GMT] ::1 GET /event/create HTTP/1.1 200 2066.059 ms - http://localhost:3000/
[Tue, 05 Apr 2016 21:46:16 GMT] ::1 GET /event/create HTTP/1.1 200 3861.315 ms - http://localhost:3000/
[Tue, 05 Apr 2016 21:46:16 GMT] ::1 GET /stylesheets/materialize.css HTTP/1.1 304 10.971 ms - http://localhost:3000/event/create
[Tue, 05 Apr 2016 21:46:16 GMT] ::1 GET /stylesheets/style.css HTTP/1.1 304 16.191 ms - http://localhost:3000/event/create
[Tue, 05 Apr 2016 21:46:16 GMT] ::1 GET /font/roboto/Roboto-Thin.woff HTTP/1.1 304 12.319 ms - http://localhost:3000/event/create
[Tue, 05 Apr 2016 21:46:16 GMT] ::1 GET /font/roboto/Roboto-Light.woff HTTP/1.1 304 22.885 ms - http://localhost:3000/event/create
[Tue, 05 Apr 2016 21:46:16 GMT] ::1 GET /font/roboto/Roboto-Regular.woff HTTP/1.1 304 17.764 ms - http://localhost:3000/event/create
[Tue, 05 Apr 2016 21:46:16 GMT] ::1 GET /font/roboto/Roboto-Medium.woff HTTP/1.1 304 16.181 ms - http://localhost:3000/event/create
[Tue, 05 Apr 2016 21:46:16 GMT] ::1 GET /font/roboto/Roboto-Bold.woff HTTP/1.1 304 11.887 ms - http://localhost:3000/event/create
[Tue, 05 Apr 2016 21:46:16 GMT] ::1 GET /images/eh-logo.png HTTP/1.1 304 5.998 ms - http://localhost:3000/event/create
[Tue, 05 Apr 2016 21:46:16 GMT] ::1 GET /images/eh-logo-mob.png HTTP/1.1 304 5.070 ms - http://localhost:3000/event/create
[Tue, 05 Apr 2016 21:46:16 GMT] ::1 GET /images/ticker_tagline.png HTTP/1.1 304 5.665 ms - http://localhost:3000/event/create
[Tue, 05 Apr 2016 21:46:16 GMT] ::1 GET /js/jquery.min.js HTTP/1.1 304 5.367 ms - http://localhost:3000/event/create
[Tue, 05 Apr 2016 21:46:16 GMT] ::1 GET /js/materialize.min.js HTTP/1.1 304 3.745 ms - http://localhost:3000/event/create
[Tue, 05 Apr 2016 21:46:16 GMT] ::1 GET /js/picker.time.js HTTP/1.1 304 3.240 ms - http://localhost:3000/event/create
[Tue, 05 Apr 2016 21:46:16 GMT] ::1 GET /js/init.js HTTP/1.1 304 4.434 ms - http://localhost:3000/event/create
[Tue, 05 Apr 2016 21:46:17 GMT] ::1 GET /js/gmaps.js HTTP/1.1 304 2.617 ms - http://localhost:3000/event/create
[Tue, 05 Apr 2016 21:46:17 GMT] ::1 GET /js/initMaps.js HTTP/1.1 200 9.034 ms 1305 http://localhost:3000/event/create
[Tue, 05 Apr 2016 21:47:24 GMT] ::1 GET /event/create HTTP/1.1 200 3874.470 ms - http://localhost:3000/
[Tue, 05 Apr 2016 21:47:24 GMT] ::1 GET /stylesheets/materialize.css HTTP/1.1 304 10.050 ms - http://localhost:3000/event/create
[Tue, 05 Apr 2016 21:47:24 GMT] ::1 GET /stylesheets/style.css HTTP/1.1 304 14.746 ms - http://localhost:3000/event/create
[Tue, 05 Apr 2016 21:47:24 GMT] ::1 GET /font/roboto/Roboto-Thin.woff HTTP/1.1 304 10.830 ms - http://localhost:3000/event/create
[Tue, 05 Apr 2016 21:47:24 GMT] ::1 GET /font/roboto/Roboto-Light.woff HTTP/1.1 304 19.509 ms - http://localhost:3000/event/create
[Tue, 05 Apr 2016 21:47:24 GMT] ::1 GET /font/roboto/Roboto-Regular.woff HTTP/1.1 304 15.281 ms - http://localhost:3000/event/create
[Tue, 05 Apr 2016 21:47:24 GMT] ::1 GET /font/roboto/Roboto-Medium.woff HTTP/1.1 304 8.270 ms - http://localhost:3000/event/create
[Tue, 05 Apr 2016 21:47:24 GMT] ::1 GET /font/roboto/Roboto-Bold.woff HTTP/1.1 304 11.334 ms - http://localhost:3000/event/create
[Tue, 05 Apr 2016 21:47:24 GMT] ::1 GET /images/eh-logo.png HTTP/1.1 304 6.386 ms - http://localhost:3000/event/create
[Tue, 05 Apr 2016 21:47:24 GMT] ::1 GET /images/eh-logo-mob.png HTTP/1.1 304 5.194 ms - http://localhost:3000/event/create
[Tue, 05 Apr 2016 21:47:24 GMT] ::1 GET /images/ticker_tagline.png HTTP/1.1 304 6.046 ms - http://localhost:3000/event/create
[Tue, 05 Apr 2016 21:47:24 GMT] ::1 GET /js/jquery.min.js HTTP/1.1 304 6.334 ms - http://localhost:3000/event/create
[Tue, 05 Apr 2016 21:47:24 GMT] ::1 GET /js/materialize.min.js HTTP/1.1 304 3.098 ms - http://localhost:3000/event/create
[Tue, 05 Apr 2016 21:47:25 GMT] ::1 GET /js/picker.time.js HTTP/1.1 304 3.450 ms - http://localhost:3000/event/create
[Tue, 05 Apr 2016 21:47:25 GMT] ::1 GET /js/init.js HTTP/1.1 304 3.938 ms - http://localhost:3000/event/create
[Tue, 05 Apr 2016 21:47:25 GMT] ::1 GET /js/gmaps.js HTTP/1.1 304 4.249 ms - http://localhost:3000/event/create
[Tue, 05 Apr 2016 21:47:25 GMT] ::1 GET /js/initMaps.js HTTP/1.1 304 4.548 ms - http://localhost:3000/event/create
[Tue, 05 Apr 2016 21:48:58 GMT] ::1 GET /event/create HTTP/1.1 200 3638.750 ms - http://localhost:3000/
[Tue, 05 Apr 2016 21:48:58 GMT] ::1 GET /stylesheets/materialize.css HTTP/1.1 304 10.053 ms - http://localhost:3000/event/create
[Tue, 05 Apr 2016 21:48:58 GMT] ::1 GET /stylesheets/style.css HTTP/1.1 304 14.390 ms - http://localhost:3000/event/create
[Tue, 05 Apr 2016 21:48:58 GMT] ::1 GET /font/roboto/Roboto-Thin.woff HTTP/1.1 304 10.505 ms - http://localhost:3000/event/create
[Tue, 05 Apr 2016 21:48:59 GMT] ::1 GET /font/roboto/Roboto-Light.woff HTTP/1.1 304 18.619 ms - http://localhost:3000/event/create
[Tue, 05 Apr 2016 21:48:59 GMT] ::1 GET /font/roboto/Roboto-Regular.woff HTTP/1.1 304 14.723 ms - http://localhost:3000/event/create
[Tue, 05 Apr 2016 21:48:59 GMT] ::1 GET /font/roboto/Roboto-Medium.woff HTTP/1.1 304 8.196 ms - http://localhost:3000/event/create
[Tue, 05 Apr 2016 21:48:59 GMT] ::1 GET /font/roboto/Roboto-Bold.woff HTTP/1.1 304 12.914 ms - http://localhost:3000/event/create
[Tue, 05 Apr 2016 21:48:59 GMT] ::1 GET /images/eh-logo.png HTTP/1.1 304 6.176 ms - http://localhost:3000/event/create
[Tue, 05 Apr 2016 21:48:59 GMT] ::1 GET /images/eh-logo-mob.png HTTP/1.1 304 5.250 ms - http://localhost:3000/event/create
[Tue, 05 Apr 2016 21:48:59 GMT] ::1 GET /images/ticker_tagline.png HTTP/1.1 304 2.974 ms - http://localhost:3000/event/create
[Tue, 05 Apr 2016 21:48:59 GMT] ::1 GET /js/jquery.min.js HTTP/1.1 304 3.406 ms - http://localhost:3000/event/create
[Tue, 05 Apr 2016 21:48:59 GMT] ::1 GET /js/materialize.min.js HTTP/1.1 304 2.654 ms - http://localhost:3000/event/create
[Tue, 05 Apr 2016 21:48:59 GMT] ::1 GET /js/picker.time.js HTTP/1.1 304 2.981 ms - http://localhost:3000/event/create
[Tue, 05 Apr 2016 21:48:59 GMT] ::1 GET /js/init.js HTTP/1.1 304 4.453 ms - http://localhost:3000/event/create
[Tue, 05 Apr 2016 21:48:59 GMT] ::1 GET /js/gmaps.js HTTP/1.1 304 3.290 ms - http://localhost:3000/event/create
[Tue, 05 Apr 2016 21:48:59 GMT] ::1 GET /js/initMaps.js HTTP/1.1 304 3.642 ms - http://localhost:3000/event/create
[Tue, 05 Apr 2016 21:49:51 GMT] ::1 GET /event/create HTTP/1.1 200 3882.019 ms - http://localhost:3000/
[Tue, 05 Apr 2016 21:49:52 GMT] ::1 GET /stylesheets/materialize.css HTTP/1.1 304 10.758 ms - http://localhost:3000/event/create
[Tue, 05 Apr 2016 21:49:52 GMT] ::1 GET /stylesheets/style.css HTTP/1.1 304 14.553 ms - http://localhost:3000/event/create
[Tue, 05 Apr 2016 21:49:52 GMT] ::1 GET /font/roboto/Roboto-Thin.woff HTTP/1.1 304 10.523 ms - http://localhost:3000/event/create
[Tue, 05 Apr 2016 21:49:52 GMT] ::1 GET /font/roboto/Roboto-Light.woff HTTP/1.1 304 20.012 ms - http://localhost:3000/event/create
[Tue, 05 Apr 2016 21:49:52 GMT] ::1 GET /font/roboto/Roboto-Regular.woff HTTP/1.1 304 16.002 ms - http://localhost:3000/event/create
[Tue, 05 Apr 2016 21:49:52 GMT] ::1 GET /font/roboto/Roboto-Medium.woff HTTP/1.1 304 9.288 ms - http://localhost:3000/event/create
[Tue, 05 Apr 2016 21:49:52 GMT] ::1 GET /font/roboto/Roboto-Bold.woff HTTP/1.1 304 12.747 ms - http://localhost:3000/event/create
[Tue, 05 Apr 2016 21:49:52 GMT] ::1 GET /images/eh-logo.png HTTP/1.1 304 6.137 ms - http://localhost:3000/event/create
[Tue, 05 Apr 2016 21:49:52 GMT] ::1 GET /images/eh-logo-mob.png HTTP/1.1 304 5.077 ms - http://localhost:3000/event/create
[Tue, 05 Apr 2016 21:49:52 GMT] ::1 GET /images/ticker_tagline.png HTTP/1.1 304 5.865 ms - http://localhost:3000/event/create
[Tue, 05 Apr 2016 21:49:52 GMT] ::1 GET /js/jquery.min.js HTTP/1.1 304 5.548 ms - http://localhost:3000/event/create
[Tue, 05 Apr 2016 21:49:52 GMT] ::1 GET /js/materialize.min.js HTTP/1.1 304 3.201 ms - http://localhost:3000/event/create
[Tue, 05 Apr 2016 21:49:52 GMT] ::1 GET /js/picker.time.js HTTP/1.1 304 3.738 ms - http://localhost:3000/event/create
[Tue, 05 Apr 2016 21:49:52 GMT] ::1 GET /js/init.js HTTP/1.1 304 4.826 ms - http://localhost:3000/event/create
[Tue, 05 Apr 2016 21:49:52 GMT] ::1 GET /js/gmaps.js HTTP/1.1 304 3.025 ms - http://localhost:3000/event/create
[Tue, 05 Apr 2016 21:49:52 GMT] ::1 GET /js/initMaps.js HTTP/1.1 304 3.856 ms - http://localhost:3000/event/create
[Tue, 05 Apr 2016 21:50:48 GMT] ::1 GET /event/create HTTP/1.1 200 2044.671 ms - http://localhost:3000/
[Tue, 05 Apr 2016 21:50:56 GMT] ::1 GET /stylesheets/materialize.css HTTP/1.1 304 4.229 ms - http://localhost:3000/event/create
[Tue, 05 Apr 2016 21:50:56 GMT] ::1 GET /stylesheets/style.css HTTP/1.1 304 19.468 ms - http://localhost:3000/event/create
[Tue, 05 Apr 2016 21:50:56 GMT] ::1 GET /js/jquery.min.js HTTP/1.1 304 12.609 ms - http://localhost:3000/event/create
[Tue, 05 Apr 2016 21:50:56 GMT] ::1 GET /js/init.js HTTP/1.1 304 20.303 ms - http://localhost:3000/event/create
[Tue, 05 Apr 2016 21:50:56 GMT] ::1 GET /js/picker.time.js HTTP/1.1 304 11.014 ms - http://localhost:3000/event/create
[Tue, 05 Apr 2016 21:50:56 GMT] ::1 GET /js/materialize.min.js HTTP/1.1 304 9.992 ms - http://localhost:3000/event/create
[Tue, 05 Apr 2016 21:50:56 GMT] ::1 GET /js/gmaps.js HTTP/1.1 304 11.149 ms - http://localhost:3000/event/create
[Tue, 05 Apr 2016 21:50:56 GMT] ::1 GET /js/initMaps.js HTTP/1.1 304 3.338 ms - http://localhost:3000/event/create
[Tue, 05 Apr 2016 21:50:56 GMT] ::1 GET /images/eh-logo.png HTTP/1.1 304 10.876 ms - http://localhost:3000/event/create
[Tue, 05 Apr 2016 21:50:56 GMT] ::1 GET /images/eh-logo-mob.png HTTP/1.1 304 9.950 ms - http://localhost:3000/event/create
[Tue, 05 Apr 2016 21:50:56 GMT] ::1 GET /images/ticker_tagline.png HTTP/1.1 304 12.640 ms - http://localhost:3000/event/create
[Tue, 05 Apr 2016 21:54:34 GMT] ::1 GET /event/create HTTP/1.1 200 4039.153 ms - http://localhost:3000/
[Tue, 05 Apr 2016 21:54:34 GMT] ::1 GET /stylesheets/materialize.css HTTP/1.1 304 12.224 ms - http://localhost:3000/event/create
[Tue, 05 Apr 2016 21:54:34 GMT] ::1 GET /stylesheets/style.css HTTP/1.1 304 7.044 ms - http://localhost:3000/event/create
[Tue, 05 Apr 2016 21:54:34 GMT] ::1 GET /font/roboto/Roboto-Thin.woff HTTP/1.1 304 10.233 ms - http://localhost:3000/event/create
[Tue, 05 Apr 2016 21:54:34 GMT] ::1 GET /font/roboto/Roboto-Light.woff HTTP/1.1 304 9.191 ms - http://localhost:3000/event/create
[Tue, 05 Apr 2016 21:54:34 GMT] ::1 GET /font/roboto/Roboto-Regular.woff HTTP/1.1 304 13.202 ms - http://localhost:3000/event/create
[Tue, 05 Apr 2016 21:54:34 GMT] ::1 GET /font/roboto/Roboto-Medium.woff HTTP/1.1 304 7.953 ms - http://localhost:3000/event/create
[Tue, 05 Apr 2016 21:54:34 GMT] ::1 GET /font/roboto/Roboto-Bold.woff HTTP/1.1 304 7.563 ms - http://localhost:3000/event/create
[Tue, 05 Apr 2016 21:54:34 GMT] ::1 GET /images/eh-logo.png HTTP/1.1 304 6.691 ms - http://localhost:3000/event/create
[Tue, 05 Apr 2016 21:54:34 GMT] ::1 GET /images/eh-logo-mob.png HTTP/1.1 304 6.102 ms - http://localhost:3000/event/create
[Tue, 05 Apr 2016 21:54:34 GMT] ::1 GET /images/ticker_tagline.png HTTP/1.1 304 5.630 ms - http://localhost:3000/event/create
[Tue, 05 Apr 2016 21:54:34 GMT] ::1 GET /js/jquery.min.js HTTP/1.1 304 5.037 ms - http://localhost:3000/event/create
[Tue, 05 Apr 2016 21:54:34 GMT] ::1 GET /js/materialize.min.js HTTP/1.1 304 3.075 ms - http://localhost:3000/event/create
[Tue, 05 Apr 2016 21:54:34 GMT] ::1 GET /js/picker.time.js HTTP/1.1 304 4.274 ms - http://localhost:3000/event/create
[Tue, 05 Apr 2016 21:54:34 GMT] ::1 GET /js/init.js HTTP/1.1 304 4.295 ms - http://localhost:3000/event/create
[Tue, 05 Apr 2016 21:54:35 GMT] ::1 GET /js/gmaps.js HTTP/1.1 304 3.183 ms - http://localhost:3000/event/create
[Tue, 05 Apr 2016 21:54:35 GMT] ::1 GET /js/initMaps.js HTTP/1.1 304 3.352 ms - http://localhost:3000/event/create
[Tue, 05 Apr 2016 21:55:09 GMT] ::1 GET /event/create HTTP/1.1 200 1988.858 ms - http://localhost:3000/
[Tue, 05 Apr 2016 21:55:10 GMT] ::1 GET /stylesheets/materialize.css HTTP/1.1 304 4.438 ms - http://localhost:3000/event/create
[Tue, 05 Apr 2016 21:55:10 GMT] ::1 GET /stylesheets/style.css HTTP/1.1 304 6.407 ms - http://localhost:3000/event/create
[Tue, 05 Apr 2016 21:55:10 GMT] ::1 GET /js/jquery.min.js HTTP/1.1 304 3.639 ms - http://localhost:3000/event/create
[Tue, 05 Apr 2016 21:55:10 GMT] ::1 GET /js/materialize.min.js HTTP/1.1 304 3.679 ms - http://localhost:3000/event/create
[Tue, 05 Apr 2016 21:55:10 GMT] ::1 GET /js/picker.time.js HTTP/1.1 304 3.093 ms - http://localhost:3000/event/create
[Tue, 05 Apr 2016 21:55:10 GMT] ::1 GET /js/gmaps.js HTTP/1.1 304 10.535 ms - http://localhost:3000/event/create
[Tue, 05 Apr 2016 21:55:10 GMT] ::1 GET /js/init.js HTTP/1.1 304 7.949 ms - http://localhost:3000/event/create
[Tue, 05 Apr 2016 21:55:10 GMT] ::1 GET /js/initMaps.js HTTP/1.1 304 8.910 ms - http://localhost:3000/event/create
[Tue, 05 Apr 2016 21:55:10 GMT] ::1 GET /images/eh-logo.png HTTP/1.1 304 10.468 ms - http://localhost:3000/event/create
[Tue, 05 Apr 2016 21:55:10 GMT] ::1 GET /images/eh-logo-mob.png HTTP/1.1 304 7.800 ms - http://localhost:3000/event/create
[Tue, 05 Apr 2016 21:55:10 GMT] ::1 GET /images/ticker_tagline.png HTTP/1.1 304 8.631 ms - http://localhost:3000/event/create
[Tue, 05 Apr 2016 21:56:14 GMT] ::1 GET /event/create HTTP/1.1 304 3753.966 ms - http://localhost:3000/
[Tue, 05 Apr 2016 21:56:14 GMT] ::1 GET /stylesheets/materialize.css HTTP/1.1 304 11.203 ms - http://localhost:3000/event/create
[Tue, 05 Apr 2016 21:56:14 GMT] ::1 GET /stylesheets/style.css HTTP/1.1 304 14.619 ms - http://localhost:3000/event/create
[Tue, 05 Apr 2016 21:56:14 GMT] ::1 GET /font/roboto/Roboto-Thin.woff HTTP/1.1 304 10.238 ms - http://localhost:3000/event/create
[Tue, 05 Apr 2016 21:56:14 GMT] ::1 GET /font/roboto/Roboto-Light.woff HTTP/1.1 304 19.443 ms - http://localhost:3000/event/create
[Tue, 05 Apr 2016 21:56:14 GMT] ::1 GET /font/roboto/Roboto-Regular.woff HTTP/1.1 304 15.037 ms - http://localhost:3000/event/create
[Tue, 05 Apr 2016 21:56:14 GMT] ::1 GET /font/roboto/Roboto-Medium.woff HTTP/1.1 304 8.264 ms - http://localhost:3000/event/create
[Tue, 05 Apr 2016 21:56:14 GMT] ::1 GET /font/roboto/Roboto-Bold.woff HTTP/1.1 304 11.033 ms - http://localhost:3000/event/create
[Tue, 05 Apr 2016 21:56:14 GMT] ::1 GET /images/eh-logo.png HTTP/1.1 304 6.706 ms - http://localhost:3000/event/create
[Tue, 05 Apr 2016 21:56:14 GMT] ::1 GET /images/eh-logo-mob.png HTTP/1.1 304 5.834 ms - http://localhost:3000/event/create
[Tue, 05 Apr 2016 21:56:14 GMT] ::1 GET /images/ticker_tagline.png HTTP/1.1 304 5.249 ms - http://localhost:3000/event/create
[Tue, 05 Apr 2016 21:56:14 GMT] ::1 GET /js/jquery.min.js HTTP/1.1 304 4.855 ms - http://localhost:3000/event/create
[Tue, 05 Apr 2016 21:56:14 GMT] ::1 GET /js/materialize.min.js HTTP/1.1 304 2.942 ms - http://localhost:3000/event/create
[Tue, 05 Apr 2016 21:56:14 GMT] ::1 GET /js/picker.time.js HTTP/1.1 304 3.327 ms - http://localhost:3000/event/create
[Tue, 05 Apr 2016 21:56:14 GMT] ::1 GET /js/init.js HTTP/1.1 304 4.097 ms - http://localhost:3000/event/create
[Tue, 05 Apr 2016 21:56:15 GMT] ::1 GET /js/gmaps.js HTTP/1.1 304 3.585 ms - http://localhost:3000/event/create
[Tue, 05 Apr 2016 21:56:15 GMT] ::1 GET /js/initMaps.js HTTP/1.1 200 8.701 ms 1305 http://localhost:3000/event/create
[Tue, 05 Apr 2016 21:56:30 GMT] ::1 GET /event/create HTTP/1.1 304 2009.092 ms - http://localhost:3000/
[Tue, 05 Apr 2016 21:56:31 GMT] ::1 GET /stylesheets/materialize.css HTTP/1.1 304 10.857 ms - http://localhost:3000/event/create
[Tue, 05 Apr 2016 21:56:31 GMT] ::1 GET /stylesheets/style.css HTTP/1.1 304 18.898 ms - http://localhost:3000/event/create
[Tue, 05 Apr 2016 21:56:31 GMT] ::1 GET /js/jquery.min.js HTTP/1.1 304 11.851 ms - http://localhost:3000/event/create
[Tue, 05 Apr 2016 21:56:31 GMT] ::1 GET /js/materialize.min.js HTTP/1.1 304 3.705 ms - http://localhost:3000/event/create
[Tue, 05 Apr 2016 21:56:31 GMT] ::1 GET /js/picker.time.js HTTP/1.1 304 13.890 ms - http://localhost:3000/event/create
[Tue, 05 Apr 2016 21:56:31 GMT] ::1 GET /js/gmaps.js HTTP/1.1 304 11.751 ms - http://localhost:3000/event/create
[Tue, 05 Apr 2016 21:56:31 GMT] ::1 GET /js/init.js HTTP/1.1 304 13.990 ms - http://localhost:3000/event/create
[Tue, 05 Apr 2016 21:56:31 GMT] ::1 GET /js/initMaps.js HTTP/1.1 200 8.844 ms 1305 http://localhost:3000/event/create
[Tue, 05 Apr 2016 21:56:32 GMT] ::1 GET /images/eh-logo.png HTTP/1.1 304 6.145 ms - http://localhost:3000/event/create
[Tue, 05 Apr 2016 21:56:32 GMT] ::1 GET /images/eh-logo-mob.png HTTP/1.1 304 6.619 ms - http://localhost:3000/event/create
[Tue, 05 Apr 2016 21:56:32 GMT] ::1 GET /images/ticker_tagline.png HTTP/1.1 304 3.175 ms - http://localhost:3000/event/create
[Tue, 05 Apr 2016 21:57:37 GMT] ::1 GET /event/create HTTP/1.1 304 3808.902 ms - http://localhost:3000/
[Tue, 05 Apr 2016 21:57:42 GMT] ::1 GET /stylesheets/materialize.css HTTP/1.1 304 25.330 ms - http://localhost:3000/event/create
[Tue, 05 Apr 2016 21:57:42 GMT] ::1 GET /stylesheets/style.css HTTP/1.1 304 19.786 ms - http://localhost:3000/event/create
[Tue, 05 Apr 2016 21:57:42 GMT] ::1 GET /js/jquery.min.js HTTP/1.1 304 3.588 ms - http://localhost:3000/event/create
[Tue, 05 Apr 2016 21:57:42 GMT] ::1 GET /js/materialize.min.js HTTP/1.1 304 3.880 ms - http://localhost:3000/event/create
[Tue, 05 Apr 2016 21:57:42 GMT] ::1 GET /js/picker.time.js HTTP/1.1 304 26.102 ms - http://localhost:3000/event/create
[Tue, 05 Apr 2016 21:57:42 GMT] ::1 GET /js/init.js HTTP/1.1 304 24.734 ms - http://localhost:3000/event/create
[Tue, 05 Apr 2016 21:57:42 GMT] ::1 GET /js/gmaps.js HTTP/1.1 304 22.232 ms - http://localhost:3000/event/create
[Tue, 05 Apr 2016 21:57:42 GMT] ::1 GET /images/eh-logo.png HTTP/1.1 304 18.906 ms - http://localhost:3000/event/create
[Tue, 05 Apr 2016 21:57:42 GMT] ::1 GET /images/eh-logo-mob.png HTTP/1.1 304 23.730 ms - http://localhost:3000/event/create
[Tue, 05 Apr 2016 21:57:42 GMT] ::1 GET /js/initMaps.js HTTP/1.1 200 29.467 ms 1301 http://localhost:3000/event/create
[Tue, 05 Apr 2016 21:57:42 GMT] ::1 GET /images/ticker_tagline.png HTTP/1.1 304 3.908 ms - http://localhost:3000/event/create
[Tue, 05 Apr 2016 21:59:23 GMT] ::1 GET /images/eh-logo.png HTTP/1.1 304 3.588 ms - -
[Tue, 05 Apr 2016 21:59:23 GMT] ::1 GET /images/ticker_tagline.png HTTP/1.1 304 2.979 ms - -
[Tue, 05 Apr 2016 21:59:50 GMT] ::1 GET /images/eh-logo-mob.png HTTP/1.1 304 4.219 ms - -
[Tue, 05 Apr 2016 22:02:01 GMT] ::1 GET /event/create HTTP/1.1 304 3780.040 ms - http://localhost:3000/
[Tue, 05 Apr 2016 22:02:01 GMT] ::1 GET /stylesheets/materialize.css HTTP/1.1 304 11.106 ms - http://localhost:3000/event/create
[Tue, 05 Apr 2016 22:02:02 GMT] ::1 GET /stylesheets/style.css HTTP/1.1 304 16.713 ms - http://localhost:3000/event/create
[Tue, 05 Apr 2016 22:02:02 GMT] ::1 GET /font/roboto/Roboto-Thin.woff HTTP/1.1 304 13.118 ms - http://localhost:3000/event/create
[Tue, 05 Apr 2016 22:02:02 GMT] ::1 GET /font/roboto/Roboto-Light.woff HTTP/1.1 304 24.389 ms - http://localhost:3000/event/create
[Tue, 05 Apr 2016 22:02:02 GMT] ::1 GET /font/roboto/Roboto-Regular.woff HTTP/1.1 304 19.464 ms - http://localhost:3000/event/create
[Tue, 05 Apr 2016 22:02:02 GMT] ::1 GET /font/roboto/Roboto-Medium.woff HTTP/1.1 304 10.677 ms - http://localhost:3000/event/create
[Tue, 05 Apr 2016 22:02:02 GMT] ::1 GET /font/roboto/Roboto-Bold.woff HTTP/1.1 304 13.765 ms - http://localhost:3000/event/create
[Tue, 05 Apr 2016 22:02:02 GMT] ::1 GET /images/eh-logo.png HTTP/1.1 304 6.535 ms - http://localhost:3000/event/create
[Tue, 05 Apr 2016 22:02:02 GMT] ::1 GET /images/eh-logo-mob.png HTTP/1.1 304 5.200 ms - http://localhost:3000/event/create
[Tue, 05 Apr 2016 22:02:02 GMT] ::1 GET /images/ticker_tagline.png HTTP/1.1 304 5.667 ms - http://localhost:3000/event/create
[Tue, 05 Apr 2016 22:02:02 GMT] ::1 GET /js/jquery.min.js HTTP/1.1 304 5.689 ms - http://localhost:3000/event/create
[Tue, 05 Apr 2016 22:02:02 GMT] ::1 GET /js/materialize.min.js HTTP/1.1 304 3.401 ms - http://localhost:3000/event/create
[Tue, 05 Apr 2016 22:02:02 GMT] ::1 GET /js/picker.time.js HTTP/1.1 304 3.339 ms - http://localhost:3000/event/create
[Tue, 05 Apr 2016 22:02:02 GMT] ::1 GET /js/init.js HTTP/1.1 304 3.881 ms - http://localhost:3000/event/create
[Tue, 05 Apr 2016 22:02:02 GMT] ::1 GET /js/gmaps.js HTTP/1.1 304 2.912 ms - http://localhost:3000/event/create
[Tue, 05 Apr 2016 22:02:02 GMT] ::1 GET /js/initMaps.js HTTP/1.1 200 10.443 ms 1344 http://localhost:3000/event/create
[Tue, 05 Apr 2016 22:04:13 GMT] ::1 GET /event/create HTTP/1.1 304 3794.519 ms - http://localhost:3000/
[Tue, 05 Apr 2016 22:04:14 GMT] ::1 GET /stylesheets/materialize.css HTTP/1.1 304 12.887 ms - http://localhost:3000/event/create
[Tue, 05 Apr 2016 22:04:14 GMT] ::1 GET /stylesheets/style.css HTTP/1.1 304 18.826 ms - http://localhost:3000/event/create
[Tue, 05 Apr 2016 22:04:14 GMT] ::1 GET /font/roboto/Roboto-Thin.woff HTTP/1.1 304 15.410 ms - http://localhost:3000/event/create
[Tue, 05 Apr 2016 22:04:14 GMT] ::1 GET /font/roboto/Roboto-Light.woff HTTP/1.1 304 14.254 ms - http://localhost:3000/event/create
[Tue, 05 Apr 2016 22:04:14 GMT] ::1 GET /font/roboto/Roboto-Regular.woff HTTP/1.1 304 19.389 ms - http://localhost:3000/event/create
[Tue, 05 Apr 2016 22:04:14 GMT] ::1 GET /font/roboto/Roboto-Medium.woff HTTP/1.1 304 14.171 ms - http://localhost:3000/event/create
[Tue, 05 Apr 2016 22:04:14 GMT] ::1 GET /font/roboto/Roboto-Bold.woff HTTP/1.1 304 8.596 ms - http://localhost:3000/event/create
[Tue, 05 Apr 2016 22:04:14 GMT] ::1 GET /images/eh-logo.png HTTP/1.1 304 6.876 ms - http://localhost:3000/event/create
[Tue, 05 Apr 2016 22:04:14 GMT] ::1 GET /images/eh-logo-mob.png HTTP/1.1 304 5.964 ms - http://localhost:3000/event/create
[Tue, 05 Apr 2016 22:04:14 GMT] ::1 GET /images/ticker_tagline.png HTTP/1.1 304 5.815 ms - http://localhost:3000/event/create
[Tue, 05 Apr 2016 22:04:14 GMT] ::1 GET /js/jquery.min.js HTTP/1.1 304 5.167 ms - http://localhost:3000/event/create
[Tue, 05 Apr 2016 22:04:14 GMT] ::1 GET /js/materialize.min.js HTTP/1.1 304 2.918 ms - http://localhost:3000/event/create
[Tue, 05 Apr 2016 22:04:14 GMT] ::1 GET /js/picker.time.js HTTP/1.1 304 4.644 ms - http://localhost:3000/event/create
[Tue, 05 Apr 2016 22:04:14 GMT] ::1 GET /js/init.js HTTP/1.1 304 3.521 ms - http://localhost:3000/event/create
[Tue, 05 Apr 2016 22:04:14 GMT] ::1 GET /js/gmaps.js HTTP/1.1 304 3.079 ms - http://localhost:3000/event/create
[Tue, 05 Apr 2016 22:04:14 GMT] ::1 GET /js/initMaps.js HTTP/1.1 200 9.604 ms 1342 http://localhost:3000/event/create
[Tue, 05 Apr 2016 22:09:18 GMT] ::1 GET /event/create HTTP/1.1 304 3667.154 ms - http://localhost:3000/
[Tue, 05 Apr 2016 22:09:18 GMT] ::1 GET /stylesheets/materialize.css HTTP/1.1 304 11.392 ms - http://localhost:3000/event/create
[Tue, 05 Apr 2016 22:09:18 GMT] ::1 GET /stylesheets/style.css HTTP/1.1 304 16.119 ms - http://localhost:3000/event/create
[Tue, 05 Apr 2016 22:09:18 GMT] ::1 GET /font/roboto/Roboto-Thin.woff HTTP/1.1 304 11.595 ms - http://localhost:3000/event/create
[Tue, 05 Apr 2016 22:09:18 GMT] ::1 GET /font/roboto/Roboto-Light.woff HTTP/1.1 304 21.638 ms - http://localhost:3000/event/create
[Tue, 05 Apr 2016 22:09:18 GMT] ::1 GET /font/roboto/Roboto-Regular.woff HTTP/1.1 304 16.475 ms - http://localhost:3000/event/create
[Tue, 05 Apr 2016 22:09:18 GMT] ::1 GET /font/roboto/Roboto-Medium.woff HTTP/1.1 304 8.965 ms - http://localhost:3000/event/create
[Tue, 05 Apr 2016 22:09:18 GMT] ::1 GET /font/roboto/Roboto-Bold.woff HTTP/1.1 304 11.158 ms - http://localhost:3000/event/create
[Tue, 05 Apr 2016 22:09:18 GMT] ::1 GET /images/eh-logo.png HTTP/1.1 304 6.453 ms - http://localhost:3000/event/create
[Tue, 05 Apr 2016 22:09:18 GMT] ::1 GET /images/eh-logo-mob.png HTTP/1.1 304 5.633 ms - http://localhost:3000/event/create
[Tue, 05 Apr 2016 22:09:18 GMT] ::1 GET /images/ticker_tagline.png HTTP/1.1 304 5.915 ms - http://localhost:3000/event/create
[Tue, 05 Apr 2016 22:09:18 GMT] ::1 GET /js/jquery.min.js HTTP/1.1 304 5.085 ms - http://localhost:3000/event/create
[Tue, 05 Apr 2016 22:09:18 GMT] ::1 GET /js/materialize.min.js HTTP/1.1 304 3.342 ms - http://localhost:3000/event/create
[Tue, 05 Apr 2016 22:09:18 GMT] ::1 GET /js/picker.time.js HTTP/1.1 304 2.890 ms - http://localhost:3000/event/create
[Tue, 05 Apr 2016 22:09:18 GMT] ::1 GET /js/init.js HTTP/1.1 304 4.136 ms - http://localhost:3000/event/create
[Tue, 05 Apr 2016 22:09:19 GMT] ::1 GET /js/gmaps.js HTTP/1.1 304 3.564 ms - http://localhost:3000/event/create
[Tue, 05 Apr 2016 22:09:19 GMT] ::1 GET /js/initMaps.js HTTP/1.1 200 10.320 ms 1346 http://localhost:3000/event/create
