[Thu, 07 Apr 2016 18:21:17 GMT] ::1 GET /event/create HTTP/1.1 304 2499.185 ms - http://localhost:3000/
[Thu, 07 Apr 2016 18:21:24 GMT] ::1 GET /stylesheets/style.css HTTP/1.1 304 71.823 ms - http://localhost:3000/event/create
[Thu, 07 Apr 2016 18:21:24 GMT] ::1 GET /stylesheets/materialize.css HTTP/1.1 304 83.238 ms - http://localhost:3000/event/create
[Thu, 07 Apr 2016 18:21:24 GMT] ::1 GET /js/jquery.min.js HTTP/1.1 304 18.394 ms - http://localhost:3000/event/create
[Thu, 07 Apr 2016 18:21:24 GMT] ::1 GET /js/init.js HTTP/1.1 304 14.507 ms - http://localhost:3000/event/create
[Thu, 07 Apr 2016 18:21:24 GMT] ::1 GET /js/picker.time.js HTTP/1.1 304 12.719 ms - http://localhost:3000/event/create
[Thu, 07 Apr 2016 18:21:24 GMT] ::1 GET /js/materialize.min.js HTTP/1.1 304 14.459 ms - http://localhost:3000/event/create
[Thu, 07 Apr 2016 18:21:24 GMT] ::1 GET /js/gmaps.js HTTP/1.1 304 29.251 ms - http://localhost:3000/event/create
[Thu, 07 Apr 2016 18:21:24 GMT] ::1 GET /images/eh-logo.png HTTP/1.1 304 4.077 ms - http://localhost:3000/event/create
[Thu, 07 Apr 2016 18:21:24 GMT] ::1 GET /images/eh-logo-mob.png HTTP/1.1 304 6.959 ms - http://localhost:3000/event/create
[Thu, 07 Apr 2016 18:21:24 GMT] ::1 GET /images/ticker_tagline.png HTTP/1.1 304 5.227 ms - http://localhost:3000/event/create
[Thu, 07 Apr 2016 18:21:26 GMT] ::1 GET /js/initMaps.js HTTP/1.1 200 23.872 ms 1346 http://localhost:3000/event/create
[Thu, 07 Apr 2016 18:31:43 GMT] ::1 GET /event/create HTTP/1.1 200 10703.576 ms - http://localhost:3000/
[Thu, 07 Apr 2016 18:31:53 GMT] ::1 GET /stylesheets/materialize.css HTTP/1.1 304 26.900 ms - http://localhost:3000/event/create
[Thu, 07 Apr 2016 18:31:53 GMT] ::1 GET /stylesheets/style.css HTTP/1.1 304 18.654 ms - http://localhost:3000/event/create
[Thu, 07 Apr 2016 18:31:53 GMT] ::1 GET /js/jquery.min.js HTTP/1.1 304 20.224 ms - http://localhost:3000/event/create
[Thu, 07 Apr 2016 18:31:53 GMT] ::1 GET /js/materialize.min.js HTTP/1.1 304 17.138 ms - http://localhost:3000/event/create
[Thu, 07 Apr 2016 18:31:53 GMT] ::1 GET /js/gmaps.js HTTP/1.1 304 19.443 ms - http://localhost:3000/event/create
[Thu, 07 Apr 2016 18:31:53 GMT] ::1 GET /js/init.js HTTP/1.1 304 18.413 ms - http://localhost:3000/event/create
[Thu, 07 Apr 2016 18:31:53 GMT] ::1 GET /js/picker.time.js HTTP/1.1 304 17.829 ms - http://localhost:3000/event/create
[Thu, 07 Apr 2016 18:31:53 GMT] ::1 GET /js/initMaps.js HTTP/1.1 200 27.475 ms 1499 http://localhost:3000/event/create
[Thu, 07 Apr 2016 18:31:53 GMT] ::1 GET /images/eh-logo.png HTTP/1.1 304 3.192 ms - http://localhost:3000/event/create
[Thu, 07 Apr 2016 18:31:53 GMT] ::1 GET /images/eh-logo-mob.png HTTP/1.1 304 6.404 ms - http://localhost:3000/event/create
[Thu, 07 Apr 2016 18:31:53 GMT] ::1 GET /images/ticker_tagline.png HTTP/1.1 304 5.138 ms - http://localhost:3000/event/create
[Thu, 07 Apr 2016 18:36:53 GMT] ::1 GET / HTTP/1.1 200 1589.099 ms - http://localhost:3000/event/create
[Thu, 07 Apr 2016 18:37:04 GMT] ::1 GET /stylesheets/materialize.css HTTP/1.1 304 8.594 ms - http://localhost:3000/
[Thu, 07 Apr 2016 18:37:04 GMT] ::1 GET /stylesheets/style.css HTTP/1.1 304 6.348 ms - http://localhost:3000/
[Thu, 07 Apr 2016 18:37:04 GMT] ::1 GET /js/jquery.min.js HTTP/1.1 304 4.241 ms - http://localhost:3000/
[Thu, 07 Apr 2016 18:37:04 GMT] ::1 GET /js/materialize.min.js HTTP/1.1 304 11.497 ms - http://localhost:3000/
[Thu, 07 Apr 2016 18:37:04 GMT] ::1 GET /js/picker.time.js HTTP/1.1 304 8.211 ms - http://localhost:3000/
[Thu, 07 Apr 2016 18:37:04 GMT] ::1 GET /images/ticker_tagline.png HTTP/1.1 304 16.545 ms - http://localhost:3000/
[Thu, 07 Apr 2016 18:37:04 GMT] ::1 GET /images/eh-logo-mob.png HTTP/1.1 304 15.076 ms - http://localhost:3000/
[Thu, 07 Apr 2016 18:37:04 GMT] ::1 GET /images/eh-logo.png HTTP/1.1 304 13.261 ms - http://localhost:3000/
[Thu, 07 Apr 2016 18:37:04 GMT] ::1 GET /js/init.js HTTP/1.1 304 14.870 ms - http://localhost:3000/
[Thu, 07 Apr 2016 18:37:04 GMT] ::1 GET /images/background1.jpg HTTP/1.1 304 5.791 ms - http://localhost:3000/
[Thu, 07 Apr 2016 18:37:04 GMT] ::1 GET /images/background5.jpg HTTP/1.1 304 4.900 ms - http://localhost:3000/
[Thu, 07 Apr 2016 18:37:05 GMT] ::1 GET /images/background2.jpg HTTP/1.1 304 3.444 ms - http://localhost:3000/
[Thu, 07 Apr 2016 18:37:05 GMT] ::1 GET /font/material-design-icons/Material-Design-Icons.woff2 HTTP/1.1 304 3.654 ms - http://localhost:3000/stylesheets/materialize.css
[Thu, 07 Apr 2016 18:37:27 GMT] ::1 GET /event/create HTTP/1.1 304 2275.366 ms - http://localhost:3000/
[Thu, 07 Apr 2016 18:37:37 GMT] ::1 GET /stylesheets/materialize.css HTTP/1.1 304 9.421 ms - http://localhost:3000/event/create
[Thu, 07 Apr 2016 18:37:37 GMT] ::1 GET /stylesheets/style.css HTTP/1.1 304 12.159 ms - http://localhost:3000/event/create
[Thu, 07 Apr 2016 18:37:37 GMT] ::1 GET /js/jquery.min.js HTTP/1.1 304 11.983 ms - http://localhost:3000/event/create
[Thu, 07 Apr 2016 18:37:37 GMT] ::1 GET /js/materialize.min.js HTTP/1.1 304 8.724 ms - http://localhost:3000/event/create
[Thu, 07 Apr 2016 18:37:37 GMT] ::1 GET /js/picker.time.js HTTP/1.1 304 11.367 ms - http://localhost:3000/event/create
[Thu, 07 Apr 2016 18:37:37 GMT] ::1 GET /js/init.js HTTP/1.1 304 13.079 ms - http://localhost:3000/event/create
[Thu, 07 Apr 2016 18:37:37 GMT] ::1 GET /js/gmaps.js HTTP/1.1 304 11.786 ms - http://localhost:3000/event/create
[Thu, 07 Apr 2016 18:37:37 GMT] ::1 GET /js/initMaps.js HTTP/1.1 304 11.186 ms - http://localhost:3000/event/create
[Thu, 07 Apr 2016 18:37:37 GMT] ::1 GET /images/eh-logo.png HTTP/1.1 304 8.860 ms - http://localhost:3000/event/create
[Thu, 07 Apr 2016 18:37:37 GMT] ::1 GET /images/eh-logo-mob.png HTTP/1.1 304 8.898 ms - http://localhost:3000/event/create
[Thu, 07 Apr 2016 18:37:37 GMT] ::1 GET /images/ticker_tagline.png HTTP/1.1 304 6.219 ms - http://localhost:3000/event/create
[Thu, 07 Apr 2016 18:37:40 GMT] ::1 GET /font/roboto/Roboto-Thin.woff2 HTTP/1.1 304 13.110 ms - http://localhost:3000/stylesheets/materialize.css
[Thu, 07 Apr 2016 18:37:40 GMT] ::1 GET /font/roboto/Roboto-Medium.woff2 HTTP/1.1 304 7.643 ms - http://localhost:3000/stylesheets/materialize.css
[Thu, 07 Apr 2016 18:37:40 GMT] ::1 GET /font/roboto/Roboto-Bold.woff2 HTTP/1.1 304 7.582 ms - http://localhost:3000/stylesheets/materialize.css
[Thu, 07 Apr 2016 18:49:17 GMT] ::1 GET /event/create HTTP/1.1 200 3813.637 ms - http://localhost:3000/
[Thu, 07 Apr 2016 18:49:17 GMT] ::1 GET /stylesheets/materialize.css HTTP/1.1 304 11.174 ms - http://localhost:3000/event/create
[Thu, 07 Apr 2016 18:49:17 GMT] ::1 GET /stylesheets/style.css HTTP/1.1 304 8.964 ms - http://localhost:3000/event/create
[Thu, 07 Apr 2016 18:49:17 GMT] ::1 GET /font/roboto/Roboto-Thin.woff HTTP/1.1 304 10.199 ms - http://localhost:3000/event/create
[Thu, 07 Apr 2016 18:49:17 GMT] ::1 GET /font/roboto/Roboto-Light.woff HTTP/1.1 304 5.107 ms - http://localhost:3000/event/create
[Thu, 07 Apr 2016 18:49:17 GMT] ::1 GET /font/roboto/Roboto-Regular.woff HTTP/1.1 304 3.231 ms - http://localhost:3000/event/create
[Thu, 07 Apr 2016 18:49:17 GMT] ::1 GET /font/roboto/Roboto-Medium.woff HTTP/1.1 304 3.379 ms - http://localhost:3000/event/create
[Thu, 07 Apr 2016 18:49:17 GMT] ::1 GET /font/roboto/Roboto-Bold.woff HTTP/1.1 304 4.324 ms - http://localhost:3000/event/create
[Thu, 07 Apr 2016 18:49:17 GMT] ::1 GET /images/eh-logo.png HTTP/1.1 304 6.023 ms - http://localhost:3000/event/create
[Thu, 07 Apr 2016 18:49:17 GMT] ::1 GET /images/eh-logo-mob.png HTTP/1.1 304 4.442 ms - http://localhost:3000/event/create
[Thu, 07 Apr 2016 18:49:17 GMT] ::1 GET /images/ticker_tagline.png HTTP/1.1 304 5.322 ms - http://localhost:3000/event/create
[Thu, 07 Apr 2016 18:49:17 GMT] ::1 GET /js/jquery.min.js HTTP/1.1 304 5.166 ms - http://localhost:3000/event/create
[Thu, 07 Apr 2016 18:49:17 GMT] ::1 GET /js/materialize.min.js HTTP/1.1 304 3.298 ms - http://localhost:3000/event/create
[Thu, 07 Apr 2016 18:49:17 GMT] ::1 GET /js/picker.time.js HTTP/1.1 304 3.895 ms - http://localhost:3000/event/create
[Thu, 07 Apr 2016 18:49:17 GMT] ::1 GET /js/init.js HTTP/1.1 304 4.190 ms - http://localhost:3000/event/create
[Thu, 07 Apr 2016 18:49:17 GMT] ::1 GET /js/gmaps.js HTTP/1.1 304 3.025 ms - http://localhost:3000/event/create
[Thu, 07 Apr 2016 18:49:18 GMT] ::1 GET /js/initMaps.js HTTP/1.1 200 9.913 ms 1673 http://localhost:3000/event/create
[Thu, 07 Apr 2016 18:49:46 GMT] ::1 GET /event/create HTTP/1.1 200 2236.255 ms - http://localhost:3000/
[Thu, 07 Apr 2016 18:49:50 GMT] ::1 GET /stylesheets/materialize.css HTTP/1.1 304 15.000 ms - http://localhost:3000/event/create
[Thu, 07 Apr 2016 18:49:50 GMT] ::1 GET /stylesheets/style.css HTTP/1.1 304 10.050 ms - http://localhost:3000/event/create
[Thu, 07 Apr 2016 18:49:50 GMT] ::1 GET /js/jquery.min.js HTTP/1.1 304 29.177 ms - http://localhost:3000/event/create
[Thu, 07 Apr 2016 18:49:50 GMT] ::1 GET /js/materialize.min.js HTTP/1.1 304 23.674 ms - http://localhost:3000/event/create
[Thu, 07 Apr 2016 18:49:50 GMT] ::1 GET /js/gmaps.js HTTP/1.1 304 28.049 ms - http://localhost:3000/event/create
[Thu, 07 Apr 2016 18:49:50 GMT] ::1 GET /js/init.js HTTP/1.1 304 26.191 ms - http://localhost:3000/event/create
[Thu, 07 Apr 2016 18:49:50 GMT] ::1 GET /js/picker.time.js HTTP/1.1 304 12.579 ms - http://localhost:3000/event/create
[Thu, 07 Apr 2016 18:49:50 GMT] ::1 GET /js/initMaps.js HTTP/1.1 200 35.699 ms 1673 http://localhost:3000/event/create
[Thu, 07 Apr 2016 18:49:50 GMT] ::1 GET /images/eh-logo.png HTTP/1.1 304 9.187 ms - http://localhost:3000/event/create
[Thu, 07 Apr 2016 18:49:50 GMT] ::1 GET /images/eh-logo-mob.png HTTP/1.1 304 9.046 ms - http://localhost:3000/event/create
[Thu, 07 Apr 2016 18:49:50 GMT] ::1 GET /images/ticker_tagline.png HTTP/1.1 304 7.216 ms - http://localhost:3000/event/create
[Thu, 07 Apr 2016 18:51:28 GMT] ::1 GET /font/roboto/Roboto-Regular.woff2 HTTP/1.1 200 12.964 ms 49236 -
[Thu, 07 Apr 2016 18:51:28 GMT] ::1 GET /font/roboto/Roboto-Regular.woff2 HTTP/1.1 200 3.831 ms 49236 -
[Thu, 07 Apr 2016 18:51:28 GMT] ::1 GET /font/roboto/Roboto-Regular.woff2 HTTP/1.1 200 3.505 ms 49236 -
[Thu, 07 Apr 2016 18:52:25 GMT] ::1 GET /event/create HTTP/1.1 200 3703.643 ms - http://localhost:3000/
[Thu, 07 Apr 2016 18:52:25 GMT] ::1 GET /stylesheets/materialize.css HTTP/1.1 304 10.896 ms - http://localhost:3000/event/create
[Thu, 07 Apr 2016 18:52:25 GMT] ::1 GET /stylesheets/style.css HTTP/1.1 304 16.161 ms - http://localhost:3000/event/create
[Thu, 07 Apr 2016 18:52:25 GMT] ::1 GET /font/roboto/Roboto-Thin.woff HTTP/1.1 304 11.953 ms - http://localhost:3000/event/create
[Thu, 07 Apr 2016 18:52:25 GMT] ::1 GET /font/roboto/Roboto-Light.woff HTTP/1.1 304 24.051 ms - http://localhost:3000/event/create
[Thu, 07 Apr 2016 18:52:25 GMT] ::1 GET /font/roboto/Roboto-Regular.woff HTTP/1.1 304 11.770 ms - http://localhost:3000/event/create
[Thu, 07 Apr 2016 18:52:25 GMT] ::1 GET /font/roboto/Roboto-Medium.woff HTTP/1.1 304 13.265 ms - http://localhost:3000/event/create
[Thu, 07 Apr 2016 18:52:25 GMT] ::1 GET /font/roboto/Roboto-Bold.woff HTTP/1.1 304 12.086 ms - http://localhost:3000/event/create
[Thu, 07 Apr 2016 18:52:26 GMT] ::1 GET /images/eh-logo.png HTTP/1.1 304 8.361 ms - http://localhost:3000/event/create
[Thu, 07 Apr 2016 18:52:26 GMT] ::1 GET /images/eh-logo-mob.png HTTP/1.1 304 7.524 ms - http://localhost:3000/event/create
[Thu, 07 Apr 2016 18:52:26 GMT] ::1 GET /images/ticker_tagline.png HTTP/1.1 304 5.633 ms - http://localhost:3000/event/create
[Thu, 07 Apr 2016 18:52:26 GMT] ::1 GET /js/jquery.min.js HTTP/1.1 304 5.367 ms - http://localhost:3000/event/create
[Thu, 07 Apr 2016 18:52:26 GMT] ::1 GET /js/materialize.min.js HTTP/1.1 304 3.212 ms - http://localhost:3000/event/create
[Thu, 07 Apr 2016 18:52:26 GMT] ::1 GET /js/picker.time.js HTTP/1.1 304 3.333 ms - http://localhost:3000/event/create
[Thu, 07 Apr 2016 18:52:26 GMT] ::1 GET /js/init.js HTTP/1.1 304 3.971 ms - http://localhost:3000/event/create
[Thu, 07 Apr 2016 18:52:26 GMT] ::1 GET /js/gmaps.js HTTP/1.1 304 3.518 ms - http://localhost:3000/event/create
[Thu, 07 Apr 2016 18:52:26 GMT] ::1 GET /js/initMaps.js HTTP/1.1 304 4.057 ms - http://localhost:3000/event/create
[Thu, 07 Apr 2016 18:55:11 GMT] ::1 GET /event/create HTTP/1.1 200 3867.311 ms - http://localhost:3000/
[Thu, 07 Apr 2016 18:55:11 GMT] ::1 GET /stylesheets/materialize.css HTTP/1.1 304 11.942 ms - http://localhost:3000/event/create
[Thu, 07 Apr 2016 18:55:11 GMT] ::1 GET /stylesheets/style.css HTTP/1.1 304 6.684 ms - http://localhost:3000/event/create
[Thu, 07 Apr 2016 18:55:11 GMT] ::1 GET /font/roboto/Roboto-Thin.woff HTTP/1.1 304 3.392 ms - http://localhost:3000/event/create
[Thu, 07 Apr 2016 18:55:11 GMT] ::1 GET /font/roboto/Roboto-Light.woff HTTP/1.1 304 11.583 ms - http://localhost:3000/event/create
[Thu, 07 Apr 2016 18:55:11 GMT] ::1 GET /font/roboto/Roboto-Regular.woff HTTP/1.1 304 10.466 ms - http://localhost:3000/event/create
[Thu, 07 Apr 2016 18:55:11 GMT] ::1 GET /font/roboto/Roboto-Medium.woff HTTP/1.1 304 9.267 ms - http://localhost:3000/event/create
[Thu, 07 Apr 2016 18:55:11 GMT] ::1 GET /font/roboto/Roboto-Bold.woff HTTP/1.1 304 10.870 ms - http://localhost:3000/event/create
[Thu, 07 Apr 2016 18:55:11 GMT] ::1 GET /images/eh-logo.png HTTP/1.1 304 7.291 ms - http://localhost:3000/event/create
[Thu, 07 Apr 2016 18:55:11 GMT] ::1 GET /images/eh-logo-mob.png HTTP/1.1 304 5.326 ms - http://localhost:3000/event/create
[Thu, 07 Apr 2016 18:55:11 GMT] ::1 GET /images/ticker_tagline.png HTTP/1.1 304 5.475 ms - http://localhost:3000/event/create
[Thu, 07 Apr 2016 18:55:11 GMT] ::1 GET /js/jquery.min.js HTTP/1.1 304 5.129 ms - http://localhost:3000/event/create
[Thu, 07 Apr 2016 18:55:12 GMT] ::1 GET /js/materialize.min.js HTTP/1.1 304 3.720 ms - http://localhost:3000/event/create
[Thu, 07 Apr 2016 18:55:12 GMT] ::1 GET /js/picker.time.js HTTP/1.1 304 3.267 ms - http://localhost:3000/event/create
[Thu, 07 Apr 2016 18:55:12 GMT] ::1 GET /js/init.js HTTP/1.1 304 3.905 ms - http://localhost:3000/event/create
[Thu, 07 Apr 2016 18:55:12 GMT] ::1 GET /js/gmaps.js HTTP/1.1 304 2.735 ms - http://localhost:3000/event/create
[Thu, 07 Apr 2016 18:55:12 GMT] ::1 GET /js/initMaps.js HTTP/1.1 304 3.806 ms - http://localhost:3000/event/create
[Thu, 07 Apr 2016 18:56:58 GMT] ::1 GET /event/create HTTP/1.1 200 4319.887 ms - http://localhost:3000/
[Thu, 07 Apr 2016 18:57:02 GMT] ::1 GET /stylesheets/materialize.css HTTP/1.1 304 23.821 ms - http://localhost:3000/event/create
[Thu, 07 Apr 2016 18:57:02 GMT] ::1 GET /stylesheets/style.css HTTP/1.1 304 13.898 ms - http://localhost:3000/event/create
[Thu, 07 Apr 2016 18:57:02 GMT] ::1 GET /js/jquery.min.js HTTP/1.1 304 16.575 ms - http://localhost:3000/event/create
[Thu, 07 Apr 2016 18:57:02 GMT] ::1 GET /js/materialize.min.js HTTP/1.1 304 13.357 ms - http://localhost:3000/event/create
[Thu, 07 Apr 2016 18:57:02 GMT] ::1 GET /js/gmaps.js HTTP/1.1 304 16.010 ms - http://localhost:3000/event/create
[Thu, 07 Apr 2016 18:57:02 GMT] ::1 GET /js/init.js HTTP/1.1 304 19.500 ms - http://localhost:3000/event/create
[Thu, 07 Apr 2016 18:57:02 GMT] ::1 GET /js/picker.time.js HTTP/1.1 304 18.247 ms - http://localhost:3000/event/create
[Thu, 07 Apr 2016 18:57:02 GMT] ::1 GET /js/initMaps.js HTTP/1.1 200 28.958 ms 1716 http://localhost:3000/event/create
[Thu, 07 Apr 2016 18:57:03 GMT] ::1 GET /images/eh-logo.png HTTP/1.1 304 10.509 ms - http://localhost:3000/event/create
[Thu, 07 Apr 2016 18:57:03 GMT] ::1 GET /images/eh-logo-mob.png HTTP/1.1 304 11.952 ms - http://localhost:3000/event/create
[Thu, 07 Apr 2016 18:57:03 GMT] ::1 GET /images/ticker_tagline.png HTTP/1.1 304 9.790 ms - http://localhost:3000/event/create
[Thu, 07 Apr 2016 19:09:35 GMT] ::1 GET /event/create HTTP/1.1 200 4060.003 ms - http://localhost:3000/
[Thu, 07 Apr 2016 19:09:41 GMT] ::1 GET /stylesheets/materialize.css HTTP/1.1 304 38.339 ms - http://localhost:3000/event/create
[Thu, 07 Apr 2016 19:09:41 GMT] ::1 GET /stylesheets/style.css HTTP/1.1 304 19.779 ms - http://localhost:3000/event/create
[Thu, 07 Apr 2016 19:09:41 GMT] ::1 GET /js/jquery.min.js HTTP/1.1 304 10.986 ms - http://localhost:3000/event/create
[Thu, 07 Apr 2016 19:09:41 GMT] ::1 GET /js/materialize.min.js HTTP/1.1 304 8.057 ms - http://localhost:3000/event/create
[Thu, 07 Apr 2016 19:09:41 GMT] ::1 GET /js/gmaps.js HTTP/1.1 304 9.487 ms - http://localhost:3000/event/create
[Thu, 07 Apr 2016 19:09:41 GMT] ::1 GET /js/init.js HTTP/1.1 304 8.330 ms - http://localhost:3000/event/create
[Thu, 07 Apr 2016 19:09:41 GMT] ::1 GET /js/picker.time.js HTTP/1.1 304 10.542 ms - http://localhost:3000/event/create
[Thu, 07 Apr 2016 19:09:41 GMT] ::1 GET /js/initMaps.js HTTP/1.1 200 9.579 ms 1843 http://localhost:3000/event/create
[Thu, 07 Apr 2016 19:09:42 GMT] ::1 GET /images/eh-logo.png HTTP/1.1 304 10.072 ms - http://localhost:3000/event/create
[Thu, 07 Apr 2016 19:09:42 GMT] ::1 GET /images/eh-logo-mob.png HTTP/1.1 304 7.553 ms - http://localhost:3000/event/create
[Thu, 07 Apr 2016 19:09:42 GMT] ::1 GET /images/ticker_tagline.png HTTP/1.1 304 8.293 ms - http://localhost:3000/event/create
[Thu, 07 Apr 2016 19:10:40 GMT] ::1 GET /event/create HTTP/1.1 304 4180.929 ms - http://localhost:3000/
[Thu, 07 Apr 2016 19:10:47 GMT] ::1 GET /stylesheets/materialize.css HTTP/1.1 304 17.089 ms - http://localhost:3000/event/create
[Thu, 07 Apr 2016 19:10:47 GMT] ::1 GET /stylesheets/style.css HTTP/1.1 304 7.126 ms - http://localhost:3000/event/create
[Thu, 07 Apr 2016 19:10:47 GMT] ::1 GET /js/jquery.min.js HTTP/1.1 304 4.200 ms - http://localhost:3000/event/create
[Thu, 07 Apr 2016 19:10:47 GMT] ::1 GET /js/materialize.min.js HTTP/1.1 304 6.002 ms - http://localhost:3000/event/create
[Thu, 07 Apr 2016 19:10:47 GMT] ::1 GET /js/picker.time.js HTTP/1.1 304 12.815 ms - http://localhost:3000/event/create
[Thu, 07 Apr 2016 19:10:47 GMT] ::1 GET /js/gmaps.js HTTP/1.1 304 23.632 ms - http://localhost:3000/event/create
[Thu, 07 Apr 2016 19:10:47 GMT] ::1 GET /js/init.js HTTP/1.1 304 22.636 ms - http://localhost:3000/event/create
[Thu, 07 Apr 2016 19:10:47 GMT] ::1 GET /images/eh-logo.png HTTP/1.1 304 19.394 ms - http://localhost:3000/event/create
[Thu, 07 Apr 2016 19:10:47 GMT] ::1 GET /js/initMaps.js HTTP/1.1 200 26.670 ms 1821 http://localhost:3000/event/create
[Thu, 07 Apr 2016 19:10:47 GMT] ::1 GET /images/eh-logo-mob.png HTTP/1.1 304 6.713 ms - http://localhost:3000/event/create
[Thu, 07 Apr 2016 19:10:47 GMT] ::1 GET /images/ticker_tagline.png HTTP/1.1 304 5.905 ms - http://localhost:3000/event/create
[Thu, 07 Apr 2016 19:11:34 GMT] ::1 GET /images/eh-logo.png HTTP/1.1 304 3.198 ms - -
[Thu, 07 Apr 2016 19:11:34 GMT] ::1 GET /images/ticker_tagline.png HTTP/1.1 304 3.531 ms - -
[Thu, 07 Apr 2016 19:16:56 GMT] ::1 GET /event/create HTTP/1.1 200 4030.772 ms - http://localhost:3000/
[Thu, 07 Apr 2016 19:16:56 GMT] ::1 GET /stylesheets/materialize.css HTTP/1.1 304 26.101 ms - http://localhost:3000/event/create
[Thu, 07 Apr 2016 19:16:56 GMT] ::1 GET /stylesheets/style.css HTTP/1.1 304 14.641 ms - http://localhost:3000/event/create
[Thu, 07 Apr 2016 19:16:56 GMT] ::1 GET /js/jquery.min.js HTTP/1.1 304 3.140 ms - http://localhost:3000/event/create
[Thu, 07 Apr 2016 19:16:56 GMT] ::1 GET /js/materialize.min.js HTTP/1.1 304 3.626 ms - http://localhost:3000/event/create
[Thu, 07 Apr 2016 19:16:56 GMT] ::1 GET /js/picker.time.js HTTP/1.1 304 3.384 ms - http://localhost:3000/event/create
[Thu, 07 Apr 2016 19:16:57 GMT] ::1 GET /js/init.js HTTP/1.1 304 10.916 ms - http://localhost:3000/event/create
[Thu, 07 Apr 2016 19:16:57 GMT] ::1 GET /js/gmaps.js HTTP/1.1 304 8.050 ms - http://localhost:3000/event/create
[Thu, 07 Apr 2016 19:16:57 GMT] ::1 GET /js/initMaps.js HTTP/1.1 200 17.140 ms 2107 http://localhost:3000/event/create
[Thu, 07 Apr 2016 19:16:57 GMT] ::1 GET /images/eh-logo.png HTTP/1.1 304 7.612 ms - http://localhost:3000/event/create
[Thu, 07 Apr 2016 19:16:57 GMT] ::1 GET /images/eh-logo-mob.png HTTP/1.1 304 7.893 ms - http://localhost:3000/event/create
[Thu, 07 Apr 2016 19:16:57 GMT] ::1 GET /images/ticker_tagline.png HTTP/1.1 304 6.762 ms - http://localhost:3000/event/create
[Thu, 07 Apr 2016 19:18:15 GMT] ::1 GET /event/create HTTP/1.1 304 4011.760 ms - http://localhost:3000/
[Thu, 07 Apr 2016 19:18:18 GMT] ::1 GET /stylesheets/materialize.css HTTP/1.1 304 17.290 ms - http://localhost:3000/event/create
[Thu, 07 Apr 2016 19:18:18 GMT] ::1 GET /stylesheets/style.css HTTP/1.1 304 5.937 ms - http://localhost:3000/event/create
[Thu, 07 Apr 2016 19:18:18 GMT] ::1 GET /js/jquery.min.js HTTP/1.1 304 4.051 ms - http://localhost:3000/event/create
[Thu, 07 Apr 2016 19:18:18 GMT] ::1 GET /js/materialize.min.js HTTP/1.1 304 12.279 ms - http://localhost:3000/event/create
[Thu, 07 Apr 2016 19:18:18 GMT] ::1 GET /js/picker.time.js HTTP/1.1 304 21.211 ms - http://localhost:3000/event/create
[Thu, 07 Apr 2016 19:18:18 GMT] ::1 GET /js/gmaps.js HTTP/1.1 304 13.697 ms - http://localhost:3000/event/create
[Thu, 07 Apr 2016 19:18:18 GMT] ::1 GET /js/init.js HTTP/1.1 304 18.192 ms - http://localhost:3000/event/create
[Thu, 07 Apr 2016 19:18:18 GMT] ::1 GET /js/initMaps.js HTTP/1.1 200 28.434 ms 2102 http://localhost:3000/event/create
[Thu, 07 Apr 2016 19:18:18 GMT] ::1 GET /images/eh-logo.png HTTP/1.1 304 4.274 ms - http://localhost:3000/event/create
[Thu, 07 Apr 2016 19:18:18 GMT] ::1 GET /images/eh-logo-mob.png HTTP/1.1 304 7.166 ms - http://localhost:3000/event/create
[Thu, 07 Apr 2016 19:18:18 GMT] ::1 GET /images/ticker_tagline.png HTTP/1.1 304 5.193 ms - http://localhost:3000/event/create
[Thu, 07 Apr 2016 19:20:33 GMT] ::1 GET /event/create HTTP/1.1 304 4046.663 ms - http://localhost:3000/
[Thu, 07 Apr 2016 19:20:43 GMT] ::1 GET /stylesheets/materialize.css HTTP/1.1 304 27.063 ms - http://localhost:3000/event/create
[Thu, 07 Apr 2016 19:20:43 GMT] ::1 GET /stylesheets/style.css HTTP/1.1 304 24.571 ms - http://localhost:3000/event/create
[Thu, 07 Apr 2016 19:20:43 GMT] ::1 GET /js/init.js HTTP/1.1 304 16.454 ms - http://localhost:3000/event/create
[Thu, 07 Apr 2016 19:20:43 GMT] ::1 GET /js/picker.time.js HTTP/1.1 304 13.533 ms - http://localhost:3000/event/create
[Thu, 07 Apr 2016 19:20:43 GMT] ::1 GET /js/materialize.min.js HTTP/1.1 304 10.440 ms - http://localhost:3000/event/create
[Thu, 07 Apr 2016 19:20:43 GMT] ::1 GET /js/jquery.min.js HTTP/1.1 304 23.784 ms - http://localhost:3000/event/create
[Thu, 07 Apr 2016 19:20:43 GMT] ::1 GET /js/gmaps.js HTTP/1.1 304 26.032 ms - http://localhost:3000/event/create
[Thu, 07 Apr 2016 19:20:43 GMT] ::1 GET /js/initMaps.js HTTP/1.1 200 27.114 ms 2173 http://localhost:3000/event/create
[Thu, 07 Apr 2016 19:20:44 GMT] ::1 GET /images/eh-logo.png HTTP/1.1 304 9.553 ms - http://localhost:3000/event/create
[Thu, 07 Apr 2016 19:20:44 GMT] ::1 GET /images/eh-logo-mob.png HTTP/1.1 304 7.491 ms - http://localhost:3000/event/create
[Thu, 07 Apr 2016 19:20:44 GMT] ::1 GET /images/ticker_tagline.png HTTP/1.1 304 7.852 ms - http://localhost:3000/event/create
[Thu, 07 Apr 2016 19:29:53 GMT] ::1 GET /stylesheets/materialize.css HTTP/1.1 304 32.280 ms - -
[Thu, 07 Apr 2016 19:29:53 GMT] ::1 GET /event/create HTTP/1.1 200 4965.474 ms - http://localhost:3000/
[Thu, 07 Apr 2016 19:29:54 GMT] ::1 GET /stylesheets/materialize.css HTTP/1.1 304 9.065 ms - http://localhost:3000/event/create
[Thu, 07 Apr 2016 19:29:54 GMT] ::1 GET /stylesheets/style.css HTTP/1.1 304 18.806 ms - http://localhost:3000/event/create
[Thu, 07 Apr 2016 19:29:54 GMT] ::1 GET /font/roboto/Roboto-Thin.woff HTTP/1.1 304 15.708 ms - http://localhost:3000/event/create
[Thu, 07 Apr 2016 19:29:54 GMT] ::1 GET /font/roboto/Roboto-Light.woff HTTP/1.1 304 14.212 ms - http://localhost:3000/event/create
[Thu, 07 Apr 2016 19:29:54 GMT] ::1 GET /font/roboto/Roboto-Regular.woff HTTP/1.1 304 25.836 ms - http://localhost:3000/event/create
[Thu, 07 Apr 2016 19:29:54 GMT] ::1 GET /font/roboto/Roboto-Medium.woff HTTP/1.1 304 13.809 ms - http://localhost:3000/event/create
[Thu, 07 Apr 2016 19:29:54 GMT] ::1 GET /font/roboto/Roboto-Bold.woff HTTP/1.1 304 19.786 ms - http://localhost:3000/event/create
[Thu, 07 Apr 2016 19:29:54 GMT] ::1 GET /stylesheets/style.css HTTP/1.1 304 13.884 ms - -
[Thu, 07 Apr 2016 19:29:54 GMT] ::1 GET /images/eh-logo.png HTTP/1.1 304 10.313 ms - http://localhost:3000/event/create
[Thu, 07 Apr 2016 19:29:54 GMT] ::1 GET /images/eh-logo-mob.png HTTP/1.1 304 8.716 ms - http://localhost:3000/event/create
[Thu, 07 Apr 2016 19:29:54 GMT] ::1 GET /images/ticker_tagline.png HTTP/1.1 304 4.444 ms - http://localhost:3000/event/create
[Thu, 07 Apr 2016 19:29:54 GMT] ::1 GET /js/jquery.min.js HTTP/1.1 304 3.647 ms - http://localhost:3000/event/create
[Thu, 07 Apr 2016 19:29:54 GMT] ::1 GET /js/materialize.min.js HTTP/1.1 304 4.803 ms - http://localhost:3000/event/create
[Thu, 07 Apr 2016 19:29:55 GMT] ::1 GET /js/picker.time.js HTTP/1.1 304 3.575 ms - http://localhost:3000/event/create
[Thu, 07 Apr 2016 19:29:55 GMT] ::1 GET /js/init.js HTTP/1.1 304 5.585 ms - http://localhost:3000/event/create
[Thu, 07 Apr 2016 19:29:55 GMT] ::1 GET /js/gmaps.js HTTP/1.1 304 3.909 ms - http://localhost:3000/event/create
[Thu, 07 Apr 2016 19:29:55 GMT] ::1 GET /js/initMaps.js HTTP/1.1 200 12.686 ms 3530 http://localhost:3000/event/create
[Thu, 07 Apr 2016 19:35:58 GMT] ::1 GET /event/create HTTP/1.1 200 4102.117 ms - http://localhost:3000/
[Thu, 07 Apr 2016 19:35:58 GMT] ::1 GET /stylesheets/materialize.css HTTP/1.1 304 18.461 ms - http://localhost:3000/event/create
[Thu, 07 Apr 2016 19:35:58 GMT] ::1 GET /stylesheets/materialize.css HTTP/1.1 304 16.357 ms - -
[Thu, 07 Apr 2016 19:35:58 GMT] ::1 GET /stylesheets/style.css HTTP/1.1 304 3.969 ms - http://localhost:3000/event/create
[Thu, 07 Apr 2016 19:35:58 GMT] ::1 GET /stylesheets/style.css HTTP/1.1 304 3.125 ms - -
[Thu, 07 Apr 2016 19:35:58 GMT] ::1 GET /font/roboto/Roboto-Thin.woff HTTP/1.1 304 8.512 ms - http://localhost:3000/event/create
[Thu, 07 Apr 2016 19:35:58 GMT] ::1 GET /font/roboto/Roboto-Light.woff HTTP/1.1 304 8.149 ms - http://localhost:3000/event/create
[Thu, 07 Apr 2016 19:35:58 GMT] ::1 GET /font/roboto/Roboto-Regular.woff HTTP/1.1 304 6.323 ms - http://localhost:3000/event/create
[Thu, 07 Apr 2016 19:35:58 GMT] ::1 GET /font/roboto/Roboto-Medium.woff HTTP/1.1 304 10.483 ms - http://localhost:3000/event/create
[Thu, 07 Apr 2016 19:35:58 GMT] ::1 GET /font/roboto/Roboto-Bold.woff HTTP/1.1 304 7.606 ms - http://localhost:3000/event/create
[Thu, 07 Apr 2016 19:35:58 GMT] ::1 GET /images/eh-logo.png HTTP/1.1 304 6.841 ms - http://localhost:3000/event/create
[Thu, 07 Apr 2016 19:35:58 GMT] ::1 GET /images/eh-logo-mob.png HTTP/1.1 304 5.721 ms - http://localhost:3000/event/create
[Thu, 07 Apr 2016 19:35:58 GMT] ::1 GET /images/ticker_tagline.png HTTP/1.1 304 4.128 ms - http://localhost:3000/event/create
[Thu, 07 Apr 2016 19:35:58 GMT] ::1 GET /js/jquery.min.js HTTP/1.1 304 4.189 ms - http://localhost:3000/event/create
[Thu, 07 Apr 2016 19:35:58 GMT] ::1 GET /js/materialize.min.js HTTP/1.1 304 4.072 ms - http://localhost:3000/event/create
[Thu, 07 Apr 2016 19:35:59 GMT] ::1 GET /js/picker.time.js HTTP/1.1 304 5.134 ms - http://localhost:3000/event/create
[Thu, 07 Apr 2016 19:35:59 GMT] ::1 GET /js/init.js HTTP/1.1 304 4.807 ms - http://localhost:3000/event/create
[Thu, 07 Apr 2016 19:35:59 GMT] ::1 GET /js/gmaps.js HTTP/1.1 304 6.356 ms - http://localhost:3000/event/create
[Thu, 07 Apr 2016 19:35:59 GMT] ::1 GET /js/initMaps.js HTTP/1.1 200 11.917 ms 2198 http://localhost:3000/event/create
[Thu, 07 Apr 2016 19:39:00 GMT] ::1 GET /event/create HTTP/1.1 200 4271.871 ms - http://localhost:3000/
[Thu, 07 Apr 2016 19:39:00 GMT] ::1 GET /stylesheets/materialize.css HTTP/1.1 304 13.659 ms - http://localhost:3000/event/create
[Thu, 07 Apr 2016 19:39:00 GMT] ::1 GET /stylesheets/materialize.css HTTP/1.1 304 7.138 ms - -
[Thu, 07 Apr 2016 19:39:00 GMT] ::1 GET /stylesheets/style.css HTTP/1.1 304 3.832 ms - http://localhost:3000/event/create
[Thu, 07 Apr 2016 19:39:00 GMT] ::1 GET /stylesheets/style.css HTTP/1.1 304 3.429 ms - -
[Thu, 07 Apr 2016 19:39:00 GMT] ::1 GET /font/roboto/Roboto-Thin.woff HTTP/1.1 304 18.068 ms - http://localhost:3000/event/create
[Thu, 07 Apr 2016 19:39:00 GMT] ::1 GET /font/roboto/Roboto-Light.woff HTTP/1.1 304 15.779 ms - http://localhost:3000/event/create
[Thu, 07 Apr 2016 19:39:00 GMT] ::1 GET /font/roboto/Roboto-Regular.woff HTTP/1.1 304 14.422 ms - http://localhost:3000/event/create
[Thu, 07 Apr 2016 19:39:00 GMT] ::1 GET /font/roboto/Roboto-Medium.woff HTTP/1.1 304 12.879 ms - http://localhost:3000/event/create
[Thu, 07 Apr 2016 19:39:00 GMT] ::1 GET /font/roboto/Roboto-Bold.woff HTTP/1.1 304 4.758 ms - http://localhost:3000/event/create
[Thu, 07 Apr 2016 19:39:00 GMT] ::1 GET /images/eh-logo.png HTTP/1.1 304 7.033 ms - http://localhost:3000/event/create
[Thu, 07 Apr 2016 19:39:00 GMT] ::1 GET /images/eh-logo-mob.png HTTP/1.1 304 5.341 ms - http://localhost:3000/event/create
[Thu, 07 Apr 2016 19:39:00 GMT] ::1 GET /images/ticker_tagline.png HTTP/1.1 304 6.545 ms - http://localhost:3000/event/create
[Thu, 07 Apr 2016 19:39:00 GMT] ::1 GET /js/jquery.min.js HTTP/1.1 304 5.385 ms - http://localhost:3000/event/create
[Thu, 07 Apr 2016 19:39:01 GMT] ::1 GET /js/materialize.min.js HTTP/1.1 304 3.856 ms - http://localhost:3000/event/create
[Thu, 07 Apr 2016 19:39:01 GMT] ::1 GET /js/picker.time.js HTTP/1.1 304 3.955 ms - http://localhost:3000/event/create
[Thu, 07 Apr 2016 19:39:01 GMT] ::1 GET /js/init.js HTTP/1.1 304 4.225 ms - http://localhost:3000/event/create
[Thu, 07 Apr 2016 19:39:01 GMT] ::1 GET /js/gmaps.js HTTP/1.1 304 3.066 ms - http://localhost:3000/event/create
[Thu, 07 Apr 2016 19:39:02 GMT] ::1 GET /js/initMaps.js HTTP/1.1 200 10.675 ms 2216 http://localhost:3000/event/create
[Thu, 07 Apr 2016 19:55:50 GMT] ::1 GET / HTTP/1.1 304 3592.587 ms - http://localhost:3000/event/create
[Thu, 07 Apr 2016 19:55:50 GMT] ::1 GET /stylesheets/materialize.css HTTP/1.1 304 34.624 ms - http://localhost:3000/
[Thu, 07 Apr 2016 19:55:50 GMT] ::1 GET /stylesheets/style.css HTTP/1.1 304 30.068 ms - http://localhost:3000/
[Thu, 07 Apr 2016 19:55:50 GMT] ::1 GET /images/eh-logo.png HTTP/1.1 304 41.515 ms - http://localhost:3000/
[Thu, 07 Apr 2016 19:55:50 GMT] ::1 GET /images/eh-logo-mob.png HTTP/1.1 304 40.799 ms - http://localhost:3000/
[Thu, 07 Apr 2016 19:55:50 GMT] ::1 GET /images/background1.jpg HTTP/1.1 304 64.883 ms - http://localhost:3000/
[Thu, 07 Apr 2016 19:55:50 GMT] ::1 GET /images/background5.jpg HTTP/1.1 304 56.591 ms - http://localhost:3000/
[Thu, 07 Apr 2016 19:55:50 GMT] ::1 GET /js/jquery.min.js HTTP/1.1 304 37.384 ms - http://localhost:3000/
[Thu, 07 Apr 2016 19:55:50 GMT] ::1 GET /js/materialize.min.js HTTP/1.1 304 39.484 ms - http://localhost:3000/
[Thu, 07 Apr 2016 19:55:50 GMT] ::1 GET /js/picker.time.js HTTP/1.1 304 61.394 ms - http://localhost:3000/
[Thu, 07 Apr 2016 19:55:50 GMT] ::1 GET /js/init.js HTTP/1.1 304 56.393 ms - http://localhost:3000/
[Thu, 07 Apr 2016 19:55:50 GMT] ::1 GET /images/background2.jpg HTTP/1.1 304 10.571 ms - http://localhost:3000/
[Thu, 07 Apr 2016 19:55:50 GMT] ::1 GET /images/ticker_tagline.png HTTP/1.1 304 11.321 ms - http://localhost:3000/
[Thu, 07 Apr 2016 19:55:50 GMT] ::1 GET /font/roboto/Roboto-Thin.woff HTTP/1.1 304 8.131 ms - http://localhost:3000/
[Thu, 07 Apr 2016 19:55:50 GMT] ::1 GET /font/roboto/Roboto-Light.woff HTTP/1.1 304 9.421 ms - http://localhost:3000/
[Thu, 07 Apr 2016 19:55:50 GMT] ::1 GET /font/roboto/Roboto-Regular.woff HTTP/1.1 304 5.738 ms - http://localhost:3000/
[Thu, 07 Apr 2016 19:55:50 GMT] ::1 GET /font/roboto/Roboto-Medium.woff HTTP/1.1 304 6.457 ms - http://localhost:3000/
[Thu, 07 Apr 2016 19:55:50 GMT] ::1 GET /font/roboto/Roboto-Bold.woff HTTP/1.1 304 6.270 ms - http://localhost:3000/
[Thu, 07 Apr 2016 19:55:51 GMT] ::1 GET /font/material-design-icons/Material-Design-Icons.woff HTTP/1.1 304 4.432 ms - http://localhost:3000/
[Thu, 07 Apr 2016 19:56:02 GMT] ::1 GET /event/create HTTP/1.1 200 2582.103 ms - http://localhost:3000/
[Thu, 07 Apr 2016 19:56:02 GMT] ::1 GET /stylesheets/materialize.css HTTP/1.1 304 18.305 ms - http://localhost:3000/event/create
[Thu, 07 Apr 2016 19:56:02 GMT] ::1 GET /stylesheets/style.css HTTP/1.1 304 15.511 ms - http://localhost:3000/event/create
[Thu, 07 Apr 2016 19:56:02 GMT] ::1 GET /images/eh-logo.png HTTP/1.1 304 13.438 ms - http://localhost:3000/event/create
[Thu, 07 Apr 2016 19:56:02 GMT] ::1 GET /images/eh-logo-mob.png HTTP/1.1 304 25.684 ms - http://localhost:3000/event/create
[Thu, 07 Apr 2016 19:56:02 GMT] ::1 GET /images/ticker_tagline.png HTTP/1.1 304 13.320 ms - http://localhost:3000/event/create
[Thu, 07 Apr 2016 19:56:02 GMT] ::1 GET /js/jquery.min.js HTTP/1.1 304 19.182 ms - http://localhost:3000/event/create
[Thu, 07 Apr 2016 19:56:02 GMT] ::1 GET /js/materialize.min.js HTTP/1.1 304 16.531 ms - http://localhost:3000/event/create
[Thu, 07 Apr 2016 19:56:02 GMT] ::1 GET /js/picker.time.js HTTP/1.1 304 15.549 ms - http://localhost:3000/event/create
[Thu, 07 Apr 2016 19:56:02 GMT] ::1 GET /js/init.js HTTP/1.1 304 17.571 ms - http://localhost:3000/event/create
[Thu, 07 Apr 2016 19:56:02 GMT] ::1 GET /js/gmaps.js HTTP/1.1 304 21.505 ms - http://localhost:3000/event/create
[Thu, 07 Apr 2016 19:56:02 GMT] ::1 GET /js/initMaps.js HTTP/1.1 200 23.859 ms 2350 http://localhost:3000/event/create
[Thu, 07 Apr 2016 19:56:02 GMT] ::1 GET /font/roboto/Roboto-Thin.woff HTTP/1.1 304 3.887 ms - http://localhost:3000/event/create
[Thu, 07 Apr 2016 19:56:02 GMT] ::1 GET /font/roboto/Roboto-Light.woff HTTP/1.1 304 4.412 ms - http://localhost:3000/event/create
[Thu, 07 Apr 2016 19:56:02 GMT] ::1 GET /font/roboto/Roboto-Regular.woff HTTP/1.1 304 3.559 ms - http://localhost:3000/event/create
[Thu, 07 Apr 2016 19:56:03 GMT] ::1 GET /font/roboto/Roboto-Medium.woff HTTP/1.1 304 7.114 ms - http://localhost:3000/event/create
[Thu, 07 Apr 2016 19:56:03 GMT] ::1 GET /font/roboto/Roboto-Bold.woff HTTP/1.1 304 6.295 ms - http://localhost:3000/event/create
[Thu, 07 Apr 2016 20:10:03 GMT] ::1 GET /event/create HTTP/1.1 304 4492.445 ms - -
[Thu, 07 Apr 2016 20:10:03 GMT] ::1 GET /stylesheets/materialize.css HTTP/1.1 304 30.622 ms - http://localhost:3000/event/create
[Thu, 07 Apr 2016 20:10:03 GMT] ::1 GET /stylesheets/style.css HTTP/1.1 304 63.815 ms - http://localhost:3000/event/create
[Thu, 07 Apr 2016 20:10:03 GMT] ::1 GET /images/eh-logo.png HTTP/1.1 304 31.521 ms - http://localhost:3000/event/create
[Thu, 07 Apr 2016 20:10:03 GMT] ::1 GET /images/ticker_tagline.png HTTP/1.1 304 39.477 ms - http://localhost:3000/event/create
[Thu, 07 Apr 2016 20:10:03 GMT] ::1 GET /js/jquery.min.js HTTP/1.1 304 31.339 ms - http://localhost:3000/event/create
[Thu, 07 Apr 2016 20:10:03 GMT] ::1 GET /images/eh-logo-mob.png HTTP/1.1 304 31.240 ms - http://localhost:3000/event/create
[Thu, 07 Apr 2016 20:10:03 GMT] ::1 GET /js/materialize.min.js HTTP/1.1 304 28.603 ms - http://localhost:3000/event/create
[Thu, 07 Apr 2016 20:10:03 GMT] ::1 GET /js/picker.time.js HTTP/1.1 304 23.161 ms - http://localhost:3000/event/create
[Thu, 07 Apr 2016 20:10:03 GMT] ::1 GET /js/init.js HTTP/1.1 304 14.854 ms - http://localhost:3000/event/create
[Thu, 07 Apr 2016 20:10:03 GMT] ::1 GET /js/gmaps.js HTTP/1.1 304 11.413 ms - http://localhost:3000/event/create
[Thu, 07 Apr 2016 20:10:03 GMT] ::1 GET /js/initMaps.js HTTP/1.1 304 9.447 ms - http://localhost:3000/event/create
[Thu, 07 Apr 2016 20:10:03 GMT] ::1 GET /font/roboto/Roboto-Thin.woff HTTP/1.1 304 18.515 ms - http://localhost:3000/event/create
[Thu, 07 Apr 2016 20:10:03 GMT] ::1 GET /font/roboto/Roboto-Light.woff HTTP/1.1 304 15.946 ms - http://localhost:3000/event/create
[Thu, 07 Apr 2016 20:10:03 GMT] ::1 GET /font/roboto/Roboto-Regular.woff HTTP/1.1 304 15.254 ms - http://localhost:3000/event/create
[Thu, 07 Apr 2016 20:10:03 GMT] ::1 GET /font/roboto/Roboto-Medium.woff HTTP/1.1 304 13.359 ms - http://localhost:3000/event/create
[Thu, 07 Apr 2016 20:10:03 GMT] ::1 GET /font/roboto/Roboto-Bold.woff HTTP/1.1 304 14.673 ms - http://localhost:3000/event/create
[Thu, 07 Apr 2016 20:14:11 GMT] ::1 GET / HTTP/1.1 304 3613.381 ms - http://localhost:3000/event/create
[Thu, 07 Apr 2016 20:14:11 GMT] ::1 GET /stylesheets/materialize.css HTTP/1.1 304 45.353 ms - http://localhost:3000/
[Thu, 07 Apr 2016 20:14:11 GMT] ::1 GET /stylesheets/style.css HTTP/1.1 304 38.220 ms - http://localhost:3000/
[Thu, 07 Apr 2016 20:14:11 GMT] ::1 GET /images/eh-logo.png HTTP/1.1 304 30.212 ms - http://localhost:3000/
[Thu, 07 Apr 2016 20:14:11 GMT] ::1 GET /images/eh-logo-mob.png HTTP/1.1 304 28.437 ms - http://localhost:3000/
[Thu, 07 Apr 2016 20:14:11 GMT] ::1 GET /images/background1.jpg HTTP/1.1 304 28.562 ms - http://localhost:3000/
[Thu, 07 Apr 2016 20:14:11 GMT] ::1 GET /images/background5.jpg HTTP/1.1 304 30.907 ms - http://localhost:3000/
[Thu, 07 Apr 2016 20:14:11 GMT] ::1 GET /js/jquery.min.js HTTP/1.1 304 46.882 ms - http://localhost:3000/
[Thu, 07 Apr 2016 20:14:11 GMT] ::1 GET /js/materialize.min.js HTTP/1.1 304 44.473 ms - http://localhost:3000/
[Thu, 07 Apr 2016 20:14:11 GMT] ::1 GET /js/picker.time.js HTTP/1.1 304 47.373 ms - http://localhost:3000/
[Thu, 07 Apr 2016 20:14:11 GMT] ::1 GET /js/init.js HTTP/1.1 304 47.752 ms - http://localhost:3000/
[Thu, 07 Apr 2016 20:14:11 GMT] ::1 GET /images/background2.jpg HTTP/1.1 304 42.273 ms - http://localhost:3000/
[Thu, 07 Apr 2016 20:14:11 GMT] ::1 GET /images/ticker_tagline.png HTTP/1.1 304 38.494 ms - http://localhost:3000/
[Thu, 07 Apr 2016 20:14:11 GMT] ::1 GET /font/roboto/Roboto-Thin.woff HTTP/1.1 304 7.372 ms - http://localhost:3000/
[Thu, 07 Apr 2016 20:14:11 GMT] ::1 GET /font/roboto/Roboto-Light.woff HTTP/1.1 304 9.470 ms - http://localhost:3000/
[Thu, 07 Apr 2016 20:14:11 GMT] ::1 GET /font/roboto/Roboto-Regular.woff HTTP/1.1 304 11.607 ms - http://localhost:3000/
[Thu, 07 Apr 2016 20:14:11 GMT] ::1 GET /font/roboto/Roboto-Medium.woff HTTP/1.1 304 7.661 ms - http://localhost:3000/
[Thu, 07 Apr 2016 20:14:11 GMT] ::1 GET /font/roboto/Roboto-Bold.woff HTTP/1.1 304 8.583 ms - http://localhost:3000/
[Thu, 07 Apr 2016 20:14:11 GMT] ::1 GET /font/material-design-icons/Material-Design-Icons.woff HTTP/1.1 304 3.276 ms - http://localhost:3000/
[Thu, 07 Apr 2016 20:14:53 GMT] ::1 GET / HTTP/1.1 304 1638.370 ms - http://localhost:3000/
[Thu, 07 Apr 2016 20:14:53 GMT] ::1 GET /stylesheets/materialize.css HTTP/1.1 304 8.053 ms - http://localhost:3000/
[Thu, 07 Apr 2016 20:14:53 GMT] ::1 GET /stylesheets/style.css HTTP/1.1 304 7.081 ms - http://localhost:3000/
[Thu, 07 Apr 2016 20:14:53 GMT] ::1 GET /images/eh-logo.png HTTP/1.1 304 15.046 ms - http://localhost:3000/
[Thu, 07 Apr 2016 20:14:53 GMT] ::1 GET /images/eh-logo-mob.png HTTP/1.1 304 11.358 ms - http://localhost:3000/
[Thu, 07 Apr 2016 20:14:53 GMT] ::1 GET /images/background1.jpg HTTP/1.1 304 9.291 ms - http://localhost:3000/
[Thu, 07 Apr 2016 20:14:53 GMT] ::1 GET /images/background5.jpg HTTP/1.1 304 11.513 ms - http://localhost:3000/
[Thu, 07 Apr 2016 20:14:53 GMT] ::1 GET /images/background2.jpg HTTP/1.1 304 12.656 ms - http://localhost:3000/
[Thu, 07 Apr 2016 20:14:53 GMT] ::1 GET /images/ticker_tagline.png HTTP/1.1 304 21.788 ms - http://localhost:3000/
[Thu, 07 Apr 2016 20:14:53 GMT] ::1 GET /js/jquery.min.js HTTP/1.1 304 15.987 ms - http://localhost:3000/
[Thu, 07 Apr 2016 20:14:53 GMT] ::1 GET /js/materialize.min.js HTTP/1.1 304 14.853 ms - http://localhost:3000/
[Thu, 07 Apr 2016 20:14:53 GMT] ::1 GET /js/picker.time.js HTTP/1.1 304 13.076 ms - http://localhost:3000/
[Thu, 07 Apr 2016 20:14:53 GMT] ::1 GET /js/init.js HTTP/1.1 304 9.033 ms - http://localhost:3000/
[Thu, 07 Apr 2016 20:14:53 GMT] ::1 GET /font/roboto/Roboto-Thin.woff HTTP/1.1 304 15.937 ms - http://localhost:3000/
[Thu, 07 Apr 2016 20:14:53 GMT] ::1 GET /font/roboto/Roboto-Light.woff HTTP/1.1 304 12.070 ms - http://localhost:3000/
[Thu, 07 Apr 2016 20:14:53 GMT] ::1 GET /font/roboto/Roboto-Regular.woff HTTP/1.1 304 15.674 ms - http://localhost:3000/
[Thu, 07 Apr 2016 20:14:53 GMT] ::1 GET /font/roboto/Roboto-Medium.woff HTTP/1.1 304 11.406 ms - http://localhost:3000/
[Thu, 07 Apr 2016 20:14:53 GMT] ::1 GET /font/roboto/Roboto-Bold.woff HTTP/1.1 304 7.321 ms - http://localhost:3000/
[Thu, 07 Apr 2016 20:14:53 GMT] ::1 GET /font/material-design-icons/Material-Design-Icons.woff HTTP/1.1 304 4.678 ms - http://localhost:3000/
[Thu, 07 Apr 2016 20:14:59 GMT] ::1 GET /event/create HTTP/1.1 304 2334.113 ms - http://localhost:3000/
[Thu, 07 Apr 2016 20:14:59 GMT] ::1 GET /stylesheets/materialize.css HTTP/1.1 304 32.285 ms - http://localhost:3000/event/create
[Thu, 07 Apr 2016 20:14:59 GMT] ::1 GET /stylesheets/style.css HTTP/1.1 304 28.822 ms - http://localhost:3000/event/create
[Thu, 07 Apr 2016 20:14:59 GMT] ::1 GET /images/eh-logo.png HTTP/1.1 304 25.989 ms - http://localhost:3000/event/create
[Thu, 07 Apr 2016 20:14:59 GMT] ::1 GET /images/eh-logo-mob.png HTTP/1.1 304 35.402 ms - http://localhost:3000/event/create
[Thu, 07 Apr 2016 20:14:59 GMT] ::1 GET /images/ticker_tagline.png HTTP/1.1 304 22.359 ms - http://localhost:3000/event/create
[Thu, 07 Apr 2016 20:14:59 GMT] ::1 GET /js/jquery.min.js HTTP/1.1 304 24.162 ms - http://localhost:3000/event/create
[Thu, 07 Apr 2016 20:14:59 GMT] ::1 GET /js/materialize.min.js HTTP/1.1 304 23.337 ms - http://localhost:3000/event/create
[Thu, 07 Apr 2016 20:14:59 GMT] ::1 GET /js/picker.time.js HTTP/1.1 304 21.550 ms - http://localhost:3000/event/create
[Thu, 07 Apr 2016 20:14:59 GMT] ::1 GET /js/init.js HTTP/1.1 304 19.852 ms - http://localhost:3000/event/create
[Thu, 07 Apr 2016 20:14:59 GMT] ::1 GET /js/gmaps.js HTTP/1.1 304 12.062 ms - http://localhost:3000/event/create
[Thu, 07 Apr 2016 20:14:59 GMT] ::1 GET /js/initMaps.js HTTP/1.1 304 10.811 ms - http://localhost:3000/event/create
[Thu, 07 Apr 2016 20:14:59 GMT] ::1 GET /font/roboto/Roboto-Thin.woff HTTP/1.1 304 8.194 ms - http://localhost:3000/event/create
[Thu, 07 Apr 2016 20:14:59 GMT] ::1 GET /font/roboto/Roboto-Light.woff HTTP/1.1 304 14.178 ms - http://localhost:3000/event/create
[Thu, 07 Apr 2016 20:14:59 GMT] ::1 GET /font/roboto/Roboto-Regular.woff HTTP/1.1 304 11.609 ms - http://localhost:3000/event/create
[Thu, 07 Apr 2016 20:14:59 GMT] ::1 GET /font/roboto/Roboto-Medium.woff HTTP/1.1 304 12.988 ms - http://localhost:3000/event/create
[Thu, 07 Apr 2016 20:14:59 GMT] ::1 GET /font/roboto/Roboto-Bold.woff HTTP/1.1 304 9.463 ms - http://localhost:3000/event/create
[Thu, 07 Apr 2016 20:17:51 GMT] ::1 POST /event/create HTTP/1.1 200 166.267 ms 44 http://localhost:3000/event/create
[Thu, 07 Apr 2016 21:36:54 GMT] ::1 GET /event HTTP/1.1 - - ms - -
[Thu, 07 Apr 2016 21:39:39 GMT] ::1 GET /event HTTP/1.1 - - ms - -
[Thu, 07 Apr 2016 21:53:16 GMT] ::1 GET / HTTP/1.1 304 3410.053 ms - -
[Thu, 07 Apr 2016 21:53:16 GMT] ::1 GET /stylesheets/materialize.css HTTP/1.1 304 29.677 ms - http://localhost:3000/
[Thu, 07 Apr 2016 21:53:16 GMT] ::1 GET /stylesheets/style.css HTTP/1.1 304 24.277 ms - http://localhost:3000/
[Thu, 07 Apr 2016 21:53:16 GMT] ::1 GET /images/eh-logo.png HTTP/1.1 304 23.134 ms - http://localhost:3000/
[Thu, 07 Apr 2016 21:53:16 GMT] ::1 GET /images/eh-logo-mob.png HTTP/1.1 304 22.236 ms - http://localhost:3000/
[Thu, 07 Apr 2016 21:53:16 GMT] ::1 GET /images/background1.jpg HTTP/1.1 304 30.347 ms - http://localhost:3000/
[Thu, 07 Apr 2016 21:53:16 GMT] ::1 GET /images/background5.jpg HTTP/1.1 304 29.615 ms - http://localhost:3000/
[Thu, 07 Apr 2016 21:53:16 GMT] ::1 GET /images/background2.jpg HTTP/1.1 304 32.477 ms - http://localhost:3000/
[Thu, 07 Apr 2016 21:53:16 GMT] ::1 GET /images/ticker_tagline.png HTTP/1.1 304 22.777 ms - http://localhost:3000/
[Thu, 07 Apr 2016 21:53:16 GMT] ::1 GET /js/jquery.min.js HTTP/1.1 304 21.936 ms - http://localhost:3000/
[Thu, 07 Apr 2016 21:53:16 GMT] ::1 GET /js/materialize.min.js HTTP/1.1 304 20.481 ms - http://localhost:3000/
[Thu, 07 Apr 2016 21:53:16 GMT] ::1 GET /js/picker.time.js HTTP/1.1 304 22.258 ms - http://localhost:3000/
[Thu, 07 Apr 2016 21:53:16 GMT] ::1 GET /js/init.js HTTP/1.1 304 14.544 ms - http://localhost:3000/
[Thu, 07 Apr 2016 21:53:17 GMT] ::1 GET /font/roboto/Roboto-Thin.woff HTTP/1.1 304 8.544 ms - http://localhost:3000/
[Thu, 07 Apr 2016 21:53:17 GMT] ::1 GET /font/roboto/Roboto-Light.woff HTTP/1.1 304 14.081 ms - http://localhost:3000/
[Thu, 07 Apr 2016 21:53:17 GMT] ::1 GET /font/roboto/Roboto-Regular.woff HTTP/1.1 304 10.626 ms - http://localhost:3000/
[Thu, 07 Apr 2016 21:53:17 GMT] ::1 GET /font/roboto/Roboto-Medium.woff HTTP/1.1 304 10.183 ms - http://localhost:3000/
[Thu, 07 Apr 2016 21:53:17 GMT] ::1 GET /font/roboto/Roboto-Bold.woff HTTP/1.1 304 7.157 ms - http://localhost:3000/
[Thu, 07 Apr 2016 21:53:17 GMT] ::1 GET /font/material-design-icons/Material-Design-Icons.woff HTTP/1.1 304 3.757 ms - http://localhost:3000/
[Thu, 07 Apr 2016 21:53:34 GMT] ::1 GET /event HTTP/1.1 200 1280.248 ms - -
[Thu, 07 Apr 2016 21:53:34 GMT] ::1 GET /stylesheets/materialize.css HTTP/1.1 304 44.824 ms - http://localhost:3000/event
[Thu, 07 Apr 2016 21:53:34 GMT] ::1 GET /stylesheets/style.css HTTP/1.1 304 41.444 ms - http://localhost:3000/event
[Thu, 07 Apr 2016 21:53:34 GMT] ::1 GET /images/eh-logo.png HTTP/1.1 304 39.212 ms - http://localhost:3000/event
[Thu, 07 Apr 2016 21:53:34 GMT] ::1 GET /images/eh-logo-mob.png HTTP/1.1 304 38.830 ms - http://localhost:3000/event
[Thu, 07 Apr 2016 21:53:34 GMT] ::1 GET /images/ticker_tagline.png HTTP/1.1 304 37.610 ms - http://localhost:3000/event
[Thu, 07 Apr 2016 21:53:34 GMT] ::1 GET /js/jquery.min.js HTTP/1.1 304 36.773 ms - http://localhost:3000/event
[Thu, 07 Apr 2016 21:53:34 GMT] ::1 GET /js/materialize.min.js HTTP/1.1 304 28.237 ms - http://localhost:3000/event
[Thu, 07 Apr 2016 21:53:34 GMT] ::1 GET /js/picker.time.js HTTP/1.1 304 27.481 ms - http://localhost:3000/event
[Thu, 07 Apr 2016 21:53:34 GMT] ::1 GET /js/init.js HTTP/1.1 304 26.740 ms - http://localhost:3000/event
[Thu, 07 Apr 2016 21:53:34 GMT] ::1 GET /font/roboto/Roboto-Thin.woff HTTP/1.1 304 13.520 ms - http://localhost:3000/event
[Thu, 07 Apr 2016 21:53:34 GMT] ::1 GET /font/roboto/Roboto-Light.woff HTTP/1.1 304 10.027 ms - http://localhost:3000/event
[Thu, 07 Apr 2016 21:53:34 GMT] ::1 GET /font/roboto/Roboto-Regular.woff HTTP/1.1 304 17.032 ms - http://localhost:3000/event
[Thu, 07 Apr 2016 21:53:34 GMT] ::1 GET /font/roboto/Roboto-Medium.woff HTTP/1.1 304 14.578 ms - http://localhost:3000/event
[Thu, 07 Apr 2016 21:53:34 GMT] ::1 GET /font/roboto/Roboto-Bold.woff HTTP/1.1 304 10.452 ms - http://localhost:3000/event
[Thu, 07 Apr 2016 21:54:38 GMT] ::1 GET /event/create HTTP/1.1 304 3963.561 ms - http://localhost:3000/event
[Thu, 07 Apr 2016 21:54:38 GMT] ::1 GET /stylesheets/materialize.css HTTP/1.1 304 38.896 ms - http://localhost:3000/event/create
[Thu, 07 Apr 2016 21:54:38 GMT] ::1 GET /stylesheets/style.css HTTP/1.1 304 37.218 ms - http://localhost:3000/event/create
[Thu, 07 Apr 2016 21:54:38 GMT] ::1 GET /images/eh-logo.png HTTP/1.1 304 34.043 ms - http://localhost:3000/event/create
[Thu, 07 Apr 2016 21:54:38 GMT] ::1 GET /images/eh-logo-mob.png HTTP/1.1 304 31.648 ms - http://localhost:3000/event/create
[Thu, 07 Apr 2016 21:54:38 GMT] ::1 GET /images/ticker_tagline.png HTTP/1.1 304 15.017 ms - http://localhost:3000/event/create
[Thu, 07 Apr 2016 21:54:38 GMT] ::1 GET /js/jquery.min.js HTTP/1.1 304 26.061 ms - http://localhost:3000/event/create
[Thu, 07 Apr 2016 21:54:38 GMT] ::1 GET /js/materialize.min.js HTTP/1.1 304 19.624 ms - http://localhost:3000/event/create
[Thu, 07 Apr 2016 21:54:38 GMT] ::1 GET /js/picker.time.js HTTP/1.1 304 20.734 ms - http://localhost:3000/event/create
[Thu, 07 Apr 2016 21:54:38 GMT] ::1 GET /js/init.js HTTP/1.1 304 22.104 ms - http://localhost:3000/event/create
[Thu, 07 Apr 2016 21:54:38 GMT] ::1 GET /js/gmaps.js HTTP/1.1 304 20.537 ms - http://localhost:3000/event/create
[Thu, 07 Apr 2016 21:54:38 GMT] ::1 GET /js/initMaps.js HTTP/1.1 304 18.612 ms - http://localhost:3000/event/create
[Thu, 07 Apr 2016 21:54:38 GMT] ::1 GET /font/roboto/Roboto-Thin.woff HTTP/1.1 304 15.633 ms - http://localhost:3000/event/create
[Thu, 07 Apr 2016 21:54:38 GMT] ::1 GET /font/roboto/Roboto-Light.woff HTTP/1.1 304 10.797 ms - http://localhost:3000/event/create
[Thu, 07 Apr 2016 21:54:38 GMT] ::1 GET /font/roboto/Roboto-Regular.woff HTTP/1.1 304 15.073 ms - http://localhost:3000/event/create
[Thu, 07 Apr 2016 21:54:38 GMT] ::1 GET /font/roboto/Roboto-Medium.woff HTTP/1.1 304 12.000 ms - http://localhost:3000/event/create
[Thu, 07 Apr 2016 21:54:38 GMT] ::1 GET /font/roboto/Roboto-Bold.woff HTTP/1.1 304 7.851 ms - http://localhost:3000/event/create
[Thu, 07 Apr 2016 21:54:47 GMT] ::1 GET /event HTTP/1.1 200 1360.999 ms - -
[Thu, 07 Apr 2016 21:54:48 GMT] ::1 GET /stylesheets/materialize.css HTTP/1.1 304 62.741 ms - http://localhost:3000/event
[Thu, 07 Apr 2016 21:54:48 GMT] ::1 GET /stylesheets/style.css HTTP/1.1 304 55.999 ms - http://localhost:3000/event
[Thu, 07 Apr 2016 21:54:48 GMT] ::1 GET /images/eh-logo.png HTTP/1.1 304 56.356 ms - http://localhost:3000/event
[Thu, 07 Apr 2016 21:54:48 GMT] ::1 GET /images/eh-logo-mob.png HTTP/1.1 304 48.748 ms - http://localhost:3000/event
[Thu, 07 Apr 2016 21:54:48 GMT] ::1 GET /images/ticker_tagline.png HTTP/1.1 304 44.641 ms - http://localhost:3000/event
[Thu, 07 Apr 2016 21:54:48 GMT] ::1 GET /js/jquery.min.js HTTP/1.1 304 43.513 ms - http://localhost:3000/event
[Thu, 07 Apr 2016 21:54:48 GMT] ::1 GET /js/materialize.min.js HTTP/1.1 304 16.211 ms - http://localhost:3000/event
[Thu, 07 Apr 2016 21:54:48 GMT] ::1 GET /js/picker.time.js HTTP/1.1 304 16.568 ms - http://localhost:3000/event
[Thu, 07 Apr 2016 21:54:48 GMT] ::1 GET /js/init.js HTTP/1.1 304 15.435 ms - http://localhost:3000/event
[Thu, 07 Apr 2016 21:54:48 GMT] ::1 GET /font/roboto/Roboto-Thin.woff HTTP/1.1 304 6.461 ms - http://localhost:3000/event
[Thu, 07 Apr 2016 21:54:48 GMT] ::1 GET /font/roboto/Roboto-Light.woff HTTP/1.1 304 8.401 ms - http://localhost:3000/event
[Thu, 07 Apr 2016 21:54:48 GMT] ::1 GET /font/roboto/Roboto-Regular.woff HTTP/1.1 304 8.313 ms - http://localhost:3000/event
[Thu, 07 Apr 2016 21:54:48 GMT] ::1 GET /font/roboto/Roboto-Medium.woff HTTP/1.1 304 8.785 ms - http://localhost:3000/event
[Thu, 07 Apr 2016 21:54:48 GMT] ::1 GET /font/roboto/Roboto-Bold.woff HTTP/1.1 304 6.922 ms - http://localhost:3000/event
[Thu, 07 Apr 2016 21:55:56 GMT] ::1 GET /event HTTP/1.1 304 3136.990 ms - -
[Thu, 07 Apr 2016 21:55:56 GMT] ::1 GET /stylesheets/materialize.css HTTP/1.1 304 12.358 ms - http://localhost:3000/event
[Thu, 07 Apr 2016 21:55:56 GMT] ::1 GET /stylesheets/style.css HTTP/1.1 304 5.595 ms - http://localhost:3000/event
[Thu, 07 Apr 2016 21:55:56 GMT] ::1 GET /font/roboto/Roboto-Light.woff HTTP/1.1 304 19.205 ms - http://localhost:3000/event
[Thu, 07 Apr 2016 21:55:56 GMT] ::1 GET /font/roboto/Roboto-Thin.woff HTTP/1.1 304 17.703 ms - http://localhost:3000/event
[Thu, 07 Apr 2016 21:55:56 GMT] ::1 GET /font/roboto/Roboto-Regular.woff HTTP/1.1 304 13.868 ms - http://localhost:3000/event
[Thu, 07 Apr 2016 21:55:56 GMT] ::1 GET /font/roboto/Roboto-Medium.woff HTTP/1.1 304 21.022 ms - http://localhost:3000/event
[Thu, 07 Apr 2016 21:55:56 GMT] ::1 GET /font/roboto/Roboto-Bold.woff HTTP/1.1 304 20.250 ms - http://localhost:3000/event
[Thu, 07 Apr 2016 21:55:56 GMT] ::1 GET /images/eh-logo.png HTTP/1.1 304 13.251 ms - http://localhost:3000/event
[Thu, 07 Apr 2016 21:55:56 GMT] ::1 GET /images/eh-logo-mob.png HTTP/1.1 304 6.009 ms - http://localhost:3000/event
[Thu, 07 Apr 2016 21:55:56 GMT] ::1 GET /images/ticker_tagline.png HTTP/1.1 304 8.967 ms - http://localhost:3000/event
[Thu, 07 Apr 2016 21:55:56 GMT] ::1 GET /js/jquery.min.js HTTP/1.1 304 5.643 ms - http://localhost:3000/event
[Thu, 07 Apr 2016 21:55:56 GMT] ::1 GET /js/materialize.min.js HTTP/1.1 304 3.211 ms - http://localhost:3000/event
[Thu, 07 Apr 2016 21:55:56 GMT] ::1 GET /js/picker.time.js HTTP/1.1 304 3.130 ms - http://localhost:3000/event
[Thu, 07 Apr 2016 21:55:56 GMT] ::1 GET /js/init.js HTTP/1.1 304 3.293 ms - http://localhost:3000/event
[Thu, 07 Apr 2016 21:58:05 GMT] ::1 GET /event HTTP/1.1 304 3138.045 ms - -
[Thu, 07 Apr 2016 21:58:05 GMT] ::1 GET /stylesheets/materialize.css HTTP/1.1 304 11.246 ms - http://localhost:3000/event
[Thu, 07 Apr 2016 21:58:05 GMT] ::1 GET /stylesheets/style.css HTTP/1.1 304 10.841 ms - http://localhost:3000/event
[Thu, 07 Apr 2016 21:58:05 GMT] ::1 GET /font/roboto/Roboto-Thin.woff HTTP/1.1 304 18.999 ms - http://localhost:3000/event
[Thu, 07 Apr 2016 21:58:05 GMT] ::1 GET /font/roboto/Roboto-Light.woff HTTP/1.1 304 14.478 ms - http://localhost:3000/event
[Thu, 07 Apr 2016 21:58:05 GMT] ::1 GET /font/roboto/Roboto-Regular.woff HTTP/1.1 304 22.745 ms - http://localhost:3000/event
[Thu, 07 Apr 2016 21:58:05 GMT] ::1 GET /font/roboto/Roboto-Medium.woff HTTP/1.1 304 18.695 ms - http://localhost:3000/event
[Thu, 07 Apr 2016 21:58:05 GMT] ::1 GET /font/roboto/Roboto-Bold.woff HTTP/1.1 304 17.542 ms - http://localhost:3000/event
[Thu, 07 Apr 2016 21:58:05 GMT] ::1 GET /images/eh-logo.png HTTP/1.1 304 16.111 ms - http://localhost:3000/event
[Thu, 07 Apr 2016 21:58:05 GMT] ::1 GET /images/eh-logo-mob.png HTTP/1.1 304 9.625 ms - http://localhost:3000/event
[Thu, 07 Apr 2016 21:58:05 GMT] ::1 GET /js/jquery.min.js HTTP/1.1 304 6.182 ms - http://localhost:3000/event
[Thu, 07 Apr 2016 21:58:05 GMT] ::1 GET /images/ticker_tagline.png HTTP/1.1 304 5.065 ms - http://localhost:3000/event
[Thu, 07 Apr 2016 21:58:06 GMT] ::1 GET /js/materialize.min.js HTTP/1.1 304 3.547 ms - http://localhost:3000/event
[Thu, 07 Apr 2016 21:58:06 GMT] ::1 GET /js/picker.time.js HTTP/1.1 304 3.915 ms - http://localhost:3000/event
[Thu, 07 Apr 2016 21:58:06 GMT] ::1 GET /js/init.js HTTP/1.1 304 3.614 ms - http://localhost:3000/event
[Thu, 07 Apr 2016 21:58:55 GMT] ::1 GET /event HTTP/1.1 304 3265.727 ms - -
[Thu, 07 Apr 2016 21:58:55 GMT] ::1 GET /stylesheets/materialize.css HTTP/1.1 304 11.039 ms - http://localhost:3000/event
[Thu, 07 Apr 2016 21:58:55 GMT] ::1 GET /stylesheets/style.css HTTP/1.1 304 17.964 ms - http://localhost:3000/event
[Thu, 07 Apr 2016 21:58:55 GMT] ::1 GET /font/roboto/Roboto-Thin.woff HTTP/1.1 304 13.729 ms - http://localhost:3000/event
[Thu, 07 Apr 2016 21:58:55 GMT] ::1 GET /font/roboto/Roboto-Light.woff HTTP/1.1 304 26.805 ms - http://localhost:3000/event
[Thu, 07 Apr 2016 21:58:55 GMT] ::1 GET /font/roboto/Roboto-Regular.woff HTTP/1.1 304 21.433 ms - http://localhost:3000/event
[Thu, 07 Apr 2016 21:58:55 GMT] ::1 GET /font/roboto/Roboto-Medium.woff HTTP/1.1 304 11.896 ms - http://localhost:3000/event
[Thu, 07 Apr 2016 21:58:55 GMT] ::1 GET /font/roboto/Roboto-Bold.woff HTTP/1.1 304 21.211 ms - http://localhost:3000/event
[Thu, 07 Apr 2016 21:58:55 GMT] ::1 GET /images/eh-logo.png HTTP/1.1 304 15.485 ms - http://localhost:3000/event
[Thu, 07 Apr 2016 21:58:55 GMT] ::1 GET /images/eh-logo-mob.png HTTP/1.1 304 15.869 ms - http://localhost:3000/event
[Thu, 07 Apr 2016 21:58:55 GMT] ::1 GET /images/ticker_tagline.png HTTP/1.1 304 9.092 ms - http://localhost:3000/event
[Thu, 07 Apr 2016 21:58:55 GMT] ::1 GET /js/jquery.min.js HTTP/1.1 304 12.543 ms - http://localhost:3000/event
[Thu, 07 Apr 2016 21:58:56 GMT] ::1 GET /js/materialize.min.js HTTP/1.1 304 3.602 ms - http://localhost:3000/event
[Thu, 07 Apr 2016 21:58:56 GMT] ::1 GET /js/picker.time.js HTTP/1.1 304 2.916 ms - http://localhost:3000/event
[Thu, 07 Apr 2016 21:58:56 GMT] ::1 GET /js/init.js HTTP/1.1 304 3.462 ms - http://localhost:3000/event
[Thu, 07 Apr 2016 22:03:16 GMT] ::1 GET /event HTTP/1.1 304 3091.168 ms - -
[Thu, 07 Apr 2016 22:03:16 GMT] ::1 GET /stylesheets/materialize.css HTTP/1.1 304 10.218 ms - http://localhost:3000/event
[Thu, 07 Apr 2016 22:03:16 GMT] ::1 GET /stylesheets/style.css HTTP/1.1 304 14.796 ms - http://localhost:3000/event
[Thu, 07 Apr 2016 22:03:16 GMT] ::1 GET /font/roboto/Roboto-Thin.woff HTTP/1.1 304 11.395 ms - http://localhost:3000/event
[Thu, 07 Apr 2016 22:03:16 GMT] ::1 GET /font/roboto/Roboto-Light.woff HTTP/1.1 304 24.206 ms - http://localhost:3000/event
[Thu, 07 Apr 2016 22:03:16 GMT] ::1 GET /font/roboto/Roboto-Regular.woff HTTP/1.1 304 19.486 ms - http://localhost:3000/event
[Thu, 07 Apr 2016 22:03:16 GMT] ::1 GET /font/roboto/Roboto-Medium.woff HTTP/1.1 304 12.063 ms - http://localhost:3000/event
[Thu, 07 Apr 2016 22:03:16 GMT] ::1 GET /font/roboto/Roboto-Bold.woff HTTP/1.1 304 17.912 ms - http://localhost:3000/event
[Thu, 07 Apr 2016 22:03:16 GMT] ::1 GET /images/eh-logo.png HTTP/1.1 304 10.860 ms - http://localhost:3000/event
[Thu, 07 Apr 2016 22:03:16 GMT] ::1 GET /images/eh-logo-mob.png HTTP/1.1 304 11.686 ms - http://localhost:3000/event
[Thu, 07 Apr 2016 22:03:16 GMT] ::1 GET /images/ticker_tagline.png HTTP/1.1 304 10.677 ms - http://localhost:3000/event
[Thu, 07 Apr 2016 22:03:16 GMT] ::1 GET /js/jquery.min.js HTTP/1.1 304 11.461 ms - http://localhost:3000/event
[Thu, 07 Apr 2016 22:03:17 GMT] ::1 GET /js/materialize.min.js HTTP/1.1 304 3.105 ms - http://localhost:3000/event
[Thu, 07 Apr 2016 22:03:17 GMT] ::1 GET /js/picker.time.js HTTP/1.1 304 3.297 ms - http://localhost:3000/event
[Thu, 07 Apr 2016 22:03:17 GMT] ::1 GET /js/init.js HTTP/1.1 304 3.718 ms - http://localhost:3000/event
[Thu, 07 Apr 2016 22:06:37 GMT] ::1 GET /event HTTP/1.1 500 4799.985 ms - -
[Thu, 07 Apr 2016 22:11:12 GMT] ::1 GET /event HTTP/1.1 500 5003.768 ms - -
[Thu, 07 Apr 2016 22:13:38 GMT] ::1 GET /event HTTP/1.1 500 4774.100 ms - -
[Thu, 07 Apr 2016 22:14:26 GMT] ::1 GET /event HTTP/1.1 500 4731.410 ms - -
[Thu, 07 Apr 2016 22:18:09 GMT] ::1 GET / HTTP/1.1 304 3425.595 ms - -
[Thu, 07 Apr 2016 22:18:09 GMT] ::1 GET /stylesheets/materialize.css HTTP/1.1 304 29.410 ms - http://localhost:3000/
[Thu, 07 Apr 2016 22:18:09 GMT] ::1 GET /stylesheets/style.css HTTP/1.1 304 25.059 ms - http://localhost:3000/
[Thu, 07 Apr 2016 22:18:09 GMT] ::1 GET /images/eh-logo.png HTTP/1.1 304 24.361 ms - http://localhost:3000/
[Thu, 07 Apr 2016 22:18:09 GMT] ::1 GET /images/eh-logo-mob.png HTTP/1.1 304 63.720 ms - http://localhost:3000/
[Thu, 07 Apr 2016 22:18:09 GMT] ::1 GET /images/background1.jpg HTTP/1.1 304 54.883 ms - http://localhost:3000/
[Thu, 07 Apr 2016 22:18:09 GMT] ::1 GET /images/background5.jpg HTTP/1.1 304 56.539 ms - http://localhost:3000/
[Thu, 07 Apr 2016 22:18:09 GMT] ::1 GET /js/jquery.min.js HTTP/1.1 304 25.712 ms - http://localhost:3000/
[Thu, 07 Apr 2016 22:18:09 GMT] ::1 GET /js/materialize.min.js HTTP/1.1 304 26.496 ms - http://localhost:3000/
[Thu, 07 Apr 2016 22:18:09 GMT] ::1 GET /js/picker.time.js HTTP/1.1 304 29.090 ms - http://localhost:3000/
[Thu, 07 Apr 2016 22:18:09 GMT] ::1 GET /js/init.js HTTP/1.1 304 25.445 ms - http://localhost:3000/
[Thu, 07 Apr 2016 22:18:09 GMT] ::1 GET /images/background2.jpg HTTP/1.1 304 22.221 ms - http://localhost:3000/
[Thu, 07 Apr 2016 22:18:09 GMT] ::1 GET /images/ticker_tagline.png HTTP/1.1 304 24.570 ms - http://localhost:3000/
[Thu, 07 Apr 2016 22:18:09 GMT] ::1 GET /font/roboto/Roboto-Thin.woff HTTP/1.1 304 8.260 ms - http://localhost:3000/
[Thu, 07 Apr 2016 22:18:09 GMT] ::1 GET /font/roboto/Roboto-Light.woff HTTP/1.1 304 13.458 ms - http://localhost:3000/
[Thu, 07 Apr 2016 22:18:09 GMT] ::1 GET /font/roboto/Roboto-Regular.woff HTTP/1.1 304 10.168 ms - http://localhost:3000/
[Thu, 07 Apr 2016 22:18:09 GMT] ::1 GET /font/roboto/Roboto-Medium.woff HTTP/1.1 304 11.045 ms - http://localhost:3000/
[Thu, 07 Apr 2016 22:18:09 GMT] ::1 GET /font/roboto/Roboto-Bold.woff HTTP/1.1 304 8.387 ms - http://localhost:3000/
[Thu, 07 Apr 2016 22:18:09 GMT] ::1 GET /font/material-design-icons/Material-Design-Icons.woff HTTP/1.1 304 3.969 ms - http://localhost:3000/
[Thu, 07 Apr 2016 22:18:15 GMT] ::1 GET /event/create HTTP/1.1 304 2281.167 ms - http://localhost:3000/
[Thu, 07 Apr 2016 22:18:15 GMT] ::1 GET /stylesheets/materialize.css HTTP/1.1 304 22.070 ms - http://localhost:3000/event/create
[Thu, 07 Apr 2016 22:18:15 GMT] ::1 GET /stylesheets/style.css HTTP/1.1 304 17.783 ms - http://localhost:3000/event/create
[Thu, 07 Apr 2016 22:18:15 GMT] ::1 GET /images/eh-logo.png HTTP/1.1 304 28.475 ms - http://localhost:3000/event/create
[Thu, 07 Apr 2016 22:18:15 GMT] ::1 GET /images/eh-logo-mob.png HTTP/1.1 304 20.305 ms - http://localhost:3000/event/create
[Thu, 07 Apr 2016 22:18:15 GMT] ::1 GET /images/ticker_tagline.png HTTP/1.1 304 20.246 ms - http://localhost:3000/event/create
[Thu, 07 Apr 2016 22:18:15 GMT] ::1 GET /js/jquery.min.js HTTP/1.1 304 19.370 ms - http://localhost:3000/event/create
[Thu, 07 Apr 2016 22:18:15 GMT] ::1 GET /js/materialize.min.js HTTP/1.1 304 30.488 ms - http://localhost:3000/event/create
[Thu, 07 Apr 2016 22:18:15 GMT] ::1 GET /js/picker.time.js HTTP/1.1 304 28.995 ms - http://localhost:3000/event/create
[Thu, 07 Apr 2016 22:18:15 GMT] ::1 GET /js/init.js HTTP/1.1 304 21.879 ms - http://localhost:3000/event/create
[Thu, 07 Apr 2016 22:18:15 GMT] ::1 GET /js/gmaps.js HTTP/1.1 304 29.239 ms - http://localhost:3000/event/create
[Thu, 07 Apr 2016 22:18:15 GMT] ::1 GET /js/initMaps.js HTTP/1.1 304 28.704 ms - http://localhost:3000/event/create
[Thu, 07 Apr 2016 22:18:15 GMT] ::1 GET /font/roboto/Roboto-Thin.woff HTTP/1.1 304 8.818 ms - http://localhost:3000/event/create
[Thu, 07 Apr 2016 22:18:15 GMT] ::1 GET /font/roboto/Roboto-Light.woff HTTP/1.1 304 16.018 ms - http://localhost:3000/event/create
[Thu, 07 Apr 2016 22:18:15 GMT] ::1 GET /font/roboto/Roboto-Regular.woff HTTP/1.1 304 11.803 ms - http://localhost:3000/event/create
[Thu, 07 Apr 2016 22:18:15 GMT] ::1 GET /font/roboto/Roboto-Medium.woff HTTP/1.1 304 10.192 ms - http://localhost:3000/event/create
[Thu, 07 Apr 2016 22:18:15 GMT] ::1 GET /font/roboto/Roboto-Bold.woff HTTP/1.1 304 7.648 ms - http://localhost:3000/event/create
[Thu, 07 Apr 2016 22:18:27 GMT] ::1 GET /event/ HTTP/1.1 500 2924.310 ms - -
[Thu, 07 Apr 2016 22:28:12 GMT] ::1 GET /event/ HTTP/1.1 200 15061.988 ms - -
[Thu, 07 Apr 2016 22:28:13 GMT] ::1 GET /event/ HTTP/1.1 200 1454.422 ms - -
[Thu, 07 Apr 2016 22:28:13 GMT] ::1 GET /stylesheets/materialize.css HTTP/1.1 304 52.721 ms - http://localhost:3000/event/
[Thu, 07 Apr 2016 22:28:13 GMT] ::1 GET /stylesheets/style.css HTTP/1.1 304 35.788 ms - http://localhost:3000/event/
[Thu, 07 Apr 2016 22:28:13 GMT] ::1 GET /images/eh-logo.png HTTP/1.1 304 33.246 ms - http://localhost:3000/event/
[Thu, 07 Apr 2016 22:28:13 GMT] ::1 GET /images/eh-logo-mob.png HTTP/1.1 304 30.590 ms - http://localhost:3000/event/
[Thu, 07 Apr 2016 22:28:13 GMT] ::1 GET /images/ticker_tagline.png HTTP/1.1 304 29.035 ms - http://localhost:3000/event/
[Thu, 07 Apr 2016 22:28:13 GMT] ::1 GET /js/jquery.min.js HTTP/1.1 304 34.764 ms - http://localhost:3000/event/
[Thu, 07 Apr 2016 22:28:13 GMT] ::1 GET /js/materialize.min.js HTTP/1.1 304 26.185 ms - http://localhost:3000/event/
[Thu, 07 Apr 2016 22:28:13 GMT] ::1 GET /js/picker.time.js HTTP/1.1 304 12.322 ms - http://localhost:3000/event/
[Thu, 07 Apr 2016 22:28:13 GMT] ::1 GET /js/init.js HTTP/1.1 304 11.860 ms - http://localhost:3000/event/
[Thu, 07 Apr 2016 22:28:13 GMT] ::1 GET /font/roboto/Roboto-Thin.woff HTTP/1.1 304 7.227 ms - http://localhost:3000/event/
[Thu, 07 Apr 2016 22:28:13 GMT] ::1 GET /font/roboto/Roboto-Light.woff HTTP/1.1 304 8.698 ms - http://localhost:3000/event/
[Thu, 07 Apr 2016 22:28:13 GMT] ::1 GET /font/roboto/Roboto-Regular.woff HTTP/1.1 304 8.471 ms - http://localhost:3000/event/
[Thu, 07 Apr 2016 22:28:13 GMT] ::1 GET /font/roboto/Roboto-Medium.woff HTTP/1.1 304 5.677 ms - http://localhost:3000/event/
[Thu, 07 Apr 2016 22:28:13 GMT] ::1 GET /font/roboto/Roboto-Bold.woff HTTP/1.1 304 3.896 ms - http://localhost:3000/event/
[Thu, 07 Apr 2016 22:30:38 GMT] ::1 GET /event/ HTTP/1.1 304 3284.608 ms - -
[Thu, 07 Apr 2016 22:30:38 GMT] ::1 GET /stylesheets/materialize.css HTTP/1.1 304 12.887 ms - http://localhost:3000/event/
[Thu, 07 Apr 2016 22:30:38 GMT] ::1 GET /stylesheets/style.css HTTP/1.1 304 22.513 ms - http://localhost:3000/event/
[Thu, 07 Apr 2016 22:30:38 GMT] ::1 GET /font/roboto/Roboto-Thin.woff HTTP/1.1 304 18.446 ms - http://localhost:3000/event/
[Thu, 07 Apr 2016 22:30:38 GMT] ::1 GET /font/roboto/Roboto-Light.woff HTTP/1.1 304 16.278 ms - http://localhost:3000/event/
[Thu, 07 Apr 2016 22:30:38 GMT] ::1 GET /font/roboto/Roboto-Regular.woff HTTP/1.1 304 14.886 ms - http://localhost:3000/event/
[Thu, 07 Apr 2016 22:30:38 GMT] ::1 GET /font/roboto/Roboto-Medium.woff HTTP/1.1 304 17.465 ms - http://localhost:3000/event/
[Thu, 07 Apr 2016 22:30:38 GMT] ::1 GET /font/roboto/Roboto-Bold.woff HTTP/1.1 304 12.946 ms - http://localhost:3000/event/
[Thu, 07 Apr 2016 22:30:38 GMT] ::1 GET /images/eh-logo.png HTTP/1.1 304 12.491 ms - http://localhost:3000/event/
[Thu, 07 Apr 2016 22:30:38 GMT] ::1 GET /images/eh-logo-mob.png HTTP/1.1 304 9.592 ms - http://localhost:3000/event/
[Thu, 07 Apr 2016 22:30:38 GMT] ::1 GET /images/ticker_tagline.png HTTP/1.1 304 12.699 ms - http://localhost:3000/event/
[Thu, 07 Apr 2016 22:30:38 GMT] ::1 GET /js/jquery.min.js HTTP/1.1 304 6.485 ms - http://localhost:3000/event/
[Thu, 07 Apr 2016 22:30:38 GMT] ::1 GET /js/materialize.min.js HTTP/1.1 304 4.284 ms - http://localhost:3000/event/
[Thu, 07 Apr 2016 22:30:38 GMT] ::1 GET /js/picker.time.js HTTP/1.1 304 3.289 ms - http://localhost:3000/event/
[Thu, 07 Apr 2016 22:30:38 GMT] ::1 GET /js/init.js HTTP/1.1 304 3.272 ms - http://localhost:3000/event/
[Thu, 07 Apr 2016 22:36:11 GMT] ::1 GET /event/ HTTP/1.1 304 3124.295 ms - -
[Thu, 07 Apr 2016 22:36:11 GMT] ::1 GET /stylesheets/materialize.css HTTP/1.1 304 11.564 ms - http://localhost:3000/event/
[Thu, 07 Apr 2016 22:36:11 GMT] ::1 GET /stylesheets/style.css HTTP/1.1 304 13.492 ms - http://localhost:3000/event/
[Thu, 07 Apr 2016 22:36:11 GMT] ::1 GET /font/roboto/Roboto-Thin.woff HTTP/1.1 304 7.997 ms - http://localhost:3000/event/
[Thu, 07 Apr 2016 22:36:11 GMT] ::1 GET /font/roboto/Roboto-Light.woff HTTP/1.1 304 15.474 ms - http://localhost:3000/event/
[Thu, 07 Apr 2016 22:36:11 GMT] ::1 GET /font/roboto/Roboto-Medium.woff HTTP/1.1 304 10.452 ms - http://localhost:3000/event/
[Thu, 07 Apr 2016 22:36:11 GMT] ::1 GET /font/roboto/Roboto-Regular.woff HTTP/1.1 304 13.983 ms - http://localhost:3000/event/
[Thu, 07 Apr 2016 22:36:11 GMT] ::1 GET /font/roboto/Roboto-Bold.woff HTTP/1.1 304 12.376 ms - http://localhost:3000/event/
[Thu, 07 Apr 2016 22:36:11 GMT] ::1 GET /images/eh-logo.png HTTP/1.1 304 9.580 ms - http://localhost:3000/event/
[Thu, 07 Apr 2016 22:36:11 GMT] ::1 GET /images/eh-logo-mob.png HTTP/1.1 304 10.764 ms - http://localhost:3000/event/
[Thu, 07 Apr 2016 22:36:11 GMT] ::1 GET /images/ticker_tagline.png HTTP/1.1 304 6.462 ms - http://localhost:3000/event/
[Thu, 07 Apr 2016 22:36:11 GMT] ::1 GET /js/jquery.min.js HTTP/1.1 304 3.900 ms - http://localhost:3000/event/
[Thu, 07 Apr 2016 22:36:11 GMT] ::1 GET /js/materialize.min.js HTTP/1.1 304 3.375 ms - http://localhost:3000/event/
[Thu, 07 Apr 2016 22:36:11 GMT] ::1 GET /js/picker.time.js HTTP/1.1 304 3.360 ms - http://localhost:3000/event/
[Thu, 07 Apr 2016 22:36:11 GMT] ::1 GET /js/init.js HTTP/1.1 304 3.652 ms - http://localhost:3000/event/
[Thu, 07 Apr 2016 22:36:42 GMT] ::1 GET /event/ HTTP/1.1 200 3120.614 ms - -
[Thu, 07 Apr 2016 22:36:43 GMT] ::1 GET /stylesheets/materialize.css HTTP/1.1 304 11.776 ms - http://localhost:3000/event/
[Thu, 07 Apr 2016 22:36:43 GMT] ::1 GET /stylesheets/style.css HTTP/1.1 304 17.023 ms - http://localhost:3000/event/
[Thu, 07 Apr 2016 22:36:43 GMT] ::1 GET /font/roboto/Roboto-Thin.woff HTTP/1.1 304 13.919 ms - http://localhost:3000/event/
[Thu, 07 Apr 2016 22:36:43 GMT] ::1 GET /font/roboto/Roboto-Light.woff HTTP/1.1 304 24.474 ms - http://localhost:3000/event/
[Thu, 07 Apr 2016 22:36:43 GMT] ::1 GET /font/roboto/Roboto-Regular.woff HTTP/1.1 304 17.536 ms - http://localhost:3000/event/
[Thu, 07 Apr 2016 22:36:43 GMT] ::1 GET /font/roboto/Roboto-Medium.woff HTTP/1.1 304 17.424 ms - http://localhost:3000/event/
[Thu, 07 Apr 2016 22:36:43 GMT] ::1 GET /font/roboto/Roboto-Bold.woff HTTP/1.1 304 16.052 ms - http://localhost:3000/event/
[Thu, 07 Apr 2016 22:36:43 GMT] ::1 GET /images/eh-logo.png HTTP/1.1 304 11.570 ms - http://localhost:3000/event/
[Thu, 07 Apr 2016 22:36:43 GMT] ::1 GET /images/eh-logo-mob.png HTTP/1.1 304 10.442 ms - http://localhost:3000/event/
[Thu, 07 Apr 2016 22:36:43 GMT] ::1 GET /images/ticker_tagline.png HTTP/1.1 304 9.091 ms - http://localhost:3000/event/
[Thu, 07 Apr 2016 22:36:43 GMT] ::1 GET /js/jquery.min.js HTTP/1.1 304 8.898 ms - http://localhost:3000/event/
[Thu, 07 Apr 2016 22:36:43 GMT] ::1 GET /js/materialize.min.js HTTP/1.1 304 3.540 ms - http://localhost:3000/event/
[Thu, 07 Apr 2016 22:36:43 GMT] ::1 GET /js/picker.time.js HTTP/1.1 304 3.583 ms - http://localhost:3000/event/
[Thu, 07 Apr 2016 22:36:43 GMT] ::1 GET /js/init.js HTTP/1.1 304 4.576 ms - http://localhost:3000/event/
[Thu, 07 Apr 2016 22:38:29 GMT] ::1 GET /event/ HTTP/1.1 500 4850.034 ms - -
[Thu, 07 Apr 2016 22:40:08 GMT] ::1 GET /event/ HTTP/1.1 500 4859.775 ms - -
