[Mon, 18 Apr 2016 14:10:41 GMT] ::1 GET / HTTP/1.1 304 1582.990 ms - http://localhost:3000/event/create/success?id=6e33c6c733fc499eda665e1b370011e5
[Mon, 18 Apr 2016 14:10:41 GMT] ::1 GET /stylesheets/materialize.css HTTP/1.1 304 8.558 ms - http://localhost:3000/
[Mon, 18 Apr 2016 14:10:41 GMT] ::1 GET /stylesheets/style.css HTTP/1.1 304 22.806 ms - http://localhost:3000/
[Mon, 18 Apr 2016 14:10:41 GMT] ::1 GET /font/roboto/Roboto-Light.woff HTTP/1.1 304 18.085 ms - http://localhost:3000/
[Mon, 18 Apr 2016 14:10:41 GMT] ::1 GET /font/roboto/Roboto-Thin.woff HTTP/1.1 304 20.833 ms - http://localhost:3000/
[Mon, 18 Apr 2016 14:10:41 GMT] ::1 GET /font/roboto/Roboto-Regular.woff HTTP/1.1 304 21.865 ms - http://localhost:3000/
[Mon, 18 Apr 2016 14:10:41 GMT] ::1 GET /font/roboto/Roboto-Medium.woff HTTP/1.1 304 15.881 ms - http://localhost:3000/
[Mon, 18 Apr 2016 14:10:41 GMT] ::1 GET /font/roboto/Roboto-Bold.woff HTTP/1.1 304 14.773 ms - http://localhost:3000/
[Mon, 18 Apr 2016 14:10:41 GMT] ::1 GET /images/eh-logo.png HTTP/1.1 304 6.479 ms - http://localhost:3000/
[Mon, 18 Apr 2016 14:10:41 GMT] ::1 GET /images/eh-logo-mob.png HTTP/1.1 304 5.409 ms - http://localhost:3000/
[Mon, 18 Apr 2016 14:10:41 GMT] ::1 GET /images/background1.jpg HTTP/1.1 304 9.494 ms - http://localhost:3000/
[Mon, 18 Apr 2016 14:10:41 GMT] ::1 GET /images/background5.jpg HTTP/1.1 304 11.256 ms - http://localhost:3000/
[Mon, 18 Apr 2016 14:10:41 GMT] ::1 GET /images/background2.jpg HTTP/1.1 304 8.063 ms - http://localhost:3000/
[Mon, 18 Apr 2016 14:10:41 GMT] ::1 GET /images/ticker_tagline.png HTTP/1.1 304 14.993 ms - http://localhost:3000/
[Mon, 18 Apr 2016 14:10:41 GMT] ::1 GET /js/jquery.min.js HTTP/1.1 304 6.304 ms - http://localhost:3000/
[Mon, 18 Apr 2016 14:10:41 GMT] ::1 GET /font/material-design-icons/Material-Design-Icons.woff HTTP/1.1 304 3.998 ms - http://localhost:3000/
[Mon, 18 Apr 2016 14:10:41 GMT] ::1 GET /js/materialize.min.js HTTP/1.1 304 4.282 ms - http://localhost:3000/
[Mon, 18 Apr 2016 14:10:41 GMT] ::1 GET /js/init.js HTTP/1.1 304 6.058 ms - http://localhost:3000/
[Mon, 18 Apr 2016 14:11:56 GMT] ::1 GET /event/create HTTP/1.1 200 2069.074 ms - http://localhost:3000/
[Mon, 18 Apr 2016 14:11:56 GMT] ::1 GET /stylesheets/materialize.css HTTP/1.1 304 24.253 ms - http://localhost:3000/event/create
[Mon, 18 Apr 2016 14:11:56 GMT] ::1 GET /stylesheets/style.css HTTP/1.1 304 20.256 ms - http://localhost:3000/event/create
[Mon, 18 Apr 2016 14:11:56 GMT] ::1 GET /images/eh-logo.png HTTP/1.1 304 19.852 ms - http://localhost:3000/event/create
[Mon, 18 Apr 2016 14:11:56 GMT] ::1 GET /images/eh-logo-mob.png HTTP/1.1 304 31.084 ms - http://localhost:3000/event/create
[Mon, 18 Apr 2016 14:11:56 GMT] ::1 GET /images/ticker_tagline.png HTTP/1.1 304 25.878 ms - http://localhost:3000/event/create
[Mon, 18 Apr 2016 14:11:56 GMT] ::1 GET /js/jquery.min.js HTTP/1.1 304 27.879 ms - http://localhost:3000/event/create
[Mon, 18 Apr 2016 14:11:56 GMT] ::1 GET /js/materialize.min.js HTTP/1.1 304 36.069 ms - http://localhost:3000/event/create
[Mon, 18 Apr 2016 14:11:56 GMT] ::1 GET /js/init.js HTTP/1.1 304 34.046 ms - http://localhost:3000/event/create
[Mon, 18 Apr 2016 14:11:56 GMT] ::1 GET /js/picker.time.js HTTP/1.1 304 32.430 ms - http://localhost:3000/event/create
[Mon, 18 Apr 2016 14:11:56 GMT] ::1 GET /js/gmaps.js HTTP/1.1 304 10.539 ms - http://localhost:3000/event/create
[Mon, 18 Apr 2016 14:11:56 GMT] ::1 GET /js/initMaps.js HTTP/1.1 200 34.951 ms 2420 http://localhost:3000/event/create
[Mon, 18 Apr 2016 14:11:56 GMT] ::1 GET /font/roboto/Roboto-Thin.woff HTTP/1.1 304 16.823 ms - http://localhost:3000/event/create
[Mon, 18 Apr 2016 14:11:56 GMT] ::1 GET /font/roboto/Roboto-Light.woff HTTP/1.1 304 13.220 ms - http://localhost:3000/event/create
[Mon, 18 Apr 2016 14:11:56 GMT] ::1 GET /font/roboto/Roboto-Regular.woff HTTP/1.1 304 18.778 ms - http://localhost:3000/event/create
[Mon, 18 Apr 2016 14:11:56 GMT] ::1 GET /font/roboto/Roboto-Medium.woff HTTP/1.1 304 15.144 ms - http://localhost:3000/event/create
[Mon, 18 Apr 2016 14:11:56 GMT] ::1 GET /font/roboto/Roboto-Bold.woff HTTP/1.1 304 11.760 ms - http://localhost:3000/event/create
